* [0.203288] Starting!
* [0.203335] doom-cli-run: (C:\Users\threddast\Programs\emacs-28.1\bin\emacs.exe -scriptload .\doom -- doctor)
* [0.203424] doom-cli-context-execute: found (doom)
* [0.217583] Autoloading c:/Users/threddast/.emacs.d/lisp/cli/doctor.el
* [0.220107] doom-cli-context-execute: found (doom doctor)
* [0.220308] doom-cli-context-execute: doom doctor
* [0.220625] doom-cli-execute: (:before) ((input) (context . #s(doom-cli-context (25359 51370 589153 0) 10168 -1 nil nil nil doom nil nil (doom doctor) nil (doctor) ((--eval) (-E) (--strict-load) (--load) (-L) (--color) (--profile) (--pager) (--emacsdir) (--doomdir) (--debug) (-D) (--force) (-!)) ((t) ((doom doctor)) ((doom) doctor))  *doom-cli stdin*  *doom-cli stdout*  *doom-cli stderr* nil)) (_) (evals) (loads) (color?) (profile) (pager) (emacsdir) (doomdir) (debug?) (force?))
* [0.220686] doom-cli-execute: (doom doctor) nil
The doctor will see you now...

> Checking your Emacs version...
> Checking for Doom's prerequisites...
  x Couldn't find the `rg' binary; this a hard dependecy for Doom, file searches may not work at all
> Checking for Emacs config conflicts...
> Checking for great Emacs features...
! Emacs was not built with native compilation support
  Users will see a substantial performance gain by building Emacs with
  native compilation support, availible in emacs 28+.  You must install
  a prebuilt Emacs binary with this included, or compile  Emacs with the
  --with-native-compilation option.
> Checking for private config conflicts...
> Checking for stale elc files...
> Checking for problematic git global settings...
> Checking Doom Emacs...
    * [[:editor evil] ] Initialized evil-collection-indent (too early!)
  ✓ Initialized Doom Emacs 3.0.0-dev
  ✓ Detected 38 modules
  ✓ Detected 167 packages
  > Checking Doom core for irregularities...
    ! Couldn't find the `fd' binary; project file searches will be slightly slower
        * [[:editor evil] ] Initialized evil-collection-grep (too early!)
    ! Warning: unable to detect fonts because fontconfig isn't installed
  > Checking for stale elc files in your DOOMDIR...
  > Checking your enabled modules...
  Cleaning up the recentf list...
  Cleaning up the recentf list...done (0 removed)
  No projects needed to be removed.
    * [13.299151] Finished (GCs: 2, elapsed: 0.115189s)
