* [0.544438] Starting!
* [0.544503] doom-cli-run: (C:\Users\threddast\Programs\emacs-28.1\bin\emacs.exe -scriptload .\doom -- sync)
* [0.544691] doom-cli-context-execute: found (doom)
* [0.605606] Autoloading c:/Users/threddast/.emacs.d/lisp/cli/sync.el
* [0.914444] doom-cli-context-execute: found (doom sync)
* [0.914714] doom-cli-context-execute: doom sync
* [0.914999] doom-cli-execute: (:before) ((input) (context . #s(doom-cli-context (25360 52791 399227 0) 3100 -1 nil nil nil doom nil nil (doom sync) nil (sync) ((--jobs) (-j) (-p) (-u) (-c) (-e) (--eval) (-E) (--strict-load) (--load) (-L) (--color) (--profile) (--pager) (--emacsdir) (--doomdir) (--debug) (-D) (--force) (-!)) ((t) ((doom sync)) ((doom) sync))  *doom-cli stdin*  *doom-cli stdout*  *doom-cli stderr* nil)) (_) (evals) (loads) (color?) (profile) (pager) (emacsdir) (doomdir) (debug?) (force?))
* [0.915050] doom-cli-execute: (:before doom build) nil
* [0.915076] Initializing straight
* [1.281184] Initializing recipes
* [1.285584] Installing core packages
* [1.286171] doom-cli-execute: (doom sync) ((jobs) (purge?) (update?) (noelc?) (noenvvar?))
> Synchronizing "default" profile...
    * [1.293087] doom-cli-call: (doom sync) -> (doom env)
    * [1.293192] doom-cli-context-execute: found (doom)
    * [1.354321] Autoloading c:/Users/threddast/.emacs.d/lisp/cli/env.el
    * [1.359958] doom-cli-context-execute: found (doom env)
    * [1.360587] doom-cli-context-execute: doom env
    * [1.361296] doom-cli-execute: (:before) ((input) (context . #s(doom-cli-context (25360 52791 399227 0) 3100 -1 nil nil nil doom nil nil (doom env) nil (sync) ((--deny) (-d) (--allow) (-a) (-o) (--deny-all) (--allow-all) (--jobs) (-j) (-p) (-u) (-c) (-e) (--eval) (-E) (--strict-load) (--load) (-L) (--color) (--profile) (--pager) (--emacsdir) (--doomdir) (--debug) (-D) (--force) (-!)) ((t) ((doom env)) ((doom) env))  *doom-cli stdin*  *doom-cli stdout*  *doom-cli stderr* nil)) (_) (evals) (loads) (color?) (profile) (pager) (emacsdir) (doomdir) (debug?) (force?))
    * [1.361435] doom-cli-execute: (doom env) ((rules) (output-file) (deny-only) (allow-only))
  > Regenerating envvars file
        * [1.377234] Ignored PROMPT
        * [1.377738] Ignored HOME
    ✓ Generated ~/.emacs.d/.local/env
    * [1.396440] Initializing package.el
    * [1.698299] Initializing straight.el
  > Installing packages...
    - No packages need to be installed
  > (Re)building packages...
    - No packages need rebuilding
  > Purging orphaned packages (for the emperor)...
    > Purging straight builds...
      ✓ Purged build/a
      ✓ Purged build/cfrs
      ✓ Purged build/closql
      ✓ Purged build/code-review
      ✓ Purged build/consult-lsp
      ✓ Purged build/deferred
      ✓ Purged build/emojify
      ✓ Purged build/forge
      ✓ Purged build/ghub
      ✓ Purged build/lorem-ipsum
      ✓ Purged build/lsp-mode
      ✓ Purged build/lsp-treemacs
      ✓ Purged build/lsp-ui
      ✓ Purged build/magit
      ✓ Purged build/magit-gitflow
      ✓ Purged build/magit-popup
      ✓ Purged build/magit-todos
      ✓ Purged build/math-at-point
      ✓ Purged build/org-ql
      ✓ Purged build/org-sidebar
      ✓ Purged build/org-super-agenda
      ✓ Purged build/org-timeline
      ✓ Purged build/org-tree-slide
      ✓ Purged build/orgit
      ✓ Purged build/ov
      ✓ Purged build/peg
      ✓ Purged build/pfuture
      ✓ Purged build/selectric-mode
      ✓ Purged build/spinner
      ✓ Purged build/treemacs
      ✓ Purged build/treemacs-evil
      ✓ Purged build/treemacs-magit
      ✓ Purged build/treemacs-projectile
      ✓ Purged build/treepy
      ✓ Purged build/ts
      ✓ Purged build/uuidgen
      ✓ Purged build/xkcd
      ✓ Purged build/yaml
    Pruned magit from build cache
    Pruned magit-gitflow from build cache
    Pruned magit-popup from build cache
    Pruned magit-todos from build cache
    Pruned code-review from build cache
    Pruned closql from build cache
    Pruned a from build cache
    Pruned ghub from build cache
    Pruned treepy from build cache
    Pruned uuidgen from build cache
    Pruned deferred from build cache
    Pruned forge from build cache
    Pruned yaml from build cache
    Pruned emojify from build cache
    Pruned orgit from build cache
    Pruned treemacs from build cache
    Pruned pfuture from build cache
    Pruned cfrs from build cache
    Pruned treemacs-evil from build cache
    Pruned treemacs-projectile from build cache
    Pruned treemacs-magit from build cache
    Pruned lsp-treemacs from build cache
    Pruned lsp-mode from build cache
    Pruned spinner from build cache
    Pruned lsp-ui from build cache
    Pruned consult-lsp from build cache
    Pruned org-timeline from build cache
    Pruned lorem-ipsum from build cache
    Pruned org-tree-slide from build cache
    Pruned math-at-point from build cache
    Pruned selectric-mode from build cache
    Pruned xkcd from build cache
    Pruned org-ql from build cache
    Pruned org-super-agenda from build cache
    Pruned ts from build cache
    Pruned ov from build cache
    Pruned peg from build cache
    Pruned org-sidebar from build cache
    - Skipping elpa packages
    - Skipping repos
    - Skipping regrafting
  > (Re)generating autoloads file...
    > Generating autoloads file...
        * [17.450712] Scanning c:/Users/threddast/.emacs.d/lisp/lib/buffers.el
        * [17.454609] Scanning c:/Users/threddast/.emacs.d/lisp/lib/config.el
        * [17.457128] Scanning c:/Users/threddast/.emacs.d/lisp/lib/debug.el
        * [17.460335] Scanning c:/Users/threddast/.emacs.d/lisp/lib/docs.el
        * [17.464135] Scanning c:/Users/threddast/.emacs.d/lisp/lib/files.el
        * [17.467152] Scanning c:/Users/threddast/.emacs.d/lisp/lib/fonts.el
        * [17.470036] Scanning c:/Users/threddast/.emacs.d/lisp/lib/git.el
        * [17.471983] Scanning c:/Users/threddast/.emacs.d/lisp/lib/help.el
        * [17.476031] Scanning c:/Users/threddast/.emacs.d/lisp/lib/packages.el
        * [17.479220] Scanning c:/Users/threddast/.emacs.d/lisp/lib/plist.el
        * [17.481357] Scanning c:/Users/threddast/.emacs.d/lisp/lib/print.el
        * [17.484700] Scanning c:/Users/threddast/.emacs.d/lisp/lib/process.el
        * [17.486732] Scanning c:/Users/threddast/.emacs.d/lisp/lib/projects.el
        * [17.489399] Scanning c:/Users/threddast/.emacs.d/lisp/lib/sandbox.el
        * [17.491634] Scanning c:/Users/threddast/.emacs.d/lisp/lib/scratch.el
        * [17.496148] Scanning c:/Users/threddast/.emacs.d/lisp/lib/sessions.el
        * [17.498656] Scanning c:/Users/threddast/.emacs.d/lisp/lib/store.el
        * [17.501238] Scanning c:/Users/threddast/.emacs.d/lisp/lib/system.el
        * [17.503429] Scanning c:/Users/threddast/.emacs.d/lisp/lib/text.el
        * [17.507323] Scanning c:/Users/threddast/.emacs.d/lisp/lib/themes.el
        * [17.509693] Scanning c:/Users/threddast/.emacs.d/lisp/lib/ui.el
        * [17.513090] Scanning c:/Users/threddast/.emacs.d/modules/app/calendar/autoload.el
        * [17.514647] Scanning c:/Users/threddast/.emacs.d/modules/app/emms/autoload.el
        * [17.516196] Scanning c:/Users/threddast/.emacs.d/modules/app/irc/autoload/irc.el
        * [17.518046] Scanning c:/Users/threddast/.emacs.d/modules/app/irc/autoload/ivy.el
        * [17.520037] Scanning c:/Users/threddast/.emacs.d/modules/app/irc/autoload/settings.el
        * [17.522145] Scanning c:/Users/threddast/.emacs.d/modules/app/irc/autoload/vertico.el
        * [17.524288] Scanning c:/Users/threddast/.emacs.d/modules/app/rss/autoload.el
        * [17.526021] Scanning c:/Users/threddast/.emacs.d/modules/app/twitter/autoload.el
        * [17.527584] Scanning c:/Users/threddast/.emacs.d/modules/checkers/spell/autoload/+flyspell.el
        * [17.556427] Scanning c:/Users/threddast/.emacs.d/modules/checkers/spell/autoload/+spell-fu.el
        * [17.560373] Scanning c:/Users/threddast/.emacs.d/modules/checkers/syntax/autoload.el
        * [17.562632] Scanning c:/Users/threddast/.emacs.d/modules/completion/company/autoload.el
        * [17.565335] Scanning c:/Users/threddast/.emacs.d/modules/completion/helm/autoload/evil.el
        * [17.567158] Scanning c:/Users/threddast/.emacs.d/modules/completion/helm/autoload/helm.el
        * [17.568982] Scanning c:/Users/threddast/.emacs.d/modules/completion/helm/autoload/posframe.el
        * [17.570855] Scanning c:/Users/threddast/.emacs.d/modules/completion/ivy/autoload/evil.el
        * [17.572654] Scanning c:/Users/threddast/.emacs.d/modules/completion/ivy/autoload/hydras.el
        * [17.574574] Scanning c:/Users/threddast/.emacs.d/modules/completion/ivy/autoload/ivy.el
        * [17.576524] Scanning c:/Users/threddast/.emacs.d/modules/completion/ivy/autoload/posframe.el
        * [17.578332] Scanning c:/Users/threddast/.emacs.d/modules/completion/vertico/autoload/evil.el
        * [17.581382] Scanning c:/Users/threddast/.emacs.d/modules/completion/vertico/autoload/magit.el
        * [17.583433] Scanning c:/Users/threddast/.emacs.d/modules/completion/vertico/autoload/vertico.el
        * [17.586765] Scanning c:/Users/threddast/.emacs.d/modules/completion/vertico/autoload/workspaces.el
        * [17.588951] Scanning c:/Users/threddast/.emacs.d/modules/config/default/autoload/default.el
        * [17.591937] Scanning c:/Users/threddast/.emacs.d/modules/config/default/autoload/deferred.el
        * [17.594504] Scanning c:/Users/threddast/.emacs.d/modules/config/default/autoload/files.el
        * [17.597254] Scanning c:/Users/threddast/.emacs.d/modules/config/default/autoload/search.el
        * [17.600195] Scanning c:/Users/threddast/.emacs.d/modules/config/default/autoload/text.el
        * [17.603277] Scanning c:/Users/threddast/.emacs.d/modules/config/literate/autoload.el
        * [17.605062] Scanning c:/Users/threddast/.emacs.d/modules/editor/evil/autoload/advice.el
        * [17.608892] Scanning c:/Users/threddast/.emacs.d/modules/editor/evil/autoload/embrace.el
        * [17.611497] Scanning c:/Users/threddast/.emacs.d/modules/editor/evil/autoload/evil.el
        * [17.615063] Scanning c:/Users/threddast/.emacs.d/modules/editor/evil/autoload/ex.el
        * [17.618442] Scanning c:/Users/threddast/.emacs.d/modules/editor/evil/autoload/files.el
        * [17.621526] Scanning c:/Users/threddast/.emacs.d/modules/editor/evil/autoload/textobjects.el
        * [17.624772] Scanning c:/Users/threddast/.emacs.d/modules/editor/evil/autoload/unimpaired.el
        * [17.628544] Scanning c:/Users/threddast/.emacs.d/modules/editor/file-templates/autoload.el
        * [17.631298] Scanning c:/Users/threddast/.emacs.d/modules/editor/fold/autoload/fold.el
        * [17.634258] Scanning c:/Users/threddast/.emacs.d/modules/editor/fold/autoload/hideshow.el
        * [17.637099] Scanning c:/Users/threddast/.emacs.d/modules/editor/format/autoload/evil.el
        * [17.640340] Scanning c:/Users/threddast/.emacs.d/modules/editor/format/autoload/format.el
        * [17.666715] Scanning c:/Users/threddast/.emacs.d/modules/editor/format/autoload/settings.el
        * [17.669925] Scanning c:/Users/threddast/.emacs.d/modules/editor/god/autoload.el
        * [17.671500] Scanning c:/Users/threddast/.emacs.d/modules/editor/multiple-cursors/autoload/evil-mc.el
        * [17.673352] Scanning c:/Users/threddast/.emacs.d/modules/editor/rotate-text/autoload.el
        * [17.674941] Scanning c:/Users/threddast/.emacs.d/modules/editor/snippets/autoload/settings.el
        * [17.677427] Scanning c:/Users/threddast/.emacs.d/modules/editor/snippets/autoload/snippets.el
        * [17.681090] Scanning c:/Users/threddast/.emacs.d/modules/editor/word-wrap/autoload.el
        * [17.682647] Scanning c:/Users/threddast/.emacs.d/modules/emacs/dired/autoload.el
        * [17.684819] Scanning c:/Users/threddast/.emacs.d/modules/emacs/electric/autoload.el
        * [17.687075] Scanning c:/Users/threddast/.emacs.d/modules/emacs/ibuffer/autoload/workspaces.el
        * [17.688896] Scanning c:/Users/threddast/.emacs.d/modules/emacs/vc/autoload/bug-reference-backport.el
        * [17.691084] Scanning c:/Users/threddast/.emacs.d/modules/emacs/vc/autoload/hydra.el
        * [17.693151] Scanning c:/Users/threddast/.emacs.d/modules/emacs/vc/autoload/vc.el
        * [17.695922] Scanning c:/Users/threddast/.emacs.d/modules/email/mu4e/autoload/advice.el
        * [17.697873] Scanning c:/Users/threddast/.emacs.d/modules/email/mu4e/autoload/email.el
        * [17.699911] Scanning c:/Users/threddast/.emacs.d/modules/email/mu4e/autoload/evil.el
        * [17.701703] Scanning c:/Users/threddast/.emacs.d/modules/email/mu4e/autoload/mu-lock.el
        * [17.703533] Scanning c:/Users/threddast/.emacs.d/modules/email/notmuch/autoload.el
        * [17.705124] Scanning c:/Users/threddast/.emacs.d/modules/email/wanderlust/autoload.el
        * [17.706626] Scanning c:/Users/threddast/.emacs.d/modules/input/layout/autoload/bepo.el
        * [17.708471] Scanning c:/Users/threddast/.emacs.d/modules/lang/beancount/autoload.el
        * [17.710046] Scanning c:/Users/threddast/.emacs.d/modules/lang/cc/autoload.el
        * [17.711679] Scanning c:/Users/threddast/.emacs.d/modules/lang/clojure/autoload.el
        * [17.713222] Scanning c:/Users/threddast/.emacs.d/modules/lang/common-lisp/autoload/common-lisp.el
        * [17.715015] Scanning c:/Users/threddast/.emacs.d/modules/lang/csharp/autoload.el
        * [17.716533] Scanning c:/Users/threddast/.emacs.d/modules/lang/emacs-lisp/autoload.el
        * [17.719787] Scanning c:/Users/threddast/.emacs.d/modules/lang/ess/autoload.el
        * [17.721313] Scanning c:/Users/threddast/.emacs.d/modules/lang/faust/autoload.el
        * [17.722825] Scanning c:/Users/threddast/.emacs.d/modules/lang/fortran/autoload.el
        * [17.724371] Scanning c:/Users/threddast/.emacs.d/modules/lang/go/autoload.el
        * [17.725917] Scanning c:/Users/threddast/.emacs.d/modules/lang/graphql/autoload.el
        * [17.727428] Scanning c:/Users/threddast/.emacs.d/modules/lang/haskell/autoload.el
        * [17.728955] Scanning c:/Users/threddast/.emacs.d/modules/lang/java/autoload/java.el
        * [17.730781] Scanning c:/Users/threddast/.emacs.d/modules/lang/java/autoload/lsp.el
        * [17.732634] Scanning c:/Users/threddast/.emacs.d/modules/lang/javascript/autoload.el
        * [17.734192] Scanning c:/Users/threddast/.emacs.d/modules/lang/julia/autoload.el
        * [17.735711] Scanning c:/Users/threddast/.emacs.d/modules/lang/kotlin/autoload.el
        * [17.737227] Scanning c:/Users/threddast/.emacs.d/modules/lang/latex/autoload.el
        * [17.739591] Scanning c:/Users/threddast/.emacs.d/modules/lang/lua/autoload/lua.el
        * [17.741473] Scanning c:/Users/threddast/.emacs.d/modules/lang/lua/autoload/moonscript.el
        * [17.743281] Scanning c:/Users/threddast/.emacs.d/modules/lang/markdown/autoload.el
        * [17.745944] Scanning c:/Users/threddast/.emacs.d/modules/lang/nix/autoload.el
        * [17.747512] Scanning c:/Users/threddast/.emacs.d/modules/lang/ocaml/autoload.el
        * [17.749035] Scanning c:/Users/threddast/.emacs.d/modules/lang/org/autoload/contrib-ipython.el
        * [17.751189] Scanning c:/Users/threddast/.emacs.d/modules/lang/org/autoload/contrib-present.el
        * [17.753318] Scanning c:/Users/threddast/.emacs.d/modules/lang/org/autoload/contrib-roam2.el
        * [17.756738] Scanning c:/Users/threddast/.emacs.d/modules/lang/org/autoload/org-attach.el
        * [17.759424] Scanning c:/Users/threddast/.emacs.d/modules/lang/org/autoload/org-avy.el
        * [17.761899] Scanning c:/Users/threddast/.emacs.d/modules/lang/org/autoload/org-babel.el
        * [17.764652] Scanning c:/Users/threddast/.emacs.d/modules/lang/org/autoload/org-capture.el
        * [17.767699] Scanning c:/Users/threddast/.emacs.d/modules/lang/org/autoload/org-export.el
        * [17.770387] Scanning c:/Users/threddast/.emacs.d/modules/lang/org/autoload/org-link.el
        * [17.773450] Scanning c:/Users/threddast/.emacs.d/modules/lang/org/autoload/org-refile.el
        * [17.776635] Scanning c:/Users/threddast/.emacs.d/modules/lang/org/autoload/org-tables.el
        * [17.779865] Scanning c:/Users/threddast/.emacs.d/modules/lang/org/autoload/org.el
        * [17.784515] Scanning c:/Users/threddast/.emacs.d/modules/lang/php/autoload.el
        * [17.786047] Scanning c:/Users/threddast/.emacs.d/modules/lang/plantuml/autoload.el
        * [17.787590] Scanning c:/Users/threddast/.emacs.d/modules/lang/python/autoload/conda.el
        * [17.789391] Scanning c:/Users/threddast/.emacs.d/modules/lang/python/autoload/pyenv.el
        * [17.791190] Scanning c:/Users/threddast/.emacs.d/modules/lang/python/autoload/python.el
        * [17.793014] Scanning c:/Users/threddast/.emacs.d/modules/lang/qt/autoload.el
        * [17.794519] Scanning c:/Users/threddast/.emacs.d/modules/lang/racket/autoload.el
        * [17.796037] Scanning c:/Users/threddast/.emacs.d/modules/lang/rest/autoload.el
        * [17.797567] Scanning c:/Users/threddast/.emacs.d/modules/lang/ruby/autoload.el
        * [17.799082] Scanning c:/Users/threddast/.emacs.d/modules/lang/rust/autoload.el
        * [17.800969] Scanning c:/Users/threddast/.emacs.d/modules/lang/scala/autoload.el
        * [17.802518] Scanning c:/Users/threddast/.emacs.d/modules/lang/scheme/autoload.el
        * [17.804074] Scanning c:/Users/threddast/.emacs.d/modules/lang/sh/autoload.el
        * [17.805591] Scanning c:/Users/threddast/.emacs.d/modules/lang/terra/autoload.el
        * [17.807102] Scanning c:/Users/threddast/.emacs.d/modules/lang/web/autoload/css.el
        * [17.808922] Scanning c:/Users/threddast/.emacs.d/modules/lang/web/autoload/evil.el
        * [17.810751] Scanning c:/Users/threddast/.emacs.d/modules/lang/web/autoload/html.el
        * [17.812608] Scanning c:/Users/threddast/.emacs.d/modules/os/macos/autoload.el
        * [17.814148] Scanning c:/Users/threddast/.emacs.d/modules/term/eshell/autoload/backport.el
        * [17.816006] Scanning c:/Users/threddast/.emacs.d/modules/term/eshell/autoload/commands.el
        * [17.818080] Scanning c:/Users/threddast/.emacs.d/modules/term/eshell/autoload/company.el
        * [17.819900] Scanning c:/Users/threddast/.emacs.d/modules/term/eshell/autoload/eshell.el
        * [17.821788] Scanning c:/Users/threddast/.emacs.d/modules/term/eshell/autoload/evil.el
        * [17.823702] Scanning c:/Users/threddast/.emacs.d/modules/term/eshell/autoload/prompts.el
        * [17.825495] Scanning c:/Users/threddast/.emacs.d/modules/term/eshell/autoload/settings.el
        * [17.827363] Scanning c:/Users/threddast/.emacs.d/modules/term/shell/autoload.el
        * [17.828915] Scanning c:/Users/threddast/.emacs.d/modules/term/term/autoload.el
        * [17.830441] Scanning c:/Users/threddast/.emacs.d/modules/term/vterm/autoload.el
        * [17.832848] Scanning c:/Users/threddast/.emacs.d/modules/tools/debugger/autoload/debugger.el
        * [17.834710] Scanning c:/Users/threddast/.emacs.d/modules/tools/debugger/autoload/evil.el
        * [17.836517] Scanning c:/Users/threddast/.emacs.d/modules/tools/editorconfig/autoload.el
        * [17.838089] Scanning c:/Users/threddast/.emacs.d/modules/tools/eval/autoload/eval.el
        * [17.841065] Scanning c:/Users/threddast/.emacs.d/modules/tools/eval/autoload/evil.el
        * [17.844115] Scanning c:/Users/threddast/.emacs.d/modules/tools/eval/autoload/repl.el
        * [17.846897] Scanning c:/Users/threddast/.emacs.d/modules/tools/eval/autoload/settings.el
        * [17.849713] Scanning c:/Users/threddast/.emacs.d/modules/tools/gist/autoload/evil.el
        * [17.851517] Scanning c:/Users/threddast/.emacs.d/modules/tools/lookup/autoload/docsets.el
        * [17.853763] Scanning c:/Users/threddast/.emacs.d/modules/tools/lookup/autoload/evil.el
        * [17.856814] Scanning c:/Users/threddast/.emacs.d/modules/tools/lookup/autoload/lookup.el
        * [17.860401] Scanning c:/Users/threddast/.emacs.d/modules/tools/lookup/autoload/online.el
        * [17.863222] Scanning c:/Users/threddast/.emacs.d/modules/tools/lookup/autoload/xwidget.el
        * [17.865751] Scanning c:/Users/threddast/.emacs.d/modules/tools/lsp/autoload/common.el
        * [17.867583] Scanning c:/Users/threddast/.emacs.d/modules/tools/lsp/autoload/eglot.el
        * [17.869448] Scanning c:/Users/threddast/.emacs.d/modules/tools/lsp/autoload/flycheck-eglot.el
        * [17.871284] Scanning c:/Users/threddast/.emacs.d/modules/tools/lsp/autoload/lsp-mode.el
        * [17.873358] Scanning c:/Users/threddast/.emacs.d/modules/tools/magit/autoload.el
        * [17.874934] Scanning c:/Users/threddast/.emacs.d/modules/tools/make/autoload.el
        * [17.876449] Scanning c:/Users/threddast/.emacs.d/modules/tools/pass/autoload/consult.el
        * [17.878244] Scanning c:/Users/threddast/.emacs.d/modules/tools/pass/autoload/ivy.el
        * [17.880035] Scanning c:/Users/threddast/.emacs.d/modules/tools/pass/autoload/pass.el
        * [17.881901] Scanning c:/Users/threddast/.emacs.d/modules/tools/prodigy/autoload.el
        * [17.883424] Scanning c:/Users/threddast/.emacs.d/modules/tools/rgb/autoload.el
        * [17.885219] Scanning c:/Users/threddast/.emacs.d/modules/tools/taskrunner/autoload.el
        * [17.886731] Scanning c:/Users/threddast/.emacs.d/modules/tools/tmux/autoload/evil.el
        * [17.888534] Scanning c:/Users/threddast/.emacs.d/modules/tools/tmux/autoload/tmux.el
        * [17.890381] Scanning c:/Users/threddast/.emacs.d/modules/tools/tree-sitter/autoload.el
        * [17.891938] Scanning c:/Users/threddast/.emacs.d/modules/ui/doom-dashboard/autoload.el
        * [17.894217] Scanning c:/Users/threddast/.emacs.d/modules/ui/hydra/autoload/windows.el
        * [17.896233] Scanning c:/Users/threddast/.emacs.d/modules/ui/ligatures/autoload/install.el
        * [17.898395] Scanning c:/Users/threddast/.emacs.d/modules/ui/ligatures/autoload/ligatures.el
        * [17.901001] Scanning c:/Users/threddast/.emacs.d/modules/ui/modeline/autoload.el
        * [17.903302] Scanning c:/Users/threddast/.emacs.d/modules/ui/nav-flash/autoload.el
        * [17.904837] Scanning c:/Users/threddast/.emacs.d/modules/ui/neotree/autoload.el
        * [17.906379] Scanning c:/Users/threddast/.emacs.d/modules/ui/popup/autoload/popup.el
        * [17.910647] Scanning c:/Users/threddast/.emacs.d/modules/ui/popup/autoload/settings.el
        * [17.913913] Scanning c:/Users/threddast/.emacs.d/modules/ui/tabs/autoload.el
        * [17.915443] Scanning c:/Users/threddast/.emacs.d/modules/ui/treemacs/autoload.el
        * [17.916964] Scanning c:/Users/threddast/.emacs.d/modules/ui/unicode/autoload.el
        * [17.918486] Scanning c:/Users/threddast/.emacs.d/modules/ui/vc-gutter/autoload/diff-hl.el
        * [17.920623] Scanning c:/Users/threddast/.emacs.d/modules/ui/vc-gutter/autoload/git-gutter.el
        * [17.923100] Scanning c:/Users/threddast/.emacs.d/modules/ui/vi-tilde-fringe/autoload.el
        * [17.925345] Scanning c:/Users/threddast/.emacs.d/modules/ui/workspaces/autoload/evil.el
        * [17.927150] Scanning c:/Users/threddast/.emacs.d/modules/ui/workspaces/autoload/workspaces.el
        * [17.929216] Scanning c:/Users/threddast/.emacs.d/modules/ui/zen/autoload.el
        * [17.938631] Scanning c:/Users/threddast/.emacs.d/.local/straight/build-28.1/straight/straight-autoloads.el
        * [17.940920] Scanning c:/Users/threddast/.emacs.d/.local/straight/build-28.1/use-package/use-package-autoloads.el
        * [17.943120] Scanning c:/Users/threddast/.emacs.d/.local/straight/build-28.1/bind-key/bind-key-autoloads.el
        * [17.945005] Scanning c:/Users/threddast/.emacs.d/.local/straight/build-28.1/auto-minor-mode/auto-minor-mode-autoloads.el
        * [17.946915] Scanning c:/Users/threddast/.emacs.d/.local/straight/build-28.1/gcmh/gcmh-autoloads.el
        * [17.948789] Scanning c:/Users/threddast/.emacs.d/.local/straight/build-28.1/explain-pause-mode/explain-pause-mode-autoloads.el
        * [17.950719] Scanning c:/Users/threddast/.emacs.d/.local/straight/build-28.1/all-the-icons/all-the-icons-autoloads.el
        * [17.952667] Scanning c:/Users/threddast/.emacs.d/.local/straight/build-28.1/hide-mode-line/hide-mode-line-autoloads.el
        * [17.954629] Scanning c:/Users/threddast/.emacs.d/.local/straight/build-28.1/highlight-numbers/highlight-numbers-autoloads.el
        * [17.956492] Scanning c:/Users/threddast/.emacs.d/.local/straight/build-28.1/parent-mode/parent-mode-autoloads.el
        * [17.958308] Scanning c:/Users/threddast/.emacs.d/.local/straight/build-28.1/rainbow-delimiters/rainbow-delimiters-autoloads.el
        * [17.960217] Scanning c:/Users/threddast/.emacs.d/.local/straight/build-28.1/restart-emacs/restart-emacs-autoloads.el
        * [17.962131] Scanning c:/Users/threddast/.emacs.d/.local/straight/build-28.1/better-jumper/better-jumper-autoloads.el
        * [17.964020] Scanning c:/Users/threddast/.emacs.d/.local/straight/build-28.1/dtrt-indent/dtrt-indent-autoloads.el
        * [17.966034] Scanning c:/Users/threddast/.emacs.d/.local/straight/build-28.1/helpful/helpful-autoloads.el
        * [17.968043] Scanning c:/Users/threddast/.emacs.d/.local/straight/build-28.1/dash/dash-autoloads.el
        * [17.970023] Scanning c:/Users/threddast/.emacs.d/.local/straight/build-28.1/s/s-autoloads.el
        * [17.971842] Scanning c:/Users/threddast/.emacs.d/.local/straight/build-28.1/f/f-autoloads.el
        * [17.973670] Scanning c:/Users/threddast/.emacs.d/.local/straight/build-28.1/elisp-refs/elisp-refs-autoloads.el
        * [17.975564] Scanning c:/Users/threddast/.emacs.d/.local/straight/build-28.1/pcre2el/pcre2el-autoloads.el
        * [17.977481] Scanning c:/Users/threddast/.emacs.d/.local/straight/build-28.1/smartparens/smartparens-autoloads.el
        * [17.979623] Scanning c:/Users/threddast/.emacs.d/.local/straight/build-28.1/ws-butler/ws-butler-autoloads.el
        * [17.981565] Scanning c:/Users/threddast/.emacs.d/.local/straight/build-28.1/projectile/projectile-autoloads.el
        * [17.983844] Scanning c:/Users/threddast/.emacs.d/.local/straight/build-28.1/project/project-autoloads.el
        * [17.985897] Scanning c:/Users/threddast/.emacs.d/.local/straight/build-28.1/xref/xref-autoloads.el
        * [17.987914] Scanning c:/Users/threddast/.emacs.d/.local/straight/build-28.1/general/general-autoloads.el
        * [17.990103] Scanning c:/Users/threddast/.emacs.d/.local/straight/build-28.1/which-key/which-key-autoloads.el
        * [17.992076] Scanning c:/Users/threddast/.emacs.d/.local/straight/build-28.1/company/company-autoloads.el
        * [17.994341] Scanning c:/Users/threddast/.emacs.d/.local/straight/build-28.1/company-dict/company-dict-autoloads.el
        * [17.996195] Scanning c:/Users/threddast/.emacs.d/.local/straight/build-28.1/vertico/vertico-autoloads.el
        * [17.998463] Scanning c:/Users/threddast/.emacs.d/.local/straight/build-28.1/orderless/orderless-autoloads.el
        * [18.000392] Scanning c:/Users/threddast/.emacs.d/.local/straight/build-28.1/consult/consult-autoloads.el
        * [18.002703] Scanning c:/Users/threddast/.emacs.d/.local/straight/build-28.1/compat/compat-autoloads.el
        * [18.004606] Scanning c:/Users/threddast/.emacs.d/.local/straight/build-28.1/consult-dir/consult-dir-autoloads.el
        * [18.006504] Scanning c:/Users/threddast/.emacs.d/.local/straight/build-28.1/consult-flycheck/consult-flycheck-autoloads.el
        * [18.008339] Scanning c:/Users/threddast/.emacs.d/.local/straight/build-28.1/flycheck/flycheck-autoloads.el
        * [18.010445] Scanning c:/Users/threddast/.emacs.d/.local/straight/build-28.1/pkg-info/pkg-info-autoloads.el
        * [18.012335] Scanning c:/Users/threddast/.emacs.d/.local/straight/build-28.1/epl/epl-autoloads.el
        * [18.014167] Scanning c:/Users/threddast/.emacs.d/.local/straight/build-28.1/embark/embark-autoloads.el
        * [18.016109] Scanning c:/Users/threddast/.emacs.d/.local/straight/build-28.1/embark-consult/embark-consult-autoloads.el
        * [18.017936] Scanning c:/Users/threddast/.emacs.d/.local/straight/build-28.1/marginalia/marginalia-autoloads.el
        * [18.019838] Scanning c:/Users/threddast/.emacs.d/.local/straight/build-28.1/wgrep/wgrep-autoloads.el
        * [18.021768] Scanning c:/Users/threddast/.emacs.d/.local/straight/build-28.1/doom-themes/doom-themes-autoloads.el
        * [18.024354] Scanning c:/Users/threddast/.emacs.d/.local/straight/build-28.1/solaire-mode/solaire-mode-autoloads.el
        * [18.026273] Scanning c:/Users/threddast/.emacs.d/.local/straight/build-28.1/hl-todo/hl-todo-autoloads.el
        * [18.028403] Scanning c:/Users/threddast/.emacs.d/.local/straight/build-28.1/doom-modeline/doom-modeline-autoloads.el
        * [18.030383] Scanning c:/Users/threddast/.emacs.d/.local/straight/build-28.1/shrink-path/shrink-path-autoloads.el
        * [18.032217] Scanning c:/Users/threddast/.emacs.d/.local/straight/build-28.1/anzu/anzu-autoloads.el
        * [18.034209] Scanning c:/Users/threddast/.emacs.d/.local/straight/build-28.1/evil-anzu/evil-anzu-autoloads.el
        * [18.036027] Scanning c:/Users/threddast/.emacs.d/.local/straight/build-28.1/evil/evil-autoloads.el
        * [18.038076] Scanning c:/Users/threddast/.emacs.d/.local/straight/build-28.1/goto-chg/goto-chg-autoloads.el
        * [18.039991] Scanning c:/Users/threddast/.emacs.d/.local/straight/build-28.1/evil-goggles/evil-goggles-autoloads.el
        * [18.041936] Scanning c:/Users/threddast/.emacs.d/.local/straight/build-28.1/git-gutter-fringe/git-gutter-fringe-autoloads.el
        * [18.043757] Scanning c:/Users/threddast/.emacs.d/.local/straight/build-28.1/git-gutter/git-gutter-autoloads.el
        * [18.045704] Scanning c:/Users/threddast/.emacs.d/.local/straight/build-28.1/fringe-helper/fringe-helper-autoloads.el
        * [18.047537] Scanning c:/Users/threddast/.emacs.d/.local/straight/build-28.1/vi-tilde-fringe/vi-tilde-fringe-autoloads.el
        * [18.049477] Scanning c:/Users/threddast/.emacs.d/.local/straight/build-28.1/evil-args/evil-args-autoloads.el
        * [18.051330] Scanning c:/Users/threddast/.emacs.d/.local/straight/build-28.1/evil-easymotion/evil-easymotion-autoloads.el
        * [18.053435] Scanning c:/Users/threddast/.emacs.d/.local/straight/build-28.1/avy/avy-autoloads.el
        * [18.055515] Scanning c:/Users/threddast/.emacs.d/.local/straight/build-28.1/evil-embrace/evil-embrace-autoloads.el
        * [18.057359] Scanning c:/Users/threddast/.emacs.d/.local/straight/build-28.1/embrace/embrace-autoloads.el
        * [18.059222] Scanning c:/Users/threddast/.emacs.d/.local/straight/build-28.1/expand-region/expand-region-autoloads.el
        * [18.061387] Scanning c:/Users/threddast/.emacs.d/.local/straight/build-28.1/evil-surround/evil-surround-autoloads.el
        * [18.063391] Scanning c:/Users/threddast/.emacs.d/.local/straight/build-28.1/evil-escape/evil-escape-autoloads.el
        * [18.065289] Scanning c:/Users/threddast/.emacs.d/.local/straight/build-28.1/evil-exchange/evil-exchange-autoloads.el
        * [18.067158] Scanning c:/Users/threddast/.emacs.d/.local/straight/build-28.1/evil-indent-plus/evil-indent-plus-autoloads.el
        * [18.069135] Scanning c:/Users/threddast/.emacs.d/.local/straight/build-28.1/evil-lion/evil-lion-autoloads.el
        * [18.071174] Scanning c:/Users/threddast/.emacs.d/.local/straight/build-28.1/evil-nerd-commenter/evil-nerd-commenter-autoloads.el
        * [18.073205] Scanning c:/Users/threddast/.emacs.d/.local/straight/build-28.1/evil-numbers/evil-numbers-autoloads.el
        * [18.075059] Scanning c:/Users/threddast/.emacs.d/.local/straight/build-28.1/evil-snipe/evil-snipe-autoloads.el
        * [18.076986] Scanning c:/Users/threddast/.emacs.d/.local/straight/build-28.1/evil-textobj-anyblock/evil-textobj-anyblock-autoloads.el
        * [18.078929] Scanning c:/Users/threddast/.emacs.d/.local/straight/build-28.1/evil-traces/evil-traces-autoloads.el
        * [18.080824] Scanning c:/Users/threddast/.emacs.d/.local/straight/build-28.1/evil-visualstar/evil-visualstar-autoloads.el
        * [18.082803] Scanning c:/Users/threddast/.emacs.d/.local/straight/build-28.1/exato/exato-autoloads.el
        * [18.084618] Scanning c:/Users/threddast/.emacs.d/.local/straight/build-28.1/evil-quick-diff/evil-quick-diff-autoloads.el
        * [18.086470] Scanning c:/Users/threddast/.emacs.d/.local/straight/build-28.1/evil-collection/evil-collection-autoloads.el
        * [18.088451] Scanning c:/Users/threddast/.emacs.d/.local/straight/build-28.1/annalist/annalist-autoloads.el
        * [18.090458] Scanning c:/Users/threddast/.emacs.d/.local/straight/build-28.1/yasnippet/yasnippet-autoloads.el
        * [18.092495] Scanning c:/Users/threddast/.emacs.d/.local/straight/build-28.1/vimish-fold/vimish-fold-autoloads.el
        * [18.094396] Scanning c:/Users/threddast/.emacs.d/.local/straight/build-28.1/evil-vimish-fold/evil-vimish-fold-autoloads.el
        * [18.096359] Scanning c:/Users/threddast/.emacs.d/.local/straight/build-28.1/auto-yasnippet/auto-yasnippet-autoloads.el
        * [18.098259] Scanning c:/Users/threddast/.emacs.d/.local/straight/build-28.1/doom-snippets/doom-snippets-autoloads.el
        * [18.100132] Scanning c:/Users/threddast/.emacs.d/.local/straight/build-28.1/diredfl/diredfl-autoloads.el
        * [18.102054] Scanning c:/Users/threddast/.emacs.d/.local/straight/build-28.1/dired-git-info/dired-git-info-autoloads.el
        * [18.104157] Scanning c:/Users/threddast/.emacs.d/.local/straight/build-28.1/dired-rsync/dired-rsync-autoloads.el
        * [18.106087] Scanning c:/Users/threddast/.emacs.d/.local/straight/build-28.1/fd-dired/fd-dired-autoloads.el
        * [18.108084] Scanning c:/Users/threddast/.emacs.d/.local/straight/build-28.1/undo-fu/undo-fu-autoloads.el
        * [18.109956] Scanning c:/Users/threddast/.emacs.d/.local/straight/build-28.1/undo-fu-session/undo-fu-session-autoloads.el
        * [18.111908] Scanning c:/Users/threddast/.emacs.d/.local/straight/build-28.1/browse-at-remote/browse-at-remote-autoloads.el
        * [18.113766] Scanning c:/Users/threddast/.emacs.d/.local/straight/build-28.1/git-commit/git-commit-autoloads.el
        * [18.115624] Scanning c:/Users/threddast/.emacs.d/.local/straight/build-28.1/transient/transient-autoloads.el
        * [18.117614] Scanning c:/Users/threddast/.emacs.d/.local/straight/build-28.1/with-editor/with-editor-autoloads.el
        * [18.119486] Scanning c:/Users/threddast/.emacs.d/.local/straight/build-28.1/git-timemachine/git-timemachine-autoloads.el
        * [18.121335] Scanning c:/Users/threddast/.emacs.d/.local/straight/build-28.1/git-modes/git-modes-autoloads.el
        * [18.123211] Scanning c:/Users/threddast/.emacs.d/.local/straight/build-28.1/flycheck-popup-tip/flycheck-popup-tip-autoloads.el
        * [18.125034] Scanning c:/Users/threddast/.emacs.d/.local/straight/build-28.1/popup/popup-autoloads.el
        * [18.126797] Scanning c:/Users/threddast/.emacs.d/.local/straight/build-28.1/quickrun/quickrun-autoloads.el
        * [18.128716] Scanning c:/Users/threddast/.emacs.d/.local/straight/build-28.1/eros/eros-autoloads.el
        * [18.130578] Scanning c:/Users/threddast/.emacs.d/.local/straight/build-28.1/dumb-jump/dumb-jump-autoloads.el
        * [18.132578] Scanning c:/Users/threddast/.emacs.d/.local/straight/build-28.1/request/request-autoloads.el
        * [18.134383] Scanning c:/Users/threddast/.emacs.d/.local/straight/build-28.1/magit-section/magit-section-autoloads.el
        * [18.136266] Scanning c:/Users/threddast/.emacs.d/.local/straight/build-28.1/async/async-autoloads.el
        * [18.138314] Scanning c:/Users/threddast/.emacs.d/.local/straight/build-28.1/markdown-mode/markdown-mode-autoloads.el
        * [18.140247] Scanning c:/Users/threddast/.emacs.d/.local/straight/build-28.1/emacsql-sqlite/emacsql-sqlite-autoloads.el
        * [18.142081] Scanning c:/Users/threddast/.emacs.d/.local/straight/build-28.1/emacsql/emacsql-autoloads.el
        * [18.144008] Scanning c:/Users/threddast/.emacs.d/.local/straight/build-28.1/ht/ht-autoloads.el
        * [18.145881] Scanning c:/Users/threddast/.emacs.d/.local/straight/build-28.1/highlight-quoted/highlight-quoted-autoloads.el
        * [18.147739] Scanning c:/Users/threddast/.emacs.d/.local/straight/build-28.1/macrostep/macrostep-autoloads.el
        * [18.149682] Scanning c:/Users/threddast/.emacs.d/.local/straight/build-28.1/overseer/overseer-autoloads.el
        * [18.151641] Scanning c:/Users/threddast/.emacs.d/.local/straight/build-28.1/elisp-def/elisp-def-autoloads.el
        * [18.153565] Scanning c:/Users/threddast/.emacs.d/.local/straight/build-28.1/elisp-demos/elisp-demos-autoloads.el
        * [18.155520] Scanning c:/Users/threddast/.emacs.d/.local/straight/build-28.1/flycheck-package/flycheck-package-autoloads.el
        * [18.157353] Scanning c:/Users/threddast/.emacs.d/.local/straight/build-28.1/package-lint/package-lint-autoloads.el
        * [18.159255] Scanning c:/Users/threddast/.emacs.d/.local/straight/build-28.1/flycheck-cask/flycheck-cask-autoloads.el
        * [18.161105] Scanning c:/Users/threddast/.emacs.d/.local/straight/build-28.1/buttercup/buttercup-autoloads.el
        * [18.163053] Scanning c:/Users/threddast/.emacs.d/.local/straight/build-28.1/markdown-toc/markdown-toc-autoloads.el
        * [18.165050] Scanning c:/Users/threddast/.emacs.d/.local/straight/build-28.1/edit-indirect/edit-indirect-autoloads.el
        * [18.166900] Scanning c:/Users/threddast/.emacs.d/.local/straight/build-28.1/evil-markdown/evil-markdown-autoloads.el
        * [18.168837] Scanning c:/Users/threddast/.emacs.d/.local/straight/build-28.1/org/org-autoloads.el
        * [18.171391] Scanning c:/Users/threddast/.emacs.d/.local/straight/build-28.1/org-contrib/org-contrib-autoloads.el
        * [18.173544] Scanning c:/Users/threddast/.emacs.d/.local/straight/build-28.1/htmlize/htmlize-autoloads.el
        * [18.175562] Scanning c:/Users/threddast/.emacs.d/.local/straight/build-28.1/org-yt/org-yt-autoloads.el
        * [18.177439] Scanning c:/Users/threddast/.emacs.d/.local/straight/build-28.1/ox-clip/ox-clip-autoloads.el
        * [18.179319] Scanning c:/Users/threddast/.emacs.d/.local/straight/build-28.1/toc-org/toc-org-autoloads.el
        * [18.181168] Scanning c:/Users/threddast/.emacs.d/.local/straight/build-28.1/org-cliplink/org-cliplink-autoloads.el
        * [18.183077] Scanning c:/Users/threddast/.emacs.d/.local/straight/build-28.1/evil-org/evil-org-autoloads.el
        * [18.185164] Scanning c:/Users/threddast/.emacs.d/.local/straight/build-28.1/ob-async/ob-async-autoloads.el
        * [18.187286] Scanning c:/Users/threddast/.emacs.d/.local/straight/build-28.1/drag-stuff/drag-stuff-autoloads.el
        * [18.189348] Scanning c:/Users/threddast/.emacs.d/.local/straight/build-28.1/link-hint/link-hint-autoloads.el
        * [18.191276] Scanning c:/Users/threddast/.emacs.d/.local/straight/build-28.1/company-box/company-box-autoloads.el
        * [18.193165] Scanning c:/Users/threddast/.emacs.d/.local/straight/build-28.1/frame-local/frame-local-autoloads.el
        * [18.194997] Scanning c:/Users/threddast/.emacs.d/.local/straight/build-28.1/ace-window/ace-window-autoloads.el
        * [18.196925] Scanning c:/Users/threddast/.emacs.d/.local/straight/build-28.1/hydra/hydra-autoloads.el
        * [18.198942] Scanning c:/Users/threddast/.emacs.d/.local/straight/build-28.1/lv/lv-autoloads.el
        * [18.200789] Scanning c:/Users/threddast/.emacs.d/.local/straight/build-28.1/posframe/posframe-autoloads.el
        * [18.202756] Scanning c:/Users/threddast/.emacs.d/.local/straight/build-28.1/format-all/format-all-autoloads.el
        * [18.205188] Scanning c:/Users/threddast/.emacs.d/.local/straight/build-28.1/lispy/lispy-autoloads.el
        * [18.207712] Scanning c:/Users/threddast/.emacs.d/.local/straight/build-28.1/iedit/iedit-autoloads.el
        * [18.209621] Scanning c:/Users/threddast/.emacs.d/.local/straight/build-28.1/swiper/swiper-autoloads.el
        * [18.211515] Scanning c:/Users/threddast/.emacs.d/.local/straight/build-28.1/ivy/ivy-autoloads.el
        * [18.213430] Scanning c:/Users/threddast/.emacs.d/.local/straight/build-28.1/zoutline/zoutline-autoloads.el
        * [18.215249] Scanning c:/Users/threddast/.emacs.d/.local/straight/build-28.1/lispyville/lispyville-autoloads.el
        * [18.217268] Scanning c:/Users/threddast/.emacs.d/.local/straight/build-28.1/vterm/vterm-autoloads.el
        * [18.219225] Scanning c:/Users/threddast/.emacs.d/.local/straight/build-28.1/flycheck-posframe/flycheck-posframe-autoloads.el
        * [18.221141] Scanning c:/Users/threddast/.emacs.d/.local/straight/build-28.1/flyspell-correct/flyspell-correct-autoloads.el
        * [18.223130] Scanning c:/Users/threddast/.emacs.d/.local/straight/build-28.1/flyspell-lazy/flyspell-lazy-autoloads.el
        * [18.225105] Scanning c:/Users/threddast/.emacs.d/.local/straight/build-28.1/langtool/langtool-autoloads.el
        * [18.226974] Scanning c:/Users/threddast/.emacs.d/.local/straight/build-28.1/writegood-mode/writegood-mode-autoloads.el
        * [18.228862] Scanning c:/Users/threddast/.emacs.d/.local/straight/build-28.1/pdf-tools/pdf-tools-autoloads.el
        * [18.231121] Scanning c:/Users/threddast/.emacs.d/.local/straight/build-28.1/tablist/tablist-autoloads.el
        * [18.232956] Scanning c:/Users/threddast/.emacs.d/.local/straight/build-28.1/saveplace-pdf-view/saveplace-pdf-view-autoloads.el
        * [18.234744] Scanning c:/Users/threddast/.emacs.d/.local/straight/build-28.1/rainbow-mode/rainbow-mode-autoloads.el
        * [18.236571] Scanning c:/Users/threddast/.emacs.d/.local/straight/build-28.1/kurecolor/kurecolor-autoloads.el
        * [18.238710] Scanning c:/Users/threddast/.emacs.d/.local/straight/build-28.1/map/map-autoloads.el
        * [18.240600] Scanning c:/Users/threddast/.emacs.d/.local/straight/build-28.1/json-mode/json-mode-autoloads.el
        * [18.242582] Scanning c:/Users/threddast/.emacs.d/.local/straight/build-28.1/json-snatcher/json-snatcher-autoloads.el
        * [18.244414] Scanning c:/Users/threddast/.emacs.d/.local/straight/build-28.1/auctex/auctex-autoloads.el
        * [18.246666] Scanning c:/Users/threddast/.emacs.d/.local/straight/build-28.1/adaptive-wrap/adaptive-wrap-autoloads.el
        * [18.248542] Scanning c:/Users/threddast/.emacs.d/.local/straight/build-28.1/latex-preview-pane/latex-preview-pane-autoloads.el
        * [18.250523] Scanning c:/Users/threddast/.emacs.d/.local/straight/build-28.1/evil-tex/evil-tex-autoloads.el
        * [18.252391] Scanning c:/Users/threddast/.emacs.d/.local/straight/build-28.1/cdlatex/cdlatex-autoloads.el
        * [18.254462] Scanning c:/Users/threddast/.emacs.d/.local/straight/build-28.1/company-auctex/company-auctex-autoloads.el
        * [18.256506] Scanning c:/Users/threddast/.emacs.d/.local/straight/build-28.1/company-reftex/company-reftex-autoloads.el
        * [18.258376] Scanning c:/Users/threddast/.emacs.d/.local/straight/build-28.1/company-math/company-math-autoloads.el
        * [18.260259] Scanning c:/Users/threddast/.emacs.d/.local/straight/build-28.1/math-symbol-lists/math-symbol-lists-autoloads.el
        * [18.262106] Scanning c:/Users/threddast/.emacs.d/.local/straight/build-28.1/org-pdftools/org-pdftools-autoloads.el
        * [18.264001] Scanning c:/Users/threddast/.emacs.d/.local/straight/build-28.1/org-noter/org-noter-autoloads.el
        * [18.265926] Scanning c:/Users/threddast/.emacs.d/.local/straight/build-28.1/org-download/org-download-autoloads.el
        * [18.267773] Scanning c:/Users/threddast/.emacs.d/.local/straight/build-28.1/jupyter/jupyter-autoloads.el
        * [18.270158] Scanning c:/Users/threddast/.emacs.d/.local/straight/build-28.1/zmq/zmq-autoloads.el
        * [18.271996] Scanning c:/Users/threddast/.emacs.d/.local/straight/build-28.1/simple-httpd/simple-httpd-autoloads.el
        * [18.273854] Scanning c:/Users/threddast/.emacs.d/.local/straight/build-28.1/websocket/websocket-autoloads.el
        * [18.275674] Scanning c:/Users/threddast/.emacs.d/.local/straight/build-28.1/org-journal/org-journal-autoloads.el
        * [18.277605] Scanning c:/Users/threddast/.emacs.d/.local/straight/build-28.1/org-pomodoro/org-pomodoro-autoloads.el
        * [18.279485] Scanning c:/Users/threddast/.emacs.d/.local/straight/build-28.1/alert/alert-autoloads.el
        * [18.281465] Scanning c:/Users/threddast/.emacs.d/.local/straight/build-28.1/gntp/gntp-autoloads.el
        * [18.283294] Scanning c:/Users/threddast/.emacs.d/.local/straight/build-28.1/log4e/log4e-autoloads.el
        * [18.285141] Scanning c:/Users/threddast/.emacs.d/.local/straight/build-28.1/org-roam/org-roam-autoloads.el
        * [18.287311] Scanning c:/Users/threddast/.emacs.d/.local/straight/build-28.1/ox-pandoc/ox-pandoc-autoloads.el
        * [18.289602] Scanning c:/Users/threddast/.emacs.d/.local/straight/build-28.1/ox-hugo/ox-hugo-autoloads.el
        * [18.291726] Scanning c:/Users/threddast/.emacs.d/.local/straight/build-28.1/tomelr/tomelr-autoloads.el
        * [18.293548] Scanning c:/Users/threddast/.emacs.d/.local/straight/build-28.1/org-modern/org-modern-autoloads.el
        * [18.295542] Scanning c:/Users/threddast/.emacs.d/.local/straight/build-28.1/org-auto-tangle/org-auto-tangle-autoloads.el
        * [18.297401] Scanning c:/Users/threddast/.emacs.d/.local/straight/build-28.1/org-present/org-present-autoloads.el
        * [18.299223] Scanning c:/Users/threddast/.emacs.d/.local/straight/build-28.1/centered-window/centered-window-autoloads.el
        * [18.301115] Scanning c:/Users/threddast/.emacs.d/.local/straight/build-28.1/org-noter-pdftools/org-noter-pdftools-autoloads.el
    > Byte-compiling autoloads file...
    ✓ Generated .local/autoloads.28.1.elc
  - Restart Emacs or use 'M-x doom/reload' for changes to take effect
* [19.382898] Finished (GCs: 1, elapsed: 0.008817s)
✓ Finished in 19.38300s
