* [0.215330] Starting!
* [0.215380] doom-cli-run: (C:\Users\threddast\Programs\emacs-28.1\bin\emacs.exe -scriptload .\doom -- purge)
* [0.215481] doom-cli-context-execute: found (doom)
* [0.215964] Autoloading c:/Users/threddast/.emacs.d/lisp/cli/packages.el
* [0.277937] doom-cli-context-execute: found (doom purge)
* [0.278264] doom-cli-context-execute: doom purge
* [0.278594] doom-cli-execute: (:before) ((input) (context . #s(doom-cli-context (25360 52853 756003 0) 9452 -1 nil nil nil doom nil nil (doom purge) nil (purge) ((--no-regraft) (-g) (--no-eln) (-e) (--no-repos) (-r) (--no-elpa) (-p) (--no-builds) (-b) (--eval) (-E) (--strict-load) (--load) (-L) (--color) (--profile) (--pager) (--emacsdir) (--doomdir) (--debug) (-D) (--force) (-!)) ((t) ((doom purge)) ((doom) purge))  *doom-cli stdin*  *doom-cli stdout*  *doom-cli stderr* nil)) (_) (evals) (loads) (color?) (profile) (pager) (emacsdir) (doomdir) (debug?) (force?))
* [0.278651] doom-cli-execute: (:before doom build) nil
* [0.278681] Initializing straight
* [0.387058] Initializing recipes
* [0.390611] Installing core packages
* [0.391160] doom-cli-execute: (doom purge) ((noregraft-p) (noeln-p) (norepos-p) (noelpa-p) (nobuilds-p))
* [0.396294] Initializing package.el
* [0.515270] Initializing straight.el
> Purging orphaned packages (for the emperor)...
  - No builds to purge
  - No ELPA packages to purge
  > Purging straight repositories...
    ✓ Purged repos/a.el
    ✓ Purged repos/cfrs
    ✓ Purged repos/closql
    ✓ Purged repos/code-review
    ✓ Purged repos/consult-lsp
    ✓ Purged repos/emacs-deferred
    ✓ Purged repos/emacs-emojify
    ✓ Purged repos/emacs-lorem-ipsum
    ✓ Purged repos/emacs-xkcd
    ✓ Purged repos/forge
    ✓ Purged repos/ghub
    ✓ Purged repos/lsp-mode
    ✓ Purged repos/lsp-treemacs
    ✓ Purged repos/lsp-ui
    ✓ Purged repos/magit-gitflow
    ✓ Purged repos/magit-popup
    ✓ Purged repos/magit-todos
    ✓ Purged repos/math-at-point
    ✓ Purged repos/org-ql
    ✓ Purged repos/org-sidebar
    ✓ Purged repos/org-super-agenda
    ✓ Purged repos/org-timeline
    ✓ Purged repos/org-tree-slide
    ✓ Purged repos/orgit
    ✓ Purged repos/ov
    ✓ Purged repos/peg
    ✓ Purged repos/pfuture
    ✓ Purged repos/selectric-mode
    ✓ Purged repos/spinner
    ✓ Purged repos/treemacs
    ✓ Purged repos/treepy.el
    ✓ Purged repos/ts.el
    ✓ Purged repos/uuidgen-el
    ✓ Purged repos/yaml.el
  > Regrafting 183 repos...
    - repos/Emacs-langtool is already compact
    - repos/Emacs-wgrep is already compact
    - repos/ace-window is already compact
    - repos/adaptive-wrap is already compact
    - repos/alert is already compact
    - repos/all-the-icons.el is already compact
    - repos/annalist.el is already compact
    - repos/anzu is already compact
    - repos/auctex is already compact
    - repos/auto-minor-mode is already compact
    - repos/auto-yasnippet is already compact
    - repos/avy is already compact
    - repos/better-jumper is already compact
    - repos/browse-at-remote is already compact
    - repos/cdlatex is already compact
    - repos/centered-window-mode is already compact
    - repos/company-auctex is already compact
    - repos/company-box is already compact
    - repos/company-math is already compact
    - repos/company-mode is already compact
    - repos/company-reftex is already compact
    - repos/compat is already compact
    - repos/consult is already compact
    - repos/consult-dir is already compact
    - repos/consult-flycheck is already compact
    - repos/dash.el is already compact
    - repos/dired-git-info is already compact
    - repos/dired-rsync is already compact
    - repos/diredfl is already compact
    - repos/doom-modeline is already compact
    - repos/drag-stuff.el is already compact
    - repos/dtrt-indent is already compact
    - repos/dumb-jump is already compact
    - repos/edit-indirect is already compact
    - repos/el-get is already compact
    - repos/elisp-def is already compact
    - repos/elisp-demos is already compact
    - repos/elisp-refs is already compact
    - repos/emacs-async is already compact
    - repos/emacs-buttercup is already compact
    - repos/emacs-company-dict is already compact
    - repos/emacs-format-all-the-code is already compact
    - repos/emacs-hide-mode-line is already compact
    - repos/emacs-htmlize is already compact
    - repos/emacs-jupyter is already compact
    - repos/emacs-libvterm is already compact
    - repos/emacs-request is already compact
    - repos/emacs-solaire-mode is already compact
    - repos/emacs-web-server is already compact
    - repos/emacs-websocket is already compact
    - repos/emacs-which-key is already compact
    - repos/emacs-zmq is already compact
    - repos/emacsmirror-mirror is already compact
    - repos/emacsql is already compact
    - repos/embark is already compact
    - repos/embrace.el is already compact
    - repos/epl is already compact
    - repos/eros is already compact
    - repos/evil is already compact
    - repos/evil-anzu is already compact
    - repos/evil-args is already compact
    - repos/evil-collection is already compact
    - repos/evil-easymotion is already compact
    - repos/evil-embrace.el is already compact
    - repos/evil-escape is already compact
    - repos/evil-exchange is already compact
    - repos/evil-goggles is already compact
    - repos/evil-indent-plus is already compact
    - repos/evil-lion is already compact
    - repos/evil-markdown is already compact
    - repos/evil-nerd-commenter is already compact
    - repos/evil-numbers is already compact
    - repos/evil-org-mode is already compact
    - repos/evil-quick-diff is already compact
    - repos/evil-snipe is already compact
    - repos/evil-surround is already compact
    - repos/evil-tex is already compact
    - repos/evil-textobj-anyblock is already compact
    - repos/evil-traces is already compact
    - repos/evil-vimish-fold is already compact
    - repos/evil-visualstar is already compact
    - repos/exato is already compact
    - repos/expand-region.el is already compact
    - repos/explain-pause-mode is already compact
    - repos/f.el is already compact
    - repos/fd-dired is already compact
    - repos/flycheck is already compact
    - repos/flycheck-cask is already compact
    - repos/flycheck-package is already compact
    - repos/flycheck-popup-tip is already compact
    - repos/flycheck-posframe is already compact
    - repos/flyspell-correct is already compact
    - repos/flyspell-lazy is already compact
    - repos/frame-local is already compact
    - repos/fringe-helper.el is already compact
    - repos/gcmh is already compact
    - repos/general.el is already compact
    - repos/git-gutter is already compact
    - repos/git-gutter-fringe is already compact
    - repos/git-modes is already compact
    - repos/git-timemachine is already compact
    - repos/gntp.el is already compact
    - repos/gnu-elpa-mirror is already compact
    - repos/goto-chg is already compact
    - repos/helpful is already compact
    - repos/highlight-numbers is already compact
    - repos/highlight-quoted is already compact
    - repos/hl-todo is already compact
    - repos/ht.el is already compact
    - repos/hydra is already compact
    - repos/iedit is already compact
    - repos/json-mode is already compact
    - repos/json-snatcher is already compact
    - repos/kurecolor is already compact
    - repos/latex-preview-pane is already compact
    - repos/link-hint.el is already compact
    - repos/lispy is already compact
    - repos/lispyville is already compact
    - repos/log4e is already compact
    - repos/macrostep is already compact
    - repos/magit is already compact
    - repos/map is already compact
    - repos/marginalia is already compact
    - repos/markdown-mode is already compact
    - repos/markdown-toc is already compact
    - repos/math-symbol-lists is already compact
    - repos/melpa is already compact
    - repos/ob-async is already compact
    - repos/orderless is already compact
    - repos/org is already compact
    - repos/org-auto-tangle is already compact
    - repos/org-cliplink is already compact
    - repos/org-contrib is already compact
    - repos/org-download is already compact
    - repos/org-journal is already compact
    - repos/org-modern is already compact
    - repos/org-noter is already compact
    - repos/org-pdftools is already compact
    - repos/org-pomodoro is already compact
    - repos/org-present is already compact
    - repos/org-roam is already compact
    - repos/org-yt is already compact
    - repos/overseer.el is already compact
    - repos/ox-clip is already compact
    - repos/ox-hugo is already compact
    - repos/ox-pandoc is already compact
    - repos/package-lint is already compact
    - repos/parent-mode is already compact
    - repos/pcre2el is already compact
    - repos/pdf-tools is already compact
    - repos/pkg-info is already compact
    - repos/popup-el is already compact
    - repos/posframe is already compact
    - repos/project is already compact
    - repos/projectile is already compact
    - repos/quickrun is already compact
    - repos/rainbow-delimiters is already compact
    - repos/rainbow-mode is already compact
    - repos/restart-emacs is already compact
    - repos/s.el is already compact
    - repos/saveplace-pdf-view is already compact
    - repos/shrink-path.el is already compact
    - repos/smartparens is already compact
    - repos/snippets is already compact
    - repos/straight.el is already compact
    - repos/swiper is already compact
    - repos/tablist is already compact
    - repos/themes is already compact
    - repos/toc-org is already compact
    - repos/tomelr is already compact
    - repos/transient is already compact
    - repos/undo-fu is already compact
    - repos/undo-fu-session is already compact
    - repos/use-package is already compact
    - repos/vertico is already compact
    - repos/vi-tilde-fringe is already compact
    - repos/vimish-fold is already compact
    - repos/with-editor is already compact
    - repos/writegood-mode is already compact
    - repos/ws-butler is already compact
    - repos/xref is already compact
    - repos/yasnippet is already compact
    - repos/zoutline is already compact
    ✓ Finished regrafting. Size before: 207225.4KB and after: 207252.8KB (27.3KB)
> (Re)generating autoloads file...
  > Generating autoloads file...
    * [85.247060] Scanning c:/Users/threddast/.emacs.d/lisp/lib/buffers.el
    * [85.251158] Scanning c:/Users/threddast/.emacs.d/lisp/lib/config.el
    * [85.253833] Scanning c:/Users/threddast/.emacs.d/lisp/lib/debug.el
    * [85.257557] Scanning c:/Users/threddast/.emacs.d/lisp/lib/docs.el
    * [85.261949] Scanning c:/Users/threddast/.emacs.d/lisp/lib/files.el
    * [85.265198] Scanning c:/Users/threddast/.emacs.d/lisp/lib/fonts.el
    * [85.268516] Scanning c:/Users/threddast/.emacs.d/lisp/lib/git.el
    * [85.270707] Scanning c:/Users/threddast/.emacs.d/lisp/lib/help.el
    * [85.275269] Scanning c:/Users/threddast/.emacs.d/lisp/lib/packages.el
    * [85.278475] Scanning c:/Users/threddast/.emacs.d/lisp/lib/plist.el
    * [85.280944] Scanning c:/Users/threddast/.emacs.d/lisp/lib/print.el
    * [85.284515] Scanning c:/Users/threddast/.emacs.d/lisp/lib/process.el
    * [85.286835] Scanning c:/Users/threddast/.emacs.d/lisp/lib/projects.el
    * [85.289821] Scanning c:/Users/threddast/.emacs.d/lisp/lib/sandbox.el
    * [85.292324] Scanning c:/Users/threddast/.emacs.d/lisp/lib/scratch.el
    * [85.295258] Scanning c:/Users/threddast/.emacs.d/lisp/lib/sessions.el
    * [85.297926] Scanning c:/Users/threddast/.emacs.d/lisp/lib/store.el
    * [85.300766] Scanning c:/Users/threddast/.emacs.d/lisp/lib/system.el
    * [85.303176] Scanning c:/Users/threddast/.emacs.d/lisp/lib/text.el
    * [85.306749] Scanning c:/Users/threddast/.emacs.d/lisp/lib/themes.el
    * [85.309398] Scanning c:/Users/threddast/.emacs.d/lisp/lib/ui.el
    * [85.312586] Scanning c:/Users/threddast/.emacs.d/modules/app/calendar/autoload.el
    * [85.314316] Scanning c:/Users/threddast/.emacs.d/modules/app/emms/autoload.el
    * [85.316013] Scanning c:/Users/threddast/.emacs.d/modules/app/irc/autoload/irc.el
    * [85.318054] Scanning c:/Users/threddast/.emacs.d/modules/app/irc/autoload/ivy.el
    * [85.320059] Scanning c:/Users/threddast/.emacs.d/modules/app/irc/autoload/settings.el
    * [85.322142] Scanning c:/Users/threddast/.emacs.d/modules/app/irc/autoload/vertico.el
    * [85.324282] Scanning c:/Users/threddast/.emacs.d/modules/app/rss/autoload.el
    * [85.326133] Scanning c:/Users/threddast/.emacs.d/modules/app/twitter/autoload.el
    * [85.327873] Scanning c:/Users/threddast/.emacs.d/modules/checkers/spell/autoload/+flyspell.el
    * [85.359864] Scanning c:/Users/threddast/.emacs.d/modules/checkers/spell/autoload/+spell-fu.el
    * [85.362255] Scanning c:/Users/threddast/.emacs.d/modules/checkers/syntax/autoload.el
    * [85.364785] Scanning c:/Users/threddast/.emacs.d/modules/completion/company/autoload.el
    * [85.367793] Scanning c:/Users/threddast/.emacs.d/modules/completion/helm/autoload/evil.el
    * [85.369818] Scanning c:/Users/threddast/.emacs.d/modules/completion/helm/autoload/helm.el
    * [85.371857] Scanning c:/Users/threddast/.emacs.d/modules/completion/helm/autoload/posframe.el
    * [85.373946] Scanning c:/Users/threddast/.emacs.d/modules/completion/ivy/autoload/evil.el
    * [85.375939] Scanning c:/Users/threddast/.emacs.d/modules/completion/ivy/autoload/hydras.el
    * [85.377939] Scanning c:/Users/threddast/.emacs.d/modules/completion/ivy/autoload/ivy.el
    * [85.380107] Scanning c:/Users/threddast/.emacs.d/modules/completion/ivy/autoload/posframe.el
    * [85.382149] Scanning c:/Users/threddast/.emacs.d/modules/completion/vertico/autoload/evil.el
    * [85.385531] Scanning c:/Users/threddast/.emacs.d/modules/completion/vertico/autoload/magit.el
    * [85.387887] Scanning c:/Users/threddast/.emacs.d/modules/completion/vertico/autoload/vertico.el
    * [85.391634] Scanning c:/Users/threddast/.emacs.d/modules/completion/vertico/autoload/workspaces.el
    * [85.394084] Scanning c:/Users/threddast/.emacs.d/modules/config/default/autoload/default.el
    * [85.397667] Scanning c:/Users/threddast/.emacs.d/modules/config/default/autoload/deferred.el
    * [85.400419] Scanning c:/Users/threddast/.emacs.d/modules/config/default/autoload/files.el
    * [85.403795] Scanning c:/Users/threddast/.emacs.d/modules/config/default/autoload/search.el
    * [85.407096] Scanning c:/Users/threddast/.emacs.d/modules/config/default/autoload/text.el
    * [85.410461] Scanning c:/Users/threddast/.emacs.d/modules/config/literate/autoload.el
    * [85.412227] Scanning c:/Users/threddast/.emacs.d/modules/editor/evil/autoload/advice.el
    * [85.416293] Scanning c:/Users/threddast/.emacs.d/modules/editor/evil/autoload/embrace.el
    * [85.419206] Scanning c:/Users/threddast/.emacs.d/modules/editor/evil/autoload/evil.el
    * [85.423217] Scanning c:/Users/threddast/.emacs.d/modules/editor/evil/autoload/ex.el
    * [85.426998] Scanning c:/Users/threddast/.emacs.d/modules/editor/evil/autoload/files.el
    * [85.430408] Scanning c:/Users/threddast/.emacs.d/modules/editor/evil/autoload/textobjects.el
    * [85.433875] Scanning c:/Users/threddast/.emacs.d/modules/editor/evil/autoload/unimpaired.el
    * [85.438495] Scanning c:/Users/threddast/.emacs.d/modules/editor/file-templates/autoload.el
    * [85.441600] Scanning c:/Users/threddast/.emacs.d/modules/editor/fold/autoload/fold.el
    * [85.444922] Scanning c:/Users/threddast/.emacs.d/modules/editor/fold/autoload/hideshow.el
    * [85.448302] Scanning c:/Users/threddast/.emacs.d/modules/editor/format/autoload/evil.el
    * [85.451679] Scanning c:/Users/threddast/.emacs.d/modules/editor/format/autoload/format.el
    * [85.478427] Scanning c:/Users/threddast/.emacs.d/modules/editor/format/autoload/settings.el
    * [85.481858] Scanning c:/Users/threddast/.emacs.d/modules/editor/god/autoload.el
    * [85.483645] Scanning c:/Users/threddast/.emacs.d/modules/editor/multiple-cursors/autoload/evil-mc.el
    * [85.485775] Scanning c:/Users/threddast/.emacs.d/modules/editor/rotate-text/autoload.el
    * [85.487555] Scanning c:/Users/threddast/.emacs.d/modules/editor/snippets/autoload/settings.el
    * [85.491008] Scanning c:/Users/threddast/.emacs.d/modules/editor/snippets/autoload/snippets.el
    * [85.495029] Scanning c:/Users/threddast/.emacs.d/modules/editor/word-wrap/autoload.el
    * [85.496782] Scanning c:/Users/threddast/.emacs.d/modules/emacs/dired/autoload.el
    * [85.499291] Scanning c:/Users/threddast/.emacs.d/modules/emacs/electric/autoload.el
    * [85.501784] Scanning c:/Users/threddast/.emacs.d/modules/emacs/ibuffer/autoload/workspaces.el
    * [85.503799] Scanning c:/Users/threddast/.emacs.d/modules/emacs/vc/autoload/bug-reference-backport.el
    * [85.506147] Scanning c:/Users/threddast/.emacs.d/modules/emacs/vc/autoload/hydra.el
    * [85.508452] Scanning c:/Users/threddast/.emacs.d/modules/emacs/vc/autoload/vc.el
    * [85.511674] Scanning c:/Users/threddast/.emacs.d/modules/email/mu4e/autoload/advice.el
    * [85.513836] Scanning c:/Users/threddast/.emacs.d/modules/email/mu4e/autoload/email.el
    * [85.516326] Scanning c:/Users/threddast/.emacs.d/modules/email/mu4e/autoload/evil.el
    * [85.518355] Scanning c:/Users/threddast/.emacs.d/modules/email/mu4e/autoload/mu-lock.el
    * [85.520394] Scanning c:/Users/threddast/.emacs.d/modules/email/notmuch/autoload.el
    * [85.522150] Scanning c:/Users/threddast/.emacs.d/modules/email/wanderlust/autoload.el
    * [85.523834] Scanning c:/Users/threddast/.emacs.d/modules/input/layout/autoload/bepo.el
    * [85.525901] Scanning c:/Users/threddast/.emacs.d/modules/lang/beancount/autoload.el
    * [85.527654] Scanning c:/Users/threddast/.emacs.d/modules/lang/cc/autoload.el
    * [85.529521] Scanning c:/Users/threddast/.emacs.d/modules/lang/clojure/autoload.el
    * [85.531259] Scanning c:/Users/threddast/.emacs.d/modules/lang/common-lisp/autoload/common-lisp.el
    * [85.533262] Scanning c:/Users/threddast/.emacs.d/modules/lang/csharp/autoload.el
    * [85.534947] Scanning c:/Users/threddast/.emacs.d/modules/lang/emacs-lisp/autoload.el
    * [85.538505] Scanning c:/Users/threddast/.emacs.d/modules/lang/ess/autoload.el
    * [85.540467] Scanning c:/Users/threddast/.emacs.d/modules/lang/faust/autoload.el
    * [85.542168] Scanning c:/Users/threddast/.emacs.d/modules/lang/fortran/autoload.el
    * [85.543951] Scanning c:/Users/threddast/.emacs.d/modules/lang/go/autoload.el
    * [85.545666] Scanning c:/Users/threddast/.emacs.d/modules/lang/graphql/autoload.el
    * [85.547346] Scanning c:/Users/threddast/.emacs.d/modules/lang/haskell/autoload.el
    * [85.549050] Scanning c:/Users/threddast/.emacs.d/modules/lang/java/autoload/java.el
    * [85.551084] Scanning c:/Users/threddast/.emacs.d/modules/lang/java/autoload/lsp.el
    * [85.553085] Scanning c:/Users/threddast/.emacs.d/modules/lang/javascript/autoload.el
    * [85.554829] Scanning c:/Users/threddast/.emacs.d/modules/lang/julia/autoload.el
    * [85.556529] Scanning c:/Users/threddast/.emacs.d/modules/lang/kotlin/autoload.el
    * [85.558209] Scanning c:/Users/threddast/.emacs.d/modules/lang/latex/autoload.el
    * [85.560879] Scanning c:/Users/threddast/.emacs.d/modules/lang/lua/autoload/lua.el
    * [85.563009] Scanning c:/Users/threddast/.emacs.d/modules/lang/lua/autoload/moonscript.el
    * [85.565023] Scanning c:/Users/threddast/.emacs.d/modules/lang/markdown/autoload.el
    * [85.567879] Scanning c:/Users/threddast/.emacs.d/modules/lang/nix/autoload.el
    * [85.569620] Scanning c:/Users/threddast/.emacs.d/modules/lang/ocaml/autoload.el
    * [85.571541] Scanning c:/Users/threddast/.emacs.d/modules/lang/org/autoload/contrib-ipython.el
    * [85.574332] Scanning c:/Users/threddast/.emacs.d/modules/lang/org/autoload/contrib-present.el
    * [85.576892] Scanning c:/Users/threddast/.emacs.d/modules/lang/org/autoload/contrib-roam2.el
    * [85.580725] Scanning c:/Users/threddast/.emacs.d/modules/lang/org/autoload/org-attach.el
    * [85.583664] Scanning c:/Users/threddast/.emacs.d/modules/lang/org/autoload/org-avy.el
    * [85.586436] Scanning c:/Users/threddast/.emacs.d/modules/lang/org/autoload/org-babel.el
    * [85.589524] Scanning c:/Users/threddast/.emacs.d/modules/lang/org/autoload/org-capture.el
    * [85.594097] Scanning c:/Users/threddast/.emacs.d/modules/lang/org/autoload/org-export.el
    * [85.596984] Scanning c:/Users/threddast/.emacs.d/modules/lang/org/autoload/org-link.el
    * [85.600350] Scanning c:/Users/threddast/.emacs.d/modules/lang/org/autoload/org-refile.el
    * [85.603549] Scanning c:/Users/threddast/.emacs.d/modules/lang/org/autoload/org-tables.el
    * [85.606638] Scanning c:/Users/threddast/.emacs.d/modules/lang/org/autoload/org.el
    * [85.611299] Scanning c:/Users/threddast/.emacs.d/modules/lang/php/autoload.el
    * [85.613075] Scanning c:/Users/threddast/.emacs.d/modules/lang/plantuml/autoload.el
    * [85.614844] Scanning c:/Users/threddast/.emacs.d/modules/lang/python/autoload/conda.el
    * [85.616845] Scanning c:/Users/threddast/.emacs.d/modules/lang/python/autoload/pyenv.el
    * [85.618862] Scanning c:/Users/threddast/.emacs.d/modules/lang/python/autoload/python.el
    * [85.620902] Scanning c:/Users/threddast/.emacs.d/modules/lang/qt/autoload.el
    * [85.622742] Scanning c:/Users/threddast/.emacs.d/modules/lang/racket/autoload.el
    * [85.624452] Scanning c:/Users/threddast/.emacs.d/modules/lang/rest/autoload.el
    * [85.626147] Scanning c:/Users/threddast/.emacs.d/modules/lang/ruby/autoload.el
    * [85.627832] Scanning c:/Users/threddast/.emacs.d/modules/lang/rust/autoload.el
    * [85.629647] Scanning c:/Users/threddast/.emacs.d/modules/lang/scala/autoload.el
    * [85.631371] Scanning c:/Users/threddast/.emacs.d/modules/lang/scheme/autoload.el
    * [85.633101] Scanning c:/Users/threddast/.emacs.d/modules/lang/sh/autoload.el
    * [85.634800] Scanning c:/Users/threddast/.emacs.d/modules/lang/terra/autoload.el
    * [85.636479] Scanning c:/Users/threddast/.emacs.d/modules/lang/web/autoload/css.el
    * [85.638535] Scanning c:/Users/threddast/.emacs.d/modules/lang/web/autoload/evil.el
    * [85.640624] Scanning c:/Users/threddast/.emacs.d/modules/lang/web/autoload/html.el
    * [85.642700] Scanning c:/Users/threddast/.emacs.d/modules/os/macos/autoload.el
    * [85.644437] Scanning c:/Users/threddast/.emacs.d/modules/term/eshell/autoload/backport.el
    * [85.646526] Scanning c:/Users/threddast/.emacs.d/modules/term/eshell/autoload/commands.el
    * [85.648542] Scanning c:/Users/threddast/.emacs.d/modules/term/eshell/autoload/company.el
    * [85.650572] Scanning c:/Users/threddast/.emacs.d/modules/term/eshell/autoload/eshell.el
    * [85.652701] Scanning c:/Users/threddast/.emacs.d/modules/term/eshell/autoload/evil.el
    * [85.654785] Scanning c:/Users/threddast/.emacs.d/modules/term/eshell/autoload/prompts.el
    * [85.656778] Scanning c:/Users/threddast/.emacs.d/modules/term/eshell/autoload/settings.el
    * [85.658870] Scanning c:/Users/threddast/.emacs.d/modules/term/shell/autoload.el
    * [85.660622] Scanning c:/Users/threddast/.emacs.d/modules/term/term/autoload.el
    * [85.662331] Scanning c:/Users/threddast/.emacs.d/modules/term/vterm/autoload.el
    * [85.664973] Scanning c:/Users/threddast/.emacs.d/modules/tools/debugger/autoload/debugger.el
    * [85.667067] Scanning c:/Users/threddast/.emacs.d/modules/tools/debugger/autoload/evil.el
    * [85.669096] Scanning c:/Users/threddast/.emacs.d/modules/tools/editorconfig/autoload.el
    * [85.670850] Scanning c:/Users/threddast/.emacs.d/modules/tools/eval/autoload/eval.el
    * [85.674205] Scanning c:/Users/threddast/.emacs.d/modules/tools/eval/autoload/evil.el
    * [85.677637] Scanning c:/Users/threddast/.emacs.d/modules/tools/eval/autoload/repl.el
    * [85.680776] Scanning c:/Users/threddast/.emacs.d/modules/tools/eval/autoload/settings.el
    * [85.683865] Scanning c:/Users/threddast/.emacs.d/modules/tools/gist/autoload/evil.el
    * [85.685976] Scanning c:/Users/threddast/.emacs.d/modules/tools/lookup/autoload/docsets.el
    * [85.688499] Scanning c:/Users/threddast/.emacs.d/modules/tools/lookup/autoload/evil.el
    * [85.692048] Scanning c:/Users/threddast/.emacs.d/modules/tools/lookup/autoload/lookup.el
    * [85.696283] Scanning c:/Users/threddast/.emacs.d/modules/tools/lookup/autoload/online.el
    * [85.699472] Scanning c:/Users/threddast/.emacs.d/modules/tools/lookup/autoload/xwidget.el
    * [85.702332] Scanning c:/Users/threddast/.emacs.d/modules/tools/lsp/autoload/common.el
    * [85.704369] Scanning c:/Users/threddast/.emacs.d/modules/tools/lsp/autoload/eglot.el
    * [85.706441] Scanning c:/Users/threddast/.emacs.d/modules/tools/lsp/autoload/flycheck-eglot.el
    * [85.708490] Scanning c:/Users/threddast/.emacs.d/modules/tools/lsp/autoload/lsp-mode.el
    * [85.710578] Scanning c:/Users/threddast/.emacs.d/modules/tools/magit/autoload.el
    * [85.712340] Scanning c:/Users/threddast/.emacs.d/modules/tools/make/autoload.el
    * [85.714043] Scanning c:/Users/threddast/.emacs.d/modules/tools/pass/autoload/consult.el
    * [85.716080] Scanning c:/Users/threddast/.emacs.d/modules/tools/pass/autoload/ivy.el
    * [85.718087] Scanning c:/Users/threddast/.emacs.d/modules/tools/pass/autoload/pass.el
    * [85.720111] Scanning c:/Users/threddast/.emacs.d/modules/tools/prodigy/autoload.el
    * [85.721819] Scanning c:/Users/threddast/.emacs.d/modules/tools/rgb/autoload.el
    * [85.723808] Scanning c:/Users/threddast/.emacs.d/modules/tools/taskrunner/autoload.el
    * [85.725495] Scanning c:/Users/threddast/.emacs.d/modules/tools/tmux/autoload/evil.el
    * [85.727491] Scanning c:/Users/threddast/.emacs.d/modules/tools/tmux/autoload/tmux.el
    * [85.729549] Scanning c:/Users/threddast/.emacs.d/modules/tools/tree-sitter/autoload.el
    * [85.731313] Scanning c:/Users/threddast/.emacs.d/modules/ui/doom-dashboard/autoload.el
    * [85.733867] Scanning c:/Users/threddast/.emacs.d/modules/ui/hydra/autoload/windows.el
    * [85.735892] Scanning c:/Users/threddast/.emacs.d/modules/ui/ligatures/autoload/install.el
    * [85.738263] Scanning c:/Users/threddast/.emacs.d/modules/ui/ligatures/autoload/ligatures.el
    * [85.741163] Scanning c:/Users/threddast/.emacs.d/modules/ui/modeline/autoload.el
    * [85.743751] Scanning c:/Users/threddast/.emacs.d/modules/ui/nav-flash/autoload.el
    * [85.745548] Scanning c:/Users/threddast/.emacs.d/modules/ui/neotree/autoload.el
    * [85.747466] Scanning c:/Users/threddast/.emacs.d/modules/ui/popup/autoload/popup.el
    * [85.752380] Scanning c:/Users/threddast/.emacs.d/modules/ui/popup/autoload/settings.el
    * [85.755999] Scanning c:/Users/threddast/.emacs.d/modules/ui/tabs/autoload.el
    * [85.757769] Scanning c:/Users/threddast/.emacs.d/modules/ui/treemacs/autoload.el
    * [85.759511] Scanning c:/Users/threddast/.emacs.d/modules/ui/unicode/autoload.el
    * [85.761274] Scanning c:/Users/threddast/.emacs.d/modules/ui/vc-gutter/autoload/diff-hl.el
    * [85.763747] Scanning c:/Users/threddast/.emacs.d/modules/ui/vc-gutter/autoload/git-gutter.el
    * [85.766492] Scanning c:/Users/threddast/.emacs.d/modules/ui/vi-tilde-fringe/autoload.el
    * [85.768898] Scanning c:/Users/threddast/.emacs.d/modules/ui/workspaces/autoload/evil.el
    * [85.770922] Scanning c:/Users/threddast/.emacs.d/modules/ui/workspaces/autoload/workspaces.el
    * [85.773148] Scanning c:/Users/threddast/.emacs.d/modules/ui/zen/autoload.el
    * [85.784185] Scanning c:/Users/threddast/.emacs.d/.local/straight/build-28.1/straight/straight-autoloads.el
    * [85.786762] Scanning c:/Users/threddast/.emacs.d/.local/straight/build-28.1/use-package/use-package-autoloads.el
    * [85.789351] Scanning c:/Users/threddast/.emacs.d/.local/straight/build-28.1/bind-key/bind-key-autoloads.el
    * [85.791521] Scanning c:/Users/threddast/.emacs.d/.local/straight/build-28.1/auto-minor-mode/auto-minor-mode-autoloads.el
    * [85.793707] Scanning c:/Users/threddast/.emacs.d/.local/straight/build-28.1/gcmh/gcmh-autoloads.el
    * [85.795938] Scanning c:/Users/threddast/.emacs.d/.local/straight/build-28.1/explain-pause-mode/explain-pause-mode-autoloads.el
    * [85.798112] Scanning c:/Users/threddast/.emacs.d/.local/straight/build-28.1/all-the-icons/all-the-icons-autoloads.el
    * [85.800314] Scanning c:/Users/threddast/.emacs.d/.local/straight/build-28.1/hide-mode-line/hide-mode-line-autoloads.el
    * [85.802575] Scanning c:/Users/threddast/.emacs.d/.local/straight/build-28.1/highlight-numbers/highlight-numbers-autoloads.el
    * [85.804728] Scanning c:/Users/threddast/.emacs.d/.local/straight/build-28.1/parent-mode/parent-mode-autoloads.el
    * [85.806799] Scanning c:/Users/threddast/.emacs.d/.local/straight/build-28.1/rainbow-delimiters/rainbow-delimiters-autoloads.el
    * [85.808908] Scanning c:/Users/threddast/.emacs.d/.local/straight/build-28.1/restart-emacs/restart-emacs-autoloads.el
    * [85.811061] Scanning c:/Users/threddast/.emacs.d/.local/straight/build-28.1/better-jumper/better-jumper-autoloads.el
    * [85.813179] Scanning c:/Users/threddast/.emacs.d/.local/straight/build-28.1/dtrt-indent/dtrt-indent-autoloads.el
    * [85.815413] Scanning c:/Users/threddast/.emacs.d/.local/straight/build-28.1/helpful/helpful-autoloads.el
    * [85.817542] Scanning c:/Users/threddast/.emacs.d/.local/straight/build-28.1/dash/dash-autoloads.el
    * [85.819782] Scanning c:/Users/threddast/.emacs.d/.local/straight/build-28.1/s/s-autoloads.el
    * [85.821824] Scanning c:/Users/threddast/.emacs.d/.local/straight/build-28.1/f/f-autoloads.el
    * [85.824069] Scanning c:/Users/threddast/.emacs.d/.local/straight/build-28.1/elisp-refs/elisp-refs-autoloads.el
    * [85.826490] Scanning c:/Users/threddast/.emacs.d/.local/straight/build-28.1/pcre2el/pcre2el-autoloads.el
    * [85.828825] Scanning c:/Users/threddast/.emacs.d/.local/straight/build-28.1/smartparens/smartparens-autoloads.el
    * [85.831311] Scanning c:/Users/threddast/.emacs.d/.local/straight/build-28.1/ws-butler/ws-butler-autoloads.el
    * [85.833560] Scanning c:/Users/threddast/.emacs.d/.local/straight/build-28.1/projectile/projectile-autoloads.el
    * [85.836130] Scanning c:/Users/threddast/.emacs.d/.local/straight/build-28.1/project/project-autoloads.el
    * [85.838453] Scanning c:/Users/threddast/.emacs.d/.local/straight/build-28.1/xref/xref-autoloads.el
    * [85.840629] Scanning c:/Users/threddast/.emacs.d/.local/straight/build-28.1/general/general-autoloads.el
    * [85.843290] Scanning c:/Users/threddast/.emacs.d/.local/straight/build-28.1/which-key/which-key-autoloads.el
    * [85.845545] Scanning c:/Users/threddast/.emacs.d/.local/straight/build-28.1/company/company-autoloads.el
    * [85.848025] Scanning c:/Users/threddast/.emacs.d/.local/straight/build-28.1/company-dict/company-dict-autoloads.el
    * [85.850096] Scanning c:/Users/threddast/.emacs.d/.local/straight/build-28.1/vertico/vertico-autoloads.el
    * [85.852577] Scanning c:/Users/threddast/.emacs.d/.local/straight/build-28.1/orderless/orderless-autoloads.el
    * [85.854745] Scanning c:/Users/threddast/.emacs.d/.local/straight/build-28.1/consult/consult-autoloads.el
    * [85.857337] Scanning c:/Users/threddast/.emacs.d/.local/straight/build-28.1/compat/compat-autoloads.el
    * [85.859460] Scanning c:/Users/threddast/.emacs.d/.local/straight/build-28.1/consult-dir/consult-dir-autoloads.el
    * [85.861675] Scanning c:/Users/threddast/.emacs.d/.local/straight/build-28.1/consult-flycheck/consult-flycheck-autoloads.el
    * [85.863738] Scanning c:/Users/threddast/.emacs.d/.local/straight/build-28.1/flycheck/flycheck-autoloads.el
    * [85.866123] Scanning c:/Users/threddast/.emacs.d/.local/straight/build-28.1/pkg-info/pkg-info-autoloads.el
    * [85.868245] Scanning c:/Users/threddast/.emacs.d/.local/straight/build-28.1/epl/epl-autoloads.el
    * [85.870288] Scanning c:/Users/threddast/.emacs.d/.local/straight/build-28.1/embark/embark-autoloads.el
    * [85.872476] Scanning c:/Users/threddast/.emacs.d/.local/straight/build-28.1/embark-consult/embark-consult-autoloads.el
    * [85.874649] Scanning c:/Users/threddast/.emacs.d/.local/straight/build-28.1/marginalia/marginalia-autoloads.el
    * [85.876782] Scanning c:/Users/threddast/.emacs.d/.local/straight/build-28.1/wgrep/wgrep-autoloads.el
    * [85.878822] Scanning c:/Users/threddast/.emacs.d/.local/straight/build-28.1/doom-themes/doom-themes-autoloads.el
    * [85.881796] Scanning c:/Users/threddast/.emacs.d/.local/straight/build-28.1/solaire-mode/solaire-mode-autoloads.el
    * [85.884080] Scanning c:/Users/threddast/.emacs.d/.local/straight/build-28.1/hl-todo/hl-todo-autoloads.el
    * [85.886392] Scanning c:/Users/threddast/.emacs.d/.local/straight/build-28.1/doom-modeline/doom-modeline-autoloads.el
    * [85.888680] Scanning c:/Users/threddast/.emacs.d/.local/straight/build-28.1/shrink-path/shrink-path-autoloads.el
    * [85.890784] Scanning c:/Users/threddast/.emacs.d/.local/straight/build-28.1/anzu/anzu-autoloads.el
    * [85.893152] Scanning c:/Users/threddast/.emacs.d/.local/straight/build-28.1/evil-anzu/evil-anzu-autoloads.el
    * [85.895298] Scanning c:/Users/threddast/.emacs.d/.local/straight/build-28.1/evil/evil-autoloads.el
    * [85.897558] Scanning c:/Users/threddast/.emacs.d/.local/straight/build-28.1/goto-chg/goto-chg-autoloads.el
    * [85.899692] Scanning c:/Users/threddast/.emacs.d/.local/straight/build-28.1/evil-goggles/evil-goggles-autoloads.el
    * [85.901815] Scanning c:/Users/threddast/.emacs.d/.local/straight/build-28.1/git-gutter-fringe/git-gutter-fringe-autoloads.el
    * [85.903861] Scanning c:/Users/threddast/.emacs.d/.local/straight/build-28.1/git-gutter/git-gutter-autoloads.el
    * [85.906039] Scanning c:/Users/threddast/.emacs.d/.local/straight/build-28.1/fringe-helper/fringe-helper-autoloads.el
    * [85.908091] Scanning c:/Users/threddast/.emacs.d/.local/straight/build-28.1/vi-tilde-fringe/vi-tilde-fringe-autoloads.el
    * [85.910263] Scanning c:/Users/threddast/.emacs.d/.local/straight/build-28.1/evil-args/evil-args-autoloads.el
    * [85.912357] Scanning c:/Users/threddast/.emacs.d/.local/straight/build-28.1/evil-easymotion/evil-easymotion-autoloads.el
    * [85.914618] Scanning c:/Users/threddast/.emacs.d/.local/straight/build-28.1/avy/avy-autoloads.el
    * [85.916967] Scanning c:/Users/threddast/.emacs.d/.local/straight/build-28.1/evil-embrace/evil-embrace-autoloads.el
    * [85.919040] Scanning c:/Users/threddast/.emacs.d/.local/straight/build-28.1/embrace/embrace-autoloads.el
    * [85.921147] Scanning c:/Users/threddast/.emacs.d/.local/straight/build-28.1/expand-region/expand-region-autoloads.el
    * [85.923591] Scanning c:/Users/threddast/.emacs.d/.local/straight/build-28.1/evil-surround/evil-surround-autoloads.el
    * [85.925836] Scanning c:/Users/threddast/.emacs.d/.local/straight/build-28.1/evil-escape/evil-escape-autoloads.el
    * [85.928006] Scanning c:/Users/threddast/.emacs.d/.local/straight/build-28.1/evil-exchange/evil-exchange-autoloads.el
    * [85.930300] Scanning c:/Users/threddast/.emacs.d/.local/straight/build-28.1/evil-indent-plus/evil-indent-plus-autoloads.el
    * [85.932487] Scanning c:/Users/threddast/.emacs.d/.local/straight/build-28.1/evil-lion/evil-lion-autoloads.el
    * [85.934712] Scanning c:/Users/threddast/.emacs.d/.local/straight/build-28.1/evil-nerd-commenter/evil-nerd-commenter-autoloads.el
    * [85.936978] Scanning c:/Users/threddast/.emacs.d/.local/straight/build-28.1/evil-numbers/evil-numbers-autoloads.el
    * [85.939066] Scanning c:/Users/threddast/.emacs.d/.local/straight/build-28.1/evil-snipe/evil-snipe-autoloads.el
    * [85.941236] Scanning c:/Users/threddast/.emacs.d/.local/straight/build-28.1/evil-textobj-anyblock/evil-textobj-anyblock-autoloads.el
    * [85.943411] Scanning c:/Users/threddast/.emacs.d/.local/straight/build-28.1/evil-traces/evil-traces-autoloads.el
    * [85.945526] Scanning c:/Users/threddast/.emacs.d/.local/straight/build-28.1/evil-visualstar/evil-visualstar-autoloads.el
    * [85.947734] Scanning c:/Users/threddast/.emacs.d/.local/straight/build-28.1/exato/exato-autoloads.el
    * [85.949757] Scanning c:/Users/threddast/.emacs.d/.local/straight/build-28.1/evil-quick-diff/evil-quick-diff-autoloads.el
    * [85.951827] Scanning c:/Users/threddast/.emacs.d/.local/straight/build-28.1/evil-collection/evil-collection-autoloads.el
    * [85.953976] Scanning c:/Users/threddast/.emacs.d/.local/straight/build-28.1/annalist/annalist-autoloads.el
    * [85.956095] Scanning c:/Users/threddast/.emacs.d/.local/straight/build-28.1/yasnippet/yasnippet-autoloads.el
    * [85.958295] Scanning c:/Users/threddast/.emacs.d/.local/straight/build-28.1/vimish-fold/vimish-fold-autoloads.el
    * [85.960422] Scanning c:/Users/threddast/.emacs.d/.local/straight/build-28.1/evil-vimish-fold/evil-vimish-fold-autoloads.el
    * [85.962632] Scanning c:/Users/threddast/.emacs.d/.local/straight/build-28.1/auto-yasnippet/auto-yasnippet-autoloads.el
    * [85.964767] Scanning c:/Users/threddast/.emacs.d/.local/straight/build-28.1/doom-snippets/doom-snippets-autoloads.el
    * [85.966864] Scanning c:/Users/threddast/.emacs.d/.local/straight/build-28.1/diredfl/diredfl-autoloads.el
    * [85.969045] Scanning c:/Users/threddast/.emacs.d/.local/straight/build-28.1/dired-git-info/dired-git-info-autoloads.el
    * [85.971147] Scanning c:/Users/threddast/.emacs.d/.local/straight/build-28.1/dired-rsync/dired-rsync-autoloads.el
    * [85.973314] Scanning c:/Users/threddast/.emacs.d/.local/straight/build-28.1/fd-dired/fd-dired-autoloads.el
    * [85.975423] Scanning c:/Users/threddast/.emacs.d/.local/straight/build-28.1/undo-fu/undo-fu-autoloads.el
    * [85.977521] Scanning c:/Users/threddast/.emacs.d/.local/straight/build-28.1/undo-fu-session/undo-fu-session-autoloads.el
    * [85.979707] Scanning c:/Users/threddast/.emacs.d/.local/straight/build-28.1/browse-at-remote/browse-at-remote-autoloads.el
    * [85.981797] Scanning c:/Users/threddast/.emacs.d/.local/straight/build-28.1/git-commit/git-commit-autoloads.el
    * [85.983884] Scanning c:/Users/threddast/.emacs.d/.local/straight/build-28.1/transient/transient-autoloads.el
    * [85.986199] Scanning c:/Users/threddast/.emacs.d/.local/straight/build-28.1/with-editor/with-editor-autoloads.el
    * [85.988333] Scanning c:/Users/threddast/.emacs.d/.local/straight/build-28.1/git-timemachine/git-timemachine-autoloads.el
    * [85.990425] Scanning c:/Users/threddast/.emacs.d/.local/straight/build-28.1/git-modes/git-modes-autoloads.el
    * [85.992577] Scanning c:/Users/threddast/.emacs.d/.local/straight/build-28.1/flycheck-popup-tip/flycheck-popup-tip-autoloads.el
    * [85.994669] Scanning c:/Users/threddast/.emacs.d/.local/straight/build-28.1/popup/popup-autoloads.el
    * [85.996784] Scanning c:/Users/threddast/.emacs.d/.local/straight/build-28.1/quickrun/quickrun-autoloads.el
    * [85.998981] Scanning c:/Users/threddast/.emacs.d/.local/straight/build-28.1/eros/eros-autoloads.el
    * [86.001076] Scanning c:/Users/threddast/.emacs.d/.local/straight/build-28.1/dumb-jump/dumb-jump-autoloads.el
    * [86.004522] Scanning c:/Users/threddast/.emacs.d/.local/straight/build-28.1/request/request-autoloads.el
    * [86.006650] Scanning c:/Users/threddast/.emacs.d/.local/straight/build-28.1/magit-section/magit-section-autoloads.el
    * [86.008712] Scanning c:/Users/threddast/.emacs.d/.local/straight/build-28.1/async/async-autoloads.el
    * [86.011109] Scanning c:/Users/threddast/.emacs.d/.local/straight/build-28.1/markdown-mode/markdown-mode-autoloads.el
    * [86.013271] Scanning c:/Users/threddast/.emacs.d/.local/straight/build-28.1/emacsql-sqlite/emacsql-sqlite-autoloads.el
    * [86.015338] Scanning c:/Users/threddast/.emacs.d/.local/straight/build-28.1/emacsql/emacsql-autoloads.el
    * [86.017528] Scanning c:/Users/threddast/.emacs.d/.local/straight/build-28.1/ht/ht-autoloads.el
    * [86.019987] Scanning c:/Users/threddast/.emacs.d/.local/straight/build-28.1/highlight-quoted/highlight-quoted-autoloads.el
    * [86.022099] Scanning c:/Users/threddast/.emacs.d/.local/straight/build-28.1/macrostep/macrostep-autoloads.el
    * [86.024492] Scanning c:/Users/threddast/.emacs.d/.local/straight/build-28.1/overseer/overseer-autoloads.el
    * [86.026637] Scanning c:/Users/threddast/.emacs.d/.local/straight/build-28.1/elisp-def/elisp-def-autoloads.el
    * [86.028763] Scanning c:/Users/threddast/.emacs.d/.local/straight/build-28.1/elisp-demos/elisp-demos-autoloads.el
    * [86.030854] Scanning c:/Users/threddast/.emacs.d/.local/straight/build-28.1/flycheck-package/flycheck-package-autoloads.el
    * [86.033001] Scanning c:/Users/threddast/.emacs.d/.local/straight/build-28.1/package-lint/package-lint-autoloads.el
    * [86.035127] Scanning c:/Users/threddast/.emacs.d/.local/straight/build-28.1/flycheck-cask/flycheck-cask-autoloads.el
    * [86.037225] Scanning c:/Users/threddast/.emacs.d/.local/straight/build-28.1/buttercup/buttercup-autoloads.el
    * [86.039507] Scanning c:/Users/threddast/.emacs.d/.local/straight/build-28.1/markdown-toc/markdown-toc-autoloads.el
    * [86.041710] Scanning c:/Users/threddast/.emacs.d/.local/straight/build-28.1/edit-indirect/edit-indirect-autoloads.el
    * [86.043863] Scanning c:/Users/threddast/.emacs.d/.local/straight/build-28.1/evil-markdown/evil-markdown-autoloads.el
    * [86.045965] Scanning c:/Users/threddast/.emacs.d/.local/straight/build-28.1/org/org-autoloads.el
    * [86.049085] Scanning c:/Users/threddast/.emacs.d/.local/straight/build-28.1/org-contrib/org-contrib-autoloads.el
    * [86.051531] Scanning c:/Users/threddast/.emacs.d/.local/straight/build-28.1/htmlize/htmlize-autoloads.el
    * [86.053833] Scanning c:/Users/threddast/.emacs.d/.local/straight/build-28.1/org-yt/org-yt-autoloads.el
    * [86.055873] Scanning c:/Users/threddast/.emacs.d/.local/straight/build-28.1/ox-clip/ox-clip-autoloads.el
    * [86.057953] Scanning c:/Users/threddast/.emacs.d/.local/straight/build-28.1/toc-org/toc-org-autoloads.el
    * [86.060039] Scanning c:/Users/threddast/.emacs.d/.local/straight/build-28.1/org-cliplink/org-cliplink-autoloads.el
    * [86.062186] Scanning c:/Users/threddast/.emacs.d/.local/straight/build-28.1/evil-org/evil-org-autoloads.el
    * [86.064344] Scanning c:/Users/threddast/.emacs.d/.local/straight/build-28.1/ob-async/ob-async-autoloads.el
    * [86.066502] Scanning c:/Users/threddast/.emacs.d/.local/straight/build-28.1/drag-stuff/drag-stuff-autoloads.el
    * [86.068733] Scanning c:/Users/threddast/.emacs.d/.local/straight/build-28.1/link-hint/link-hint-autoloads.el
    * [86.070961] Scanning c:/Users/threddast/.emacs.d/.local/straight/build-28.1/company-box/company-box-autoloads.el
    * [86.073262] Scanning c:/Users/threddast/.emacs.d/.local/straight/build-28.1/frame-local/frame-local-autoloads.el
    * [86.075371] Scanning c:/Users/threddast/.emacs.d/.local/straight/build-28.1/ace-window/ace-window-autoloads.el
    * [86.077664] Scanning c:/Users/threddast/.emacs.d/.local/straight/build-28.1/hydra/hydra-autoloads.el
    * [86.079915] Scanning c:/Users/threddast/.emacs.d/.local/straight/build-28.1/lv/lv-autoloads.el
    * [86.081952] Scanning c:/Users/threddast/.emacs.d/.local/straight/build-28.1/posframe/posframe-autoloads.el
    * [86.084141] Scanning c:/Users/threddast/.emacs.d/.local/straight/build-28.1/format-all/format-all-autoloads.el
    * [86.086258] Scanning c:/Users/threddast/.emacs.d/.local/straight/build-28.1/lispy/lispy-autoloads.el
    * [86.088517] Scanning c:/Users/threddast/.emacs.d/.local/straight/build-28.1/iedit/iedit-autoloads.el
    * [86.090697] Scanning c:/Users/threddast/.emacs.d/.local/straight/build-28.1/swiper/swiper-autoloads.el
    * [86.092812] Scanning c:/Users/threddast/.emacs.d/.local/straight/build-28.1/ivy/ivy-autoloads.el
    * [86.094950] Scanning c:/Users/threddast/.emacs.d/.local/straight/build-28.1/zoutline/zoutline-autoloads.el
    * [86.096988] Scanning c:/Users/threddast/.emacs.d/.local/straight/build-28.1/lispyville/lispyville-autoloads.el
    * [86.099207] Scanning c:/Users/threddast/.emacs.d/.local/straight/build-28.1/vterm/vterm-autoloads.el
    * [86.101399] Scanning c:/Users/threddast/.emacs.d/.local/straight/build-28.1/flycheck-posframe/flycheck-posframe-autoloads.el
    * [86.103492] Scanning c:/Users/threddast/.emacs.d/.local/straight/build-28.1/flyspell-correct/flyspell-correct-autoloads.el
    * [86.105632] Scanning c:/Users/threddast/.emacs.d/.local/straight/build-28.1/flyspell-lazy/flyspell-lazy-autoloads.el
    * [86.107840] Scanning c:/Users/threddast/.emacs.d/.local/straight/build-28.1/langtool/langtool-autoloads.el
    * [86.109928] Scanning c:/Users/threddast/.emacs.d/.local/straight/build-28.1/writegood-mode/writegood-mode-autoloads.el
    * [86.112114] Scanning c:/Users/threddast/.emacs.d/.local/straight/build-28.1/pdf-tools/pdf-tools-autoloads.el
    * [86.114776] Scanning c:/Users/threddast/.emacs.d/.local/straight/build-28.1/tablist/tablist-autoloads.el
    * [86.116896] Scanning c:/Users/threddast/.emacs.d/.local/straight/build-28.1/saveplace-pdf-view/saveplace-pdf-view-autoloads.el
    * [86.118950] Scanning c:/Users/threddast/.emacs.d/.local/straight/build-28.1/rainbow-mode/rainbow-mode-autoloads.el
    * [86.121030] Scanning c:/Users/threddast/.emacs.d/.local/straight/build-28.1/kurecolor/kurecolor-autoloads.el
    * [86.123303] Scanning c:/Users/threddast/.emacs.d/.local/straight/build-28.1/map/map-autoloads.el
    * [86.125349] Scanning c:/Users/threddast/.emacs.d/.local/straight/build-28.1/json-mode/json-mode-autoloads.el
    * [86.127566] Scanning c:/Users/threddast/.emacs.d/.local/straight/build-28.1/json-snatcher/json-snatcher-autoloads.el
    * [86.129681] Scanning c:/Users/threddast/.emacs.d/.local/straight/build-28.1/auctex/auctex-autoloads.el
    * [86.132277] Scanning c:/Users/threddast/.emacs.d/.local/straight/build-28.1/adaptive-wrap/adaptive-wrap-autoloads.el
    * [86.134437] Scanning c:/Users/threddast/.emacs.d/.local/straight/build-28.1/latex-preview-pane/latex-preview-pane-autoloads.el
    * [86.136689] Scanning c:/Users/threddast/.emacs.d/.local/straight/build-28.1/evil-tex/evil-tex-autoloads.el
    * [86.138856] Scanning c:/Users/threddast/.emacs.d/.local/straight/build-28.1/cdlatex/cdlatex-autoloads.el
    * [86.141178] Scanning c:/Users/threddast/.emacs.d/.local/straight/build-28.1/company-auctex/company-auctex-autoloads.el
    * [86.143334] Scanning c:/Users/threddast/.emacs.d/.local/straight/build-28.1/company-reftex/company-reftex-autoloads.el
    * [86.145552] Scanning c:/Users/threddast/.emacs.d/.local/straight/build-28.1/company-math/company-math-autoloads.el
    * [86.147717] Scanning c:/Users/threddast/.emacs.d/.local/straight/build-28.1/math-symbol-lists/math-symbol-lists-autoloads.el
    * [86.149774] Scanning c:/Users/threddast/.emacs.d/.local/straight/build-28.1/org-pdftools/org-pdftools-autoloads.el
    * [86.151884] Scanning c:/Users/threddast/.emacs.d/.local/straight/build-28.1/org-noter/org-noter-autoloads.el
    * [86.154042] Scanning c:/Users/threddast/.emacs.d/.local/straight/build-28.1/org-download/org-download-autoloads.el
    * [86.156200] Scanning c:/Users/threddast/.emacs.d/.local/straight/build-28.1/jupyter/jupyter-autoloads.el
    * [86.158866] Scanning c:/Users/threddast/.emacs.d/.local/straight/build-28.1/zmq/zmq-autoloads.el
    * [86.160900] Scanning c:/Users/threddast/.emacs.d/.local/straight/build-28.1/simple-httpd/simple-httpd-autoloads.el
    * [86.162979] Scanning c:/Users/threddast/.emacs.d/.local/straight/build-28.1/websocket/websocket-autoloads.el
    * [86.165014] Scanning c:/Users/threddast/.emacs.d/.local/straight/build-28.1/org-journal/org-journal-autoloads.el
    * [86.167245] Scanning c:/Users/threddast/.emacs.d/.local/straight/build-28.1/org-pomodoro/org-pomodoro-autoloads.el
    * [86.169363] Scanning c:/Users/threddast/.emacs.d/.local/straight/build-28.1/alert/alert-autoloads.el
    * [86.171452] Scanning c:/Users/threddast/.emacs.d/.local/straight/build-28.1/gntp/gntp-autoloads.el
    * [86.174677] Scanning c:/Users/threddast/.emacs.d/.local/straight/build-28.1/log4e/log4e-autoloads.el
    * [86.178625] Scanning c:/Users/threddast/.emacs.d/.local/straight/build-28.1/org-roam/org-roam-autoloads.el
    * [86.181102] Scanning c:/Users/threddast/.emacs.d/.local/straight/build-28.1/ox-pandoc/ox-pandoc-autoloads.el
    * [86.183739] Scanning c:/Users/threddast/.emacs.d/.local/straight/build-28.1/ox-hugo/ox-hugo-autoloads.el
    * [86.185979] Scanning c:/Users/threddast/.emacs.d/.local/straight/build-28.1/tomelr/tomelr-autoloads.el
    * [86.187961] Scanning c:/Users/threddast/.emacs.d/.local/straight/build-28.1/org-modern/org-modern-autoloads.el
    * [86.190076] Scanning c:/Users/threddast/.emacs.d/.local/straight/build-28.1/org-auto-tangle/org-auto-tangle-autoloads.el
    * [86.192184] Scanning c:/Users/threddast/.emacs.d/.local/straight/build-28.1/org-present/org-present-autoloads.el
    * [86.194229] Scanning c:/Users/threddast/.emacs.d/.local/straight/build-28.1/centered-window/centered-window-autoloads.el
    * [86.196341] Scanning c:/Users/threddast/.emacs.d/.local/straight/build-28.1/org-noter-pdftools/org-noter-pdftools-autoloads.el
  > Byte-compiling autoloads file...
  ✓ Generated .local/autoloads.28.1.elc
* [87.365923] Finished (GCs: 3, elapsed: 0.449249s)
✓ Finished in 1m 27s
