* [0.213973] Starting!
* [0.214011] doom-cli-run: (C:\Users\threddast\Programs\emacs-28.1\bin\emacs.exe -scriptload .\doom -- sync)
* [0.214089] doom-cli-context-execute: found (doom)
* [0.214472] Autoloading c:/Users/threddast/.emacs.d/lisp/cli/sync.el
* [0.270275] doom-cli-context-execute: found (doom sync)
* [0.270552] doom-cli-context-execute: doom sync
* [0.270847] doom-cli-execute: (:before) ((input) (context . #s(doom-cli-context (25360 54396 864914 0) 12028 -1 nil nil nil doom nil nil (doom sync) nil (sync) ((--jobs) (-j) (-p) (-u) (-c) (-e) (--eval) (-E) (--strict-load) (--load) (-L) (--color) (--profile) (--pager) (--emacsdir) (--doomdir) (--debug) (-D) (--force) (-!)) ((t) ((doom sync)) ((doom) sync))  *doom-cli stdin*  *doom-cli stdout*  *doom-cli stderr* nil)) (_) (evals) (loads) (color?) (profile) (pager) (emacsdir) (doomdir) (debug?) (force?))
* [0.270899] doom-cli-execute: (:before doom build) nil
* [0.270925] Initializing straight
* [0.366477] Initializing recipes
* [0.369686] Installing core packages
* [0.370191] doom-cli-execute: (doom sync) ((jobs) (purge?) (update?) (noelc?) (noenvvar?))
> Synchronizing "default" profile...
    * [0.377016] doom-cli-call: (doom sync) -> (doom env)
    * [0.377164] doom-cli-context-execute: found (doom)
    * [0.377559] Autoloading c:/Users/threddast/.emacs.d/lisp/cli/env.el
    * [0.379768] doom-cli-context-execute: found (doom env)
    * [0.380022] doom-cli-context-execute: doom env
    * [0.380269] doom-cli-execute: (:before) ((input) (context . #s(doom-cli-context (25360 54396 864914 0) 12028 -1 nil nil nil doom nil nil (doom env) nil (sync) ((--deny) (-d) (--allow) (-a) (-o) (--deny-all) (--allow-all) (--jobs) (-j) (-p) (-u) (-c) (-e) (--eval) (-E) (--strict-load) (--load) (-L) (--color) (--profile) (--pager) (--emacsdir) (--doomdir) (--debug) (-D) (--force) (-!)) ((t) ((doom env)) ((doom) env))  *doom-cli stdin*  *doom-cli stdout*  *doom-cli stderr* nil)) (_) (evals) (loads) (color?) (profile) (pager) (emacsdir) (doomdir) (debug?) (force?))
    * [0.380369] doom-cli-execute: (doom env) ((rules) (output-file) (deny-only) (allow-only))
  > Regenerating envvars file
        * [0.388571] Ignored PROMPT
        * [0.388984] Ignored HOME
    ✓ Generated ~/.emacs.d/.local/env
    * [0.407337] Initializing package.el
    * [0.565568] Initializing straight.el
  > Installing packages...
    - No packages need to be installed
  > (Re)building packages...
    - No packages need rebuilding
  > Purging orphaned packages (for the emperor)...
    - No builds to purge
    - Skipping elpa packages
    - Skipping repos
    - Skipping regrafting
  > (Re)generating autoloads file...
    > Generating autoloads file...
        * [15.205910] Scanning c:/Users/threddast/.emacs.d/lisp/lib/buffers.el
        * [15.210181] Scanning c:/Users/threddast/.emacs.d/lisp/lib/config.el
        * [15.213176] Scanning c:/Users/threddast/.emacs.d/lisp/lib/debug.el
        * [15.217251] Scanning c:/Users/threddast/.emacs.d/lisp/lib/docs.el
        * [15.221894] Scanning c:/Users/threddast/.emacs.d/lisp/lib/files.el
        * [15.225445] Scanning c:/Users/threddast/.emacs.d/lisp/lib/fonts.el
        * [15.228763] Scanning c:/Users/threddast/.emacs.d/lisp/lib/git.el
        * [15.230925] Scanning c:/Users/threddast/.emacs.d/lisp/lib/help.el
        * [15.235313] Scanning c:/Users/threddast/.emacs.d/lisp/lib/packages.el
        * [15.238300] Scanning c:/Users/threddast/.emacs.d/lisp/lib/plist.el
        * [15.240663] Scanning c:/Users/threddast/.emacs.d/lisp/lib/print.el
        * [15.244469] Scanning c:/Users/threddast/.emacs.d/lisp/lib/process.el
        * [15.246940] Scanning c:/Users/threddast/.emacs.d/lisp/lib/projects.el
        * [15.249687] Scanning c:/Users/threddast/.emacs.d/lisp/lib/sandbox.el
        * [15.251995] Scanning c:/Users/threddast/.emacs.d/lisp/lib/scratch.el
        * [15.254619] Scanning c:/Users/threddast/.emacs.d/lisp/lib/sessions.el
        * [15.257056] Scanning c:/Users/threddast/.emacs.d/lisp/lib/store.el
        * [15.259563] Scanning c:/Users/threddast/.emacs.d/lisp/lib/system.el
        * [15.261979] Scanning c:/Users/threddast/.emacs.d/lisp/lib/text.el
        * [15.265500] Scanning c:/Users/threddast/.emacs.d/lisp/lib/themes.el
        * [15.267841] Scanning c:/Users/threddast/.emacs.d/lisp/lib/ui.el
        * [15.270787] Scanning c:/Users/threddast/.emacs.d/modules/app/calendar/autoload.el
        * [15.272393] Scanning c:/Users/threddast/.emacs.d/modules/app/emms/autoload.el
        * [15.274072] Scanning c:/Users/threddast/.emacs.d/modules/app/irc/autoload/irc.el
        * [15.275981] Scanning c:/Users/threddast/.emacs.d/modules/app/irc/autoload/ivy.el
        * [15.277859] Scanning c:/Users/threddast/.emacs.d/modules/app/irc/autoload/settings.el
        * [15.279801] Scanning c:/Users/threddast/.emacs.d/modules/app/irc/autoload/vertico.el
        * [15.281627] Scanning c:/Users/threddast/.emacs.d/modules/app/rss/autoload.el
        * [15.283208] Scanning c:/Users/threddast/.emacs.d/modules/app/twitter/autoload.el
        * [15.284783] Scanning c:/Users/threddast/.emacs.d/modules/checkers/spell/autoload/+flyspell.el
        * [15.314010] Scanning c:/Users/threddast/.emacs.d/modules/checkers/spell/autoload/+spell-fu.el
        * [15.316231] Scanning c:/Users/threddast/.emacs.d/modules/checkers/syntax/autoload.el
        * [15.318557] Scanning c:/Users/threddast/.emacs.d/modules/completion/company/autoload.el
        * [15.321316] Scanning c:/Users/threddast/.emacs.d/modules/completion/helm/autoload/evil.el
        * [15.323272] Scanning c:/Users/threddast/.emacs.d/modules/completion/helm/autoload/helm.el
        * [15.325083] Scanning c:/Users/threddast/.emacs.d/modules/completion/helm/autoload/posframe.el
        * [15.326978] Scanning c:/Users/threddast/.emacs.d/modules/completion/ivy/autoload/evil.el
        * [15.328763] Scanning c:/Users/threddast/.emacs.d/modules/completion/ivy/autoload/hydras.el
        * [15.330539] Scanning c:/Users/threddast/.emacs.d/modules/completion/ivy/autoload/ivy.el
        * [15.332457] Scanning c:/Users/threddast/.emacs.d/modules/completion/ivy/autoload/posframe.el
        * [15.334243] Scanning c:/Users/threddast/.emacs.d/modules/completion/vertico/autoload/evil.el
        * [15.337307] Scanning c:/Users/threddast/.emacs.d/modules/completion/vertico/autoload/magit.el
        * [15.339392] Scanning c:/Users/threddast/.emacs.d/modules/completion/vertico/autoload/vertico.el
        * [15.342747] Scanning c:/Users/threddast/.emacs.d/modules/completion/vertico/autoload/workspaces.el
        * [15.344894] Scanning c:/Users/threddast/.emacs.d/modules/config/default/autoload/default.el
        * [15.347564] Scanning c:/Users/threddast/.emacs.d/modules/config/default/autoload/deferred.el
        * [15.349984] Scanning c:/Users/threddast/.emacs.d/modules/config/default/autoload/files.el
        * [15.352713] Scanning c:/Users/threddast/.emacs.d/modules/config/default/autoload/search.el
        * [15.355688] Scanning c:/Users/threddast/.emacs.d/modules/config/default/autoload/text.el
        * [15.359099] Scanning c:/Users/threddast/.emacs.d/modules/config/literate/autoload.el
        * [15.361096] Scanning c:/Users/threddast/.emacs.d/modules/editor/evil/autoload/advice.el
        * [15.365667] Scanning c:/Users/threddast/.emacs.d/modules/editor/evil/autoload/embrace.el
        * [15.368332] Scanning c:/Users/threddast/.emacs.d/modules/editor/evil/autoload/evil.el
        * [15.371938] Scanning c:/Users/threddast/.emacs.d/modules/editor/evil/autoload/ex.el
        * [15.375443] Scanning c:/Users/threddast/.emacs.d/modules/editor/evil/autoload/files.el
        * [15.378525] Scanning c:/Users/threddast/.emacs.d/modules/editor/evil/autoload/textobjects.el
        * [15.381825] Scanning c:/Users/threddast/.emacs.d/modules/editor/evil/autoload/unimpaired.el
        * [15.388220] Scanning c:/Users/threddast/.emacs.d/modules/editor/file-templates/autoload.el
        * [15.391312] Scanning c:/Users/threddast/.emacs.d/modules/editor/fold/autoload/fold.el
        * [15.394397] Scanning c:/Users/threddast/.emacs.d/modules/editor/fold/autoload/hideshow.el
        * [15.397171] Scanning c:/Users/threddast/.emacs.d/modules/editor/format/autoload/evil.el
        * [15.400323] Scanning c:/Users/threddast/.emacs.d/modules/editor/format/autoload/format.el
        * [15.425606] Scanning c:/Users/threddast/.emacs.d/modules/editor/format/autoload/settings.el
        * [15.428744] Scanning c:/Users/threddast/.emacs.d/modules/editor/god/autoload.el
        * [15.430350] Scanning c:/Users/threddast/.emacs.d/modules/editor/multiple-cursors/autoload/evil-mc.el
        * [15.432286] Scanning c:/Users/threddast/.emacs.d/modules/editor/rotate-text/autoload.el
        * [15.433940] Scanning c:/Users/threddast/.emacs.d/modules/editor/snippets/autoload/settings.el
        * [15.436644] Scanning c:/Users/threddast/.emacs.d/modules/editor/snippets/autoload/snippets.el
        * [15.440445] Scanning c:/Users/threddast/.emacs.d/modules/editor/word-wrap/autoload.el
        * [15.442069] Scanning c:/Users/threddast/.emacs.d/modules/emacs/dired/autoload.el
        * [15.444338] Scanning c:/Users/threddast/.emacs.d/modules/emacs/electric/autoload.el
        * [15.446543] Scanning c:/Users/threddast/.emacs.d/modules/emacs/ibuffer/autoload/workspaces.el
        * [15.448344] Scanning c:/Users/threddast/.emacs.d/modules/emacs/vc/autoload/bug-reference-backport.el
        * [15.450433] Scanning c:/Users/threddast/.emacs.d/modules/emacs/vc/autoload/hydra.el
        * [15.452715] Scanning c:/Users/threddast/.emacs.d/modules/emacs/vc/autoload/vc.el
        * [15.455290] Scanning c:/Users/threddast/.emacs.d/modules/email/mu4e/autoload/advice.el
        * [15.457186] Scanning c:/Users/threddast/.emacs.d/modules/email/mu4e/autoload/email.el
        * [15.459321] Scanning c:/Users/threddast/.emacs.d/modules/email/mu4e/autoload/evil.el
        * [15.461166] Scanning c:/Users/threddast/.emacs.d/modules/email/mu4e/autoload/mu-lock.el
        * [15.463177] Scanning c:/Users/threddast/.emacs.d/modules/email/notmuch/autoload.el
        * [15.464756] Scanning c:/Users/threddast/.emacs.d/modules/email/wanderlust/autoload.el
        * [15.466295] Scanning c:/Users/threddast/.emacs.d/modules/input/layout/autoload/bepo.el
        * [15.468183] Scanning c:/Users/threddast/.emacs.d/modules/lang/beancount/autoload.el
        * [15.469795] Scanning c:/Users/threddast/.emacs.d/modules/lang/cc/autoload.el
        * [15.471452] Scanning c:/Users/threddast/.emacs.d/modules/lang/clojure/autoload.el
        * [15.473005] Scanning c:/Users/threddast/.emacs.d/modules/lang/common-lisp/autoload/common-lisp.el
        * [15.474892] Scanning c:/Users/threddast/.emacs.d/modules/lang/csharp/autoload.el
        * [15.476422] Scanning c:/Users/threddast/.emacs.d/modules/lang/emacs-lisp/autoload.el
        * [15.480721] Scanning c:/Users/threddast/.emacs.d/modules/lang/ess/autoload.el
        * [15.482766] Scanning c:/Users/threddast/.emacs.d/modules/lang/faust/autoload.el
        * [15.484351] Scanning c:/Users/threddast/.emacs.d/modules/lang/fortran/autoload.el
        * [15.485969] Scanning c:/Users/threddast/.emacs.d/modules/lang/go/autoload.el
        * [15.487567] Scanning c:/Users/threddast/.emacs.d/modules/lang/graphql/autoload.el
        * [15.489149] Scanning c:/Users/threddast/.emacs.d/modules/lang/haskell/autoload.el
        * [15.490735] Scanning c:/Users/threddast/.emacs.d/modules/lang/java/autoload/java.el
        * [15.492786] Scanning c:/Users/threddast/.emacs.d/modules/lang/java/autoload/lsp.el
        * [15.494703] Scanning c:/Users/threddast/.emacs.d/modules/lang/javascript/autoload.el
        * [15.496334] Scanning c:/Users/threddast/.emacs.d/modules/lang/julia/autoload.el
        * [15.498011] Scanning c:/Users/threddast/.emacs.d/modules/lang/kotlin/autoload.el
        * [15.499591] Scanning c:/Users/threddast/.emacs.d/modules/lang/latex/autoload.el
        * [15.502025] Scanning c:/Users/threddast/.emacs.d/modules/lang/lua/autoload/lua.el
        * [15.503828] Scanning c:/Users/threddast/.emacs.d/modules/lang/lua/autoload/moonscript.el
        * [15.505639] Scanning c:/Users/threddast/.emacs.d/modules/lang/markdown/autoload.el
        * [15.508269] Scanning c:/Users/threddast/.emacs.d/modules/lang/nix/autoload.el
        * [15.509911] Scanning c:/Users/threddast/.emacs.d/modules/lang/ocaml/autoload.el
        * [15.511451] Scanning c:/Users/threddast/.emacs.d/modules/lang/org/autoload/contrib-ipython.el
        * [15.513726] Scanning c:/Users/threddast/.emacs.d/modules/lang/org/autoload/contrib-present.el
        * [15.516542] Scanning c:/Users/threddast/.emacs.d/modules/lang/org/autoload/contrib-roam2.el
        * [15.520420] Scanning c:/Users/threddast/.emacs.d/modules/lang/org/autoload/org-attach.el
        * [15.523191] Scanning c:/Users/threddast/.emacs.d/modules/lang/org/autoload/org-avy.el
        * [15.526069] Scanning c:/Users/threddast/.emacs.d/modules/lang/org/autoload/org-babel.el
        * [15.529109] Scanning c:/Users/threddast/.emacs.d/modules/lang/org/autoload/org-capture.el
        * [15.532763] Scanning c:/Users/threddast/.emacs.d/modules/lang/org/autoload/org-export.el
        * [15.535550] Scanning c:/Users/threddast/.emacs.d/modules/lang/org/autoload/org-link.el
        * [15.538817] Scanning c:/Users/threddast/.emacs.d/modules/lang/org/autoload/org-refile.el
        * [15.541957] Scanning c:/Users/threddast/.emacs.d/modules/lang/org/autoload/org-tables.el
        * [15.545164] Scanning c:/Users/threddast/.emacs.d/modules/lang/org/autoload/org.el
        * [15.549952] Scanning c:/Users/threddast/.emacs.d/modules/lang/php/autoload.el
        * [15.551624] Scanning c:/Users/threddast/.emacs.d/modules/lang/plantuml/autoload.el
        * [15.553240] Scanning c:/Users/threddast/.emacs.d/modules/lang/python/autoload/conda.el
        * [15.555228] Scanning c:/Users/threddast/.emacs.d/modules/lang/python/autoload/pyenv.el
        * [15.557135] Scanning c:/Users/threddast/.emacs.d/modules/lang/python/autoload/python.el
        * [15.559056] Scanning c:/Users/threddast/.emacs.d/modules/lang/qt/autoload.el
        * [15.561084] Scanning c:/Users/threddast/.emacs.d/modules/lang/racket/autoload.el
        * [15.562682] Scanning c:/Users/threddast/.emacs.d/modules/lang/rest/autoload.el
        * [15.564176] Scanning c:/Users/threddast/.emacs.d/modules/lang/ruby/autoload.el
        * [15.565665] Scanning c:/Users/threddast/.emacs.d/modules/lang/rust/autoload.el
        * [15.567195] Scanning c:/Users/threddast/.emacs.d/modules/lang/scala/autoload.el
        * [15.568751] Scanning c:/Users/threddast/.emacs.d/modules/lang/scheme/autoload.el
        * [15.570343] Scanning c:/Users/threddast/.emacs.d/modules/lang/sh/autoload.el
        * [15.571893] Scanning c:/Users/threddast/.emacs.d/modules/lang/terra/autoload.el
        * [15.573418] Scanning c:/Users/threddast/.emacs.d/modules/lang/web/autoload/css.el
        * [15.575279] Scanning c:/Users/threddast/.emacs.d/modules/lang/web/autoload/evil.el
        * [15.577154] Scanning c:/Users/threddast/.emacs.d/modules/lang/web/autoload/html.el
        * [15.579187] Scanning c:/Users/threddast/.emacs.d/modules/os/macos/autoload.el
        * [15.580791] Scanning c:/Users/threddast/.emacs.d/modules/term/eshell/autoload/backport.el
        * [15.582668] Scanning c:/Users/threddast/.emacs.d/modules/term/eshell/autoload/commands.el
        * [15.584496] Scanning c:/Users/threddast/.emacs.d/modules/term/eshell/autoload/company.el
        * [15.586330] Scanning c:/Users/threddast/.emacs.d/modules/term/eshell/autoload/eshell.el
        * [15.588308] Scanning c:/Users/threddast/.emacs.d/modules/term/eshell/autoload/evil.el
        * [15.590150] Scanning c:/Users/threddast/.emacs.d/modules/term/eshell/autoload/prompts.el
        * [15.591964] Scanning c:/Users/threddast/.emacs.d/modules/term/eshell/autoload/settings.el
        * [15.593954] Scanning c:/Users/threddast/.emacs.d/modules/term/shell/autoload.el
        * [15.595565] Scanning c:/Users/threddast/.emacs.d/modules/term/term/autoload.el
        * [15.597109] Scanning c:/Users/threddast/.emacs.d/modules/term/vterm/autoload.el
        * [15.599656] Scanning c:/Users/threddast/.emacs.d/modules/tools/debugger/autoload/debugger.el
        * [15.601560] Scanning c:/Users/threddast/.emacs.d/modules/tools/debugger/autoload/evil.el
        * [15.603392] Scanning c:/Users/threddast/.emacs.d/modules/tools/editorconfig/autoload.el
        * [15.604963] Scanning c:/Users/threddast/.emacs.d/modules/tools/eval/autoload/eval.el
        * [15.608074] Scanning c:/Users/threddast/.emacs.d/modules/tools/eval/autoload/evil.el
        * [15.611407] Scanning c:/Users/threddast/.emacs.d/modules/tools/eval/autoload/repl.el
        * [15.614271] Scanning c:/Users/threddast/.emacs.d/modules/tools/eval/autoload/settings.el
        * [15.617082] Scanning c:/Users/threddast/.emacs.d/modules/tools/gist/autoload/evil.el
        * [15.618919] Scanning c:/Users/threddast/.emacs.d/modules/tools/lookup/autoload/docsets.el
        * [15.621276] Scanning c:/Users/threddast/.emacs.d/modules/tools/lookup/autoload/evil.el
        * [15.624395] Scanning c:/Users/threddast/.emacs.d/modules/tools/lookup/autoload/lookup.el
        * [15.628200] Scanning c:/Users/threddast/.emacs.d/modules/tools/lookup/autoload/online.el
        * [15.631109] Scanning c:/Users/threddast/.emacs.d/modules/tools/lookup/autoload/xwidget.el
        * [15.633716] Scanning c:/Users/threddast/.emacs.d/modules/tools/lsp/autoload/common.el
        * [15.635730] Scanning c:/Users/threddast/.emacs.d/modules/tools/lsp/autoload/eglot.el
        * [15.637642] Scanning c:/Users/threddast/.emacs.d/modules/tools/lsp/autoload/flycheck-eglot.el
        * [15.639506] Scanning c:/Users/threddast/.emacs.d/modules/tools/lsp/autoload/lsp-mode.el
        * [15.641700] Scanning c:/Users/threddast/.emacs.d/modules/tools/magit/autoload.el
        * [15.643410] Scanning c:/Users/threddast/.emacs.d/modules/tools/make/autoload.el
        * [15.644976] Scanning c:/Users/threddast/.emacs.d/modules/tools/pass/autoload/consult.el
        * [15.646807] Scanning c:/Users/threddast/.emacs.d/modules/tools/pass/autoload/ivy.el
        * [15.648644] Scanning c:/Users/threddast/.emacs.d/modules/tools/pass/autoload/pass.el
        * [15.650503] Scanning c:/Users/threddast/.emacs.d/modules/tools/prodigy/autoload.el
        * [15.652226] Scanning c:/Users/threddast/.emacs.d/modules/tools/rgb/autoload.el
        * [15.654046] Scanning c:/Users/threddast/.emacs.d/modules/tools/taskrunner/autoload.el
        * [15.655680] Scanning c:/Users/threddast/.emacs.d/modules/tools/tmux/autoload/evil.el
        * [15.657504] Scanning c:/Users/threddast/.emacs.d/modules/tools/tmux/autoload/tmux.el
        * [15.659459] Scanning c:/Users/threddast/.emacs.d/modules/tools/tree-sitter/autoload.el
        * [15.661046] Scanning c:/Users/threddast/.emacs.d/modules/ui/doom-dashboard/autoload.el
        * [15.663351] Scanning c:/Users/threddast/.emacs.d/modules/ui/hydra/autoload/windows.el
        * [15.665245] Scanning c:/Users/threddast/.emacs.d/modules/ui/ligatures/autoload/install.el
        * [15.667422] Scanning c:/Users/threddast/.emacs.d/modules/ui/ligatures/autoload/ligatures.el
        * [15.670098] Scanning c:/Users/threddast/.emacs.d/modules/ui/modeline/autoload.el
        * [15.672480] Scanning c:/Users/threddast/.emacs.d/modules/ui/nav-flash/autoload.el
        * [15.674086] Scanning c:/Users/threddast/.emacs.d/modules/ui/neotree/autoload.el
        * [15.676020] Scanning c:/Users/threddast/.emacs.d/modules/ui/popup/autoload/popup.el
        * [15.681118] Scanning c:/Users/threddast/.emacs.d/modules/ui/popup/autoload/settings.el
        * [15.684312] Scanning c:/Users/threddast/.emacs.d/modules/ui/tabs/autoload.el
        * [15.685959] Scanning c:/Users/threddast/.emacs.d/modules/ui/treemacs/autoload.el
        * [15.687613] Scanning c:/Users/threddast/.emacs.d/modules/ui/unicode/autoload.el
        * [15.689153] Scanning c:/Users/threddast/.emacs.d/modules/ui/vc-gutter/autoload/diff-hl.el
        * [15.691314] Scanning c:/Users/threddast/.emacs.d/modules/ui/vc-gutter/autoload/git-gutter.el
        * [15.693812] Scanning c:/Users/threddast/.emacs.d/modules/ui/vi-tilde-fringe/autoload.el
        * [15.695962] Scanning c:/Users/threddast/.emacs.d/modules/ui/workspaces/autoload/evil.el
        * [15.697954] Scanning c:/Users/threddast/.emacs.d/modules/ui/workspaces/autoload/workspaces.el
        * [15.699984] Scanning c:/Users/threddast/.emacs.d/modules/ui/zen/autoload.el
        * [15.709925] Scanning c:/Users/threddast/.emacs.d/.local/straight/build-28.1/straight/straight-autoloads.el
        * [15.712547] Scanning c:/Users/threddast/.emacs.d/.local/straight/build-28.1/use-package/use-package-autoloads.el
        * [15.715666] Scanning c:/Users/threddast/.emacs.d/.local/straight/build-28.1/bind-key/bind-key-autoloads.el
        * [15.717679] Scanning c:/Users/threddast/.emacs.d/.local/straight/build-28.1/auto-minor-mode/auto-minor-mode-autoloads.el
        * [15.719706] Scanning c:/Users/threddast/.emacs.d/.local/straight/build-28.1/gcmh/gcmh-autoloads.el
        * [15.721658] Scanning c:/Users/threddast/.emacs.d/.local/straight/build-28.1/explain-pause-mode/explain-pause-mode-autoloads.el
        * [15.723621] Scanning c:/Users/threddast/.emacs.d/.local/straight/build-28.1/all-the-icons/all-the-icons-autoloads.el
        * [15.725641] Scanning c:/Users/threddast/.emacs.d/.local/straight/build-28.1/hide-mode-line/hide-mode-line-autoloads.el
        * [15.727710] Scanning c:/Users/threddast/.emacs.d/.local/straight/build-28.1/highlight-numbers/highlight-numbers-autoloads.el
        * [15.729690] Scanning c:/Users/threddast/.emacs.d/.local/straight/build-28.1/parent-mode/parent-mode-autoloads.el
        * [15.731656] Scanning c:/Users/threddast/.emacs.d/.local/straight/build-28.1/rainbow-delimiters/rainbow-delimiters-autoloads.el
        * [15.733637] Scanning c:/Users/threddast/.emacs.d/.local/straight/build-28.1/restart-emacs/restart-emacs-autoloads.el
        * [15.735571] Scanning c:/Users/threddast/.emacs.d/.local/straight/build-28.1/better-jumper/better-jumper-autoloads.el
        * [15.737483] Scanning c:/Users/threddast/.emacs.d/.local/straight/build-28.1/dtrt-indent/dtrt-indent-autoloads.el
        * [15.739545] Scanning c:/Users/threddast/.emacs.d/.local/straight/build-28.1/helpful/helpful-autoloads.el
        * [15.741503] Scanning c:/Users/threddast/.emacs.d/.local/straight/build-28.1/dash/dash-autoloads.el
        * [15.743589] Scanning c:/Users/threddast/.emacs.d/.local/straight/build-28.1/s/s-autoloads.el
        * [15.745484] Scanning c:/Users/threddast/.emacs.d/.local/straight/build-28.1/f/f-autoloads.el
        * [15.747329] Scanning c:/Users/threddast/.emacs.d/.local/straight/build-28.1/elisp-refs/elisp-refs-autoloads.el
        * [15.749270] Scanning c:/Users/threddast/.emacs.d/.local/straight/build-28.1/pcre2el/pcre2el-autoloads.el
        * [15.751272] Scanning c:/Users/threddast/.emacs.d/.local/straight/build-28.1/smartparens/smartparens-autoloads.el
        * [15.753626] Scanning c:/Users/threddast/.emacs.d/.local/straight/build-28.1/ws-butler/ws-butler-autoloads.el
        * [15.755638] Scanning c:/Users/threddast/.emacs.d/.local/straight/build-28.1/projectile/projectile-autoloads.el
        * [15.758017] Scanning c:/Users/threddast/.emacs.d/.local/straight/build-28.1/project/project-autoloads.el
        * [15.760359] Scanning c:/Users/threddast/.emacs.d/.local/straight/build-28.1/xref/xref-autoloads.el
        * [15.762419] Scanning c:/Users/threddast/.emacs.d/.local/straight/build-28.1/general/general-autoloads.el
        * [15.764635] Scanning c:/Users/threddast/.emacs.d/.local/straight/build-28.1/which-key/which-key-autoloads.el
        * [15.766635] Scanning c:/Users/threddast/.emacs.d/.local/straight/build-28.1/company/company-autoloads.el
        * [15.768895] Scanning c:/Users/threddast/.emacs.d/.local/straight/build-28.1/company-dict/company-dict-autoloads.el
        * [15.770831] Scanning c:/Users/threddast/.emacs.d/.local/straight/build-28.1/vertico/vertico-autoloads.el
        * [15.773177] Scanning c:/Users/threddast/.emacs.d/.local/straight/build-28.1/orderless/orderless-autoloads.el
        * [15.775267] Scanning c:/Users/threddast/.emacs.d/.local/straight/build-28.1/consult/consult-autoloads.el
        * [15.777772] Scanning c:/Users/threddast/.emacs.d/.local/straight/build-28.1/compat/compat-autoloads.el
        * [15.779670] Scanning c:/Users/threddast/.emacs.d/.local/straight/build-28.1/consult-dir/consult-dir-autoloads.el
        * [15.781552] Scanning c:/Users/threddast/.emacs.d/.local/straight/build-28.1/consult-flycheck/consult-flycheck-autoloads.el
        * [15.783418] Scanning c:/Users/threddast/.emacs.d/.local/straight/build-28.1/flycheck/flycheck-autoloads.el
        * [15.785608] Scanning c:/Users/threddast/.emacs.d/.local/straight/build-28.1/pkg-info/pkg-info-autoloads.el
        * [15.787582] Scanning c:/Users/threddast/.emacs.d/.local/straight/build-28.1/epl/epl-autoloads.el
        * [15.789554] Scanning c:/Users/threddast/.emacs.d/.local/straight/build-28.1/embark/embark-autoloads.el
        * [15.791545] Scanning c:/Users/threddast/.emacs.d/.local/straight/build-28.1/embark-consult/embark-consult-autoloads.el
        * [15.793507] Scanning c:/Users/threddast/.emacs.d/.local/straight/build-28.1/marginalia/marginalia-autoloads.el
        * [15.795388] Scanning c:/Users/threddast/.emacs.d/.local/straight/build-28.1/wgrep/wgrep-autoloads.el
        * [15.797248] Scanning c:/Users/threddast/.emacs.d/.local/straight/build-28.1/doom-themes/doom-themes-autoloads.el
        * [15.799934] Scanning c:/Users/threddast/.emacs.d/.local/straight/build-28.1/solaire-mode/solaire-mode-autoloads.el
        * [15.801944] Scanning c:/Users/threddast/.emacs.d/.local/straight/build-28.1/hl-todo/hl-todo-autoloads.el
        * [15.804071] Scanning c:/Users/threddast/.emacs.d/.local/straight/build-28.1/doom-modeline/doom-modeline-autoloads.el
        * [15.806187] Scanning c:/Users/threddast/.emacs.d/.local/straight/build-28.1/shrink-path/shrink-path-autoloads.el
        * [15.808180] Scanning c:/Users/threddast/.emacs.d/.local/straight/build-28.1/anzu/anzu-autoloads.el
        * [15.810206] Scanning c:/Users/threddast/.emacs.d/.local/straight/build-28.1/evil-anzu/evil-anzu-autoloads.el
        * [15.812061] Scanning c:/Users/threddast/.emacs.d/.local/straight/build-28.1/evil/evil-autoloads.el
        * [15.814079] Scanning c:/Users/threddast/.emacs.d/.local/straight/build-28.1/goto-chg/goto-chg-autoloads.el
        * [15.816175] Scanning c:/Users/threddast/.emacs.d/.local/straight/build-28.1/evil-goggles/evil-goggles-autoloads.el
        * [15.818167] Scanning c:/Users/threddast/.emacs.d/.local/straight/build-28.1/git-gutter-fringe/git-gutter-fringe-autoloads.el
        * [15.820073] Scanning c:/Users/threddast/.emacs.d/.local/straight/build-28.1/git-gutter/git-gutter-autoloads.el
        * [15.822106] Scanning c:/Users/threddast/.emacs.d/.local/straight/build-28.1/fringe-helper/fringe-helper-autoloads.el
        * [15.824050] Scanning c:/Users/threddast/.emacs.d/.local/straight/build-28.1/vi-tilde-fringe/vi-tilde-fringe-autoloads.el
        * [15.826075] Scanning c:/Users/threddast/.emacs.d/.local/straight/build-28.1/evil-args/evil-args-autoloads.el
        * [15.827952] Scanning c:/Users/threddast/.emacs.d/.local/straight/build-28.1/evil-easymotion/evil-easymotion-autoloads.el
        * [15.830003] Scanning c:/Users/threddast/.emacs.d/.local/straight/build-28.1/avy/avy-autoloads.el
        * [15.832197] Scanning c:/Users/threddast/.emacs.d/.local/straight/build-28.1/evil-embrace/evil-embrace-autoloads.el
        * [15.834122] Scanning c:/Users/threddast/.emacs.d/.local/straight/build-28.1/embrace/embrace-autoloads.el
        * [15.836054] Scanning c:/Users/threddast/.emacs.d/.local/straight/build-28.1/expand-region/expand-region-autoloads.el
        * [15.838224] Scanning c:/Users/threddast/.emacs.d/.local/straight/build-28.1/evil-surround/evil-surround-autoloads.el
        * [15.840391] Scanning c:/Users/threddast/.emacs.d/.local/straight/build-28.1/evil-escape/evil-escape-autoloads.el
        * [15.842374] Scanning c:/Users/threddast/.emacs.d/.local/straight/build-28.1/evil-exchange/evil-exchange-autoloads.el
        * [15.844312] Scanning c:/Users/threddast/.emacs.d/.local/straight/build-28.1/evil-indent-plus/evil-indent-plus-autoloads.el
        * [15.846270] Scanning c:/Users/threddast/.emacs.d/.local/straight/build-28.1/evil-lion/evil-lion-autoloads.el
        * [15.848265] Scanning c:/Users/threddast/.emacs.d/.local/straight/build-28.1/evil-nerd-commenter/evil-nerd-commenter-autoloads.el
        * [15.850326] Scanning c:/Users/threddast/.emacs.d/.local/straight/build-28.1/evil-numbers/evil-numbers-autoloads.el
        * [15.852209] Scanning c:/Users/threddast/.emacs.d/.local/straight/build-28.1/evil-snipe/evil-snipe-autoloads.el
        * [15.854192] Scanning c:/Users/threddast/.emacs.d/.local/straight/build-28.1/evil-textobj-anyblock/evil-textobj-anyblock-autoloads.el
        * [15.856294] Scanning c:/Users/threddast/.emacs.d/.local/straight/build-28.1/evil-traces/evil-traces-autoloads.el
        * [15.858251] Scanning c:/Users/threddast/.emacs.d/.local/straight/build-28.1/evil-visualstar/evil-visualstar-autoloads.el
        * [15.860263] Scanning c:/Users/threddast/.emacs.d/.local/straight/build-28.1/exato/exato-autoloads.el
        * [15.862112] Scanning c:/Users/threddast/.emacs.d/.local/straight/build-28.1/evil-quick-diff/evil-quick-diff-autoloads.el
        * [15.863982] Scanning c:/Users/threddast/.emacs.d/.local/straight/build-28.1/evil-collection/evil-collection-autoloads.el
        * [15.865901] Scanning c:/Users/threddast/.emacs.d/.local/straight/build-28.1/annalist/annalist-autoloads.el
        * [15.867891] Scanning c:/Users/threddast/.emacs.d/.local/straight/build-28.1/yasnippet/yasnippet-autoloads.el
        * [15.869921] Scanning c:/Users/threddast/.emacs.d/.local/straight/build-28.1/vimish-fold/vimish-fold-autoloads.el
        * [15.872084] Scanning c:/Users/threddast/.emacs.d/.local/straight/build-28.1/evil-vimish-fold/evil-vimish-fold-autoloads.el
        * [15.874041] Scanning c:/Users/threddast/.emacs.d/.local/straight/build-28.1/auto-yasnippet/auto-yasnippet-autoloads.el
        * [15.875971] Scanning c:/Users/threddast/.emacs.d/.local/straight/build-28.1/doom-snippets/doom-snippets-autoloads.el
        * [15.877976] Scanning c:/Users/threddast/.emacs.d/.local/straight/build-28.1/diredfl/diredfl-autoloads.el
        * [15.879970] Scanning c:/Users/threddast/.emacs.d/.local/straight/build-28.1/dired-git-info/dired-git-info-autoloads.el
        * [15.882031] Scanning c:/Users/threddast/.emacs.d/.local/straight/build-28.1/dired-rsync/dired-rsync-autoloads.el
        * [15.883962] Scanning c:/Users/threddast/.emacs.d/.local/straight/build-28.1/fd-dired/fd-dired-autoloads.el
        * [15.885840] Scanning c:/Users/threddast/.emacs.d/.local/straight/build-28.1/undo-fu/undo-fu-autoloads.el
        * [15.887846] Scanning c:/Users/threddast/.emacs.d/.local/straight/build-28.1/undo-fu-session/undo-fu-session-autoloads.el
        * [15.889863] Scanning c:/Users/threddast/.emacs.d/.local/straight/build-28.1/browse-at-remote/browse-at-remote-autoloads.el
        * [15.891799] Scanning c:/Users/threddast/.emacs.d/.local/straight/build-28.1/git-commit/git-commit-autoloads.el
        * [15.893788] Scanning c:/Users/threddast/.emacs.d/.local/straight/build-28.1/transient/transient-autoloads.el
        * [15.895855] Scanning c:/Users/threddast/.emacs.d/.local/straight/build-28.1/with-editor/with-editor-autoloads.el
        * [15.897774] Scanning c:/Users/threddast/.emacs.d/.local/straight/build-28.1/git-timemachine/git-timemachine-autoloads.el
        * [15.899655] Scanning c:/Users/threddast/.emacs.d/.local/straight/build-28.1/git-modes/git-modes-autoloads.el
        * [15.901648] Scanning c:/Users/threddast/.emacs.d/.local/straight/build-28.1/flycheck-popup-tip/flycheck-popup-tip-autoloads.el
        * [15.903589] Scanning c:/Users/threddast/.emacs.d/.local/straight/build-28.1/popup/popup-autoloads.el
        * [15.905464] Scanning c:/Users/threddast/.emacs.d/.local/straight/build-28.1/quickrun/quickrun-autoloads.el
        * [15.907508] Scanning c:/Users/threddast/.emacs.d/.local/straight/build-28.1/eros/eros-autoloads.el
        * [15.909467] Scanning c:/Users/threddast/.emacs.d/.local/straight/build-28.1/dumb-jump/dumb-jump-autoloads.el
        * [15.911547] Scanning c:/Users/threddast/.emacs.d/.local/straight/build-28.1/request/request-autoloads.el
        * [15.913435] Scanning c:/Users/threddast/.emacs.d/.local/straight/build-28.1/magit-section/magit-section-autoloads.el
        * [15.915338] Scanning c:/Users/threddast/.emacs.d/.local/straight/build-28.1/async/async-autoloads.el
        * [15.917410] Scanning c:/Users/threddast/.emacs.d/.local/straight/build-28.1/markdown-mode/markdown-mode-autoloads.el
        * [15.919470] Scanning c:/Users/threddast/.emacs.d/.local/straight/build-28.1/emacsql-sqlite/emacsql-sqlite-autoloads.el
        * [15.921326] Scanning c:/Users/threddast/.emacs.d/.local/straight/build-28.1/emacsql/emacsql-autoloads.el
        * [15.923195] Scanning c:/Users/threddast/.emacs.d/.local/straight/build-28.1/ht/ht-autoloads.el
        * [15.925038] Scanning c:/Users/threddast/.emacs.d/.local/straight/build-28.1/highlight-quoted/highlight-quoted-autoloads.el
        * [15.926979] Scanning c:/Users/threddast/.emacs.d/.local/straight/build-28.1/macrostep/macrostep-autoloads.el
        * [15.928946] Scanning c:/Users/threddast/.emacs.d/.local/straight/build-28.1/overseer/overseer-autoloads.el
        * [15.930900] Scanning c:/Users/threddast/.emacs.d/.local/straight/build-28.1/elisp-def/elisp-def-autoloads.el
        * [15.932903] Scanning c:/Users/threddast/.emacs.d/.local/straight/build-28.1/elisp-demos/elisp-demos-autoloads.el
        * [15.934953] Scanning c:/Users/threddast/.emacs.d/.local/straight/build-28.1/flycheck-package/flycheck-package-autoloads.el
        * [15.936873] Scanning c:/Users/threddast/.emacs.d/.local/straight/build-28.1/package-lint/package-lint-autoloads.el
        * [15.938791] Scanning c:/Users/threddast/.emacs.d/.local/straight/build-28.1/flycheck-cask/flycheck-cask-autoloads.el
        * [15.940660] Scanning c:/Users/threddast/.emacs.d/.local/straight/build-28.1/buttercup/buttercup-autoloads.el
        * [15.942642] Scanning c:/Users/threddast/.emacs.d/.local/straight/build-28.1/markdown-toc/markdown-toc-autoloads.el
        * [15.944755] Scanning c:/Users/threddast/.emacs.d/.local/straight/build-28.1/edit-indirect/edit-indirect-autoloads.el
        * [15.946839] Scanning c:/Users/threddast/.emacs.d/.local/straight/build-28.1/evil-markdown/evil-markdown-autoloads.el
        * [15.948783] Scanning c:/Users/threddast/.emacs.d/.local/straight/build-28.1/org/org-autoloads.el
        * [15.951525] Scanning c:/Users/threddast/.emacs.d/.local/straight/build-28.1/org-contrib/org-contrib-autoloads.el
        * [15.953793] Scanning c:/Users/threddast/.emacs.d/.local/straight/build-28.1/htmlize/htmlize-autoloads.el
        * [15.955867] Scanning c:/Users/threddast/.emacs.d/.local/straight/build-28.1/org-yt/org-yt-autoloads.el
        * [15.957766] Scanning c:/Users/threddast/.emacs.d/.local/straight/build-28.1/ox-clip/ox-clip-autoloads.el
        * [15.959633] Scanning c:/Users/threddast/.emacs.d/.local/straight/build-28.1/toc-org/toc-org-autoloads.el
        * [15.961513] Scanning c:/Users/threddast/.emacs.d/.local/straight/build-28.1/org-cliplink/org-cliplink-autoloads.el
        * [15.963585] Scanning c:/Users/threddast/.emacs.d/.local/straight/build-28.1/evil-org/evil-org-autoloads.el
        * [15.965514] Scanning c:/Users/threddast/.emacs.d/.local/straight/build-28.1/ob-async/ob-async-autoloads.el
        * [15.967528] Scanning c:/Users/threddast/.emacs.d/.local/straight/build-28.1/drag-stuff/drag-stuff-autoloads.el
        * [15.969609] Scanning c:/Users/threddast/.emacs.d/.local/straight/build-28.1/link-hint/link-hint-autoloads.el
        * [15.971689] Scanning c:/Users/threddast/.emacs.d/.local/straight/build-28.1/company-box/company-box-autoloads.el
        * [15.973669] Scanning c:/Users/threddast/.emacs.d/.local/straight/build-28.1/frame-local/frame-local-autoloads.el
        * [15.975525] Scanning c:/Users/threddast/.emacs.d/.local/straight/build-28.1/ace-window/ace-window-autoloads.el
        * [15.977553] Scanning c:/Users/threddast/.emacs.d/.local/straight/build-28.1/hydra/hydra-autoloads.el
        * [15.979609] Scanning c:/Users/threddast/.emacs.d/.local/straight/build-28.1/lv/lv-autoloads.el
        * [15.981502] Scanning c:/Users/threddast/.emacs.d/.local/straight/build-28.1/posframe/posframe-autoloads.el
        * [15.983773] Scanning c:/Users/threddast/.emacs.d/.local/straight/build-28.1/format-all/format-all-autoloads.el
        * [15.985778] Scanning c:/Users/threddast/.emacs.d/.local/straight/build-28.1/lispy/lispy-autoloads.el
        * [15.987840] Scanning c:/Users/threddast/.emacs.d/.local/straight/build-28.1/iedit/iedit-autoloads.el
        * [15.989798] Scanning c:/Users/threddast/.emacs.d/.local/straight/build-28.1/swiper/swiper-autoloads.el
        * [15.991804] Scanning c:/Users/threddast/.emacs.d/.local/straight/build-28.1/ivy/ivy-autoloads.el
        * [15.993799] Scanning c:/Users/threddast/.emacs.d/.local/straight/build-28.1/zoutline/zoutline-autoloads.el
        * [15.995782] Scanning c:/Users/threddast/.emacs.d/.local/straight/build-28.1/lispyville/lispyville-autoloads.el
        * [15.997741] Scanning c:/Users/threddast/.emacs.d/.local/straight/build-28.1/vterm/vterm-autoloads.el
        * [16.000209] Scanning c:/Users/threddast/.emacs.d/.local/straight/build-28.1/flycheck-posframe/flycheck-posframe-autoloads.el
        * [16.002882] Scanning c:/Users/threddast/.emacs.d/.local/straight/build-28.1/flyspell-correct/flyspell-correct-autoloads.el
        * [16.004981] Scanning c:/Users/threddast/.emacs.d/.local/straight/build-28.1/flyspell-lazy/flyspell-lazy-autoloads.el
        * [16.007025] Scanning c:/Users/threddast/.emacs.d/.local/straight/build-28.1/langtool/langtool-autoloads.el
        * [16.008866] Scanning c:/Users/threddast/.emacs.d/.local/straight/build-28.1/writegood-mode/writegood-mode-autoloads.el
        * [16.010728] Scanning c:/Users/threddast/.emacs.d/.local/straight/build-28.1/pdf-tools/pdf-tools-autoloads.el
        * [16.013161] Scanning c:/Users/threddast/.emacs.d/.local/straight/build-28.1/tablist/tablist-autoloads.el
        * [16.015155] Scanning c:/Users/threddast/.emacs.d/.local/straight/build-28.1/saveplace-pdf-view/saveplace-pdf-view-autoloads.el
        * [16.017014] Scanning c:/Users/threddast/.emacs.d/.local/straight/build-28.1/rainbow-mode/rainbow-mode-autoloads.el
        * [16.018925] Scanning c:/Users/threddast/.emacs.d/.local/straight/build-28.1/kurecolor/kurecolor-autoloads.el
        * [16.021025] Scanning c:/Users/threddast/.emacs.d/.local/straight/build-28.1/map/map-autoloads.el
        * [16.022913] Scanning c:/Users/threddast/.emacs.d/.local/straight/build-28.1/json-mode/json-mode-autoloads.el
        * [16.024972] Scanning c:/Users/threddast/.emacs.d/.local/straight/build-28.1/json-snatcher/json-snatcher-autoloads.el
        * [16.026838] Scanning c:/Users/threddast/.emacs.d/.local/straight/build-28.1/auctex/auctex-autoloads.el
        * [16.029217] Scanning c:/Users/threddast/.emacs.d/.local/straight/build-28.1/adaptive-wrap/adaptive-wrap-autoloads.el
        * [16.031146] Scanning c:/Users/threddast/.emacs.d/.local/straight/build-28.1/latex-preview-pane/latex-preview-pane-autoloads.el
        * [16.033167] Scanning c:/Users/threddast/.emacs.d/.local/straight/build-28.1/evil-tex/evil-tex-autoloads.el
        * [16.035108] Scanning c:/Users/threddast/.emacs.d/.local/straight/build-28.1/cdlatex/cdlatex-autoloads.el
        * [16.037194] Scanning c:/Users/threddast/.emacs.d/.local/straight/build-28.1/company-auctex/company-auctex-autoloads.el
        * [16.039211] Scanning c:/Users/threddast/.emacs.d/.local/straight/build-28.1/company-reftex/company-reftex-autoloads.el
        * [16.041147] Scanning c:/Users/threddast/.emacs.d/.local/straight/build-28.1/company-math/company-math-autoloads.el
        * [16.043118] Scanning c:/Users/threddast/.emacs.d/.local/straight/build-28.1/math-symbol-lists/math-symbol-lists-autoloads.el
        * [16.045404] Scanning c:/Users/threddast/.emacs.d/.local/straight/build-28.1/org-pdftools/org-pdftools-autoloads.el
        * [16.048306] Scanning c:/Users/threddast/.emacs.d/.local/straight/build-28.1/org-noter/org-noter-autoloads.el
        * [16.050534] Scanning c:/Users/threddast/.emacs.d/.local/straight/build-28.1/org-download/org-download-autoloads.el
        * [16.052452] Scanning c:/Users/threddast/.emacs.d/.local/straight/build-28.1/jupyter/jupyter-autoloads.el
        * [16.054861] Scanning c:/Users/threddast/.emacs.d/.local/straight/build-28.1/zmq/zmq-autoloads.el
        * [16.056673] Scanning c:/Users/threddast/.emacs.d/.local/straight/build-28.1/simple-httpd/simple-httpd-autoloads.el
        * [16.058554] Scanning c:/Users/threddast/.emacs.d/.local/straight/build-28.1/websocket/websocket-autoloads.el
        * [16.060385] Scanning c:/Users/threddast/.emacs.d/.local/straight/build-28.1/org-journal/org-journal-autoloads.el
        * [16.062377] Scanning c:/Users/threddast/.emacs.d/.local/straight/build-28.1/org-pomodoro/org-pomodoro-autoloads.el
        * [16.064271] Scanning c:/Users/threddast/.emacs.d/.local/straight/build-28.1/alert/alert-autoloads.el
        * [16.066282] Scanning c:/Users/threddast/.emacs.d/.local/straight/build-28.1/gntp/gntp-autoloads.el
        * [16.068149] Scanning c:/Users/threddast/.emacs.d/.local/straight/build-28.1/log4e/log4e-autoloads.el
        * [16.070072] Scanning c:/Users/threddast/.emacs.d/.local/straight/build-28.1/org-roam/org-roam-autoloads.el
        * [16.072267] Scanning c:/Users/threddast/.emacs.d/.local/straight/build-28.1/ox-pandoc/ox-pandoc-autoloads.el
        * [16.074737] Scanning c:/Users/threddast/.emacs.d/.local/straight/build-28.1/ox-hugo/ox-hugo-autoloads.el
        * [16.076855] Scanning c:/Users/threddast/.emacs.d/.local/straight/build-28.1/tomelr/tomelr-autoloads.el
        * [16.078771] Scanning c:/Users/threddast/.emacs.d/.local/straight/build-28.1/org-modern/org-modern-autoloads.el
        * [16.080879] Scanning c:/Users/threddast/.emacs.d/.local/straight/build-28.1/org-auto-tangle/org-auto-tangle-autoloads.el
        * [16.082775] Scanning c:/Users/threddast/.emacs.d/.local/straight/build-28.1/org-present/org-present-autoloads.el
        * [16.084648] Scanning c:/Users/threddast/.emacs.d/.local/straight/build-28.1/centered-window/centered-window-autoloads.el
        * [16.086625] Scanning c:/Users/threddast/.emacs.d/.local/straight/build-28.1/org-noter-pdftools/org-noter-pdftools-autoloads.el
    > Byte-compiling autoloads file...
    ✓ Generated .local/autoloads.28.1.elc
  - Restart Emacs or use 'M-x doom/reload' for changes to take effect
* [17.138514] Finished (GCs: 1, elapsed: 0.010537s)
✓ Finished in 17.13863s
