* [0.192178] Starting!
* [0.192216] doom-cli-run: (C:\Users\threddast\Programs\emacs-28.1\bin\emacs.exe -scriptload .\doom -- sync -e)
* [0.192300] doom-cli-context-execute: found (doom)
* [0.192666] Autoloading c:/Users/threddast/.emacs.d/lisp/cli/sync.el
* [0.246878] doom-cli-context-execute: found (doom sync)
* [0.247126] Found switch: -e
* [0.247356] doom-cli-context-execute: doom sync
* [0.247680] doom-cli-execute: (:before) ((input) (context . #s(doom-cli-context (25359 47715 699841 0) 11108 -1 nil nil nil doom nil nil (doom sync) nil (sync -e) ((--jobs) (-j) (-p) (-u) (-c) (-e . -e) (--eval) (-E) (--strict-load) (--load) (-L) (--color) (--profile) (--pager) (--emacsdir) (--doomdir) (--debug) (-D) (--force) (-!)) ((t) ((doom sync) -e) ((doom) sync -e))  *doom-cli stdin*  *doom-cli stdout*  *doom-cli stderr* nil)) (_) (evals) (loads) (color?) (profile) (pager) (emacsdir) (doomdir) (debug?) (force?))
* [0.247735] doom-cli-execute: (:before doom build) nil
* [0.247761] Initializing straight
* [0.340479] Initializing recipes
* [0.343860] Installing core packages
* [0.344295] doom-cli-execute: (doom sync) ((jobs) (purge?) (update?) (noelc?) (noenvvar? . -e))
> Synchronizing "default" profile...
    * [0.344658] Initializing package.el
    * [0.431300] Initializing straight.el
  > Installing packages...
    > Building org-noter-pdftools...
    ✓ Installed 1 packages
  > (Re)building packages...
    - No packages need rebuilding
  > Purging orphaned packages (for the emperor)...
    > Purging straight builds...
      ✓ Purged build/biblio
      ✓ Purged build/biblio-core
      ✓ Purged build/bibtex-completion
      ✓ Purged build/citeproc
      ✓ Purged build/gif-screencast
      ✓ Purged build/git-auto-commit-mode
      ✓ Purged build/org-anki
      ✓ Purged build/org-ref
      ✓ Purged build/parsebib
      ✓ Purged build/promise
      ✓ Purged build/queue
      ✓ Purged build/string-inflection
    Pruned queue from build cache
    Pruned org-ref from build cache
    Pruned parsebib from build cache
    Pruned bibtex-completion from build cache
    Pruned biblio from build cache
    Pruned biblio-core from build cache
    Pruned citeproc from build cache
    Pruned string-inflection from build cache
    Pruned org-anki from build cache
    Pruned promise from build cache
    Pruned git-auto-commit-mode from build cache
    Pruned gif-screencast from build cache
    - Skipping elpa packages
    - Skipping repos
    - Skipping regrafting
  > (Re)generating autoloads file...
    > Generating autoloads file...
        * [14.872830] Scanning c:/Users/threddast/.emacs.d/lisp/lib/buffers.el
        * [14.876712] Scanning c:/Users/threddast/.emacs.d/lisp/lib/config.el
        * [14.878975] Scanning c:/Users/threddast/.emacs.d/lisp/lib/debug.el
        * [14.882334] Scanning c:/Users/threddast/.emacs.d/lisp/lib/docs.el
        * [14.886080] Scanning c:/Users/threddast/.emacs.d/lisp/lib/files.el
        * [14.889120] Scanning c:/Users/threddast/.emacs.d/lisp/lib/fonts.el
        * [14.892052] Scanning c:/Users/threddast/.emacs.d/lisp/lib/git.el
        * [14.893947] Scanning c:/Users/threddast/.emacs.d/lisp/lib/help.el
        * [14.897792] Scanning c:/Users/threddast/.emacs.d/lisp/lib/packages.el
        * [14.900460] Scanning c:/Users/threddast/.emacs.d/lisp/lib/plist.el
        * [14.902600] Scanning c:/Users/threddast/.emacs.d/lisp/lib/print.el
        * [14.905904] Scanning c:/Users/threddast/.emacs.d/lisp/lib/process.el
        * [14.908043] Scanning c:/Users/threddast/.emacs.d/lisp/lib/projects.el
        * [14.910665] Scanning c:/Users/threddast/.emacs.d/lisp/lib/sandbox.el
        * [14.912833] Scanning c:/Users/threddast/.emacs.d/lisp/lib/scratch.el
        * [14.915350] Scanning c:/Users/threddast/.emacs.d/lisp/lib/sessions.el
        * [14.917785] Scanning c:/Users/threddast/.emacs.d/lisp/lib/store.el
        * [14.920155] Scanning c:/Users/threddast/.emacs.d/lisp/lib/system.el
        * [14.922254] Scanning c:/Users/threddast/.emacs.d/lisp/lib/text.el
        * [14.925427] Scanning c:/Users/threddast/.emacs.d/lisp/lib/themes.el
        * [14.927663] Scanning c:/Users/threddast/.emacs.d/lisp/lib/ui.el
        * [14.930530] Scanning c:/Users/threddast/.emacs.d/modules/app/calendar/autoload.el
        * [14.932023] Scanning c:/Users/threddast/.emacs.d/modules/app/emms/autoload.el
        * [14.933507] Scanning c:/Users/threddast/.emacs.d/modules/app/irc/autoload/irc.el
        * [14.935286] Scanning c:/Users/threddast/.emacs.d/modules/app/irc/autoload/ivy.el
        * [14.937000] Scanning c:/Users/threddast/.emacs.d/modules/app/irc/autoload/settings.el
        * [14.938827] Scanning c:/Users/threddast/.emacs.d/modules/app/irc/autoload/vertico.el
        * [14.940518] Scanning c:/Users/threddast/.emacs.d/modules/app/rss/autoload.el
        * [14.941989] Scanning c:/Users/threddast/.emacs.d/modules/app/twitter/autoload.el
        * [14.943475] Scanning c:/Users/threddast/.emacs.d/modules/checkers/spell/autoload/+flyspell.el
        * [14.977559] Scanning c:/Users/threddast/.emacs.d/modules/checkers/spell/autoload/+spell-fu.el
        * [14.979649] Scanning c:/Users/threddast/.emacs.d/modules/checkers/syntax/autoload.el
        * [14.981820] Scanning c:/Users/threddast/.emacs.d/modules/completion/company/autoload.el
        * [14.984396] Scanning c:/Users/threddast/.emacs.d/modules/completion/helm/autoload/evil.el
        * [14.986242] Scanning c:/Users/threddast/.emacs.d/modules/completion/helm/autoload/helm.el
        * [14.988019] Scanning c:/Users/threddast/.emacs.d/modules/completion/helm/autoload/posframe.el
        * [14.989752] Scanning c:/Users/threddast/.emacs.d/modules/completion/ivy/autoload/evil.el
        * [14.991467] Scanning c:/Users/threddast/.emacs.d/modules/completion/ivy/autoload/hydras.el
        * [14.993171] Scanning c:/Users/threddast/.emacs.d/modules/completion/ivy/autoload/ivy.el
        * [14.995103] Scanning c:/Users/threddast/.emacs.d/modules/completion/ivy/autoload/posframe.el
        * [14.996840] Scanning c:/Users/threddast/.emacs.d/modules/completion/vertico/autoload/evil.el
        * [14.999763] Scanning c:/Users/threddast/.emacs.d/modules/completion/vertico/autoload/magit.el
        * [15.002303] Scanning c:/Users/threddast/.emacs.d/modules/completion/vertico/autoload/vertico.el
        * [15.005567] Scanning c:/Users/threddast/.emacs.d/modules/completion/vertico/autoload/workspaces.el
        * [15.007676] Scanning c:/Users/threddast/.emacs.d/modules/config/default/autoload/default.el
        * [15.010276] Scanning c:/Users/threddast/.emacs.d/modules/config/default/autoload/deferred.el
        * [15.012620] Scanning c:/Users/threddast/.emacs.d/modules/config/default/autoload/files.el
        * [15.015273] Scanning c:/Users/threddast/.emacs.d/modules/config/default/autoload/search.el
        * [15.018266] Scanning c:/Users/threddast/.emacs.d/modules/config/default/autoload/text.el
        * [15.021250] Scanning c:/Users/threddast/.emacs.d/modules/config/literate/autoload.el
        * [15.022896] Scanning c:/Users/threddast/.emacs.d/modules/editor/evil/autoload/advice.el
        * [15.026510] Scanning c:/Users/threddast/.emacs.d/modules/editor/evil/autoload/embrace.el
        * [15.029030] Scanning c:/Users/threddast/.emacs.d/modules/editor/evil/autoload/evil.el
        * [15.032594] Scanning c:/Users/threddast/.emacs.d/modules/editor/evil/autoload/ex.el
        * [15.035979] Scanning c:/Users/threddast/.emacs.d/modules/editor/evil/autoload/files.el
        * [15.038989] Scanning c:/Users/threddast/.emacs.d/modules/editor/evil/autoload/textobjects.el
        * [15.041948] Scanning c:/Users/threddast/.emacs.d/modules/editor/evil/autoload/unimpaired.el
        * [15.045571] Scanning c:/Users/threddast/.emacs.d/modules/editor/file-templates/autoload.el
        * [15.048316] Scanning c:/Users/threddast/.emacs.d/modules/editor/fold/autoload/fold.el
        * [15.051326] Scanning c:/Users/threddast/.emacs.d/modules/editor/fold/autoload/hideshow.el
        * [15.053931] Scanning c:/Users/threddast/.emacs.d/modules/editor/format/autoload/evil.el
        * [15.056969] Scanning c:/Users/threddast/.emacs.d/modules/editor/format/autoload/format.el
        * [15.086792] Scanning c:/Users/threddast/.emacs.d/modules/editor/format/autoload/settings.el
        * [15.089704] Scanning c:/Users/threddast/.emacs.d/modules/editor/god/autoload.el
        * [15.091209] Scanning c:/Users/threddast/.emacs.d/modules/editor/multiple-cursors/autoload/evil-mc.el
        * [15.093090] Scanning c:/Users/threddast/.emacs.d/modules/editor/rotate-text/autoload.el
        * [15.094663] Scanning c:/Users/threddast/.emacs.d/modules/editor/snippets/autoload/settings.el
        * [15.097050] Scanning c:/Users/threddast/.emacs.d/modules/editor/snippets/autoload/snippets.el
        * [15.100520] Scanning c:/Users/threddast/.emacs.d/modules/editor/word-wrap/autoload.el
        * [15.102089] Scanning c:/Users/threddast/.emacs.d/modules/emacs/dired/autoload.el
        * [15.104218] Scanning c:/Users/threddast/.emacs.d/modules/emacs/electric/autoload.el
        * [15.106323] Scanning c:/Users/threddast/.emacs.d/modules/emacs/ibuffer/autoload/workspaces.el
        * [15.108093] Scanning c:/Users/threddast/.emacs.d/modules/emacs/vc/autoload/bug-reference-backport.el
        * [15.110100] Scanning c:/Users/threddast/.emacs.d/modules/emacs/vc/autoload/hydra.el
        * [15.112095] Scanning c:/Users/threddast/.emacs.d/modules/emacs/vc/autoload/vc.el
        * [15.114574] Scanning c:/Users/threddast/.emacs.d/modules/email/mu4e/autoload/advice.el
        * [15.116347] Scanning c:/Users/threddast/.emacs.d/modules/email/mu4e/autoload/email.el
        * [15.118355] Scanning c:/Users/threddast/.emacs.d/modules/email/mu4e/autoload/evil.el
        * [15.120090] Scanning c:/Users/threddast/.emacs.d/modules/email/mu4e/autoload/mu-lock.el
        * [15.121834] Scanning c:/Users/threddast/.emacs.d/modules/email/notmuch/autoload.el
        * [15.123313] Scanning c:/Users/threddast/.emacs.d/modules/email/wanderlust/autoload.el
        * [15.124745] Scanning c:/Users/threddast/.emacs.d/modules/input/layout/autoload/bepo.el
        * [15.126522] Scanning c:/Users/threddast/.emacs.d/modules/lang/beancount/autoload.el
        * [15.128125] Scanning c:/Users/threddast/.emacs.d/modules/lang/cc/autoload.el
        * [15.129692] Scanning c:/Users/threddast/.emacs.d/modules/lang/clojure/autoload.el
        * [15.131146] Scanning c:/Users/threddast/.emacs.d/modules/lang/common-lisp/autoload/common-lisp.el
        * [15.132903] Scanning c:/Users/threddast/.emacs.d/modules/lang/csharp/autoload.el
        * [15.134385] Scanning c:/Users/threddast/.emacs.d/modules/lang/emacs-lisp/autoload.el
        * [15.137590] Scanning c:/Users/threddast/.emacs.d/modules/lang/ess/autoload.el
        * [15.139083] Scanning c:/Users/threddast/.emacs.d/modules/lang/faust/autoload.el
        * [15.140558] Scanning c:/Users/threddast/.emacs.d/modules/lang/fortran/autoload.el
        * [15.142048] Scanning c:/Users/threddast/.emacs.d/modules/lang/go/autoload.el
        * [15.143536] Scanning c:/Users/threddast/.emacs.d/modules/lang/graphql/autoload.el
        * [15.144994] Scanning c:/Users/threddast/.emacs.d/modules/lang/haskell/autoload.el
        * [15.146469] Scanning c:/Users/threddast/.emacs.d/modules/lang/java/autoload/java.el
        * [15.148327] Scanning c:/Users/threddast/.emacs.d/modules/lang/java/autoload/lsp.el
        * [15.150014] Scanning c:/Users/threddast/.emacs.d/modules/lang/javascript/autoload.el
        * [15.151506] Scanning c:/Users/threddast/.emacs.d/modules/lang/julia/autoload.el
        * [15.152943] Scanning c:/Users/threddast/.emacs.d/modules/lang/kotlin/autoload.el
        * [15.154372] Scanning c:/Users/threddast/.emacs.d/modules/lang/latex/autoload.el
        * [15.156732] Scanning c:/Users/threddast/.emacs.d/modules/lang/lua/autoload/lua.el
        * [15.158630] Scanning c:/Users/threddast/.emacs.d/modules/lang/lua/autoload/moonscript.el
        * [15.160343] Scanning c:/Users/threddast/.emacs.d/modules/lang/markdown/autoload.el
        * [15.162809] Scanning c:/Users/threddast/.emacs.d/modules/lang/nix/autoload.el
        * [15.164337] Scanning c:/Users/threddast/.emacs.d/modules/lang/ocaml/autoload.el
        * [15.165804] Scanning c:/Users/threddast/.emacs.d/modules/lang/org/autoload/contrib-ipython.el
        * [15.167892] Scanning c:/Users/threddast/.emacs.d/modules/lang/org/autoload/contrib-present.el
        * [15.169946] Scanning c:/Users/threddast/.emacs.d/modules/lang/org/autoload/contrib-roam2.el
        * [15.173296] Scanning c:/Users/threddast/.emacs.d/modules/lang/org/autoload/org-attach.el
        * [15.176905] Scanning c:/Users/threddast/.emacs.d/modules/lang/org/autoload/org-avy.el
        * [15.180147] Scanning c:/Users/threddast/.emacs.d/modules/lang/org/autoload/org-babel.el
        * [15.183005] Scanning c:/Users/threddast/.emacs.d/modules/lang/org/autoload/org-capture.el
        * [15.186265] Scanning c:/Users/threddast/.emacs.d/modules/lang/org/autoload/org-export.el
        * [15.188729] Scanning c:/Users/threddast/.emacs.d/modules/lang/org/autoload/org-link.el
        * [15.191695] Scanning c:/Users/threddast/.emacs.d/modules/lang/org/autoload/org-refile.el
        * [15.194548] Scanning c:/Users/threddast/.emacs.d/modules/lang/org/autoload/org-tables.el
        * [15.197408] Scanning c:/Users/threddast/.emacs.d/modules/lang/org/autoload/org.el
        * [15.201757] Scanning c:/Users/threddast/.emacs.d/modules/lang/php/autoload.el
        * [15.203401] Scanning c:/Users/threddast/.emacs.d/modules/lang/plantuml/autoload.el
        * [15.205041] Scanning c:/Users/threddast/.emacs.d/modules/lang/python/autoload/conda.el
        * [15.207002] Scanning c:/Users/threddast/.emacs.d/modules/lang/python/autoload/pyenv.el
        * [15.208879] Scanning c:/Users/threddast/.emacs.d/modules/lang/python/autoload/python.el
        * [15.210795] Scanning c:/Users/threddast/.emacs.d/modules/lang/qt/autoload.el
        * [15.212401] Scanning c:/Users/threddast/.emacs.d/modules/lang/racket/autoload.el
        * [15.214022] Scanning c:/Users/threddast/.emacs.d/modules/lang/rest/autoload.el
        * [15.215659] Scanning c:/Users/threddast/.emacs.d/modules/lang/ruby/autoload.el
        * [15.217261] Scanning c:/Users/threddast/.emacs.d/modules/lang/rust/autoload.el
        * [15.218876] Scanning c:/Users/threddast/.emacs.d/modules/lang/scala/autoload.el
        * [15.220527] Scanning c:/Users/threddast/.emacs.d/modules/lang/scheme/autoload.el
        * [15.222280] Scanning c:/Users/threddast/.emacs.d/modules/lang/sh/autoload.el
        * [15.223959] Scanning c:/Users/threddast/.emacs.d/modules/lang/terra/autoload.el
        * [15.225621] Scanning c:/Users/threddast/.emacs.d/modules/lang/web/autoload/css.el
        * [15.227659] Scanning c:/Users/threddast/.emacs.d/modules/lang/web/autoload/evil.el
        * [15.229630] Scanning c:/Users/threddast/.emacs.d/modules/lang/web/autoload/html.el
        * [15.231652] Scanning c:/Users/threddast/.emacs.d/modules/os/macos/autoload.el
        * [15.233349] Scanning c:/Users/threddast/.emacs.d/modules/term/eshell/autoload/backport.el
        * [15.235438] Scanning c:/Users/threddast/.emacs.d/modules/term/eshell/autoload/commands.el
        * [15.237798] Scanning c:/Users/threddast/.emacs.d/modules/term/eshell/autoload/company.el
        * [15.240830] Scanning c:/Users/threddast/.emacs.d/modules/term/eshell/autoload/eshell.el
        * [15.243015] Scanning c:/Users/threddast/.emacs.d/modules/term/eshell/autoload/evil.el
        * [15.245056] Scanning c:/Users/threddast/.emacs.d/modules/term/eshell/autoload/prompts.el
        * [15.247104] Scanning c:/Users/threddast/.emacs.d/modules/term/eshell/autoload/settings.el
        * [15.249241] Scanning c:/Users/threddast/.emacs.d/modules/term/shell/autoload.el
        * [15.250984] Scanning c:/Users/threddast/.emacs.d/modules/term/term/autoload.el
        * [15.252657] Scanning c:/Users/threddast/.emacs.d/modules/term/vterm/autoload.el
        * [15.255327] Scanning c:/Users/threddast/.emacs.d/modules/tools/debugger/autoload/debugger.el
        * [15.257414] Scanning c:/Users/threddast/.emacs.d/modules/tools/debugger/autoload/evil.el
        * [15.259427] Scanning c:/Users/threddast/.emacs.d/modules/tools/editorconfig/autoload.el
        * [15.261159] Scanning c:/Users/threddast/.emacs.d/modules/tools/eval/autoload/eval.el
        * [15.264532] Scanning c:/Users/threddast/.emacs.d/modules/tools/eval/autoload/evil.el
        * [15.267904] Scanning c:/Users/threddast/.emacs.d/modules/tools/eval/autoload/repl.el
        * [15.271026] Scanning c:/Users/threddast/.emacs.d/modules/tools/eval/autoload/settings.el
        * [15.274053] Scanning c:/Users/threddast/.emacs.d/modules/tools/gist/autoload/evil.el
        * [15.276050] Scanning c:/Users/threddast/.emacs.d/modules/tools/lookup/autoload/docsets.el
        * [15.278526] Scanning c:/Users/threddast/.emacs.d/modules/tools/lookup/autoload/evil.el
        * [15.282025] Scanning c:/Users/threddast/.emacs.d/modules/tools/lookup/autoload/lookup.el
        * [15.286216] Scanning c:/Users/threddast/.emacs.d/modules/tools/lookup/autoload/online.el
        * [15.289475] Scanning c:/Users/threddast/.emacs.d/modules/tools/lookup/autoload/xwidget.el
        * [15.292371] Scanning c:/Users/threddast/.emacs.d/modules/tools/lsp/autoload/common.el
        * [15.295274] Scanning c:/Users/threddast/.emacs.d/modules/tools/lsp/autoload/eglot.el
        * [15.297671] Scanning c:/Users/threddast/.emacs.d/modules/tools/lsp/autoload/flycheck-eglot.el
        * [15.300475] Scanning c:/Users/threddast/.emacs.d/modules/tools/lsp/autoload/lsp-mode.el
        * [15.303591] Scanning c:/Users/threddast/.emacs.d/modules/tools/magit/autoload.el
        * [15.306492] Scanning c:/Users/threddast/.emacs.d/modules/tools/make/autoload.el
        * [15.308179] Scanning c:/Users/threddast/.emacs.d/modules/tools/pass/autoload/consult.el
        * [15.310152] Scanning c:/Users/threddast/.emacs.d/modules/tools/pass/autoload/ivy.el
        * [15.312130] Scanning c:/Users/threddast/.emacs.d/modules/tools/pass/autoload/pass.el
        * [15.314128] Scanning c:/Users/threddast/.emacs.d/modules/tools/prodigy/autoload.el
        * [15.315819] Scanning c:/Users/threddast/.emacs.d/modules/tools/rgb/autoload.el
        * [15.317775] Scanning c:/Users/threddast/.emacs.d/modules/tools/taskrunner/autoload.el
        * [15.319437] Scanning c:/Users/threddast/.emacs.d/modules/tools/tmux/autoload/evil.el
        * [15.321424] Scanning c:/Users/threddast/.emacs.d/modules/tools/tmux/autoload/tmux.el
        * [15.323451] Scanning c:/Users/threddast/.emacs.d/modules/tools/tree-sitter/autoload.el
        * [15.325168] Scanning c:/Users/threddast/.emacs.d/modules/ui/doom-dashboard/autoload.el
        * [15.327713] Scanning c:/Users/threddast/.emacs.d/modules/ui/hydra/autoload/windows.el
        * [15.329747] Scanning c:/Users/threddast/.emacs.d/modules/ui/ligatures/autoload/install.el
        * [15.332098] Scanning c:/Users/threddast/.emacs.d/modules/ui/ligatures/autoload/ligatures.el
        * [15.334981] Scanning c:/Users/threddast/.emacs.d/modules/ui/modeline/autoload.el
        * [15.337538] Scanning c:/Users/threddast/.emacs.d/modules/ui/nav-flash/autoload.el
        * [15.339236] Scanning c:/Users/threddast/.emacs.d/modules/ui/neotree/autoload.el
        * [15.340999] Scanning c:/Users/threddast/.emacs.d/modules/ui/popup/autoload/popup.el
        * [15.345895] Scanning c:/Users/threddast/.emacs.d/modules/ui/popup/autoload/settings.el
        * [15.349590] Scanning c:/Users/threddast/.emacs.d/modules/ui/tabs/autoload.el
        * [15.351325] Scanning c:/Users/threddast/.emacs.d/modules/ui/treemacs/autoload.el
        * [15.353759] Scanning c:/Users/threddast/.emacs.d/modules/ui/unicode/autoload.el
        * [15.355514] Scanning c:/Users/threddast/.emacs.d/modules/ui/vc-gutter/autoload/diff-hl.el
        * [15.357791] Scanning c:/Users/threddast/.emacs.d/modules/ui/vc-gutter/autoload/git-gutter.el
        * [15.360493] Scanning c:/Users/threddast/.emacs.d/modules/ui/vi-tilde-fringe/autoload.el
        * [15.362819] Scanning c:/Users/threddast/.emacs.d/modules/ui/workspaces/autoload/evil.el
        * [15.364834] Scanning c:/Users/threddast/.emacs.d/modules/ui/workspaces/autoload/workspaces.el
        * [15.367045] Scanning c:/Users/threddast/.emacs.d/modules/ui/zen/autoload.el
        * [15.377775] Scanning c:/Users/threddast/.emacs.d/.local/straight/build-28.1/straight/straight-autoloads.el
        * [15.380375] Scanning c:/Users/threddast/.emacs.d/.local/straight/build-28.1/use-package/use-package-autoloads.el
        * [15.382809] Scanning c:/Users/threddast/.emacs.d/.local/straight/build-28.1/bind-key/bind-key-autoloads.el
        * [15.384944] Scanning c:/Users/threddast/.emacs.d/.local/straight/build-28.1/auto-minor-mode/auto-minor-mode-autoloads.el
        * [15.387071] Scanning c:/Users/threddast/.emacs.d/.local/straight/build-28.1/gcmh/gcmh-autoloads.el
        * [15.389331] Scanning c:/Users/threddast/.emacs.d/.local/straight/build-28.1/explain-pause-mode/explain-pause-mode-autoloads.el
        * [15.391473] Scanning c:/Users/threddast/.emacs.d/.local/straight/build-28.1/all-the-icons/all-the-icons-autoloads.el
        * [15.393666] Scanning c:/Users/threddast/.emacs.d/.local/straight/build-28.1/hide-mode-line/hide-mode-line-autoloads.el
        * [15.395931] Scanning c:/Users/threddast/.emacs.d/.local/straight/build-28.1/highlight-numbers/highlight-numbers-autoloads.el
        * [15.398064] Scanning c:/Users/threddast/.emacs.d/.local/straight/build-28.1/parent-mode/parent-mode-autoloads.el
        * [15.400084] Scanning c:/Users/threddast/.emacs.d/.local/straight/build-28.1/rainbow-delimiters/rainbow-delimiters-autoloads.el
        * [15.402177] Scanning c:/Users/threddast/.emacs.d/.local/straight/build-28.1/restart-emacs/restart-emacs-autoloads.el
        * [15.404298] Scanning c:/Users/threddast/.emacs.d/.local/straight/build-28.1/better-jumper/better-jumper-autoloads.el
        * [15.406399] Scanning c:/Users/threddast/.emacs.d/.local/straight/build-28.1/dtrt-indent/dtrt-indent-autoloads.el
        * [15.408672] Scanning c:/Users/threddast/.emacs.d/.local/straight/build-28.1/helpful/helpful-autoloads.el
        * [15.410787] Scanning c:/Users/threddast/.emacs.d/.local/straight/build-28.1/dash/dash-autoloads.el
        * [15.412991] Scanning c:/Users/threddast/.emacs.d/.local/straight/build-28.1/s/s-autoloads.el
        * [15.415002] Scanning c:/Users/threddast/.emacs.d/.local/straight/build-28.1/f/f-autoloads.el
        * [15.417019] Scanning c:/Users/threddast/.emacs.d/.local/straight/build-28.1/elisp-refs/elisp-refs-autoloads.el
        * [15.419143] Scanning c:/Users/threddast/.emacs.d/.local/straight/build-28.1/pcre2el/pcre2el-autoloads.el
        * [15.421397] Scanning c:/Users/threddast/.emacs.d/.local/straight/build-28.1/smartparens/smartparens-autoloads.el
        * [15.423866] Scanning c:/Users/threddast/.emacs.d/.local/straight/build-28.1/ws-butler/ws-butler-autoloads.el
        * [15.426025] Scanning c:/Users/threddast/.emacs.d/.local/straight/build-28.1/projectile/projectile-autoloads.el
        * [15.428566] Scanning c:/Users/threddast/.emacs.d/.local/straight/build-28.1/project/project-autoloads.el
        * [15.430903] Scanning c:/Users/threddast/.emacs.d/.local/straight/build-28.1/xref/xref-autoloads.el
        * [15.433173] Scanning c:/Users/threddast/.emacs.d/.local/straight/build-28.1/general/general-autoloads.el
        * [15.435571] Scanning c:/Users/threddast/.emacs.d/.local/straight/build-28.1/which-key/which-key-autoloads.el
        * [15.437835] Scanning c:/Users/threddast/.emacs.d/.local/straight/build-28.1/company/company-autoloads.el
        * [15.440269] Scanning c:/Users/threddast/.emacs.d/.local/straight/build-28.1/company-dict/company-dict-autoloads.el
        * [15.442350] Scanning c:/Users/threddast/.emacs.d/.local/straight/build-28.1/vertico/vertico-autoloads.el
        * [15.444795] Scanning c:/Users/threddast/.emacs.d/.local/straight/build-28.1/orderless/orderless-autoloads.el
        * [15.446940] Scanning c:/Users/threddast/.emacs.d/.local/straight/build-28.1/consult/consult-autoloads.el
        * [15.449479] Scanning c:/Users/threddast/.emacs.d/.local/straight/build-28.1/compat/compat-autoloads.el
        * [15.451547] Scanning c:/Users/threddast/.emacs.d/.local/straight/build-28.1/consult-dir/consult-dir-autoloads.el
        * [15.453615] Scanning c:/Users/threddast/.emacs.d/.local/straight/build-28.1/consult-flycheck/consult-flycheck-autoloads.el
        * [15.455835] Scanning c:/Users/threddast/.emacs.d/.local/straight/build-28.1/flycheck/flycheck-autoloads.el
        * [15.458169] Scanning c:/Users/threddast/.emacs.d/.local/straight/build-28.1/pkg-info/pkg-info-autoloads.el
        * [15.460254] Scanning c:/Users/threddast/.emacs.d/.local/straight/build-28.1/epl/epl-autoloads.el
        * [15.462275] Scanning c:/Users/threddast/.emacs.d/.local/straight/build-28.1/embark/embark-autoloads.el
        * [15.464543] Scanning c:/Users/threddast/.emacs.d/.local/straight/build-28.1/embark-consult/embark-consult-autoloads.el
        * [15.466565] Scanning c:/Users/threddast/.emacs.d/.local/straight/build-28.1/marginalia/marginalia-autoloads.el
        * [15.468660] Scanning c:/Users/threddast/.emacs.d/.local/straight/build-28.1/wgrep/wgrep-autoloads.el
        * [15.470661] Scanning c:/Users/threddast/.emacs.d/.local/straight/build-28.1/doom-themes/doom-themes-autoloads.el
        * [15.473579] Scanning c:/Users/threddast/.emacs.d/.local/straight/build-28.1/solaire-mode/solaire-mode-autoloads.el
        * [15.475761] Scanning c:/Users/threddast/.emacs.d/.local/straight/build-28.1/hl-todo/hl-todo-autoloads.el
        * [15.478004] Scanning c:/Users/threddast/.emacs.d/.local/straight/build-28.1/doom-modeline/doom-modeline-autoloads.el
        * [15.480257] Scanning c:/Users/threddast/.emacs.d/.local/straight/build-28.1/shrink-path/shrink-path-autoloads.el
        * [15.482282] Scanning c:/Users/threddast/.emacs.d/.local/straight/build-28.1/anzu/anzu-autoloads.el
        * [15.484518] Scanning c:/Users/threddast/.emacs.d/.local/straight/build-28.1/evil-anzu/evil-anzu-autoloads.el
        * [15.486554] Scanning c:/Users/threddast/.emacs.d/.local/straight/build-28.1/evil/evil-autoloads.el
        * [15.488836] Scanning c:/Users/threddast/.emacs.d/.local/straight/build-28.1/goto-chg/goto-chg-autoloads.el
        * [15.490965] Scanning c:/Users/threddast/.emacs.d/.local/straight/build-28.1/evil-goggles/evil-goggles-autoloads.el
        * [15.493059] Scanning c:/Users/threddast/.emacs.d/.local/straight/build-28.1/git-gutter-fringe/git-gutter-fringe-autoloads.el
        * [15.495088] Scanning c:/Users/threddast/.emacs.d/.local/straight/build-28.1/git-gutter/git-gutter-autoloads.el
        * [15.497258] Scanning c:/Users/threddast/.emacs.d/.local/straight/build-28.1/fringe-helper/fringe-helper-autoloads.el
        * [15.499271] Scanning c:/Users/threddast/.emacs.d/.local/straight/build-28.1/vi-tilde-fringe/vi-tilde-fringe-autoloads.el
        * [15.501463] Scanning c:/Users/threddast/.emacs.d/.local/straight/build-28.1/evil-args/evil-args-autoloads.el
        * [15.503525] Scanning c:/Users/threddast/.emacs.d/.local/straight/build-28.1/evil-easymotion/evil-easymotion-autoloads.el
        * [15.505832] Scanning c:/Users/threddast/.emacs.d/.local/straight/build-28.1/avy/avy-autoloads.el
        * [15.508136] Scanning c:/Users/threddast/.emacs.d/.local/straight/build-28.1/evil-embrace/evil-embrace-autoloads.el
        * [15.510288] Scanning c:/Users/threddast/.emacs.d/.local/straight/build-28.1/embrace/embrace-autoloads.el
        * [15.512356] Scanning c:/Users/threddast/.emacs.d/.local/straight/build-28.1/expand-region/expand-region-autoloads.el
        * [15.514742] Scanning c:/Users/threddast/.emacs.d/.local/straight/build-28.1/evil-surround/evil-surround-autoloads.el
        * [15.517022] Scanning c:/Users/threddast/.emacs.d/.local/straight/build-28.1/evil-escape/evil-escape-autoloads.el
        * [15.519114] Scanning c:/Users/threddast/.emacs.d/.local/straight/build-28.1/evil-exchange/evil-exchange-autoloads.el
        * [15.521358] Scanning c:/Users/threddast/.emacs.d/.local/straight/build-28.1/evil-indent-plus/evil-indent-plus-autoloads.el
        * [15.523452] Scanning c:/Users/threddast/.emacs.d/.local/straight/build-28.1/evil-lion/evil-lion-autoloads.el
        * [15.525689] Scanning c:/Users/threddast/.emacs.d/.local/straight/build-28.1/evil-nerd-commenter/evil-nerd-commenter-autoloads.el
        * [15.527850] Scanning c:/Users/threddast/.emacs.d/.local/straight/build-28.1/evil-numbers/evil-numbers-autoloads.el
        * [15.529902] Scanning c:/Users/threddast/.emacs.d/.local/straight/build-28.1/evil-snipe/evil-snipe-autoloads.el
        * [15.532042] Scanning c:/Users/threddast/.emacs.d/.local/straight/build-28.1/evil-textobj-anyblock/evil-textobj-anyblock-autoloads.el
        * [15.534294] Scanning c:/Users/threddast/.emacs.d/.local/straight/build-28.1/evil-traces/evil-traces-autoloads.el
        * [15.536466] Scanning c:/Users/threddast/.emacs.d/.local/straight/build-28.1/evil-visualstar/evil-visualstar-autoloads.el
        * [15.538653] Scanning c:/Users/threddast/.emacs.d/.local/straight/build-28.1/exato/exato-autoloads.el
        * [15.540682] Scanning c:/Users/threddast/.emacs.d/.local/straight/build-28.1/evil-quick-diff/evil-quick-diff-autoloads.el
        * [15.542751] Scanning c:/Users/threddast/.emacs.d/.local/straight/build-28.1/evil-collection/evil-collection-autoloads.el
        * [15.544858] Scanning c:/Users/threddast/.emacs.d/.local/straight/build-28.1/annalist/annalist-autoloads.el
        * [15.546949] Scanning c:/Users/threddast/.emacs.d/.local/straight/build-28.1/yasnippet/yasnippet-autoloads.el
        * [15.549112] Scanning c:/Users/threddast/.emacs.d/.local/straight/build-28.1/vimish-fold/vimish-fold-autoloads.el
        * [15.551226] Scanning c:/Users/threddast/.emacs.d/.local/straight/build-28.1/evil-vimish-fold/evil-vimish-fold-autoloads.el
        * [15.553412] Scanning c:/Users/threddast/.emacs.d/.local/straight/build-28.1/auto-yasnippet/auto-yasnippet-autoloads.el
        * [15.555524] Scanning c:/Users/threddast/.emacs.d/.local/straight/build-28.1/doom-snippets/doom-snippets-autoloads.el
        * [15.557627] Scanning c:/Users/threddast/.emacs.d/.local/straight/build-28.1/diredfl/diredfl-autoloads.el
        * [15.559768] Scanning c:/Users/threddast/.emacs.d/.local/straight/build-28.1/dired-git-info/dired-git-info-autoloads.el
        * [15.561859] Scanning c:/Users/threddast/.emacs.d/.local/straight/build-28.1/dired-rsync/dired-rsync-autoloads.el
        * [15.563906] Scanning c:/Users/threddast/.emacs.d/.local/straight/build-28.1/fd-dired/fd-dired-autoloads.el
        * [15.566001] Scanning c:/Users/threddast/.emacs.d/.local/straight/build-28.1/undo-fu/undo-fu-autoloads.el
        * [15.568094] Scanning c:/Users/threddast/.emacs.d/.local/straight/build-28.1/undo-fu-session/undo-fu-session-autoloads.el
        * [15.570273] Scanning c:/Users/threddast/.emacs.d/.local/straight/build-28.1/browse-at-remote/browse-at-remote-autoloads.el
        * [15.572319] Scanning c:/Users/threddast/.emacs.d/.local/straight/build-28.1/git-commit/git-commit-autoloads.el
        * [15.574389] Scanning c:/Users/threddast/.emacs.d/.local/straight/build-28.1/transient/transient-autoloads.el
        * [15.576609] Scanning c:/Users/threddast/.emacs.d/.local/straight/build-28.1/with-editor/with-editor-autoloads.el
        * [15.578788] Scanning c:/Users/threddast/.emacs.d/.local/straight/build-28.1/git-timemachine/git-timemachine-autoloads.el
        * [15.580852] Scanning c:/Users/threddast/.emacs.d/.local/straight/build-28.1/git-modes/git-modes-autoloads.el
        * [15.582997] Scanning c:/Users/threddast/.emacs.d/.local/straight/build-28.1/flycheck-popup-tip/flycheck-popup-tip-autoloads.el
        * [15.585086] Scanning c:/Users/threddast/.emacs.d/.local/straight/build-28.1/popup/popup-autoloads.el
        * [15.587096] Scanning c:/Users/threddast/.emacs.d/.local/straight/build-28.1/quickrun/quickrun-autoloads.el
        * [15.589287] Scanning c:/Users/threddast/.emacs.d/.local/straight/build-28.1/eros/eros-autoloads.el
        * [15.591379] Scanning c:/Users/threddast/.emacs.d/.local/straight/build-28.1/dumb-jump/dumb-jump-autoloads.el
        * [15.593605] Scanning c:/Users/threddast/.emacs.d/.local/straight/build-28.1/request/request-autoloads.el
        * [15.595668] Scanning c:/Users/threddast/.emacs.d/.local/straight/build-28.1/magit/magit-autoloads.el
        * [15.599886] Scanning c:/Users/threddast/.emacs.d/.local/straight/build-28.1/magit-section/magit-section-autoloads.el
        * [15.602027] Scanning c:/Users/threddast/.emacs.d/.local/straight/build-28.1/magit-gitflow/magit-gitflow-autoloads.el
        * [15.604136] Scanning c:/Users/threddast/.emacs.d/.local/straight/build-28.1/magit-popup/magit-popup-autoloads.el
        * [15.606175] Scanning c:/Users/threddast/.emacs.d/.local/straight/build-28.1/magit-todos/magit-todos-autoloads.el
        * [15.608306] Scanning c:/Users/threddast/.emacs.d/.local/straight/build-28.1/async/async-autoloads.el
        * [15.610635] Scanning c:/Users/threddast/.emacs.d/.local/straight/build-28.1/code-review/code-review-autoloads.el
        * [15.613000] Scanning c:/Users/threddast/.emacs.d/.local/straight/build-28.1/closql/closql-autoloads.el
        * [15.615024] Scanning c:/Users/threddast/.emacs.d/.local/straight/build-28.1/a/a-autoloads.el
        * [15.617040] Scanning c:/Users/threddast/.emacs.d/.local/straight/build-28.1/ghub/ghub-autoloads.el
        * [15.619139] Scanning c:/Users/threddast/.emacs.d/.local/straight/build-28.1/treepy/treepy-autoloads.el
        * [15.621149] Scanning c:/Users/threddast/.emacs.d/.local/straight/build-28.1/uuidgen/uuidgen-autoloads.el
        * [15.623258] Scanning c:/Users/threddast/.emacs.d/.local/straight/build-28.1/deferred/deferred-autoloads.el
        * [15.625274] Scanning c:/Users/threddast/.emacs.d/.local/straight/build-28.1/markdown-mode/markdown-mode-autoloads.el
        * [15.627406] Scanning c:/Users/threddast/.emacs.d/.local/straight/build-28.1/forge/forge-autoloads.el
        * [15.629872] Scanning c:/Users/threddast/.emacs.d/.local/straight/build-28.1/emacsql-sqlite/emacsql-sqlite-autoloads.el
        * [15.631978] Scanning c:/Users/threddast/.emacs.d/.local/straight/build-28.1/emacsql/emacsql-autoloads.el
        * [15.634025] Scanning c:/Users/threddast/.emacs.d/.local/straight/build-28.1/yaml/yaml-autoloads.el
        * [15.636005] Scanning c:/Users/threddast/.emacs.d/.local/straight/build-28.1/emojify/emojify-autoloads.el
        * [15.638111] Scanning c:/Users/threddast/.emacs.d/.local/straight/build-28.1/ht/ht-autoloads.el
        * [15.640121] Scanning c:/Users/threddast/.emacs.d/.local/straight/build-28.1/highlight-quoted/highlight-quoted-autoloads.el
        * [15.642184] Scanning c:/Users/threddast/.emacs.d/.local/straight/build-28.1/macrostep/macrostep-autoloads.el
        * [15.644319] Scanning c:/Users/threddast/.emacs.d/.local/straight/build-28.1/overseer/overseer-autoloads.el
        * [15.646466] Scanning c:/Users/threddast/.emacs.d/.local/straight/build-28.1/elisp-def/elisp-def-autoloads.el
        * [15.648539] Scanning c:/Users/threddast/.emacs.d/.local/straight/build-28.1/elisp-demos/elisp-demos-autoloads.el
        * [15.650597] Scanning c:/Users/threddast/.emacs.d/.local/straight/build-28.1/flycheck-package/flycheck-package-autoloads.el
        * [15.652608] Scanning c:/Users/threddast/.emacs.d/.local/straight/build-28.1/package-lint/package-lint-autoloads.el
        * [15.654659] Scanning c:/Users/threddast/.emacs.d/.local/straight/build-28.1/flycheck-cask/flycheck-cask-autoloads.el
        * [15.656752] Scanning c:/Users/threddast/.emacs.d/.local/straight/build-28.1/buttercup/buttercup-autoloads.el
        * [15.658939] Scanning c:/Users/threddast/.emacs.d/.local/straight/build-28.1/markdown-toc/markdown-toc-autoloads.el
        * [15.661240] Scanning c:/Users/threddast/.emacs.d/.local/straight/build-28.1/edit-indirect/edit-indirect-autoloads.el
        * [15.663346] Scanning c:/Users/threddast/.emacs.d/.local/straight/build-28.1/evil-markdown/evil-markdown-autoloads.el
        * [15.665434] Scanning c:/Users/threddast/.emacs.d/.local/straight/build-28.1/org/org-autoloads.el
        * [15.668301] Scanning c:/Users/threddast/.emacs.d/.local/straight/build-28.1/org-contrib/org-contrib-autoloads.el
        * [15.670763] Scanning c:/Users/threddast/.emacs.d/.local/straight/build-28.1/htmlize/htmlize-autoloads.el
        * [15.673031] Scanning c:/Users/threddast/.emacs.d/.local/straight/build-28.1/org-yt/org-yt-autoloads.el
        * [15.675090] Scanning c:/Users/threddast/.emacs.d/.local/straight/build-28.1/ox-clip/ox-clip-autoloads.el
        * [15.677236] Scanning c:/Users/threddast/.emacs.d/.local/straight/build-28.1/toc-org/toc-org-autoloads.el
        * [15.679297] Scanning c:/Users/threddast/.emacs.d/.local/straight/build-28.1/org-cliplink/org-cliplink-autoloads.el
        * [15.681431] Scanning c:/Users/threddast/.emacs.d/.local/straight/build-28.1/evil-org/evil-org-autoloads.el
        * [15.683560] Scanning c:/Users/threddast/.emacs.d/.local/straight/build-28.1/orgit/orgit-autoloads.el
        * [15.685793] Scanning c:/Users/threddast/.emacs.d/.local/straight/build-28.1/ob-async/ob-async-autoloads.el
        * [15.687878] Scanning c:/Users/threddast/.emacs.d/.local/straight/build-28.1/drag-stuff/drag-stuff-autoloads.el
        * [15.690073] Scanning c:/Users/threddast/.emacs.d/.local/straight/build-28.1/link-hint/link-hint-autoloads.el
        * [15.692219] Scanning c:/Users/threddast/.emacs.d/.local/straight/build-28.1/company-box/company-box-autoloads.el
        * [15.694323] Scanning c:/Users/threddast/.emacs.d/.local/straight/build-28.1/frame-local/frame-local-autoloads.el
        * [15.696351] Scanning c:/Users/threddast/.emacs.d/.local/straight/build-28.1/treemacs/treemacs-autoloads.el
        * [15.699066] Scanning c:/Users/threddast/.emacs.d/.local/straight/build-28.1/ace-window/ace-window-autoloads.el
        * [15.701323] Scanning c:/Users/threddast/.emacs.d/.local/straight/build-28.1/pfuture/pfuture-autoloads.el
        * [15.703403] Scanning c:/Users/threddast/.emacs.d/.local/straight/build-28.1/hydra/hydra-autoloads.el
        * [15.705612] Scanning c:/Users/threddast/.emacs.d/.local/straight/build-28.1/lv/lv-autoloads.el
        * [15.707622] Scanning c:/Users/threddast/.emacs.d/.local/straight/build-28.1/cfrs/cfrs-autoloads.el
        * [15.709692] Scanning c:/Users/threddast/.emacs.d/.local/straight/build-28.1/posframe/posframe-autoloads.el
        * [15.711849] Scanning c:/Users/threddast/.emacs.d/.local/straight/build-28.1/treemacs-evil/treemacs-evil-autoloads.el
        * [15.713875] Scanning c:/Users/threddast/.emacs.d/.local/straight/build-28.1/treemacs-projectile/treemacs-projectile-autoloads.el
        * [15.715930] Scanning c:/Users/threddast/.emacs.d/.local/straight/build-28.1/treemacs-magit/treemacs-magit-autoloads.el
        * [15.717922] Scanning c:/Users/threddast/.emacs.d/.local/straight/build-28.1/lsp-treemacs/lsp-treemacs-autoloads.el
        * [15.720092] Scanning c:/Users/threddast/.emacs.d/.local/straight/build-28.1/lsp-mode/lsp-mode-autoloads.el
        * [15.722987] Scanning c:/Users/threddast/.emacs.d/.local/straight/build-28.1/spinner/spinner-autoloads.el
        * [15.725216] Scanning c:/Users/threddast/.emacs.d/.local/straight/build-28.1/format-all/format-all-autoloads.el
        * [15.727426] Scanning c:/Users/threddast/.emacs.d/.local/straight/build-28.1/lispy/lispy-autoloads.el
        * [15.729687] Scanning c:/Users/threddast/.emacs.d/.local/straight/build-28.1/iedit/iedit-autoloads.el
        * [15.731866] Scanning c:/Users/threddast/.emacs.d/.local/straight/build-28.1/swiper/swiper-autoloads.el
        * [15.733959] Scanning c:/Users/threddast/.emacs.d/.local/straight/build-28.1/ivy/ivy-autoloads.el
        * [15.736095] Scanning c:/Users/threddast/.emacs.d/.local/straight/build-28.1/zoutline/zoutline-autoloads.el
        * [15.738096] Scanning c:/Users/threddast/.emacs.d/.local/straight/build-28.1/lispyville/lispyville-autoloads.el
        * [15.740201] Scanning c:/Users/threddast/.emacs.d/.local/straight/build-28.1/vterm/vterm-autoloads.el
        * [15.742346] Scanning c:/Users/threddast/.emacs.d/.local/straight/build-28.1/flycheck-posframe/flycheck-posframe-autoloads.el
        * [15.744366] Scanning c:/Users/threddast/.emacs.d/.local/straight/build-28.1/flyspell-correct/flyspell-correct-autoloads.el
        * [15.746508] Scanning c:/Users/threddast/.emacs.d/.local/straight/build-28.1/flyspell-lazy/flyspell-lazy-autoloads.el
        * [15.748802] Scanning c:/Users/threddast/.emacs.d/.local/straight/build-28.1/langtool/langtool-autoloads.el
        * [15.750819] Scanning c:/Users/threddast/.emacs.d/.local/straight/build-28.1/writegood-mode/writegood-mode-autoloads.el
        * [15.752855] Scanning c:/Users/threddast/.emacs.d/.local/straight/build-28.1/lsp-ui/lsp-ui-autoloads.el
        * [15.754937] Scanning c:/Users/threddast/.emacs.d/.local/straight/build-28.1/consult-lsp/consult-lsp-autoloads.el
        * [15.757057] Scanning c:/Users/threddast/.emacs.d/.local/straight/build-28.1/pdf-tools/pdf-tools-autoloads.el
        * [15.759626] Scanning c:/Users/threddast/.emacs.d/.local/straight/build-28.1/tablist/tablist-autoloads.el
        * [15.761780] Scanning c:/Users/threddast/.emacs.d/.local/straight/build-28.1/saveplace-pdf-view/saveplace-pdf-view-autoloads.el
        * [15.763810] Scanning c:/Users/threddast/.emacs.d/.local/straight/build-28.1/rainbow-mode/rainbow-mode-autoloads.el
        * [15.765875] Scanning c:/Users/threddast/.emacs.d/.local/straight/build-28.1/kurecolor/kurecolor-autoloads.el
        * [15.768087] Scanning c:/Users/threddast/.emacs.d/.local/straight/build-28.1/map/map-autoloads.el
        * [15.770095] Scanning c:/Users/threddast/.emacs.d/.local/straight/build-28.1/json-mode/json-mode-autoloads.el
        * [15.772355] Scanning c:/Users/threddast/.emacs.d/.local/straight/build-28.1/json-snatcher/json-snatcher-autoloads.el
        * [15.774341] Scanning c:/Users/threddast/.emacs.d/.local/straight/build-28.1/auctex/auctex-autoloads.el
        * [15.776850] Scanning c:/Users/threddast/.emacs.d/.local/straight/build-28.1/adaptive-wrap/adaptive-wrap-autoloads.el
        * [15.778920] Scanning c:/Users/threddast/.emacs.d/.local/straight/build-28.1/latex-preview-pane/latex-preview-pane-autoloads.el
        * [15.781069] Scanning c:/Users/threddast/.emacs.d/.local/straight/build-28.1/evil-tex/evil-tex-autoloads.el
        * [15.783135] Scanning c:/Users/threddast/.emacs.d/.local/straight/build-28.1/cdlatex/cdlatex-autoloads.el
        * [15.785386] Scanning c:/Users/threddast/.emacs.d/.local/straight/build-28.1/company-auctex/company-auctex-autoloads.el
        * [15.787568] Scanning c:/Users/threddast/.emacs.d/.local/straight/build-28.1/company-reftex/company-reftex-autoloads.el
        * [15.789607] Scanning c:/Users/threddast/.emacs.d/.local/straight/build-28.1/company-math/company-math-autoloads.el
        * [15.791626] Scanning c:/Users/threddast/.emacs.d/.local/straight/build-28.1/math-symbol-lists/math-symbol-lists-autoloads.el
        * [15.793722] Scanning c:/Users/threddast/.emacs.d/.local/straight/build-28.1/org-pdftools/org-pdftools-autoloads.el
        * [15.795900] Scanning c:/Users/threddast/.emacs.d/.local/straight/build-28.1/org-noter/org-noter-autoloads.el
        * [15.797983] Scanning c:/Users/threddast/.emacs.d/.local/straight/build-28.1/org-download/org-download-autoloads.el
        * [15.800055] Scanning c:/Users/threddast/.emacs.d/.local/straight/build-28.1/jupyter/jupyter-autoloads.el
        * [15.802713] Scanning c:/Users/threddast/.emacs.d/.local/straight/build-28.1/zmq/zmq-autoloads.el
        * [15.804745] Scanning c:/Users/threddast/.emacs.d/.local/straight/build-28.1/simple-httpd/simple-httpd-autoloads.el
        * [15.806802] Scanning c:/Users/threddast/.emacs.d/.local/straight/build-28.1/websocket/websocket-autoloads.el
        * [15.808753] Scanning c:/Users/threddast/.emacs.d/.local/straight/build-28.1/org-journal/org-journal-autoloads.el
        * [15.810862] Scanning c:/Users/threddast/.emacs.d/.local/straight/build-28.1/org-pomodoro/org-pomodoro-autoloads.el
        * [15.812961] Scanning c:/Users/threddast/.emacs.d/.local/straight/build-28.1/alert/alert-autoloads.el
        * [15.815069] Scanning c:/Users/threddast/.emacs.d/.local/straight/build-28.1/gntp/gntp-autoloads.el
        * [15.817090] Scanning c:/Users/threddast/.emacs.d/.local/straight/build-28.1/log4e/log4e-autoloads.el
        * [15.819096] Scanning c:/Users/threddast/.emacs.d/.local/straight/build-28.1/org-roam/org-roam-autoloads.el
        * [15.821377] Scanning c:/Users/threddast/.emacs.d/.local/straight/build-28.1/ox-pandoc/ox-pandoc-autoloads.el
        * [15.823855] Scanning c:/Users/threddast/.emacs.d/.local/straight/build-28.1/ox-hugo/ox-hugo-autoloads.el
        * [15.826173] Scanning c:/Users/threddast/.emacs.d/.local/straight/build-28.1/tomelr/tomelr-autoloads.el
        * [15.828195] Scanning c:/Users/threddast/.emacs.d/.local/straight/build-28.1/org-timeline/org-timeline-autoloads.el
        * [15.830228] Scanning c:/Users/threddast/.emacs.d/.local/straight/build-28.1/org-modern/org-modern-autoloads.el
        * [15.832396] Scanning c:/Users/threddast/.emacs.d/.local/straight/build-28.1/org-auto-tangle/org-auto-tangle-autoloads.el
        * [15.834712] Scanning c:/Users/threddast/.emacs.d/.local/straight/build-28.1/lorem-ipsum/lorem-ipsum-autoloads.el
        * [15.837195] Scanning c:/Users/threddast/.emacs.d/.local/straight/build-28.1/org-present/org-present-autoloads.el
        * [15.839296] Scanning c:/Users/threddast/.emacs.d/.local/straight/build-28.1/org-tree-slide/org-tree-slide-autoloads.el
        * [15.841549] Scanning c:/Users/threddast/.emacs.d/.local/straight/build-28.1/centered-window/centered-window-autoloads.el
        * [15.843674] Scanning c:/Users/threddast/.emacs.d/.local/straight/build-28.1/math-at-point/math-at-point-autoloads.el
        * [15.845859] Scanning c:/Users/threddast/.emacs.d/.local/straight/build-28.1/selectric-mode/selectric-mode-autoloads.el
        * [15.848098] Scanning c:/Users/threddast/.emacs.d/.local/straight/build-28.1/xkcd/xkcd-autoloads.el
        * [15.850216] Scanning c:/Users/threddast/.emacs.d/.local/straight/build-28.1/org-ql/org-ql-autoloads.el
        * [15.852522] Scanning c:/Users/threddast/.emacs.d/.local/straight/build-28.1/org-super-agenda/org-super-agenda-autoloads.el
        * [15.854673] Scanning c:/Users/threddast/.emacs.d/.local/straight/build-28.1/ts/ts-autoloads.el
        * [15.856676] Scanning c:/Users/threddast/.emacs.d/.local/straight/build-28.1/ov/ov-autoloads.el
        * [15.858713] Scanning c:/Users/threddast/.emacs.d/.local/straight/build-28.1/peg/peg-autoloads.el
        * [15.860735] Scanning c:/Users/threddast/.emacs.d/.local/straight/build-28.1/org-sidebar/org-sidebar-autoloads.el
        * [15.863069] Scanning c:/Users/threddast/.emacs.d/.local/straight/build-28.1/org-noter-pdftools/org-noter-pdftools-autoloads.el
    > Byte-compiling autoloads file...
    ✓ Generated .local/autoloads.28.1.elc
  - Restart Emacs or use 'M-x doom/reload' for changes to take effect
* [17.013973] Finished (GCs: 1, elapsed: 0.007906s)
✓ Finished in 17.01407s
