* [0.199492] Starting!
* [0.199530] doom-cli-run: (C:\Users\threddast\Programs\emacs-28.1\bin\emacs.exe -scriptload .\doom -- doctor)
* [0.199623] doom-cli-context-execute: found (doom)
* [0.199995] Autoloading c:/Users/threddast/.emacs.d/lisp/cli/doctor.el
* [0.202221] doom-cli-context-execute: found (doom doctor)
* [0.202414] doom-cli-context-execute: doom doctor
* [0.202743] doom-cli-execute: (:before) ((input) (context . #s(doom-cli-context (25359 51427 765653 0) 14656 -1 nil nil nil doom nil nil (doom doctor) nil (doctor) ((--eval) (-E) (--strict-load) (--load) (-L) (--color) (--profile) (--pager) (--emacsdir) (--doomdir) (--debug) (-D) (--force) (-!)) ((t) ((doom doctor)) ((doom) doctor))  *doom-cli stdin*  *doom-cli stdout*  *doom-cli stderr* nil)) (_) (evals) (loads) (color?) (profile) (pager) (emacsdir) (doomdir) (debug?) (force?))
* [0.202807] doom-cli-execute: (doom doctor) nil
The doctor will see you now...

> Checking your Emacs version...
> Checking for Doom's prerequisites...
> Checking for Emacs config conflicts...
> Checking for great Emacs features...
! Emacs was not built with native compilation support
  Users will see a substantial performance gain by building Emacs with
  native compilation support, availible in emacs 28+.  You must install
  a prebuilt Emacs binary with this included, or compile  Emacs with the
  --with-native-compilation option.
> Checking for private config conflicts...
> Checking for stale elc files...
> Checking for problematic git global settings...
> Checking Doom Emacs...
    * [[:editor evil] ] Initialized evil-collection-indent (too early!)
  ✓ Initialized Doom Emacs 3.0.0-dev
  ✓ Detected 38 modules
  ✓ Detected 167 packages
  > Checking Doom core for irregularities...
        * [[:editor evil] ] Initialized evil-collection-grep (too early!)
    ! Warning: unable to detect fonts because fontconfig isn't installed
  > Checking for stale elc files in your DOOMDIR...
  > Checking your enabled modules...
    > :completion vertico
      ! The installed grep binary was not built with support for PCRE lookaheads.
          Some advanced consult filtering features will not work as a result, see the module readme.
    > :term vterm
      ! Couldn't find cmake command. Vterm module won't compile
    > :checkers spell
      ! Couldn't find hunspell executable; spell checker will not work
    > :tools lsp
      ! Couldn't find npm, most server installers won't work and will have to be installed manually.
        For more information, see https://emacs-lsp.github.io/lsp-mode/page/languages/.
    > :lang markdown
      ! Couldn't find a markdown compiler, `markdown-preview' won't work
    > :lang org
      ! Couldn't find the dot executable (from graphviz). org-roam will not be able to generate graph visualizations.

There are 8 warnings!
Cleaning up the recentf list...
Cleaning up the recentf list...done (0 removed)
No projects needed to be removed.
* [16.842972] Finished (GCs: 2, elapsed: 0.111095s)
