* [0.194007] Starting!
* [0.194048] doom-cli-run: (C:\Users\threddast\Programs\emacs-28.1\bin\emacs.exe -scriptload .\doom -- sync -e)
* [0.194134] doom-cli-context-execute: found (doom)
* [0.194526] Autoloading c:/Users/threddast/.emacs.d/lisp/cli/sync.el
* [0.252617] doom-cli-context-execute: found (doom sync)
* [0.252889] Found switch: -e
* [0.253104] doom-cli-context-execute: doom sync
* [0.253401] doom-cli-execute: (:before) ((input) (context . #s(doom-cli-context (25360 52836 126500 0) 1344 -1 nil nil nil doom nil nil (doom sync) nil (sync -e) ((--jobs) (-j) (-p) (-u) (-c) (-e . -e) (--eval) (-E) (--strict-load) (--load) (-L) (--color) (--profile) (--pager) (--emacsdir) (--doomdir) (--debug) (-D) (--force) (-!)) ((t) ((doom sync) -e) ((doom) sync -e))  *doom-cli stdin*  *doom-cli stdout*  *doom-cli stderr* nil)) (_) (evals) (loads) (color?) (profile) (pager) (emacsdir) (doomdir) (debug?) (force?))
* [0.253454] doom-cli-execute: (:before doom build) nil
* [0.253482] Initializing straight
* [0.347073] Initializing recipes
* [0.350252] Installing core packages
* [0.350720] doom-cli-execute: (doom sync) ((jobs) (purge?) (update?) (noelc?) (noenvvar? . -e))
> Synchronizing "default" profile...
    * [0.351191] Initializing package.el
    * [0.443904] Initializing straight.el
  > Installing packages...
    - No packages need to be installed
  > (Re)building packages...
    - No packages need rebuilding
  > Purging orphaned packages (for the emperor)...
    - No builds to purge
    - Skipping elpa packages
    - Skipping repos
    - Skipping regrafting
  > (Re)generating autoloads file...
    > Generating autoloads file...
        * [14.198547] Scanning c:/Users/threddast/.emacs.d/lisp/lib/buffers.el
        * [14.202419] Scanning c:/Users/threddast/.emacs.d/lisp/lib/config.el
        * [14.205601] Scanning c:/Users/threddast/.emacs.d/lisp/lib/debug.el
        * [14.209143] Scanning c:/Users/threddast/.emacs.d/lisp/lib/docs.el
        * [14.212850] Scanning c:/Users/threddast/.emacs.d/lisp/lib/files.el
        * [14.215806] Scanning c:/Users/threddast/.emacs.d/lisp/lib/fonts.el
        * [14.218643] Scanning c:/Users/threddast/.emacs.d/lisp/lib/git.el
        * [14.220455] Scanning c:/Users/threddast/.emacs.d/lisp/lib/help.el
        * [14.225277] Scanning c:/Users/threddast/.emacs.d/lisp/lib/packages.el
        * [14.228951] Scanning c:/Users/threddast/.emacs.d/lisp/lib/plist.el
        * [14.231383] Scanning c:/Users/threddast/.emacs.d/lisp/lib/print.el
        * [14.235000] Scanning c:/Users/threddast/.emacs.d/lisp/lib/process.el
        * [14.237040] Scanning c:/Users/threddast/.emacs.d/lisp/lib/projects.el
        * [14.241631] Scanning c:/Users/threddast/.emacs.d/lisp/lib/sandbox.el
        * [14.244024] Scanning c:/Users/threddast/.emacs.d/lisp/lib/scratch.el
        * [14.246542] Scanning c:/Users/threddast/.emacs.d/lisp/lib/sessions.el
        * [14.248889] Scanning c:/Users/threddast/.emacs.d/lisp/lib/store.el
        * [14.251241] Scanning c:/Users/threddast/.emacs.d/lisp/lib/system.el
        * [14.253337] Scanning c:/Users/threddast/.emacs.d/lisp/lib/text.el
        * [14.256466] Scanning c:/Users/threddast/.emacs.d/lisp/lib/themes.el
        * [14.259355] Scanning c:/Users/threddast/.emacs.d/lisp/lib/ui.el
        * [14.263020] Scanning c:/Users/threddast/.emacs.d/modules/app/calendar/autoload.el
        * [14.264594] Scanning c:/Users/threddast/.emacs.d/modules/app/emms/autoload.el
        * [14.266190] Scanning c:/Users/threddast/.emacs.d/modules/app/irc/autoload/irc.el
        * [14.267958] Scanning c:/Users/threddast/.emacs.d/modules/app/irc/autoload/ivy.el
        * [14.269687] Scanning c:/Users/threddast/.emacs.d/modules/app/irc/autoload/settings.el
        * [14.271479] Scanning c:/Users/threddast/.emacs.d/modules/app/irc/autoload/vertico.el
        * [14.273229] Scanning c:/Users/threddast/.emacs.d/modules/app/rss/autoload.el
        * [14.274807] Scanning c:/Users/threddast/.emacs.d/modules/app/twitter/autoload.el
        * [14.276301] Scanning c:/Users/threddast/.emacs.d/modules/checkers/spell/autoload/+flyspell.el
        * [14.307841] Scanning c:/Users/threddast/.emacs.d/modules/checkers/spell/autoload/+spell-fu.el
        * [14.310945] Scanning c:/Users/threddast/.emacs.d/modules/checkers/syntax/autoload.el
        * [14.313406] Scanning c:/Users/threddast/.emacs.d/modules/completion/company/autoload.el
        * [14.316452] Scanning c:/Users/threddast/.emacs.d/modules/completion/helm/autoload/evil.el
        * [14.318401] Scanning c:/Users/threddast/.emacs.d/modules/completion/helm/autoload/helm.el
        * [14.320365] Scanning c:/Users/threddast/.emacs.d/modules/completion/helm/autoload/posframe.el
        * [14.322317] Scanning c:/Users/threddast/.emacs.d/modules/completion/ivy/autoload/evil.el
        * [14.324238] Scanning c:/Users/threddast/.emacs.d/modules/completion/ivy/autoload/hydras.el
        * [14.326158] Scanning c:/Users/threddast/.emacs.d/modules/completion/ivy/autoload/ivy.el
        * [14.328808] Scanning c:/Users/threddast/.emacs.d/modules/completion/ivy/autoload/posframe.el
        * [14.331588] Scanning c:/Users/threddast/.emacs.d/modules/completion/vertico/autoload/evil.el
        * [14.334618] Scanning c:/Users/threddast/.emacs.d/modules/completion/vertico/autoload/magit.el
        * [14.336630] Scanning c:/Users/threddast/.emacs.d/modules/completion/vertico/autoload/vertico.el
        * [14.340112] Scanning c:/Users/threddast/.emacs.d/modules/completion/vertico/autoload/workspaces.el
        * [14.342257] Scanning c:/Users/threddast/.emacs.d/modules/config/default/autoload/default.el
        * [14.344867] Scanning c:/Users/threddast/.emacs.d/modules/config/default/autoload/deferred.el
        * [14.347360] Scanning c:/Users/threddast/.emacs.d/modules/config/default/autoload/files.el
        * [14.349982] Scanning c:/Users/threddast/.emacs.d/modules/config/default/autoload/search.el
        * [14.352819] Scanning c:/Users/threddast/.emacs.d/modules/config/default/autoload/text.el
        * [14.355765] Scanning c:/Users/threddast/.emacs.d/modules/config/literate/autoload.el
        * [14.357284] Scanning c:/Users/threddast/.emacs.d/modules/editor/evil/autoload/advice.el
        * [14.360827] Scanning c:/Users/threddast/.emacs.d/modules/editor/evil/autoload/embrace.el
        * [14.363459] Scanning c:/Users/threddast/.emacs.d/modules/editor/evil/autoload/evil.el
        * [14.366950] Scanning c:/Users/threddast/.emacs.d/modules/editor/evil/autoload/ex.el
        * [14.370200] Scanning c:/Users/threddast/.emacs.d/modules/editor/evil/autoload/files.el
        * [14.373108] Scanning c:/Users/threddast/.emacs.d/modules/editor/evil/autoload/textobjects.el
        * [14.376119] Scanning c:/Users/threddast/.emacs.d/modules/editor/evil/autoload/unimpaired.el
        * [14.379923] Scanning c:/Users/threddast/.emacs.d/modules/editor/file-templates/autoload.el
        * [14.382827] Scanning c:/Users/threddast/.emacs.d/modules/editor/fold/autoload/fold.el
        * [14.385673] Scanning c:/Users/threddast/.emacs.d/modules/editor/fold/autoload/hideshow.el
        * [14.388192] Scanning c:/Users/threddast/.emacs.d/modules/editor/format/autoload/evil.el
        * [14.391000] Scanning c:/Users/threddast/.emacs.d/modules/editor/format/autoload/format.el
        * [14.414401] Scanning c:/Users/threddast/.emacs.d/modules/editor/format/autoload/settings.el
        * [14.417258] Scanning c:/Users/threddast/.emacs.d/modules/editor/god/autoload.el
        * [14.418726] Scanning c:/Users/threddast/.emacs.d/modules/editor/multiple-cursors/autoload/evil-mc.el
        * [14.420555] Scanning c:/Users/threddast/.emacs.d/modules/editor/rotate-text/autoload.el
        * [14.422069] Scanning c:/Users/threddast/.emacs.d/modules/editor/snippets/autoload/settings.el
        * [14.424429] Scanning c:/Users/threddast/.emacs.d/modules/editor/snippets/autoload/snippets.el
        * [14.427949] Scanning c:/Users/threddast/.emacs.d/modules/editor/word-wrap/autoload.el
        * [14.429434] Scanning c:/Users/threddast/.emacs.d/modules/emacs/dired/autoload.el
        * [14.431514] Scanning c:/Users/threddast/.emacs.d/modules/emacs/electric/autoload.el
        * [14.433672] Scanning c:/Users/threddast/.emacs.d/modules/emacs/ibuffer/autoload/workspaces.el
        * [14.435402] Scanning c:/Users/threddast/.emacs.d/modules/emacs/vc/autoload/bug-reference-backport.el
        * [14.437407] Scanning c:/Users/threddast/.emacs.d/modules/emacs/vc/autoload/hydra.el
        * [14.439371] Scanning c:/Users/threddast/.emacs.d/modules/emacs/vc/autoload/vc.el
        * [14.442110] Scanning c:/Users/threddast/.emacs.d/modules/email/mu4e/autoload/advice.el
        * [14.444011] Scanning c:/Users/threddast/.emacs.d/modules/email/mu4e/autoload/email.el
        * [14.445967] Scanning c:/Users/threddast/.emacs.d/modules/email/mu4e/autoload/evil.el
        * [14.447702] Scanning c:/Users/threddast/.emacs.d/modules/email/mu4e/autoload/mu-lock.el
        * [14.449446] Scanning c:/Users/threddast/.emacs.d/modules/email/notmuch/autoload.el
        * [14.450955] Scanning c:/Users/threddast/.emacs.d/modules/email/wanderlust/autoload.el
        * [14.452395] Scanning c:/Users/threddast/.emacs.d/modules/input/layout/autoload/bepo.el
        * [14.454170] Scanning c:/Users/threddast/.emacs.d/modules/lang/beancount/autoload.el
        * [14.455684] Scanning c:/Users/threddast/.emacs.d/modules/lang/cc/autoload.el
        * [14.457258] Scanning c:/Users/threddast/.emacs.d/modules/lang/clojure/autoload.el
        * [14.458869] Scanning c:/Users/threddast/.emacs.d/modules/lang/common-lisp/autoload/common-lisp.el
        * [14.460614] Scanning c:/Users/threddast/.emacs.d/modules/lang/csharp/autoload.el
        * [14.462060] Scanning c:/Users/threddast/.emacs.d/modules/lang/emacs-lisp/autoload.el
        * [14.465185] Scanning c:/Users/threddast/.emacs.d/modules/lang/ess/autoload.el
        * [14.466644] Scanning c:/Users/threddast/.emacs.d/modules/lang/faust/autoload.el
        * [14.468091] Scanning c:/Users/threddast/.emacs.d/modules/lang/fortran/autoload.el
        * [14.469572] Scanning c:/Users/threddast/.emacs.d/modules/lang/go/autoload.el
        * [14.471046] Scanning c:/Users/threddast/.emacs.d/modules/lang/graphql/autoload.el
        * [14.472487] Scanning c:/Users/threddast/.emacs.d/modules/lang/haskell/autoload.el
        * [14.473945] Scanning c:/Users/threddast/.emacs.d/modules/lang/java/autoload/java.el
        * [14.475796] Scanning c:/Users/threddast/.emacs.d/modules/lang/java/autoload/lsp.el
        * [14.477511] Scanning c:/Users/threddast/.emacs.d/modules/lang/javascript/autoload.el
        * [14.478996] Scanning c:/Users/threddast/.emacs.d/modules/lang/julia/autoload.el
        * [14.480447] Scanning c:/Users/threddast/.emacs.d/modules/lang/kotlin/autoload.el
        * [14.481886] Scanning c:/Users/threddast/.emacs.d/modules/lang/latex/autoload.el
        * [14.484149] Scanning c:/Users/threddast/.emacs.d/modules/lang/lua/autoload/lua.el
        * [14.485888] Scanning c:/Users/threddast/.emacs.d/modules/lang/lua/autoload/moonscript.el
        * [14.487610] Scanning c:/Users/threddast/.emacs.d/modules/lang/markdown/autoload.el
        * [14.490055] Scanning c:/Users/threddast/.emacs.d/modules/lang/nix/autoload.el
        * [14.491740] Scanning c:/Users/threddast/.emacs.d/modules/lang/ocaml/autoload.el
        * [14.493193] Scanning c:/Users/threddast/.emacs.d/modules/lang/org/autoload/contrib-ipython.el
        * [14.495248] Scanning c:/Users/threddast/.emacs.d/modules/lang/org/autoload/contrib-present.el
        * [14.497282] Scanning c:/Users/threddast/.emacs.d/modules/lang/org/autoload/contrib-roam2.el
        * [14.500518] Scanning c:/Users/threddast/.emacs.d/modules/lang/org/autoload/org-attach.el
        * [14.502988] Scanning c:/Users/threddast/.emacs.d/modules/lang/org/autoload/org-avy.el
        * [14.505275] Scanning c:/Users/threddast/.emacs.d/modules/lang/org/autoload/org-babel.el
        * [14.508092] Scanning c:/Users/threddast/.emacs.d/modules/lang/org/autoload/org-capture.el
        * [14.511017] Scanning c:/Users/threddast/.emacs.d/modules/lang/org/autoload/org-export.el
        * [14.513488] Scanning c:/Users/threddast/.emacs.d/modules/lang/org/autoload/org-link.el
        * [14.516336] Scanning c:/Users/threddast/.emacs.d/modules/lang/org/autoload/org-refile.el
        * [14.519048] Scanning c:/Users/threddast/.emacs.d/modules/lang/org/autoload/org-tables.el
        * [14.521702] Scanning c:/Users/threddast/.emacs.d/modules/lang/org/autoload/org.el
        * [14.526263] Scanning c:/Users/threddast/.emacs.d/modules/lang/php/autoload.el
        * [14.573829] Scanning c:/Users/threddast/.emacs.d/modules/lang/plantuml/autoload.el
        * [14.576791] Scanning c:/Users/threddast/.emacs.d/modules/lang/python/autoload/conda.el
        * [14.579069] Scanning c:/Users/threddast/.emacs.d/modules/lang/python/autoload/pyenv.el
        * [14.581308] Scanning c:/Users/threddast/.emacs.d/modules/lang/python/autoload/python.el
        * [14.583576] Scanning c:/Users/threddast/.emacs.d/modules/lang/qt/autoload.el
        * [14.585584] Scanning c:/Users/threddast/.emacs.d/modules/lang/racket/autoload.el
        * [14.587467] Scanning c:/Users/threddast/.emacs.d/modules/lang/rest/autoload.el
        * [14.589322] Scanning c:/Users/threddast/.emacs.d/modules/lang/ruby/autoload.el
        * [14.591134] Scanning c:/Users/threddast/.emacs.d/modules/lang/rust/autoload.el
        * [14.592926] Scanning c:/Users/threddast/.emacs.d/modules/lang/scala/autoload.el
        * [14.594643] Scanning c:/Users/threddast/.emacs.d/modules/lang/scheme/autoload.el
        * [14.596377] Scanning c:/Users/threddast/.emacs.d/modules/lang/sh/autoload.el
        * [14.598047] Scanning c:/Users/threddast/.emacs.d/modules/lang/terra/autoload.el
        * [14.599731] Scanning c:/Users/threddast/.emacs.d/modules/lang/web/autoload/css.el
        * [14.601683] Scanning c:/Users/threddast/.emacs.d/modules/lang/web/autoload/evil.el
        * [14.603524] Scanning c:/Users/threddast/.emacs.d/modules/lang/web/autoload/html.el
        * [14.605421] Scanning c:/Users/threddast/.emacs.d/modules/os/macos/autoload.el
        * [14.607059] Scanning c:/Users/threddast/.emacs.d/modules/term/eshell/autoload/backport.el
        * [14.608943] Scanning c:/Users/threddast/.emacs.d/modules/term/eshell/autoload/commands.el
        * [14.610685] Scanning c:/Users/threddast/.emacs.d/modules/term/eshell/autoload/company.el
        * [14.612449] Scanning c:/Users/threddast/.emacs.d/modules/term/eshell/autoload/eshell.el
        * [14.614304] Scanning c:/Users/threddast/.emacs.d/modules/term/eshell/autoload/evil.el
        * [14.616068] Scanning c:/Users/threddast/.emacs.d/modules/term/eshell/autoload/prompts.el
        * [14.617816] Scanning c:/Users/threddast/.emacs.d/modules/term/eshell/autoload/settings.el
        * [14.619744] Scanning c:/Users/threddast/.emacs.d/modules/term/shell/autoload.el
        * [14.621273] Scanning c:/Users/threddast/.emacs.d/modules/term/term/autoload.el
        * [14.622757] Scanning c:/Users/threddast/.emacs.d/modules/term/vterm/autoload.el
        * [14.625111] Scanning c:/Users/threddast/.emacs.d/modules/tools/debugger/autoload/debugger.el
        * [14.626906] Scanning c:/Users/threddast/.emacs.d/modules/tools/debugger/autoload/evil.el
        * [14.628606] Scanning c:/Users/threddast/.emacs.d/modules/tools/editorconfig/autoload.el
        * [14.630081] Scanning c:/Users/threddast/.emacs.d/modules/tools/eval/autoload/eval.el
        * [14.632935] Scanning c:/Users/threddast/.emacs.d/modules/tools/eval/autoload/evil.el
        * [14.635876] Scanning c:/Users/threddast/.emacs.d/modules/tools/eval/autoload/repl.el
        * [14.638548] Scanning c:/Users/threddast/.emacs.d/modules/tools/eval/autoload/settings.el
        * [14.641250] Scanning c:/Users/threddast/.emacs.d/modules/tools/gist/autoload/evil.el
        * [14.642958] Scanning c:/Users/threddast/.emacs.d/modules/tools/lookup/autoload/docsets.el
        * [14.645091] Scanning c:/Users/threddast/.emacs.d/modules/tools/lookup/autoload/evil.el
        * [14.648038] Scanning c:/Users/threddast/.emacs.d/modules/tools/lookup/autoload/lookup.el
        * [14.651628] Scanning c:/Users/threddast/.emacs.d/modules/tools/lookup/autoload/online.el
        * [14.654289] Scanning c:/Users/threddast/.emacs.d/modules/tools/lookup/autoload/xwidget.el
        * [14.656661] Scanning c:/Users/threddast/.emacs.d/modules/tools/lsp/autoload/common.el
        * [14.658384] Scanning c:/Users/threddast/.emacs.d/modules/tools/lsp/autoload/eglot.el
        * [14.660148] Scanning c:/Users/threddast/.emacs.d/modules/tools/lsp/autoload/flycheck-eglot.el
        * [14.661887] Scanning c:/Users/threddast/.emacs.d/modules/tools/lsp/autoload/lsp-mode.el
        * [14.663659] Scanning c:/Users/threddast/.emacs.d/modules/tools/magit/autoload.el
        * [14.665161] Scanning c:/Users/threddast/.emacs.d/modules/tools/make/autoload.el
        * [14.666650] Scanning c:/Users/threddast/.emacs.d/modules/tools/pass/autoload/consult.el
        * [14.668367] Scanning c:/Users/threddast/.emacs.d/modules/tools/pass/autoload/ivy.el
        * [14.670059] Scanning c:/Users/threddast/.emacs.d/modules/tools/pass/autoload/pass.el
        * [14.671713] Scanning c:/Users/threddast/.emacs.d/modules/tools/prodigy/autoload.el
        * [14.673071] Scanning c:/Users/threddast/.emacs.d/modules/tools/rgb/autoload.el
        * [14.674670] Scanning c:/Users/threddast/.emacs.d/modules/tools/taskrunner/autoload.el
        * [14.676051] Scanning c:/Users/threddast/.emacs.d/modules/tools/tmux/autoload/evil.el
        * [14.677693] Scanning c:/Users/threddast/.emacs.d/modules/tools/tmux/autoload/tmux.el
        * [14.679386] Scanning c:/Users/threddast/.emacs.d/modules/tools/tree-sitter/autoload.el
        * [14.680839] Scanning c:/Users/threddast/.emacs.d/modules/ui/doom-dashboard/autoload.el
        * [14.683252] Scanning c:/Users/threddast/.emacs.d/modules/ui/hydra/autoload/windows.el
        * [14.685272] Scanning c:/Users/threddast/.emacs.d/modules/ui/ligatures/autoload/install.el
        * [14.687562] Scanning c:/Users/threddast/.emacs.d/modules/ui/ligatures/autoload/ligatures.el
        * [14.690415] Scanning c:/Users/threddast/.emacs.d/modules/ui/modeline/autoload.el
        * [14.692598] Scanning c:/Users/threddast/.emacs.d/modules/ui/nav-flash/autoload.el
        * [14.694053] Scanning c:/Users/threddast/.emacs.d/modules/ui/neotree/autoload.el
        * [14.695504] Scanning c:/Users/threddast/.emacs.d/modules/ui/popup/autoload/popup.el
        * [14.699668] Scanning c:/Users/threddast/.emacs.d/modules/ui/popup/autoload/settings.el
        * [14.702754] Scanning c:/Users/threddast/.emacs.d/modules/ui/tabs/autoload.el
        * [14.704232] Scanning c:/Users/threddast/.emacs.d/modules/ui/treemacs/autoload.el
        * [14.705691] Scanning c:/Users/threddast/.emacs.d/modules/ui/unicode/autoload.el
        * [14.707205] Scanning c:/Users/threddast/.emacs.d/modules/ui/vc-gutter/autoload/diff-hl.el
        * [14.709167] Scanning c:/Users/threddast/.emacs.d/modules/ui/vc-gutter/autoload/git-gutter.el
        * [14.711501] Scanning c:/Users/threddast/.emacs.d/modules/ui/vi-tilde-fringe/autoload.el
        * [14.713563] Scanning c:/Users/threddast/.emacs.d/modules/ui/workspaces/autoload/evil.el
        * [14.715344] Scanning c:/Users/threddast/.emacs.d/modules/ui/workspaces/autoload/workspaces.el
        * [14.717307] Scanning c:/Users/threddast/.emacs.d/modules/ui/zen/autoload.el
        * [14.725845] Scanning c:/Users/threddast/.emacs.d/.local/straight/build-28.1/straight/straight-autoloads.el
        * [14.728186] Scanning c:/Users/threddast/.emacs.d/.local/straight/build-28.1/use-package/use-package-autoloads.el
        * [14.730347] Scanning c:/Users/threddast/.emacs.d/.local/straight/build-28.1/bind-key/bind-key-autoloads.el
        * [14.732253] Scanning c:/Users/threddast/.emacs.d/.local/straight/build-28.1/auto-minor-mode/auto-minor-mode-autoloads.el
        * [14.734177] Scanning c:/Users/threddast/.emacs.d/.local/straight/build-28.1/gcmh/gcmh-autoloads.el
        * [14.736116] Scanning c:/Users/threddast/.emacs.d/.local/straight/build-28.1/explain-pause-mode/explain-pause-mode-autoloads.el
        * [14.738000] Scanning c:/Users/threddast/.emacs.d/.local/straight/build-28.1/all-the-icons/all-the-icons-autoloads.el
        * [14.740028] Scanning c:/Users/threddast/.emacs.d/.local/straight/build-28.1/hide-mode-line/hide-mode-line-autoloads.el
        * [14.742011] Scanning c:/Users/threddast/.emacs.d/.local/straight/build-28.1/highlight-numbers/highlight-numbers-autoloads.el
        * [14.743884] Scanning c:/Users/threddast/.emacs.d/.local/straight/build-28.1/parent-mode/parent-mode-autoloads.el
        * [14.745783] Scanning c:/Users/threddast/.emacs.d/.local/straight/build-28.1/rainbow-delimiters/rainbow-delimiters-autoloads.el
        * [14.747618] Scanning c:/Users/threddast/.emacs.d/.local/straight/build-28.1/restart-emacs/restart-emacs-autoloads.el
        * [14.749500] Scanning c:/Users/threddast/.emacs.d/.local/straight/build-28.1/better-jumper/better-jumper-autoloads.el
        * [14.751348] Scanning c:/Users/threddast/.emacs.d/.local/straight/build-28.1/dtrt-indent/dtrt-indent-autoloads.el
        * [14.753291] Scanning c:/Users/threddast/.emacs.d/.local/straight/build-28.1/helpful/helpful-autoloads.el
        * [14.755187] Scanning c:/Users/threddast/.emacs.d/.local/straight/build-28.1/dash/dash-autoloads.el
        * [14.757136] Scanning c:/Users/threddast/.emacs.d/.local/straight/build-28.1/s/s-autoloads.el
        * [14.758905] Scanning c:/Users/threddast/.emacs.d/.local/straight/build-28.1/f/f-autoloads.el
        * [14.760669] Scanning c:/Users/threddast/.emacs.d/.local/straight/build-28.1/elisp-refs/elisp-refs-autoloads.el
        * [14.762537] Scanning c:/Users/threddast/.emacs.d/.local/straight/build-28.1/pcre2el/pcre2el-autoloads.el
        * [14.764522] Scanning c:/Users/threddast/.emacs.d/.local/straight/build-28.1/smartparens/smartparens-autoloads.el
        * [14.766758] Scanning c:/Users/threddast/.emacs.d/.local/straight/build-28.1/ws-butler/ws-butler-autoloads.el
        * [14.768659] Scanning c:/Users/threddast/.emacs.d/.local/straight/build-28.1/projectile/projectile-autoloads.el
        * [14.771030] Scanning c:/Users/threddast/.emacs.d/.local/straight/build-28.1/project/project-autoloads.el
        * [14.773134] Scanning c:/Users/threddast/.emacs.d/.local/straight/build-28.1/xref/xref-autoloads.el
        * [14.775065] Scanning c:/Users/threddast/.emacs.d/.local/straight/build-28.1/general/general-autoloads.el
        * [14.777255] Scanning c:/Users/threddast/.emacs.d/.local/straight/build-28.1/which-key/which-key-autoloads.el
        * [14.779234] Scanning c:/Users/threddast/.emacs.d/.local/straight/build-28.1/company/company-autoloads.el
        * [14.781441] Scanning c:/Users/threddast/.emacs.d/.local/straight/build-28.1/company-dict/company-dict-autoloads.el
        * [14.783287] Scanning c:/Users/threddast/.emacs.d/.local/straight/build-28.1/vertico/vertico-autoloads.el
        * [14.785664] Scanning c:/Users/threddast/.emacs.d/.local/straight/build-28.1/orderless/orderless-autoloads.el
        * [14.787590] Scanning c:/Users/threddast/.emacs.d/.local/straight/build-28.1/consult/consult-autoloads.el
        * [14.789933] Scanning c:/Users/threddast/.emacs.d/.local/straight/build-28.1/compat/compat-autoloads.el
        * [14.791805] Scanning c:/Users/threddast/.emacs.d/.local/straight/build-28.1/consult-dir/consult-dir-autoloads.el
        * [14.793670] Scanning c:/Users/threddast/.emacs.d/.local/straight/build-28.1/consult-flycheck/consult-flycheck-autoloads.el
        * [14.795481] Scanning c:/Users/threddast/.emacs.d/.local/straight/build-28.1/flycheck/flycheck-autoloads.el
        * [14.797537] Scanning c:/Users/threddast/.emacs.d/.local/straight/build-28.1/pkg-info/pkg-info-autoloads.el
        * [14.799376] Scanning c:/Users/threddast/.emacs.d/.local/straight/build-28.1/epl/epl-autoloads.el
        * [14.801204] Scanning c:/Users/threddast/.emacs.d/.local/straight/build-28.1/embark/embark-autoloads.el
        * [14.803102] Scanning c:/Users/threddast/.emacs.d/.local/straight/build-28.1/embark-consult/embark-consult-autoloads.el
        * [14.804878] Scanning c:/Users/threddast/.emacs.d/.local/straight/build-28.1/marginalia/marginalia-autoloads.el
        * [14.806821] Scanning c:/Users/threddast/.emacs.d/.local/straight/build-28.1/wgrep/wgrep-autoloads.el
        * [14.808635] Scanning c:/Users/threddast/.emacs.d/.local/straight/build-28.1/doom-themes/doom-themes-autoloads.el
        * [14.811190] Scanning c:/Users/threddast/.emacs.d/.local/straight/build-28.1/solaire-mode/solaire-mode-autoloads.el
        * [14.813119] Scanning c:/Users/threddast/.emacs.d/.local/straight/build-28.1/hl-todo/hl-todo-autoloads.el
        * [14.815138] Scanning c:/Users/threddast/.emacs.d/.local/straight/build-28.1/doom-modeline/doom-modeline-autoloads.el
        * [14.817170] Scanning c:/Users/threddast/.emacs.d/.local/straight/build-28.1/shrink-path/shrink-path-autoloads.el
        * [14.818992] Scanning c:/Users/threddast/.emacs.d/.local/straight/build-28.1/anzu/anzu-autoloads.el
        * [14.820982] Scanning c:/Users/threddast/.emacs.d/.local/straight/build-28.1/evil-anzu/evil-anzu-autoloads.el
        * [14.822810] Scanning c:/Users/threddast/.emacs.d/.local/straight/build-28.1/evil/evil-autoloads.el
        * [14.824858] Scanning c:/Users/threddast/.emacs.d/.local/straight/build-28.1/goto-chg/goto-chg-autoloads.el
        * [14.826780] Scanning c:/Users/threddast/.emacs.d/.local/straight/build-28.1/evil-goggles/evil-goggles-autoloads.el
        * [14.828678] Scanning c:/Users/threddast/.emacs.d/.local/straight/build-28.1/git-gutter-fringe/git-gutter-fringe-autoloads.el
        * [14.830526] Scanning c:/Users/threddast/.emacs.d/.local/straight/build-28.1/git-gutter/git-gutter-autoloads.el
        * [14.832749] Scanning c:/Users/threddast/.emacs.d/.local/straight/build-28.1/fringe-helper/fringe-helper-autoloads.el
        * [14.834565] Scanning c:/Users/threddast/.emacs.d/.local/straight/build-28.1/vi-tilde-fringe/vi-tilde-fringe-autoloads.el
        * [14.836479] Scanning c:/Users/threddast/.emacs.d/.local/straight/build-28.1/evil-args/evil-args-autoloads.el
        * [14.838299] Scanning c:/Users/threddast/.emacs.d/.local/straight/build-28.1/evil-easymotion/evil-easymotion-autoloads.el
        * [14.840277] Scanning c:/Users/threddast/.emacs.d/.local/straight/build-28.1/avy/avy-autoloads.el
        * [14.842339] Scanning c:/Users/threddast/.emacs.d/.local/straight/build-28.1/evil-embrace/evil-embrace-autoloads.el
        * [14.844138] Scanning c:/Users/threddast/.emacs.d/.local/straight/build-28.1/embrace/embrace-autoloads.el
        * [14.846069] Scanning c:/Users/threddast/.emacs.d/.local/straight/build-28.1/expand-region/expand-region-autoloads.el
        * [14.848395] Scanning c:/Users/threddast/.emacs.d/.local/straight/build-28.1/evil-surround/evil-surround-autoloads.el
        * [14.850459] Scanning c:/Users/threddast/.emacs.d/.local/straight/build-28.1/evil-escape/evil-escape-autoloads.el
        * [14.852358] Scanning c:/Users/threddast/.emacs.d/.local/straight/build-28.1/evil-exchange/evil-exchange-autoloads.el
        * [14.854219] Scanning c:/Users/threddast/.emacs.d/.local/straight/build-28.1/evil-indent-plus/evil-indent-plus-autoloads.el
        * [14.856106] Scanning c:/Users/threddast/.emacs.d/.local/straight/build-28.1/evil-lion/evil-lion-autoloads.el
        * [14.858183] Scanning c:/Users/threddast/.emacs.d/.local/straight/build-28.1/evil-nerd-commenter/evil-nerd-commenter-autoloads.el
        * [14.860161] Scanning c:/Users/threddast/.emacs.d/.local/straight/build-28.1/evil-numbers/evil-numbers-autoloads.el
        * [14.862016] Scanning c:/Users/threddast/.emacs.d/.local/straight/build-28.1/evil-snipe/evil-snipe-autoloads.el
        * [14.863946] Scanning c:/Users/threddast/.emacs.d/.local/straight/build-28.1/evil-textobj-anyblock/evil-textobj-anyblock-autoloads.el
        * [14.865898] Scanning c:/Users/threddast/.emacs.d/.local/straight/build-28.1/evil-traces/evil-traces-autoloads.el
        * [14.867732] Scanning c:/Users/threddast/.emacs.d/.local/straight/build-28.1/evil-visualstar/evil-visualstar-autoloads.el
        * [14.869649] Scanning c:/Users/threddast/.emacs.d/.local/straight/build-28.1/exato/exato-autoloads.el
        * [14.871415] Scanning c:/Users/threddast/.emacs.d/.local/straight/build-28.1/evil-quick-diff/evil-quick-diff-autoloads.el
        * [14.873228] Scanning c:/Users/threddast/.emacs.d/.local/straight/build-28.1/evil-collection/evil-collection-autoloads.el
        * [14.875349] Scanning c:/Users/threddast/.emacs.d/.local/straight/build-28.1/annalist/annalist-autoloads.el
        * [14.877597] Scanning c:/Users/threddast/.emacs.d/.local/straight/build-28.1/yasnippet/yasnippet-autoloads.el
        * [14.879768] Scanning c:/Users/threddast/.emacs.d/.local/straight/build-28.1/vimish-fold/vimish-fold-autoloads.el
        * [14.881605] Scanning c:/Users/threddast/.emacs.d/.local/straight/build-28.1/evil-vimish-fold/evil-vimish-fold-autoloads.el
        * [14.883522] Scanning c:/Users/threddast/.emacs.d/.local/straight/build-28.1/auto-yasnippet/auto-yasnippet-autoloads.el
        * [14.885388] Scanning c:/Users/threddast/.emacs.d/.local/straight/build-28.1/doom-snippets/doom-snippets-autoloads.el
        * [14.887274] Scanning c:/Users/threddast/.emacs.d/.local/straight/build-28.1/diredfl/diredfl-autoloads.el
        * [14.889180] Scanning c:/Users/threddast/.emacs.d/.local/straight/build-28.1/dired-git-info/dired-git-info-autoloads.el
        * [14.891110] Scanning c:/Users/threddast/.emacs.d/.local/straight/build-28.1/dired-rsync/dired-rsync-autoloads.el
        * [14.892961] Scanning c:/Users/threddast/.emacs.d/.local/straight/build-28.1/fd-dired/fd-dired-autoloads.el
        * [14.894888] Scanning c:/Users/threddast/.emacs.d/.local/straight/build-28.1/undo-fu/undo-fu-autoloads.el
        * [14.896717] Scanning c:/Users/threddast/.emacs.d/.local/straight/build-28.1/undo-fu-session/undo-fu-session-autoloads.el
        * [14.898619] Scanning c:/Users/threddast/.emacs.d/.local/straight/build-28.1/browse-at-remote/browse-at-remote-autoloads.el
        * [14.900514] Scanning c:/Users/threddast/.emacs.d/.local/straight/build-28.1/git-commit/git-commit-autoloads.el
        * [14.902467] Scanning c:/Users/threddast/.emacs.d/.local/straight/build-28.1/transient/transient-autoloads.el
        * [14.904501] Scanning c:/Users/threddast/.emacs.d/.local/straight/build-28.1/with-editor/with-editor-autoloads.el
        * [14.906398] Scanning c:/Users/threddast/.emacs.d/.local/straight/build-28.1/git-timemachine/git-timemachine-autoloads.el
        * [14.908290] Scanning c:/Users/threddast/.emacs.d/.local/straight/build-28.1/git-modes/git-modes-autoloads.el
        * [14.910787] Scanning c:/Users/threddast/.emacs.d/.local/straight/build-28.1/flycheck-popup-tip/flycheck-popup-tip-autoloads.el
        * [14.913338] Scanning c:/Users/threddast/.emacs.d/.local/straight/build-28.1/popup/popup-autoloads.el
        * [14.915781] Scanning c:/Users/threddast/.emacs.d/.local/straight/build-28.1/quickrun/quickrun-autoloads.el
        * [14.917851] Scanning c:/Users/threddast/.emacs.d/.local/straight/build-28.1/eros/eros-autoloads.el
        * [14.919684] Scanning c:/Users/threddast/.emacs.d/.local/straight/build-28.1/dumb-jump/dumb-jump-autoloads.el
        * [14.921552] Scanning c:/Users/threddast/.emacs.d/.local/straight/build-28.1/request/request-autoloads.el
        * [14.923317] Scanning c:/Users/threddast/.emacs.d/.local/straight/build-28.1/magit-section/magit-section-autoloads.el
        * [14.925205] Scanning c:/Users/threddast/.emacs.d/.local/straight/build-28.1/async/async-autoloads.el
        * [14.927249] Scanning c:/Users/threddast/.emacs.d/.local/straight/build-28.1/markdown-mode/markdown-mode-autoloads.el
        * [14.929112] Scanning c:/Users/threddast/.emacs.d/.local/straight/build-28.1/emacsql-sqlite/emacsql-sqlite-autoloads.el
        * [14.930949] Scanning c:/Users/threddast/.emacs.d/.local/straight/build-28.1/emacsql/emacsql-autoloads.el
        * [14.932769] Scanning c:/Users/threddast/.emacs.d/.local/straight/build-28.1/ht/ht-autoloads.el
        * [14.934571] Scanning c:/Users/threddast/.emacs.d/.local/straight/build-28.1/highlight-quoted/highlight-quoted-autoloads.el
        * [14.936384] Scanning c:/Users/threddast/.emacs.d/.local/straight/build-28.1/macrostep/macrostep-autoloads.el
        * [14.938333] Scanning c:/Users/threddast/.emacs.d/.local/straight/build-28.1/overseer/overseer-autoloads.el
        * [14.940244] Scanning c:/Users/threddast/.emacs.d/.local/straight/build-28.1/elisp-def/elisp-def-autoloads.el
        * [14.942167] Scanning c:/Users/threddast/.emacs.d/.local/straight/build-28.1/elisp-demos/elisp-demos-autoloads.el
        * [14.943978] Scanning c:/Users/threddast/.emacs.d/.local/straight/build-28.1/flycheck-package/flycheck-package-autoloads.el
        * [14.945761] Scanning c:/Users/threddast/.emacs.d/.local/straight/build-28.1/package-lint/package-lint-autoloads.el
        * [14.947607] Scanning c:/Users/threddast/.emacs.d/.local/straight/build-28.1/flycheck-cask/flycheck-cask-autoloads.el
        * [14.949466] Scanning c:/Users/threddast/.emacs.d/.local/straight/build-28.1/buttercup/buttercup-autoloads.el
        * [14.951430] Scanning c:/Users/threddast/.emacs.d/.local/straight/build-28.1/markdown-toc/markdown-toc-autoloads.el
        * [14.953387] Scanning c:/Users/threddast/.emacs.d/.local/straight/build-28.1/edit-indirect/edit-indirect-autoloads.el
        * [14.955238] Scanning c:/Users/threddast/.emacs.d/.local/straight/build-28.1/evil-markdown/evil-markdown-autoloads.el
        * [14.957118] Scanning c:/Users/threddast/.emacs.d/.local/straight/build-28.1/org/org-autoloads.el
        * [14.959880] Scanning c:/Users/threddast/.emacs.d/.local/straight/build-28.1/org-contrib/org-contrib-autoloads.el
        * [14.962189] Scanning c:/Users/threddast/.emacs.d/.local/straight/build-28.1/htmlize/htmlize-autoloads.el
        * [14.964251] Scanning c:/Users/threddast/.emacs.d/.local/straight/build-28.1/org-yt/org-yt-autoloads.el
        * [14.966076] Scanning c:/Users/threddast/.emacs.d/.local/straight/build-28.1/ox-clip/ox-clip-autoloads.el
        * [14.967938] Scanning c:/Users/threddast/.emacs.d/.local/straight/build-28.1/toc-org/toc-org-autoloads.el
        * [14.969812] Scanning c:/Users/threddast/.emacs.d/.local/straight/build-28.1/org-cliplink/org-cliplink-autoloads.el
        * [14.971734] Scanning c:/Users/threddast/.emacs.d/.local/straight/build-28.1/evil-org/evil-org-autoloads.el
        * [14.973773] Scanning c:/Users/threddast/.emacs.d/.local/straight/build-28.1/ob-async/ob-async-autoloads.el
        * [14.975720] Scanning c:/Users/threddast/.emacs.d/.local/straight/build-28.1/drag-stuff/drag-stuff-autoloads.el
        * [14.977750] Scanning c:/Users/threddast/.emacs.d/.local/straight/build-28.1/link-hint/link-hint-autoloads.el
        * [14.979679] Scanning c:/Users/threddast/.emacs.d/.local/straight/build-28.1/company-box/company-box-autoloads.el
        * [14.981574] Scanning c:/Users/threddast/.emacs.d/.local/straight/build-28.1/frame-local/frame-local-autoloads.el
        * [14.983419] Scanning c:/Users/threddast/.emacs.d/.local/straight/build-28.1/ace-window/ace-window-autoloads.el
        * [14.985414] Scanning c:/Users/threddast/.emacs.d/.local/straight/build-28.1/hydra/hydra-autoloads.el
        * [14.987423] Scanning c:/Users/threddast/.emacs.d/.local/straight/build-28.1/lv/lv-autoloads.el
        * [14.989245] Scanning c:/Users/threddast/.emacs.d/.local/straight/build-28.1/posframe/posframe-autoloads.el
        * [14.991241] Scanning c:/Users/threddast/.emacs.d/.local/straight/build-28.1/format-all/format-all-autoloads.el
        * [14.993157] Scanning c:/Users/threddast/.emacs.d/.local/straight/build-28.1/lispy/lispy-autoloads.el
        * [14.995316] Scanning c:/Users/threddast/.emacs.d/.local/straight/build-28.1/iedit/iedit-autoloads.el
        * [14.997232] Scanning c:/Users/threddast/.emacs.d/.local/straight/build-28.1/swiper/swiper-autoloads.el
        * [14.999123] Scanning c:/Users/threddast/.emacs.d/.local/straight/build-28.1/ivy/ivy-autoloads.el
        * [15.001051] Scanning c:/Users/threddast/.emacs.d/.local/straight/build-28.1/zoutline/zoutline-autoloads.el
        * [15.002877] Scanning c:/Users/threddast/.emacs.d/.local/straight/build-28.1/lispyville/lispyville-autoloads.el
        * [15.004750] Scanning c:/Users/threddast/.emacs.d/.local/straight/build-28.1/vterm/vterm-autoloads.el
        * [15.006705] Scanning c:/Users/threddast/.emacs.d/.local/straight/build-28.1/flycheck-posframe/flycheck-posframe-autoloads.el
        * [15.008583] Scanning c:/Users/threddast/.emacs.d/.local/straight/build-28.1/flyspell-correct/flyspell-correct-autoloads.el
        * [15.011083] Scanning c:/Users/threddast/.emacs.d/.local/straight/build-28.1/flyspell-lazy/flyspell-lazy-autoloads.el
        * [15.014261] Scanning c:/Users/threddast/.emacs.d/.local/straight/build-28.1/langtool/langtool-autoloads.el
        * [15.017149] Scanning c:/Users/threddast/.emacs.d/.local/straight/build-28.1/writegood-mode/writegood-mode-autoloads.el
        * [15.019102] Scanning c:/Users/threddast/.emacs.d/.local/straight/build-28.1/pdf-tools/pdf-tools-autoloads.el
        * [15.021319] Scanning c:/Users/threddast/.emacs.d/.local/straight/build-28.1/tablist/tablist-autoloads.el
        * [15.023118] Scanning c:/Users/threddast/.emacs.d/.local/straight/build-28.1/saveplace-pdf-view/saveplace-pdf-view-autoloads.el
        * [15.024895] Scanning c:/Users/threddast/.emacs.d/.local/straight/build-28.1/rainbow-mode/rainbow-mode-autoloads.el
        * [15.026616] Scanning c:/Users/threddast/.emacs.d/.local/straight/build-28.1/kurecolor/kurecolor-autoloads.el
        * [15.028517] Scanning c:/Users/threddast/.emacs.d/.local/straight/build-28.1/map/map-autoloads.el
        * [15.030237] Scanning c:/Users/threddast/.emacs.d/.local/straight/build-28.1/json-mode/json-mode-autoloads.el
        * [15.032175] Scanning c:/Users/threddast/.emacs.d/.local/straight/build-28.1/json-snatcher/json-snatcher-autoloads.el
        * [15.034037] Scanning c:/Users/threddast/.emacs.d/.local/straight/build-28.1/auctex/auctex-autoloads.el
        * [15.036218] Scanning c:/Users/threddast/.emacs.d/.local/straight/build-28.1/adaptive-wrap/adaptive-wrap-autoloads.el
        * [15.038394] Scanning c:/Users/threddast/.emacs.d/.local/straight/build-28.1/latex-preview-pane/latex-preview-pane-autoloads.el
        * [15.041370] Scanning c:/Users/threddast/.emacs.d/.local/straight/build-28.1/evil-tex/evil-tex-autoloads.el
        * [15.043308] Scanning c:/Users/threddast/.emacs.d/.local/straight/build-28.1/cdlatex/cdlatex-autoloads.el
        * [15.045273] Scanning c:/Users/threddast/.emacs.d/.local/straight/build-28.1/company-auctex/company-auctex-autoloads.el
        * [15.047072] Scanning c:/Users/threddast/.emacs.d/.local/straight/build-28.1/company-reftex/company-reftex-autoloads.el
        * [15.048895] Scanning c:/Users/threddast/.emacs.d/.local/straight/build-28.1/company-math/company-math-autoloads.el
        * [15.050735] Scanning c:/Users/threddast/.emacs.d/.local/straight/build-28.1/math-symbol-lists/math-symbol-lists-autoloads.el
        * [15.052540] Scanning c:/Users/threddast/.emacs.d/.local/straight/build-28.1/org-pdftools/org-pdftools-autoloads.el
        * [15.054436] Scanning c:/Users/threddast/.emacs.d/.local/straight/build-28.1/org-noter/org-noter-autoloads.el
        * [15.056384] Scanning c:/Users/threddast/.emacs.d/.local/straight/build-28.1/org-download/org-download-autoloads.el
        * [15.058495] Scanning c:/Users/threddast/.emacs.d/.local/straight/build-28.1/jupyter/jupyter-autoloads.el
        * [15.061393] Scanning c:/Users/threddast/.emacs.d/.local/straight/build-28.1/zmq/zmq-autoloads.el
        * [15.063178] Scanning c:/Users/threddast/.emacs.d/.local/straight/build-28.1/simple-httpd/simple-httpd-autoloads.el
        * [15.065060] Scanning c:/Users/threddast/.emacs.d/.local/straight/build-28.1/websocket/websocket-autoloads.el
        * [15.066833] Scanning c:/Users/threddast/.emacs.d/.local/straight/build-28.1/org-journal/org-journal-autoloads.el
        * [15.068716] Scanning c:/Users/threddast/.emacs.d/.local/straight/build-28.1/org-pomodoro/org-pomodoro-autoloads.el
        * [15.070579] Scanning c:/Users/threddast/.emacs.d/.local/straight/build-28.1/alert/alert-autoloads.el
        * [15.072427] Scanning c:/Users/threddast/.emacs.d/.local/straight/build-28.1/gntp/gntp-autoloads.el
        * [15.074206] Scanning c:/Users/threddast/.emacs.d/.local/straight/build-28.1/log4e/log4e-autoloads.el
        * [15.076448] Scanning c:/Users/threddast/.emacs.d/.local/straight/build-28.1/org-roam/org-roam-autoloads.el
        * [15.079177] Scanning c:/Users/threddast/.emacs.d/.local/straight/build-28.1/ox-pandoc/ox-pandoc-autoloads.el
        * [15.081932] Scanning c:/Users/threddast/.emacs.d/.local/straight/build-28.1/ox-hugo/ox-hugo-autoloads.el
        * [15.084205] Scanning c:/Users/threddast/.emacs.d/.local/straight/build-28.1/tomelr/tomelr-autoloads.el
        * [15.085940] Scanning c:/Users/threddast/.emacs.d/.local/straight/build-28.1/org-modern/org-modern-autoloads.el
        * [15.087840] Scanning c:/Users/threddast/.emacs.d/.local/straight/build-28.1/org-auto-tangle/org-auto-tangle-autoloads.el
        * [15.089618] Scanning c:/Users/threddast/.emacs.d/.local/straight/build-28.1/org-present/org-present-autoloads.el
        * [15.091389] Scanning c:/Users/threddast/.emacs.d/.local/straight/build-28.1/centered-window/centered-window-autoloads.el
        * [15.093424] Scanning c:/Users/threddast/.emacs.d/.local/straight/build-28.1/org-noter-pdftools/org-noter-pdftools-autoloads.el
    > Byte-compiling autoloads file...
    ✓ Generated .local/autoloads.28.1.elc
  - Restart Emacs or use 'M-x doom/reload' for changes to take effect
* [16.081394] Finished (GCs: 1, elapsed: 0.009771s)
✓ Finished in 16.08150s
