* [0.205799] Starting!
* [0.205838] doom-cli-run: (C:\Users\threddast\Programs\emacs-28.1\bin\emacs.exe -scriptload .\doom --)
* [0.205916] doom-cli-context-execute: found (doom)
* [0.206170] doom-cli-context-execute: doom
Error: a subcommand is required
* [0.212670] doom-cli-call: (doom) -> (:help --subcommands --postamble)
* [0.212774] doom-cli-context-execute: found (:help)
* [0.212983] Found switch: --subcommands
* [0.213150] Found switch: --postamble
* [0.213317] doom-cli-context-execute: :help
* [0.213534] doom-cli-execute: (:before) ((input) (context . #s(doom-cli-context (25360 54368 481238 0) 5628 -1 nil nil nil doom nil (doom-cli-command-not-found-error doom) (:help) nil nil ((--postamble) (--envvars) (--similar) (--subcommands) (--synopsis --subcommands --postamble) (--commands) (--manpage) (--no-global) (-g) (--eval) (-E) (--strict-load) (--load) (-L) (--color) (--profile) (--pager) (--emacsdir) (--doomdir) (--debug) (-D) (--force) (-!)) ((t) (nil --subcommands --postamble))  *doom-cli stdin*  *doom-cli stdout*  *doom-cli stderr* nil)) (_) (evals) (loads) (color?) (profile) (pager) (emacsdir) (doomdir) (debug?) (force?))
* [0.213649] doom-cli-execute: (:help) ((context . #s(doom-cli-context (25360 54368 481238 0) 5628 -1 nil nil nil doom nil (doom-cli-command-not-found-error doom) (:help) nil nil ((--postamble) (--envvars) (--similar) (--subcommands) (--synopsis --subcommands --postamble) (--commands) (--manpage) (--no-global) (-g) (--eval) (-E) (--strict-load) (--load) (-L) (--color) (--profile) (--pager) (--emacsdir) (--doomdir) (--debug) (-D) (--force) (-!)) ((t) (nil --subcommands --postamble))  *doom-cli stdin*  *doom-cli stdout*  *doom-cli stderr* nil)) (command) (sections --subcommands --postamble) (commands?) (manpage?) (localonly?))
* [0.213845] Autoloading c:/Users/threddast/.emacs.d/lisp/cli/sync.el
* [0.341906] Autoloading c:/Users/threddast/.emacs.d/lisp/cli/upgrade.el
* [0.393269] Autoloading c:/Users/threddast/.emacs.d/lisp/cli/env.el
* [0.410538] Autoloading c:/Users/threddast/.emacs.d/lisp/cli/install.el
* [0.442388] Autoloading c:/Users/threddast/.emacs.d/lisp/cli/doctor.el
* [0.457490] Autoloading c:/Users/threddast/.emacs.d/lisp/cli/info.el
* [0.482696] Autoloading c:/Users/threddast/.emacs.d/lisp/cli/ci.el
* [0.504552] Autoloading c:/Users/threddast/.emacs.d/lisp/cli/make.el
* [0.584431] Autoloading c:/Users/threddast/.emacs.d/lisp/cli/run.el

Available commands:
  help        Show documentation for a Doom CLI command.

  Development:
    run       Launch Doom Emacs or an Emacs sandbox
    make […]   (Re)Generate project files and boilerplate.
    ci […]    Commands that automate development processes.

  Diagnostics:
    version   Show installed versions of Doom, Doom modules, and Emacs.
    info      Print detailed information about your config for bug reports.
    doctor    Diagnoses common issues on your system.

  Config Management:
    clean     Delete all *.elc files.
    compile   Byte-compiles your config or selected modules.
    install   Installs and sets up Doom Emacs for the first time.
    purge     Deletes orphaned packages & repos, and compacts them.
    build     Byte-compiles & symlinks installed packages.
    env […]   (Re)generates envvars file from your shell environment.
    upgrade   Updates Doom and packages.
    sync      Synchronize your config with Doom Emacs.

See 'doom h[elp]' or 'doom {-?,--help}' for documentation.
* [0.728240] Finished (GCs: 1, elapsed: 0.010728s)
