* [0.196781] Starting!
* [0.196820] doom-cli-run: (C:\Users\threddast\Programs\emacs-28.1\bin\emacs.exe -scriptload .\doom -- purge)
* [0.196913] doom-cli-context-execute: found (doom)
* [0.197286] Autoloading c:/Users/threddast/.emacs.d/lisp/cli/packages.el
* [0.251572] doom-cli-context-execute: found (doom purge)
* [0.251880] doom-cli-context-execute: doom purge
* [0.252190] doom-cli-execute: (:before) ((input) (context . #s(doom-cli-context (25359 46643 193146 0) 13080 -1 nil nil nil doom nil nil (doom purge) nil (purge) ((--no-regraft) (-g) (--no-eln) (-e) (--no-repos) (-r) (--no-elpa) (-p) (--no-builds) (-b) (--eval) (-E) (--strict-load) (--load) (-L) (--color) (--profile) (--pager) (--emacsdir) (--doomdir) (--debug) (-D) (--force) (-!)) ((t) ((doom purge)) ((doom) purge))  *doom-cli stdin*  *doom-cli stdout*  *doom-cli stderr* nil)) (_) (evals) (loads) (color?) (profile) (pager) (emacsdir) (doomdir) (debug?) (force?))
* [0.252248] doom-cli-execute: (:before doom build) nil
* [0.252276] Initializing straight
* [0.347797] Initializing recipes
* [0.351878] Installing core packages
* [0.352386] doom-cli-execute: (doom purge) ((noregraft-p) (noeln-p) (norepos-p) (noelpa-p) (nobuilds-p))
* [0.356968] Initializing package.el
* [0.454356] Initializing straight.el
> Purging orphaned packages (for the emperor)...
  > Purging straight builds...
    ✓ Purged build/anaconda-mode
    ✓ Purged build/ansible
    ✓ Purged build/ansible-doc
    ✓ Purged build/beancount
    ✓ Purged build/cider
    ✓ Purged build/clj-refactor
    ✓ Purged build/clojure-mode
    ✓ Purged build/company-anaconda
    ✓ Purged build/company-ansible
    ✓ Purged build/company-nixos-options
    ✓ Purged build/evil-ledger
    ✓ Purged build/flycheck-clj-kondo
    ✓ Purged build/flycheck-ledger
    ✓ Purged build/inflections
    ✓ Purged build/jinja2-mode
    ✓ Purged build/ledger-mode
    ✓ Purged build/load-env-vars
    ✓ Purged build/multiple-cursors
    ✓ Purged build/nix-mode
    ✓ Purged build/nix-update
    ✓ Purged build/nixos-options
    ✓ Purged build/nose
    ✓ Purged build/org-chef
    ✓ Purged build/org-noter-pdftools
    ✓ Purged build/paredit
    ✓ Purged build/parseclj
    ✓ Purged build/parseedn
    ✓ Purged build/pip-requirements
    ✓ Purged build/pipenv
    ✓ Purged build/py-isort
    ✓ Purged build/pyimport
    ✓ Purged build/python-pytest
    ✓ Purged build/pythonic
    ✓ Purged build/pyvenv
    ✓ Purged build/rainbow-identifiers
    ✓ Purged build/sesman
    ✓ Purged build/shut-up
    ✓ Purged build/telega
    ✓ Purged build/visual-fill-column
    ✓ Purged build/yaml-mode
  Pruned ansible from build cache
  Pruned ansible-doc from build cache
  Pruned jinja2-mode from build cache
  Pruned yaml-mode from build cache
  Pruned company-ansible from build cache
  Pruned beancount from build cache
  Pruned paredit from build cache
  Pruned parseclj from build cache
  Pruned parseedn from build cache
  Pruned clojure-mode from build cache
  Pruned clj-refactor from build cache
  Pruned multiple-cursors from build cache
  Pruned cider from build cache
  Pruned sesman from build cache
  Pruned inflections from build cache
  Pruned flycheck-clj-kondo from build cache
  Pruned ledger-mode from build cache
  Pruned evil-ledger from build cache
  Pruned flycheck-ledger from build cache
  Pruned nix-mode from build cache
  Pruned nix-update from build cache
  Pruned company-nixos-options from build cache
  Pruned nixos-options from build cache
  Pruned pip-requirements from build cache
  Pruned anaconda-mode from build cache
  Pruned pythonic from build cache
  Pruned company-anaconda from build cache
  Pruned pipenv from build cache
  Pruned pyvenv from build cache
  Pruned load-env-vars from build cache
  Pruned nose from build cache
  Pruned python-pytest from build cache
  Pruned pyimport from build cache
  Pruned shut-up from build cache
  Pruned py-isort from build cache
  Pruned org-noter-pdftools from build cache
  Pruned org-chef from build cache
  Pruned telega from build cache
  Pruned visual-fill-column from build cache
  Pruned rainbow-identifiers from build cache
  - No ELPA packages to purge
  > Purging straight repositories...
    ✓ Purged repos/anaconda-mode
    ✓ Purged repos/ansible-doc
    ✓ Purged repos/beancount-mode
    ✓ Purged repos/cider
    ✓ Purged repos/clj-refactor.el
    ✓ Purged repos/clojure-mode
    ✓ Purged repos/company-anaconda
    ✓ Purged repos/company-ansible
    ✓ Purged repos/emacs-ansible
    ✓ Purged repos/emacs-load-env-vars
    ✓ Purged repos/emacs-python-pytest
    ✓ Purged repos/evil-ledger
    ✓ Purged repos/flycheck-clj-kondo
    ✓ Purged repos/flycheck-ledger
    ✓ Purged repos/jinja2-mode
    ✓ Purged repos/jump.el
    ✓ Purged repos/ledger-mode
    ✓ Purged repos/multiple-cursors.el
    ✓ Purged repos/nix-emacs
    ✓ Purged repos/nix-mode
    ✓ Purged repos/nix-update-el
    ✓ Purged repos/nose
    ✓ Purged repos/org-chef
    ✓ Purged repos/paredit
    ✓ Purged repos/parseclj
    ✓ Purged repos/parseedn
    ✓ Purged repos/pip-requirements.el
    ✓ Purged repos/pipenv.el
    ✓ Purged repos/py-isort.el
    ✓ Purged repos/pyimport
    ✓ Purged repos/pythonic
    ✓ Purged repos/pyvenv
    ✓ Purged repos/rainbow-identifiers
    ✓ Purged repos/sesman
    ✓ Purged repos/shut-up
    ✓ Purged repos/telega.el
    ✓ Purged repos/visual-fill-column
    ✓ Purged repos/yaml-mode
  > Regrafting 228 repos...
    - repos/Emacs-langtool is already compact
    - repos/Emacs-wgrep is already compact
    - repos/a.el is already compact
    - repos/ace-window is already compact
    - repos/adaptive-wrap is already compact
    - repos/alert is already compact
    - repos/all-the-icons.el is already compact
    - repos/annalist.el is already compact
    - repos/anzu is already compact
    - repos/auctex is already compact
    - repos/auto-minor-mode is already compact
    - repos/auto-yasnippet is already compact
    - repos/avy is already compact
    - repos/better-jumper is already compact
    - repos/biblio.el is already compact
    - repos/browse-at-remote is already compact
    - repos/cdlatex is already compact
    - repos/centered-window-mode is already compact
    - repos/cfrs is already compact
    - repos/citeproc-el is already compact
    - repos/closql is already compact
    - repos/code-review is already compact
    - repos/company-auctex is already compact
    - repos/company-box is already compact
    - repos/company-math is already compact
    - repos/company-mode is already compact
    - repos/company-reftex is already compact
    - repos/compat is already compact
    - repos/consult is already compact
    - repos/consult-dir is already compact
    - repos/consult-flycheck is already compact
    - repos/consult-lsp is already compact
    - repos/dash.el is already compact
    - repos/dired-git-info is already compact
    - repos/dired-rsync is already compact
    - repos/diredfl is already compact
    - repos/doom-modeline is already compact
    - repos/drag-stuff.el is already compact
    - repos/dtrt-indent is already compact
    - repos/dumb-jump is already compact
    - repos/edit-indirect is already compact
    - repos/el-get is already compact
    - repos/elisp-def is already compact
    - repos/elisp-demos is already compact
    - repos/elisp-refs is already compact
    - repos/emacs-async is already compact
    - repos/emacs-buttercup is already compact
    - repos/emacs-company-dict is already compact
    - repos/emacs-deferred is already compact
    - repos/emacs-emojify is already compact
    - repos/emacs-format-all-the-code is already compact
    - repos/emacs-gif-screencast is already compact
    - repos/emacs-hide-mode-line is already compact
    - repos/emacs-htmlize is already compact
    - repos/emacs-jupyter is already compact
    - repos/emacs-libvterm is already compact
    - repos/emacs-lorem-ipsum is already compact
    - repos/emacs-promise is already compact
    - repos/emacs-request is already compact
    - repos/emacs-solaire-mode is already compact
    - repos/emacs-web-server is already compact
    - repos/emacs-websocket is already compact
    - repos/emacs-which-key is already compact
    - repos/emacs-xkcd is already compact
    - repos/emacs-zmq is already compact
    - repos/emacsmirror-mirror is already compact
    - repos/emacsql is already compact
    - repos/embark is already compact
    - repos/embrace.el is already compact
    - repos/epl is already compact
    - repos/eros is already compact
    - repos/evil is already compact
    - repos/evil-anzu is already compact
    - repos/evil-args is already compact
    - repos/evil-collection is already compact
    - repos/evil-easymotion is already compact
    - repos/evil-embrace.el is already compact
    - repos/evil-escape is already compact
    - repos/evil-exchange is already compact
    - repos/evil-goggles is already compact
    - repos/evil-indent-plus is already compact
    - repos/evil-lion is already compact
    - repos/evil-markdown is already compact
    - repos/evil-nerd-commenter is already compact
    - repos/evil-numbers is already compact
    - repos/evil-org-mode is already compact
    - repos/evil-quick-diff is already compact
    - repos/evil-snipe is already compact
    - repos/evil-surround is already compact
    - repos/evil-tex is already compact
    - repos/evil-textobj-anyblock is already compact
    - repos/evil-traces is already compact
    - repos/evil-vimish-fold is already compact
    - repos/evil-visualstar is already compact
    - repos/exato is already compact
    - repos/expand-region.el is already compact
    - repos/explain-pause-mode is already compact
    - repos/f.el is already compact
    - repos/fd-dired is already compact
    - repos/flycheck is already compact
    - repos/flycheck-cask is already compact
    - repos/flycheck-package is already compact
    - repos/flycheck-popup-tip is already compact
    - repos/flycheck-posframe is already compact
    - repos/flyspell-correct is already compact
    - repos/flyspell-lazy is already compact
    - repos/forge is already compact
    - repos/frame-local is already compact
    - repos/fringe-helper.el is already compact
    - repos/gcmh is already compact
    - repos/general.el is already compact
    - repos/ghub is already compact
    - repos/git-auto-commit-mode is already compact
    - repos/git-gutter is already compact
    - repos/git-gutter-fringe is already compact
    - repos/git-modes is already compact
    - repos/git-timemachine is already compact
    - repos/gntp.el is already compact
    - repos/gnu-elpa-mirror is already compact
    - repos/goto-chg is already compact
    - repos/helm-bibtex is already compact
    - repos/helpful is already compact
    - repos/highlight-numbers is already compact
    - repos/highlight-quoted is already compact
    - repos/hl-todo is already compact
    - repos/ht.el is already compact
    - repos/hydra is already compact
    - repos/iedit is already compact
    - repos/json-mode is already compact
    - repos/json-snatcher is already compact
    - repos/kurecolor is already compact
    - repos/latex-preview-pane is already compact
    - repos/link-hint.el is already compact
    - repos/lispy is already compact
    - repos/lispyville is already compact
    - repos/log4e is already compact
    - repos/lsp-mode is already compact
    - repos/lsp-treemacs is already compact
    - repos/lsp-ui is already compact
    - repos/macrostep is already compact
    - repos/magit is already compact
    - repos/magit-gitflow is already compact
    - repos/magit-popup is already compact
    - repos/magit-todos is already compact
    - repos/map is already compact
    - repos/marginalia is already compact
    - repos/markdown-mode is already compact
    - repos/markdown-toc is already compact
    - repos/math-at-point is already compact
    - repos/math-symbol-lists is already compact
    - repos/melpa is already compact
    - repos/ob-async is already compact
    - repos/orderless is already compact
    - repos/org is already compact
    - repos/org-anki is already compact
    - repos/org-auto-tangle is already compact
    - repos/org-cliplink is already compact
    - repos/org-contrib is already compact
    - repos/org-download is already compact
    - repos/org-journal is already compact
    - repos/org-modern is already compact
    - repos/org-noter is already compact
    - repos/org-pdftools is already compact
    - repos/org-pomodoro is already compact
    - repos/org-present is already compact
    - repos/org-ql is already compact
    - repos/org-ref is already compact
    - repos/org-roam is already compact
    - repos/org-sidebar is already compact
    - repos/org-super-agenda is already compact
    - repos/org-timeline is already compact
    - repos/org-tree-slide is already compact
    - repos/org-yt is already compact
    - repos/orgit is already compact
    - repos/ov is already compact
    - repos/overseer.el is already compact
    - repos/ox-clip is already compact
    - repos/ox-hugo is already compact
    - repos/ox-pandoc is already compact
    - repos/package-lint is already compact
    - repos/parent-mode is already compact
    - repos/parsebib is already compact
    - repos/pcre2el is already compact
    - repos/pdf-tools is already compact
    - repos/peg is already compact
    - repos/pfuture is already compact
    - repos/pkg-info is already compact
    - repos/popup-el is already compact
    - repos/posframe is already compact
    - repos/project is already compact
    - repos/projectile is already compact
    - repos/queue is already compact
    - repos/quickrun is already compact
    - repos/rainbow-delimiters is already compact
    - repos/rainbow-mode is already compact
    - repos/restart-emacs is already compact
    - repos/s.el is already compact
    - repos/saveplace-pdf-view is already compact
    - repos/selectric-mode is already compact
    - repos/shrink-path.el is already compact
    - repos/smartparens is already compact
    - repos/snippets is already compact
    - repos/spinner is already compact
    - repos/straight.el is already compact
    - repos/string-inflection is already compact
    - repos/swiper is already compact
    - repos/tablist is already compact
    - repos/themes is already compact
    - repos/toc-org is already compact
    - repos/tomelr is already compact
    - repos/transient is already compact
    - repos/treemacs is already compact
    - repos/treepy.el is already compact
    - repos/ts.el is already compact
    - repos/undo-fu is already compact
    - repos/undo-fu-session is already compact
    - repos/use-package is already compact
    - repos/uuidgen-el is already compact
    - repos/vertico is already compact
    - repos/vi-tilde-fringe is already compact
    - repos/vimish-fold is already compact
    - repos/with-editor is already compact
    - repos/writegood-mode is already compact
    - repos/ws-butler is already compact
    - repos/xref is already compact
    - repos/yaml.el is already compact
    - repos/yasnippet is already compact
    - repos/zoutline is already compact
    ✓ Finished regrafting. Size before: 302103.4KB and after: 302137.5KB (34.1KB)
> (Re)generating autoloads file...
  > Generating autoloads file...
    * [87.902912] Scanning c:/Users/threddast/.emacs.d/lisp/lib/buffers.el
    * [87.906936] Scanning c:/Users/threddast/.emacs.d/lisp/lib/config.el
    * [87.909492] Scanning c:/Users/threddast/.emacs.d/lisp/lib/debug.el
    * [87.913049] Scanning c:/Users/threddast/.emacs.d/lisp/lib/docs.el
    * [87.917436] Scanning c:/Users/threddast/.emacs.d/lisp/lib/files.el
    * [87.920952] Scanning c:/Users/threddast/.emacs.d/lisp/lib/fonts.el
    * [87.924448] Scanning c:/Users/threddast/.emacs.d/lisp/lib/git.el
    * [87.926737] Scanning c:/Users/threddast/.emacs.d/lisp/lib/help.el
    * [87.931157] Scanning c:/Users/threddast/.emacs.d/lisp/lib/packages.el
    * [87.934437] Scanning c:/Users/threddast/.emacs.d/lisp/lib/plist.el
    * [87.937038] Scanning c:/Users/threddast/.emacs.d/lisp/lib/print.el
    * [87.940907] Scanning c:/Users/threddast/.emacs.d/lisp/lib/process.el
    * [87.943372] Scanning c:/Users/threddast/.emacs.d/lisp/lib/projects.el
    * [87.946592] Scanning c:/Users/threddast/.emacs.d/lisp/lib/sandbox.el
    * [87.949287] Scanning c:/Users/threddast/.emacs.d/lisp/lib/scratch.el
    * [87.952400] Scanning c:/Users/threddast/.emacs.d/lisp/lib/sessions.el
    * [87.955332] Scanning c:/Users/threddast/.emacs.d/lisp/lib/store.el
    * [87.958396] Scanning c:/Users/threddast/.emacs.d/lisp/lib/system.el
    * [87.960899] Scanning c:/Users/threddast/.emacs.d/lisp/lib/text.el
    * [87.964204] Scanning c:/Users/threddast/.emacs.d/lisp/lib/themes.el
    * [87.966570] Scanning c:/Users/threddast/.emacs.d/lisp/lib/ui.el
    * [87.969355] Scanning c:/Users/threddast/.emacs.d/modules/app/calendar/autoload.el
    * [87.970901] Scanning c:/Users/threddast/.emacs.d/modules/app/emms/autoload.el
    * [87.972426] Scanning c:/Users/threddast/.emacs.d/modules/app/irc/autoload/irc.el
    * [87.974352] Scanning c:/Users/threddast/.emacs.d/modules/app/irc/autoload/ivy.el
    * [87.976087] Scanning c:/Users/threddast/.emacs.d/modules/app/irc/autoload/settings.el
    * [87.977912] Scanning c:/Users/threddast/.emacs.d/modules/app/irc/autoload/vertico.el
    * [87.979673] Scanning c:/Users/threddast/.emacs.d/modules/app/rss/autoload.el
    * [87.981265] Scanning c:/Users/threddast/.emacs.d/modules/app/twitter/autoload.el
    * [87.982927] Scanning c:/Users/threddast/.emacs.d/modules/checkers/spell/autoload/+flyspell.el
    * [88.018873] Scanning c:/Users/threddast/.emacs.d/modules/checkers/spell/autoload/+spell-fu.el
    * [88.021229] Scanning c:/Users/threddast/.emacs.d/modules/checkers/syntax/autoload.el
    * [88.023691] Scanning c:/Users/threddast/.emacs.d/modules/completion/company/autoload.el
    * [88.026733] Scanning c:/Users/threddast/.emacs.d/modules/completion/helm/autoload/evil.el
    * [88.028810] Scanning c:/Users/threddast/.emacs.d/modules/completion/helm/autoload/helm.el
    * [88.030883] Scanning c:/Users/threddast/.emacs.d/modules/completion/helm/autoload/posframe.el
    * [88.032969] Scanning c:/Users/threddast/.emacs.d/modules/completion/ivy/autoload/evil.el
    * [88.035040] Scanning c:/Users/threddast/.emacs.d/modules/completion/ivy/autoload/hydras.el
    * [88.037103] Scanning c:/Users/threddast/.emacs.d/modules/completion/ivy/autoload/ivy.el
    * [88.039400] Scanning c:/Users/threddast/.emacs.d/modules/completion/ivy/autoload/posframe.el
    * [88.041523] Scanning c:/Users/threddast/.emacs.d/modules/completion/vertico/autoload/evil.el
    * [88.045211] Scanning c:/Users/threddast/.emacs.d/modules/completion/vertico/autoload/magit.el
    * [88.048126] Scanning c:/Users/threddast/.emacs.d/modules/completion/vertico/autoload/vertico.el
    * [88.052243] Scanning c:/Users/threddast/.emacs.d/modules/completion/vertico/autoload/workspaces.el
    * [88.054832] Scanning c:/Users/threddast/.emacs.d/modules/config/default/autoload/default.el
    * [88.058062] Scanning c:/Users/threddast/.emacs.d/modules/config/default/autoload/deferred.el
    * [88.060997] Scanning c:/Users/threddast/.emacs.d/modules/config/default/autoload/files.el
    * [88.064309] Scanning c:/Users/threddast/.emacs.d/modules/config/default/autoload/search.el
    * [88.068043] Scanning c:/Users/threddast/.emacs.d/modules/config/default/autoload/text.el
    * [88.071801] Scanning c:/Users/threddast/.emacs.d/modules/config/literate/autoload.el
    * [88.073736] Scanning c:/Users/threddast/.emacs.d/modules/editor/evil/autoload/advice.el
    * [88.078203] Scanning c:/Users/threddast/.emacs.d/modules/editor/evil/autoload/embrace.el
    * [88.081369] Scanning c:/Users/threddast/.emacs.d/modules/editor/evil/autoload/evil.el
    * [88.085944] Scanning c:/Users/threddast/.emacs.d/modules/editor/evil/autoload/ex.el
    * [88.090163] Scanning c:/Users/threddast/.emacs.d/modules/editor/evil/autoload/files.el
    * [88.094021] Scanning c:/Users/threddast/.emacs.d/modules/editor/evil/autoload/textobjects.el
    * [88.097803] Scanning c:/Users/threddast/.emacs.d/modules/editor/evil/autoload/unimpaired.el
    * [88.102634] Scanning c:/Users/threddast/.emacs.d/modules/editor/file-templates/autoload.el
    * [88.106091] Scanning c:/Users/threddast/.emacs.d/modules/editor/fold/autoload/fold.el
    * [88.109791] Scanning c:/Users/threddast/.emacs.d/modules/editor/fold/autoload/hideshow.el
    * [88.113142] Scanning c:/Users/threddast/.emacs.d/modules/editor/format/autoload/evil.el
    * [88.117138] Scanning c:/Users/threddast/.emacs.d/modules/editor/format/autoload/format.el
    * [88.153281] Scanning c:/Users/threddast/.emacs.d/modules/editor/format/autoload/settings.el
    * [88.156746] Scanning c:/Users/threddast/.emacs.d/modules/editor/god/autoload.el
    * [88.158486] Scanning c:/Users/threddast/.emacs.d/modules/editor/multiple-cursors/autoload/evil-mc.el
    * [88.160636] Scanning c:/Users/threddast/.emacs.d/modules/editor/rotate-text/autoload.el
    * [88.162496] Scanning c:/Users/threddast/.emacs.d/modules/editor/snippets/autoload/settings.el
    * [88.165340] Scanning c:/Users/threddast/.emacs.d/modules/editor/snippets/autoload/snippets.el
    * [88.169363] Scanning c:/Users/threddast/.emacs.d/modules/editor/word-wrap/autoload.el
    * [88.171184] Scanning c:/Users/threddast/.emacs.d/modules/emacs/dired/autoload.el
    * [88.173718] Scanning c:/Users/threddast/.emacs.d/modules/emacs/electric/autoload.el
    * [88.176288] Scanning c:/Users/threddast/.emacs.d/modules/emacs/ibuffer/autoload/workspaces.el
    * [88.178461] Scanning c:/Users/threddast/.emacs.d/modules/emacs/vc/autoload/bug-reference-backport.el
    * [88.180922] Scanning c:/Users/threddast/.emacs.d/modules/emacs/vc/autoload/hydra.el
    * [88.183349] Scanning c:/Users/threddast/.emacs.d/modules/emacs/vc/autoload/vc.el
    * [88.186394] Scanning c:/Users/threddast/.emacs.d/modules/email/mu4e/autoload/advice.el
    * [88.188542] Scanning c:/Users/threddast/.emacs.d/modules/email/mu4e/autoload/email.el
    * [88.190897] Scanning c:/Users/threddast/.emacs.d/modules/email/mu4e/autoload/evil.el
    * [88.193041] Scanning c:/Users/threddast/.emacs.d/modules/email/mu4e/autoload/mu-lock.el
    * [88.195226] Scanning c:/Users/threddast/.emacs.d/modules/email/notmuch/autoload.el
    * [88.197121] Scanning c:/Users/threddast/.emacs.d/modules/email/wanderlust/autoload.el
    * [88.198969] Scanning c:/Users/threddast/.emacs.d/modules/input/layout/autoload/bepo.el
    * [88.201130] Scanning c:/Users/threddast/.emacs.d/modules/lang/beancount/autoload.el
    * [88.202999] Scanning c:/Users/threddast/.emacs.d/modules/lang/cc/autoload.el
    * [88.204917] Scanning c:/Users/threddast/.emacs.d/modules/lang/clojure/autoload.el
    * [88.206751] Scanning c:/Users/threddast/.emacs.d/modules/lang/common-lisp/autoload/common-lisp.el
    * [88.208902] Scanning c:/Users/threddast/.emacs.d/modules/lang/csharp/autoload.el
    * [88.210703] Scanning c:/Users/threddast/.emacs.d/modules/lang/emacs-lisp/autoload.el
    * [88.214523] Scanning c:/Users/threddast/.emacs.d/modules/lang/ess/autoload.el
    * [88.216378] Scanning c:/Users/threddast/.emacs.d/modules/lang/faust/autoload.el
    * [88.218198] Scanning c:/Users/threddast/.emacs.d/modules/lang/fortran/autoload.el
    * [88.220045] Scanning c:/Users/threddast/.emacs.d/modules/lang/go/autoload.el
    * [88.221882] Scanning c:/Users/threddast/.emacs.d/modules/lang/graphql/autoload.el
    * [88.223697] Scanning c:/Users/threddast/.emacs.d/modules/lang/haskell/autoload.el
    * [88.225574] Scanning c:/Users/threddast/.emacs.d/modules/lang/java/autoload/java.el
    * [88.227768] Scanning c:/Users/threddast/.emacs.d/modules/lang/java/autoload/lsp.el
    * [88.229899] Scanning c:/Users/threddast/.emacs.d/modules/lang/javascript/autoload.el
    * [88.231761] Scanning c:/Users/threddast/.emacs.d/modules/lang/julia/autoload.el
    * [88.233602] Scanning c:/Users/threddast/.emacs.d/modules/lang/kotlin/autoload.el
    * [88.235409] Scanning c:/Users/threddast/.emacs.d/modules/lang/latex/autoload.el
    * [88.238284] Scanning c:/Users/threddast/.emacs.d/modules/lang/lua/autoload/lua.el
    * [88.240474] Scanning c:/Users/threddast/.emacs.d/modules/lang/lua/autoload/moonscript.el
    * [88.242615] Scanning c:/Users/threddast/.emacs.d/modules/lang/markdown/autoload.el
    * [88.245674] Scanning c:/Users/threddast/.emacs.d/modules/lang/nix/autoload.el
    * [88.247554] Scanning c:/Users/threddast/.emacs.d/modules/lang/ocaml/autoload.el
    * [88.249404] Scanning c:/Users/threddast/.emacs.d/modules/lang/org/autoload/contrib-ipython.el
    * [88.251873] Scanning c:/Users/threddast/.emacs.d/modules/lang/org/autoload/contrib-present.el
    * [88.254545] Scanning c:/Users/threddast/.emacs.d/modules/lang/org/autoload/contrib-roam2.el
    * [88.258694] Scanning c:/Users/threddast/.emacs.d/modules/lang/org/autoload/org-attach.el
    * [88.261877] Scanning c:/Users/threddast/.emacs.d/modules/lang/org/autoload/org-avy.el
    * [88.264837] Scanning c:/Users/threddast/.emacs.d/modules/lang/org/autoload/org-babel.el
    * [88.268179] Scanning c:/Users/threddast/.emacs.d/modules/lang/org/autoload/org-capture.el
    * [88.272020] Scanning c:/Users/threddast/.emacs.d/modules/lang/org/autoload/org-export.el
    * [88.275188] Scanning c:/Users/threddast/.emacs.d/modules/lang/org/autoload/org-link.el
    * [88.278812] Scanning c:/Users/threddast/.emacs.d/modules/lang/org/autoload/org-refile.el
    * [88.282197] Scanning c:/Users/threddast/.emacs.d/modules/lang/org/autoload/org-tables.el
    * [88.285582] Scanning c:/Users/threddast/.emacs.d/modules/lang/org/autoload/org.el
    * [88.290712] Scanning c:/Users/threddast/.emacs.d/modules/lang/php/autoload.el
    * [88.292606] Scanning c:/Users/threddast/.emacs.d/modules/lang/plantuml/autoload.el
    * [88.294514] Scanning c:/Users/threddast/.emacs.d/modules/lang/python/autoload/conda.el
    * [88.296652] Scanning c:/Users/threddast/.emacs.d/modules/lang/python/autoload/pyenv.el
    * [88.299007] Scanning c:/Users/threddast/.emacs.d/modules/lang/python/autoload/python.el
    * [88.301209] Scanning c:/Users/threddast/.emacs.d/modules/lang/qt/autoload.el
    * [88.303036] Scanning c:/Users/threddast/.emacs.d/modules/lang/racket/autoload.el
    * [88.304850] Scanning c:/Users/threddast/.emacs.d/modules/lang/rest/autoload.el
    * [88.306653] Scanning c:/Users/threddast/.emacs.d/modules/lang/ruby/autoload.el
    * [88.308448] Scanning c:/Users/threddast/.emacs.d/modules/lang/rust/autoload.el
    * [88.310300] Scanning c:/Users/threddast/.emacs.d/modules/lang/scala/autoload.el
    * [88.312190] Scanning c:/Users/threddast/.emacs.d/modules/lang/scheme/autoload.el
    * [88.314104] Scanning c:/Users/threddast/.emacs.d/modules/lang/sh/autoload.el
    * [88.315937] Scanning c:/Users/threddast/.emacs.d/modules/lang/terra/autoload.el
    * [88.317740] Scanning c:/Users/threddast/.emacs.d/modules/lang/web/autoload/css.el
    * [88.319956] Scanning c:/Users/threddast/.emacs.d/modules/lang/web/autoload/evil.el
    * [88.322097] Scanning c:/Users/threddast/.emacs.d/modules/lang/web/autoload/html.el
    * [88.324302] Scanning c:/Users/threddast/.emacs.d/modules/os/macos/autoload.el
    * [88.326145] Scanning c:/Users/threddast/.emacs.d/modules/term/eshell/autoload/backport.el
    * [88.328412] Scanning c:/Users/threddast/.emacs.d/modules/term/eshell/autoload/commands.el
    * [88.330544] Scanning c:/Users/threddast/.emacs.d/modules/term/eshell/autoload/company.el
    * [88.332738] Scanning c:/Users/threddast/.emacs.d/modules/term/eshell/autoload/eshell.el
    * [88.335147] Scanning c:/Users/threddast/.emacs.d/modules/term/eshell/autoload/evil.el
    * [88.337356] Scanning c:/Users/threddast/.emacs.d/modules/term/eshell/autoload/prompts.el
    * [88.339547] Scanning c:/Users/threddast/.emacs.d/modules/term/eshell/autoload/settings.el
    * [88.341795] Scanning c:/Users/threddast/.emacs.d/modules/term/shell/autoload.el
    * [88.343718] Scanning c:/Users/threddast/.emacs.d/modules/term/term/autoload.el
    * [88.345555] Scanning c:/Users/threddast/.emacs.d/modules/term/vterm/autoload.el
    * [88.348431] Scanning c:/Users/threddast/.emacs.d/modules/tools/debugger/autoload/debugger.el
    * [88.350734] Scanning c:/Users/threddast/.emacs.d/modules/tools/debugger/autoload/evil.el
    * [88.352885] Scanning c:/Users/threddast/.emacs.d/modules/tools/editorconfig/autoload.el
    * [88.354751] Scanning c:/Users/threddast/.emacs.d/modules/tools/eval/autoload/eval.el
    * [88.358385] Scanning c:/Users/threddast/.emacs.d/modules/tools/eval/autoload/evil.el
    * [88.362095] Scanning c:/Users/threddast/.emacs.d/modules/tools/eval/autoload/repl.el
    * [88.365580] Scanning c:/Users/threddast/.emacs.d/modules/tools/eval/autoload/settings.el
    * [88.368879] Scanning c:/Users/threddast/.emacs.d/modules/tools/gist/autoload/evil.el
    * [88.371029] Scanning c:/Users/threddast/.emacs.d/modules/tools/lookup/autoload/docsets.el
    * [88.373700] Scanning c:/Users/threddast/.emacs.d/modules/tools/lookup/autoload/evil.el
    * [88.377332] Scanning c:/Users/threddast/.emacs.d/modules/tools/lookup/autoload/lookup.el
    * [88.381745] Scanning c:/Users/threddast/.emacs.d/modules/tools/lookup/autoload/online.el
    * [88.385122] Scanning c:/Users/threddast/.emacs.d/modules/tools/lookup/autoload/xwidget.el
    * [88.388114] Scanning c:/Users/threddast/.emacs.d/modules/tools/lsp/autoload/common.el
    * [88.391032] Scanning c:/Users/threddast/.emacs.d/modules/tools/lsp/autoload/eglot.el
    * [88.393579] Scanning c:/Users/threddast/.emacs.d/modules/tools/lsp/autoload/flycheck-eglot.el
    * [88.396776] Scanning c:/Users/threddast/.emacs.d/modules/tools/lsp/autoload/lsp-mode.el
    * [88.400184] Scanning c:/Users/threddast/.emacs.d/modules/tools/magit/autoload.el
    * [88.403329] Scanning c:/Users/threddast/.emacs.d/modules/tools/make/autoload.el
    * [88.405224] Scanning c:/Users/threddast/.emacs.d/modules/tools/pass/autoload/consult.el
    * [88.407384] Scanning c:/Users/threddast/.emacs.d/modules/tools/pass/autoload/ivy.el
    * [88.409585] Scanning c:/Users/threddast/.emacs.d/modules/tools/pass/autoload/pass.el
    * [88.411747] Scanning c:/Users/threddast/.emacs.d/modules/tools/prodigy/autoload.el
    * [88.413564] Scanning c:/Users/threddast/.emacs.d/modules/tools/rgb/autoload.el
    * [88.415667] Scanning c:/Users/threddast/.emacs.d/modules/tools/taskrunner/autoload.el
    * [88.417470] Scanning c:/Users/threddast/.emacs.d/modules/tools/tmux/autoload/evil.el
    * [88.419604] Scanning c:/Users/threddast/.emacs.d/modules/tools/tmux/autoload/tmux.el
    * [88.421794] Scanning c:/Users/threddast/.emacs.d/modules/tools/tree-sitter/autoload.el
    * [88.423656] Scanning c:/Users/threddast/.emacs.d/modules/ui/doom-dashboard/autoload.el
    * [88.426385] Scanning c:/Users/threddast/.emacs.d/modules/ui/hydra/autoload/windows.el
    * [88.428613] Scanning c:/Users/threddast/.emacs.d/modules/ui/ligatures/autoload/install.el
    * [88.431158] Scanning c:/Users/threddast/.emacs.d/modules/ui/ligatures/autoload/ligatures.el
    * [88.434247] Scanning c:/Users/threddast/.emacs.d/modules/ui/modeline/autoload.el
    * [88.436992] Scanning c:/Users/threddast/.emacs.d/modules/ui/nav-flash/autoload.el
    * [88.438825] Scanning c:/Users/threddast/.emacs.d/modules/ui/neotree/autoload.el
    * [88.440732] Scanning c:/Users/threddast/.emacs.d/modules/ui/popup/autoload/popup.el
    * [88.445897] Scanning c:/Users/threddast/.emacs.d/modules/ui/popup/autoload/settings.el
    * [88.449740] Scanning c:/Users/threddast/.emacs.d/modules/ui/tabs/autoload.el
    * [88.451615] Scanning c:/Users/threddast/.emacs.d/modules/ui/treemacs/autoload.el
    * [88.454238] Scanning c:/Users/threddast/.emacs.d/modules/ui/unicode/autoload.el
    * [88.455991] Scanning c:/Users/threddast/.emacs.d/modules/ui/vc-gutter/autoload/diff-hl.el
    * [88.458462] Scanning c:/Users/threddast/.emacs.d/modules/ui/vc-gutter/autoload/git-gutter.el
    * [88.461426] Scanning c:/Users/threddast/.emacs.d/modules/ui/vi-tilde-fringe/autoload.el
    * [88.464060] Scanning c:/Users/threddast/.emacs.d/modules/ui/workspaces/autoload/evil.el
    * [88.466302] Scanning c:/Users/threddast/.emacs.d/modules/ui/workspaces/autoload/workspaces.el
    * [88.468681] Scanning c:/Users/threddast/.emacs.d/modules/ui/zen/autoload.el
    * [88.482454] Scanning c:/Users/threddast/.emacs.d/.local/straight/build-28.1/straight/straight-autoloads.el
    * [88.485182] Scanning c:/Users/threddast/.emacs.d/.local/straight/build-28.1/use-package/use-package-autoloads.el
    * [88.487772] Scanning c:/Users/threddast/.emacs.d/.local/straight/build-28.1/bind-key/bind-key-autoloads.el
    * [88.490083] Scanning c:/Users/threddast/.emacs.d/.local/straight/build-28.1/auto-minor-mode/auto-minor-mode-autoloads.el
    * [88.492415] Scanning c:/Users/threddast/.emacs.d/.local/straight/build-28.1/gcmh/gcmh-autoloads.el
    * [88.494724] Scanning c:/Users/threddast/.emacs.d/.local/straight/build-28.1/explain-pause-mode/explain-pause-mode-autoloads.el
    * [88.496966] Scanning c:/Users/threddast/.emacs.d/.local/straight/build-28.1/all-the-icons/all-the-icons-autoloads.el
    * [88.499352] Scanning c:/Users/threddast/.emacs.d/.local/straight/build-28.1/hide-mode-line/hide-mode-line-autoloads.el
    * [88.501691] Scanning c:/Users/threddast/.emacs.d/.local/straight/build-28.1/highlight-numbers/highlight-numbers-autoloads.el
    * [88.503931] Scanning c:/Users/threddast/.emacs.d/.local/straight/build-28.1/parent-mode/parent-mode-autoloads.el
    * [88.506105] Scanning c:/Users/threddast/.emacs.d/.local/straight/build-28.1/rainbow-delimiters/rainbow-delimiters-autoloads.el
    * [88.508360] Scanning c:/Users/threddast/.emacs.d/.local/straight/build-28.1/restart-emacs/restart-emacs-autoloads.el
    * [88.510650] Scanning c:/Users/threddast/.emacs.d/.local/straight/build-28.1/better-jumper/better-jumper-autoloads.el
    * [88.512894] Scanning c:/Users/threddast/.emacs.d/.local/straight/build-28.1/dtrt-indent/dtrt-indent-autoloads.el
    * [88.515287] Scanning c:/Users/threddast/.emacs.d/.local/straight/build-28.1/helpful/helpful-autoloads.el
    * [88.517571] Scanning c:/Users/threddast/.emacs.d/.local/straight/build-28.1/dash/dash-autoloads.el
    * [88.519971] Scanning c:/Users/threddast/.emacs.d/.local/straight/build-28.1/s/s-autoloads.el
    * [88.522185] Scanning c:/Users/threddast/.emacs.d/.local/straight/build-28.1/f/f-autoloads.el
    * [88.524353] Scanning c:/Users/threddast/.emacs.d/.local/straight/build-28.1/elisp-refs/elisp-refs-autoloads.el
    * [88.526692] Scanning c:/Users/threddast/.emacs.d/.local/straight/build-28.1/pcre2el/pcre2el-autoloads.el
    * [88.529039] Scanning c:/Users/threddast/.emacs.d/.local/straight/build-28.1/smartparens/smartparens-autoloads.el
    * [88.531687] Scanning c:/Users/threddast/.emacs.d/.local/straight/build-28.1/ws-butler/ws-butler-autoloads.el
    * [88.534003] Scanning c:/Users/threddast/.emacs.d/.local/straight/build-28.1/projectile/projectile-autoloads.el
    * [88.536722] Scanning c:/Users/threddast/.emacs.d/.local/straight/build-28.1/project/project-autoloads.el
    * [88.539259] Scanning c:/Users/threddast/.emacs.d/.local/straight/build-28.1/xref/xref-autoloads.el
    * [88.541556] Scanning c:/Users/threddast/.emacs.d/.local/straight/build-28.1/general/general-autoloads.el
    * [88.544154] Scanning c:/Users/threddast/.emacs.d/.local/straight/build-28.1/which-key/which-key-autoloads.el
    * [88.546526] Scanning c:/Users/threddast/.emacs.d/.local/straight/build-28.1/company/company-autoloads.el
    * [88.549230] Scanning c:/Users/threddast/.emacs.d/.local/straight/build-28.1/company-dict/company-dict-autoloads.el
    * [88.551435] Scanning c:/Users/threddast/.emacs.d/.local/straight/build-28.1/vertico/vertico-autoloads.el
    * [88.554059] Scanning c:/Users/threddast/.emacs.d/.local/straight/build-28.1/orderless/orderless-autoloads.el
    * [88.556344] Scanning c:/Users/threddast/.emacs.d/.local/straight/build-28.1/consult/consult-autoloads.el
    * [88.559103] Scanning c:/Users/threddast/.emacs.d/.local/straight/build-28.1/compat/compat-autoloads.el
    * [88.561365] Scanning c:/Users/threddast/.emacs.d/.local/straight/build-28.1/consult-dir/consult-dir-autoloads.el
    * [88.563645] Scanning c:/Users/threddast/.emacs.d/.local/straight/build-28.1/consult-flycheck/consult-flycheck-autoloads.el
    * [88.565906] Scanning c:/Users/threddast/.emacs.d/.local/straight/build-28.1/flycheck/flycheck-autoloads.el
    * [88.568429] Scanning c:/Users/threddast/.emacs.d/.local/straight/build-28.1/pkg-info/pkg-info-autoloads.el
    * [88.570700] Scanning c:/Users/threddast/.emacs.d/.local/straight/build-28.1/epl/epl-autoloads.el
    * [88.572903] Scanning c:/Users/threddast/.emacs.d/.local/straight/build-28.1/embark/embark-autoloads.el
    * [88.575219] Scanning c:/Users/threddast/.emacs.d/.local/straight/build-28.1/embark-consult/embark-consult-autoloads.el
    * [88.577399] Scanning c:/Users/threddast/.emacs.d/.local/straight/build-28.1/marginalia/marginalia-autoloads.el
    * [88.579654] Scanning c:/Users/threddast/.emacs.d/.local/straight/build-28.1/wgrep/wgrep-autoloads.el
    * [88.581847] Scanning c:/Users/threddast/.emacs.d/.local/straight/build-28.1/doom-themes/doom-themes-autoloads.el
    * [88.584923] Scanning c:/Users/threddast/.emacs.d/.local/straight/build-28.1/solaire-mode/solaire-mode-autoloads.el
    * [88.587369] Scanning c:/Users/threddast/.emacs.d/.local/straight/build-28.1/hl-todo/hl-todo-autoloads.el
    * [88.589842] Scanning c:/Users/threddast/.emacs.d/.local/straight/build-28.1/doom-modeline/doom-modeline-autoloads.el
    * [88.592227] Scanning c:/Users/threddast/.emacs.d/.local/straight/build-28.1/shrink-path/shrink-path-autoloads.el
    * [88.594419] Scanning c:/Users/threddast/.emacs.d/.local/straight/build-28.1/anzu/anzu-autoloads.el
    * [88.596803] Scanning c:/Users/threddast/.emacs.d/.local/straight/build-28.1/evil-anzu/evil-anzu-autoloads.el
    * [88.599016] Scanning c:/Users/threddast/.emacs.d/.local/straight/build-28.1/evil/evil-autoloads.el
    * [88.601436] Scanning c:/Users/threddast/.emacs.d/.local/straight/build-28.1/goto-chg/goto-chg-autoloads.el
    * [88.603796] Scanning c:/Users/threddast/.emacs.d/.local/straight/build-28.1/evil-goggles/evil-goggles-autoloads.el
    * [88.606055] Scanning c:/Users/threddast/.emacs.d/.local/straight/build-28.1/git-gutter-fringe/git-gutter-fringe-autoloads.el
    * [88.608231] Scanning c:/Users/threddast/.emacs.d/.local/straight/build-28.1/git-gutter/git-gutter-autoloads.el
    * [88.610575] Scanning c:/Users/threddast/.emacs.d/.local/straight/build-28.1/fringe-helper/fringe-helper-autoloads.el
    * [88.612819] Scanning c:/Users/threddast/.emacs.d/.local/straight/build-28.1/vi-tilde-fringe/vi-tilde-fringe-autoloads.el
    * [88.615161] Scanning c:/Users/threddast/.emacs.d/.local/straight/build-28.1/evil-args/evil-args-autoloads.el
    * [88.617405] Scanning c:/Users/threddast/.emacs.d/.local/straight/build-28.1/evil-easymotion/evil-easymotion-autoloads.el
    * [88.619847] Scanning c:/Users/threddast/.emacs.d/.local/straight/build-28.1/avy/avy-autoloads.el
    * [88.622364] Scanning c:/Users/threddast/.emacs.d/.local/straight/build-28.1/evil-embrace/evil-embrace-autoloads.el
    * [88.624549] Scanning c:/Users/threddast/.emacs.d/.local/straight/build-28.1/embrace/embrace-autoloads.el
    * [88.626769] Scanning c:/Users/threddast/.emacs.d/.local/straight/build-28.1/expand-region/expand-region-autoloads.el
    * [88.629319] Scanning c:/Users/threddast/.emacs.d/.local/straight/build-28.1/evil-surround/evil-surround-autoloads.el
    * [88.631773] Scanning c:/Users/threddast/.emacs.d/.local/straight/build-28.1/evil-escape/evil-escape-autoloads.el
    * [88.634071] Scanning c:/Users/threddast/.emacs.d/.local/straight/build-28.1/evil-exchange/evil-exchange-autoloads.el
    * [88.636288] Scanning c:/Users/threddast/.emacs.d/.local/straight/build-28.1/evil-indent-plus/evil-indent-plus-autoloads.el
    * [88.638530] Scanning c:/Users/threddast/.emacs.d/.local/straight/build-28.1/evil-lion/evil-lion-autoloads.el
    * [88.640811] Scanning c:/Users/threddast/.emacs.d/.local/straight/build-28.1/evil-nerd-commenter/evil-nerd-commenter-autoloads.el
    * [88.643143] Scanning c:/Users/threddast/.emacs.d/.local/straight/build-28.1/evil-numbers/evil-numbers-autoloads.el
    * [88.645403] Scanning c:/Users/threddast/.emacs.d/.local/straight/build-28.1/evil-snipe/evil-snipe-autoloads.el
    * [88.647713] Scanning c:/Users/threddast/.emacs.d/.local/straight/build-28.1/evil-textobj-anyblock/evil-textobj-anyblock-autoloads.el
    * [88.650064] Scanning c:/Users/threddast/.emacs.d/.local/straight/build-28.1/evil-traces/evil-traces-autoloads.el
    * [88.652328] Scanning c:/Users/threddast/.emacs.d/.local/straight/build-28.1/evil-visualstar/evil-visualstar-autoloads.el
    * [88.654750] Scanning c:/Users/threddast/.emacs.d/.local/straight/build-28.1/exato/exato-autoloads.el
    * [88.656999] Scanning c:/Users/threddast/.emacs.d/.local/straight/build-28.1/evil-quick-diff/evil-quick-diff-autoloads.el
    * [88.659234] Scanning c:/Users/threddast/.emacs.d/.local/straight/build-28.1/evil-collection/evil-collection-autoloads.el
    * [88.661506] Scanning c:/Users/threddast/.emacs.d/.local/straight/build-28.1/annalist/annalist-autoloads.el
    * [88.663906] Scanning c:/Users/threddast/.emacs.d/.local/straight/build-28.1/yasnippet/yasnippet-autoloads.el
    * [88.666252] Scanning c:/Users/threddast/.emacs.d/.local/straight/build-28.1/vimish-fold/vimish-fold-autoloads.el
    * [88.668523] Scanning c:/Users/threddast/.emacs.d/.local/straight/build-28.1/evil-vimish-fold/evil-vimish-fold-autoloads.el
    * [88.670875] Scanning c:/Users/threddast/.emacs.d/.local/straight/build-28.1/auto-yasnippet/auto-yasnippet-autoloads.el
    * [88.673208] Scanning c:/Users/threddast/.emacs.d/.local/straight/build-28.1/doom-snippets/doom-snippets-autoloads.el
    * [88.675527] Scanning c:/Users/threddast/.emacs.d/.local/straight/build-28.1/diredfl/diredfl-autoloads.el
    * [88.677820] Scanning c:/Users/threddast/.emacs.d/.local/straight/build-28.1/dired-git-info/dired-git-info-autoloads.el
    * [88.680131] Scanning c:/Users/threddast/.emacs.d/.local/straight/build-28.1/dired-rsync/dired-rsync-autoloads.el
    * [88.682440] Scanning c:/Users/threddast/.emacs.d/.local/straight/build-28.1/fd-dired/fd-dired-autoloads.el
    * [88.684623] Scanning c:/Users/threddast/.emacs.d/.local/straight/build-28.1/undo-fu/undo-fu-autoloads.el
    * [88.686844] Scanning c:/Users/threddast/.emacs.d/.local/straight/build-28.1/undo-fu-session/undo-fu-session-autoloads.el
    * [88.689156] Scanning c:/Users/threddast/.emacs.d/.local/straight/build-28.1/browse-at-remote/browse-at-remote-autoloads.el
    * [88.691389] Scanning c:/Users/threddast/.emacs.d/.local/straight/build-28.1/git-commit/git-commit-autoloads.el
    * [88.693620] Scanning c:/Users/threddast/.emacs.d/.local/straight/build-28.1/transient/transient-autoloads.el
    * [88.696038] Scanning c:/Users/threddast/.emacs.d/.local/straight/build-28.1/with-editor/with-editor-autoloads.el
    * [88.698285] Scanning c:/Users/threddast/.emacs.d/.local/straight/build-28.1/git-timemachine/git-timemachine-autoloads.el
    * [88.700504] Scanning c:/Users/threddast/.emacs.d/.local/straight/build-28.1/git-modes/git-modes-autoloads.el
    * [88.702802] Scanning c:/Users/threddast/.emacs.d/.local/straight/build-28.1/flycheck-popup-tip/flycheck-popup-tip-autoloads.el
    * [88.705028] Scanning c:/Users/threddast/.emacs.d/.local/straight/build-28.1/popup/popup-autoloads.el
    * [88.707194] Scanning c:/Users/threddast/.emacs.d/.local/straight/build-28.1/quickrun/quickrun-autoloads.el
    * [88.709555] Scanning c:/Users/threddast/.emacs.d/.local/straight/build-28.1/eros/eros-autoloads.el
    * [88.711802] Scanning c:/Users/threddast/.emacs.d/.local/straight/build-28.1/dumb-jump/dumb-jump-autoloads.el
    * [88.714215] Scanning c:/Users/threddast/.emacs.d/.local/straight/build-28.1/request/request-autoloads.el
    * [88.716407] Scanning c:/Users/threddast/.emacs.d/.local/straight/build-28.1/magit/magit-autoloads.el
    * [88.720920] Scanning c:/Users/threddast/.emacs.d/.local/straight/build-28.1/magit-section/magit-section-autoloads.el
    * [88.723177] Scanning c:/Users/threddast/.emacs.d/.local/straight/build-28.1/magit-gitflow/magit-gitflow-autoloads.el
    * [88.725420] Scanning c:/Users/threddast/.emacs.d/.local/straight/build-28.1/magit-popup/magit-popup-autoloads.el
    * [88.727586] Scanning c:/Users/threddast/.emacs.d/.local/straight/build-28.1/magit-todos/magit-todos-autoloads.el
    * [88.729866] Scanning c:/Users/threddast/.emacs.d/.local/straight/build-28.1/async/async-autoloads.el
    * [88.732353] Scanning c:/Users/threddast/.emacs.d/.local/straight/build-28.1/code-review/code-review-autoloads.el
    * [88.734891] Scanning c:/Users/threddast/.emacs.d/.local/straight/build-28.1/closql/closql-autoloads.el
    * [88.737135] Scanning c:/Users/threddast/.emacs.d/.local/straight/build-28.1/a/a-autoloads.el
    * [88.739308] Scanning c:/Users/threddast/.emacs.d/.local/straight/build-28.1/ghub/ghub-autoloads.el
    * [88.741576] Scanning c:/Users/threddast/.emacs.d/.local/straight/build-28.1/treepy/treepy-autoloads.el
    * [88.743748] Scanning c:/Users/threddast/.emacs.d/.local/straight/build-28.1/uuidgen/uuidgen-autoloads.el
    * [88.745982] Scanning c:/Users/threddast/.emacs.d/.local/straight/build-28.1/deferred/deferred-autoloads.el
    * [88.748162] Scanning c:/Users/threddast/.emacs.d/.local/straight/build-28.1/markdown-mode/markdown-mode-autoloads.el
    * [88.750445] Scanning c:/Users/threddast/.emacs.d/.local/straight/build-28.1/forge/forge-autoloads.el
    * [88.753089] Scanning c:/Users/threddast/.emacs.d/.local/straight/build-28.1/emacsql-sqlite/emacsql-sqlite-autoloads.el
    * [88.755269] Scanning c:/Users/threddast/.emacs.d/.local/straight/build-28.1/emacsql/emacsql-autoloads.el
    * [88.757479] Scanning c:/Users/threddast/.emacs.d/.local/straight/build-28.1/yaml/yaml-autoloads.el
    * [88.760339] Scanning c:/Users/threddast/.emacs.d/.local/straight/build-28.1/emojify/emojify-autoloads.el
    * [88.762613] Scanning c:/Users/threddast/.emacs.d/.local/straight/build-28.1/ht/ht-autoloads.el
    * [88.764801] Scanning c:/Users/threddast/.emacs.d/.local/straight/build-28.1/highlight-quoted/highlight-quoted-autoloads.el
    * [88.767006] Scanning c:/Users/threddast/.emacs.d/.local/straight/build-28.1/macrostep/macrostep-autoloads.el
    * [88.769453] Scanning c:/Users/threddast/.emacs.d/.local/straight/build-28.1/overseer/overseer-autoloads.el
    * [88.771774] Scanning c:/Users/threddast/.emacs.d/.local/straight/build-28.1/elisp-def/elisp-def-autoloads.el
    * [88.774107] Scanning c:/Users/threddast/.emacs.d/.local/straight/build-28.1/elisp-demos/elisp-demos-autoloads.el
    * [88.776434] Scanning c:/Users/threddast/.emacs.d/.local/straight/build-28.1/flycheck-package/flycheck-package-autoloads.el
    * [88.778662] Scanning c:/Users/threddast/.emacs.d/.local/straight/build-28.1/package-lint/package-lint-autoloads.el
    * [88.780913] Scanning c:/Users/threddast/.emacs.d/.local/straight/build-28.1/flycheck-cask/flycheck-cask-autoloads.el
    * [88.783123] Scanning c:/Users/threddast/.emacs.d/.local/straight/build-28.1/buttercup/buttercup-autoloads.el
    * [88.785458] Scanning c:/Users/threddast/.emacs.d/.local/straight/build-28.1/markdown-toc/markdown-toc-autoloads.el
    * [88.787781] Scanning c:/Users/threddast/.emacs.d/.local/straight/build-28.1/edit-indirect/edit-indirect-autoloads.el
    * [88.790166] Scanning c:/Users/threddast/.emacs.d/.local/straight/build-28.1/evil-markdown/evil-markdown-autoloads.el
    * [88.792413] Scanning c:/Users/threddast/.emacs.d/.local/straight/build-28.1/org/org-autoloads.el
    * [88.795492] Scanning c:/Users/threddast/.emacs.d/.local/straight/build-28.1/org-contrib/org-contrib-autoloads.el
    * [88.798103] Scanning c:/Users/threddast/.emacs.d/.local/straight/build-28.1/htmlize/htmlize-autoloads.el
    * [88.800541] Scanning c:/Users/threddast/.emacs.d/.local/straight/build-28.1/org-yt/org-yt-autoloads.el
    * [88.802714] Scanning c:/Users/threddast/.emacs.d/.local/straight/build-28.1/ox-clip/ox-clip-autoloads.el
    * [88.804915] Scanning c:/Users/threddast/.emacs.d/.local/straight/build-28.1/toc-org/toc-org-autoloads.el
    * [88.807146] Scanning c:/Users/threddast/.emacs.d/.local/straight/build-28.1/org-cliplink/org-cliplink-autoloads.el
    * [88.809510] Scanning c:/Users/threddast/.emacs.d/.local/straight/build-28.1/evil-org/evil-org-autoloads.el
    * [88.811778] Scanning c:/Users/threddast/.emacs.d/.local/straight/build-28.1/orgit/orgit-autoloads.el
    * [88.814199] Scanning c:/Users/threddast/.emacs.d/.local/straight/build-28.1/ob-async/ob-async-autoloads.el
    * [88.816496] Scanning c:/Users/threddast/.emacs.d/.local/straight/build-28.1/drag-stuff/drag-stuff-autoloads.el
    * [88.818854] Scanning c:/Users/threddast/.emacs.d/.local/straight/build-28.1/link-hint/link-hint-autoloads.el
    * [88.821182] Scanning c:/Users/threddast/.emacs.d/.local/straight/build-28.1/company-box/company-box-autoloads.el
    * [88.823434] Scanning c:/Users/threddast/.emacs.d/.local/straight/build-28.1/frame-local/frame-local-autoloads.el
    * [88.825607] Scanning c:/Users/threddast/.emacs.d/.local/straight/build-28.1/treemacs/treemacs-autoloads.el
    * [88.828514] Scanning c:/Users/threddast/.emacs.d/.local/straight/build-28.1/ace-window/ace-window-autoloads.el
    * [88.830938] Scanning c:/Users/threddast/.emacs.d/.local/straight/build-28.1/pfuture/pfuture-autoloads.el
    * [88.833234] Scanning c:/Users/threddast/.emacs.d/.local/straight/build-28.1/hydra/hydra-autoloads.el
    * [88.835601] Scanning c:/Users/threddast/.emacs.d/.local/straight/build-28.1/lv/lv-autoloads.el
    * [88.837766] Scanning c:/Users/threddast/.emacs.d/.local/straight/build-28.1/cfrs/cfrs-autoloads.el
    * [88.839932] Scanning c:/Users/threddast/.emacs.d/.local/straight/build-28.1/posframe/posframe-autoloads.el
    * [88.842377] Scanning c:/Users/threddast/.emacs.d/.local/straight/build-28.1/treemacs-evil/treemacs-evil-autoloads.el
    * [88.844548] Scanning c:/Users/threddast/.emacs.d/.local/straight/build-28.1/treemacs-projectile/treemacs-projectile-autoloads.el
    * [88.846769] Scanning c:/Users/threddast/.emacs.d/.local/straight/build-28.1/treemacs-magit/treemacs-magit-autoloads.el
    * [88.848945] Scanning c:/Users/threddast/.emacs.d/.local/straight/build-28.1/lsp-treemacs/lsp-treemacs-autoloads.el
    * [88.851345] Scanning c:/Users/threddast/.emacs.d/.local/straight/build-28.1/lsp-mode/lsp-mode-autoloads.el
    * [88.854420] Scanning c:/Users/threddast/.emacs.d/.local/straight/build-28.1/spinner/spinner-autoloads.el
    * [88.856785] Scanning c:/Users/threddast/.emacs.d/.local/straight/build-28.1/format-all/format-all-autoloads.el
    * [88.859075] Scanning c:/Users/threddast/.emacs.d/.local/straight/build-28.1/lispy/lispy-autoloads.el
    * [88.861502] Scanning c:/Users/threddast/.emacs.d/.local/straight/build-28.1/iedit/iedit-autoloads.el
    * [88.863767] Scanning c:/Users/threddast/.emacs.d/.local/straight/build-28.1/swiper/swiper-autoloads.el
    * [88.866082] Scanning c:/Users/threddast/.emacs.d/.local/straight/build-28.1/ivy/ivy-autoloads.el
    * [88.868372] Scanning c:/Users/threddast/.emacs.d/.local/straight/build-28.1/zoutline/zoutline-autoloads.el
    * [88.870540] Scanning c:/Users/threddast/.emacs.d/.local/straight/build-28.1/lispyville/lispyville-autoloads.el
    * [88.872765] Scanning c:/Users/threddast/.emacs.d/.local/straight/build-28.1/vterm/vterm-autoloads.el
    * [88.875089] Scanning c:/Users/threddast/.emacs.d/.local/straight/build-28.1/flycheck-posframe/flycheck-posframe-autoloads.el
    * [88.877392] Scanning c:/Users/threddast/.emacs.d/.local/straight/build-28.1/flyspell-correct/flyspell-correct-autoloads.el
    * [88.879666] Scanning c:/Users/threddast/.emacs.d/.local/straight/build-28.1/flyspell-lazy/flyspell-lazy-autoloads.el
    * [88.882014] Scanning c:/Users/threddast/.emacs.d/.local/straight/build-28.1/langtool/langtool-autoloads.el
    * [88.884280] Scanning c:/Users/threddast/.emacs.d/.local/straight/build-28.1/writegood-mode/writegood-mode-autoloads.el
    * [88.886529] Scanning c:/Users/threddast/.emacs.d/.local/straight/build-28.1/lsp-ui/lsp-ui-autoloads.el
    * [88.888845] Scanning c:/Users/threddast/.emacs.d/.local/straight/build-28.1/consult-lsp/consult-lsp-autoloads.el
    * [88.891064] Scanning c:/Users/threddast/.emacs.d/.local/straight/build-28.1/pdf-tools/pdf-tools-autoloads.el
    * [88.893852] Scanning c:/Users/threddast/.emacs.d/.local/straight/build-28.1/tablist/tablist-autoloads.el
    * [88.896154] Scanning c:/Users/threddast/.emacs.d/.local/straight/build-28.1/saveplace-pdf-view/saveplace-pdf-view-autoloads.el
    * [88.898346] Scanning c:/Users/threddast/.emacs.d/.local/straight/build-28.1/rainbow-mode/rainbow-mode-autoloads.el
    * [88.901000] Scanning c:/Users/threddast/.emacs.d/.local/straight/build-28.1/kurecolor/kurecolor-autoloads.el
    * [88.903253] Scanning c:/Users/threddast/.emacs.d/.local/straight/build-28.1/map/map-autoloads.el
    * [88.905151] Scanning c:/Users/threddast/.emacs.d/.local/straight/build-28.1/queue/queue-autoloads.el
    * [88.906928] Scanning c:/Users/threddast/.emacs.d/.local/straight/build-28.1/json-mode/json-mode-autoloads.el
    * [88.908807] Scanning c:/Users/threddast/.emacs.d/.local/straight/build-28.1/json-snatcher/json-snatcher-autoloads.el
    * [88.910547] Scanning c:/Users/threddast/.emacs.d/.local/straight/build-28.1/auctex/auctex-autoloads.el
    * [88.912675] Scanning c:/Users/threddast/.emacs.d/.local/straight/build-28.1/adaptive-wrap/adaptive-wrap-autoloads.el
    * [88.914591] Scanning c:/Users/threddast/.emacs.d/.local/straight/build-28.1/latex-preview-pane/latex-preview-pane-autoloads.el
    * [88.916513] Scanning c:/Users/threddast/.emacs.d/.local/straight/build-28.1/evil-tex/evil-tex-autoloads.el
    * [88.918328] Scanning c:/Users/threddast/.emacs.d/.local/straight/build-28.1/cdlatex/cdlatex-autoloads.el
    * [88.920281] Scanning c:/Users/threddast/.emacs.d/.local/straight/build-28.1/company-auctex/company-auctex-autoloads.el
    * [88.922116] Scanning c:/Users/threddast/.emacs.d/.local/straight/build-28.1/company-reftex/company-reftex-autoloads.el
    * [88.923901] Scanning c:/Users/threddast/.emacs.d/.local/straight/build-28.1/company-math/company-math-autoloads.el
    * [88.925714] Scanning c:/Users/threddast/.emacs.d/.local/straight/build-28.1/math-symbol-lists/math-symbol-lists-autoloads.el
    * [88.927501] Scanning c:/Users/threddast/.emacs.d/.local/straight/build-28.1/org-pdftools/org-pdftools-autoloads.el
    * [88.929310] Scanning c:/Users/threddast/.emacs.d/.local/straight/build-28.1/org-noter/org-noter-autoloads.el
    * [88.931300] Scanning c:/Users/threddast/.emacs.d/.local/straight/build-28.1/org-download/org-download-autoloads.el
    * [88.933084] Scanning c:/Users/threddast/.emacs.d/.local/straight/build-28.1/jupyter/jupyter-autoloads.el
    * [88.935390] Scanning c:/Users/threddast/.emacs.d/.local/straight/build-28.1/zmq/zmq-autoloads.el
    * [88.937194] Scanning c:/Users/threddast/.emacs.d/.local/straight/build-28.1/simple-httpd/simple-httpd-autoloads.el
    * [88.939047] Scanning c:/Users/threddast/.emacs.d/.local/straight/build-28.1/websocket/websocket-autoloads.el
    * [88.940879] Scanning c:/Users/threddast/.emacs.d/.local/straight/build-28.1/org-journal/org-journal-autoloads.el
    * [88.942822] Scanning c:/Users/threddast/.emacs.d/.local/straight/build-28.1/org-pomodoro/org-pomodoro-autoloads.el
    * [88.944732] Scanning c:/Users/threddast/.emacs.d/.local/straight/build-28.1/alert/alert-autoloads.el
    * [88.946666] Scanning c:/Users/threddast/.emacs.d/.local/straight/build-28.1/gntp/gntp-autoloads.el
    * [88.948527] Scanning c:/Users/threddast/.emacs.d/.local/straight/build-28.1/log4e/log4e-autoloads.el
    * [88.950365] Scanning c:/Users/threddast/.emacs.d/.local/straight/build-28.1/org-roam/org-roam-autoloads.el
    * [88.952513] Scanning c:/Users/threddast/.emacs.d/.local/straight/build-28.1/ox-pandoc/ox-pandoc-autoloads.el
    * [88.954817] Scanning c:/Users/threddast/.emacs.d/.local/straight/build-28.1/ox-hugo/ox-hugo-autoloads.el
    * [88.956913] Scanning c:/Users/threddast/.emacs.d/.local/straight/build-28.1/tomelr/tomelr-autoloads.el
    * [88.958772] Scanning c:/Users/threddast/.emacs.d/.local/straight/build-28.1/org-timeline/org-timeline-autoloads.el
    * [88.960598] Scanning c:/Users/threddast/.emacs.d/.local/straight/build-28.1/org-modern/org-modern-autoloads.el
    * [88.962626] Scanning c:/Users/threddast/.emacs.d/.local/straight/build-28.1/org-ref/org-ref-autoloads.el
    * [88.965317] Scanning c:/Users/threddast/.emacs.d/.local/straight/build-28.1/parsebib/parsebib-autoloads.el
    * [88.967236] Scanning c:/Users/threddast/.emacs.d/.local/straight/build-28.1/bibtex-completion/bibtex-completion-autoloads.el
    * [88.969194] Scanning c:/Users/threddast/.emacs.d/.local/straight/build-28.1/biblio/biblio-autoloads.el
    * [88.971316] Scanning c:/Users/threddast/.emacs.d/.local/straight/build-28.1/biblio-core/biblio-core-autoloads.el
    * [88.973325] Scanning c:/Users/threddast/.emacs.d/.local/straight/build-28.1/citeproc/citeproc-autoloads.el
    * [88.975437] Scanning c:/Users/threddast/.emacs.d/.local/straight/build-28.1/string-inflection/string-inflection-autoloads.el
    * [88.977433] Scanning c:/Users/threddast/.emacs.d/.local/straight/build-28.1/org-anki/org-anki-autoloads.el
    * [88.979510] Scanning c:/Users/threddast/.emacs.d/.local/straight/build-28.1/promise/promise-autoloads.el
    * [88.981737] Scanning c:/Users/threddast/.emacs.d/.local/straight/build-28.1/org-auto-tangle/org-auto-tangle-autoloads.el
    * [88.983764] Scanning c:/Users/threddast/.emacs.d/.local/straight/build-28.1/git-auto-commit-mode/git-auto-commit-mode-autoloads.el
    * [88.985682] Scanning c:/Users/threddast/.emacs.d/.local/straight/build-28.1/gif-screencast/gif-screencast-autoloads.el
    * [88.987602] Scanning c:/Users/threddast/.emacs.d/.local/straight/build-28.1/lorem-ipsum/lorem-ipsum-autoloads.el
    * [88.989514] Scanning c:/Users/threddast/.emacs.d/.local/straight/build-28.1/org-present/org-present-autoloads.el
    * [88.991449] Scanning c:/Users/threddast/.emacs.d/.local/straight/build-28.1/org-tree-slide/org-tree-slide-autoloads.el
    * [88.993484] Scanning c:/Users/threddast/.emacs.d/.local/straight/build-28.1/centered-window/centered-window-autoloads.el
    * [88.995453] Scanning c:/Users/threddast/.emacs.d/.local/straight/build-28.1/math-at-point/math-at-point-autoloads.el
    * [88.997362] Scanning c:/Users/threddast/.emacs.d/.local/straight/build-28.1/selectric-mode/selectric-mode-autoloads.el
    * [88.999308] Scanning c:/Users/threddast/.emacs.d/.local/straight/build-28.1/xkcd/xkcd-autoloads.el
    * [89.001226] Scanning c:/Users/threddast/.emacs.d/.local/straight/build-28.1/org-ql/org-ql-autoloads.el
    * [89.003315] Scanning c:/Users/threddast/.emacs.d/.local/straight/build-28.1/org-super-agenda/org-super-agenda-autoloads.el
    * [89.005263] Scanning c:/Users/threddast/.emacs.d/.local/straight/build-28.1/ts/ts-autoloads.el
    * [89.007138] Scanning c:/Users/threddast/.emacs.d/.local/straight/build-28.1/ov/ov-autoloads.el
    * [89.009025] Scanning c:/Users/threddast/.emacs.d/.local/straight/build-28.1/peg/peg-autoloads.el
    * [89.010965] Scanning c:/Users/threddast/.emacs.d/.local/straight/build-28.1/org-sidebar/org-sidebar-autoloads.el
  > Byte-compiling autoloads file...
  ✓ Generated .local/autoloads.28.1.elc
* [90.319352] Finished (GCs: 3, elapsed: 0.491200s)
✓ Finished in 1m 30s
