* [0.455774] Starting!
* [0.455896] doom-cli-run: (C:\Users\threddast\Programs\emacs-28.1\bin\emacs.exe -scriptload .\doom -- install)
* [0.456103] doom-cli-context-execute: found (doom)
* [0.458210] Autoloading c:/Users/threddast/.emacs.d/lisp/cli/install.el
* [0.546162] doom-cli-context-execute: found (doom install)
* [0.546432] doom-cli-context-execute: doom install
* [0.546704] doom-cli-execute: (:before) ((input) (context . #s(doom-cli-context (25359 41697 49338 0) 2788 -1 nil nil nil doom nil nil (doom install) nil (install) ((--hooks) (--fonts) (--install) (--env) (--config) (--eval) (-E) (--strict-load) (--load) (-L) (--color) (--profile) (--pager) (--emacsdir) (--doomdir) (--debug) (-D) (--force) (-!)) ((t) ((doom install)) ((doom) install))  *doom-cli stdin*  *doom-cli stdout*  *doom-cli stderr* nil)) (_) (evals) (loads) (color?) (profile) (pager) (emacsdir) (doomdir) (debug?) (force?))
* [0.546773] doom-cli-execute: (doom install) ((context . #s(doom-cli-context (25359 41697 49338 0) 2788 -1 nil nil nil doom nil nil (doom install) nil (install) ((--hooks) (--fonts) (--install) (--env) (--config) (--eval) (-E) (--strict-load) (--load) (-L) (--color) (--profile) (--pager) (--emacsdir) (--doomdir) (--debug) (-D) (--force) (-!)) ((t) ((doom install)) ((doom) install))  *doom-cli stdin*  *doom-cli stdout*  *doom-cli stderr* nil)) (hooks? . :yes) (fonts? . :yes) (install? . :yes) (envfile? . :yes) (config? . :yes))
Installing Doom Emacs!

✓ Created ~/.doom.d/
  - Creating ~/.doom.d/init.el
  ✓ Done!
  - Creating ~/.doom.d/config.el
  ✓ Done!
  - Creating ~/.doom.d/packages.el
  ✓ Done!
* [0.728051] Initializing user config
* [4.755297] doom-cli-call: (doom install) -> (doom env)
* [4.755568] doom-cli-context-execute: found (doom)
* [4.757519] Autoloading c:/Users/threddast/.emacs.d/lisp/cli/env.el
* [4.762318] doom-cli-context-execute: found (doom env)
* [4.762881] doom-cli-context-execute: doom env
* [4.763433] doom-cli-execute: (:before) ((input) (context . #s(doom-cli-context (25359 41697 49338 0) 2788 -1 nil nil nil doom nil nil (doom env) nil (install) ((--deny) (-d) (--allow) (-a) (-o) (--deny-all) (--allow-all) (--hooks) (--fonts) (--install) (--env) (--config) (--eval) (-E) (--strict-load) (--load) (-L) (--color) (--profile) (--pager) (--emacsdir) (--doomdir) (--debug) (-D) (--force) (-!)) ((t) ((doom env)) ((doom) env))  *doom-cli stdin*  *doom-cli stdout*  *doom-cli stderr* nil)) (_) (evals) (loads) (color?) (profile) (pager) (emacsdir) (doomdir) (debug?) (force?))
* [4.763824] doom-cli-execute: (doom env) ((rules) (output-file) (deny-only) (allow-only))
> Generating envvars file
    * [4.774732] Ignored PROMPT
    * [4.775279] Ignored HOME
  ✓ Generated ~/.emacs.d/.local/env
Installing plugins
* [4.789131] Initializing straight
> Installing straight...
* [6.820185] Initializing recipes
* [16.644362] Installing core packages
  > Cloning use-package...
* [20.431236] Initializing package.el
* [20.534600] Initializing straight.el
> Installing packages...
  > Building straight...
  - Checked out use-package: 0ad5d9d5d8a61517a207ab04bf69e71c081149eb
  > Building use-package...
  > Building use-package > Building bind-key...
  > Building use-package...
  > Updating recipe repos...
    > Updating recipes for melpa...
    > Updating recipes for gnu-elpa-mirror...
    > Updating recipes for el-get...
    > Updating recipes for emacsmirror-mirror...
  > Cloning auto-minor-mode...
  - Checked out auto-minor-mode: 17cfa1b54800fdef2975c0c0531dad34846a5065
  > Building auto-minor-mode...
  > Cloning gcmh...
  - Checked out gcmh: 0089f9c3a6d4e9a310d0791cf6fa8f35642ecfd9
  > Building gcmh...
  > Cloning explain-pause-mode...
  - Checked out explain-pause-mode: 2356c8c3639cbeeb9751744dbe737267849b4b51
  > Building explain-pause-mode...
  > Cloning all-the-icons.el...
  > Building all-the-icons...
  > Cloning emacs-hide-mode-line...
  > Building hide-mode-line...
  > Cloning highlight-numbers...
  - Checked out highlight-numbers: 8b4744c7f46c72b1d3d599d4fb75ef8183dee307
  > Building highlight-numbers...
  > Building highlight-numbers > Cloning parent-mode...
  > Building highlight-numbers > Building parent-mode...
  > Building highlight-numbers...
  > Cloning rainbow-delimiters...
  - Checked out rainbow-delimiters: a32b39bdfe6c61c322c37226d66e1b6d4f107ed0
  > Building rainbow-delimiters...
  > Cloning restart-emacs...
  - Checked out restart-emacs: 1607da2bc657fe05ae01f7fdf26f716eafead02c
  > Building restart-emacs...
  > Cloning better-jumper...
  - Checked out better-jumper: 47622213783ece37d5337dc28d33b530540fc319
  > Building better-jumper...
  > Cloning dtrt-indent...
  - Checked out dtrt-indent: d4fd1b4977eb0d534844fddf01c3c51c70c57205
  > Building dtrt-indent...
  > Cloning helpful...
  - Checked out helpful: 94a07d49a80f66f8ebc54a49a4b4f6899a65fbe3
  > Building helpful...
  > Building helpful > Cloning dash.el...
  > Building helpful > Building dash...
  > Building helpful > Cloning s.el...
  > Building helpful > Building s...
  > Building helpful > Cloning f.el...
  > Building helpful > Building f...
  > Building helpful > Cloning elisp-refs...
  > Building helpful > Building elisp-refs...
  > Building helpful...
  > Cloning pcre2el...
  - Checked out pcre2el: 0b5b2a2c173aab3fd14aac6cf5e90ad3bf58fa7d
  > Building pcre2el...
  > Cloning smartparens...
  - Checked out smartparens: 8b6a3c3b31afd5b3f846e09859b5fc62eb06e7c1
  > Building smartparens...
  > Cloning ws-butler...
  - Checked out ws-butler: 572a10c11b6cb88293de48acbb59a059d36f9ba5
  > Building ws-butler...
  > Cloning projectile...
  - Checked out projectile: dc6e7ff658789e4c6cf7c32a4b4fdf22ef9bc5a3
  > Building projectile...
  > Cloning project...
  - Checked out project: 2e8da1b811d5213bd143d9d036bf7ea14741a1ae
  > Building project...
  > Building project > Cloning xref...
  > Building project > Building xref...
  > Building project...
  > Cloning general.el...
  > Building general...
  > Cloning emacs-which-key...
  > Building which-key...
  > Cloning company-mode (for company)...
  > Building company...
  > Cloning emacs-company-dict...
  > Building company-dict...
  > Cloning vertico...
  - Checked out vertico: 2ad46196653b8a873adf11aee949d621af8ff6bc
  > Building vertico...
  > Cloning orderless...
  - Checked out orderless: 8b9af2796fa0eb87eea4140bc08d16880a493803
  > Building orderless...
  > Cloning consult...
  - Checked out consult: 6319aec3513cd587a8817269bc32c8283d419710
  > Building consult...
  > Building consult > Cloning compat...
  - Checked out compat: cc1924fd8b3f9b75b26bf93f084ea938c06f9615
  > Building consult > Building compat...
  > Building consult...
  > Cloning consult-dir...
  - Checked out consult-dir: d397ca6ea67af4d3c59a330a778affd825f0efd9
  > Building consult-dir...
  > Cloning consult-flycheck...
  - Checked out consult-flycheck: 9b40f136c017fadf6239d7602d16bf73b4ad5198
  > Building consult-flycheck...
  > Building consult-flycheck > Cloning flycheck...
  - Checked out flycheck: 784f184cdd9f9cb4e3dbb997c09d93e954142842
  > Building consult-flycheck > Building flycheck...
  > Building consult-flycheck > Building flycheck > Cloning pkg-info...
  > Building consult-flycheck > Building flycheck > Building pkg-info...
  > Building consult-flycheck > Building flycheck > Building pkg-info > Cloning epl...
  > Building consult-flycheck > Building flycheck > Building pkg-info > Building epl...
  > Building consult-flycheck > Building flycheck > Building pkg-info...
  > Building consult-flycheck > Building flycheck...
  > Building consult-flycheck...
  > Cloning embark...
  - Checked out embark: 5d0459d27aa7cf738b5af36cf862723a62bef955
  > Building embark...
  > Building embark-consult...
  > Cloning marginalia...
  - Checked out marginalia: 69442c2d9472b665f698f67426cd255f6c0620a3
  > Building marginalia...
  > Cloning Emacs-wgrep (for wgrep)...
  > Building wgrep...
  > Cloning themes (for doom-themes)...
  > Building doom-themes...
  > Cloning emacs-solaire-mode...
  > Building solaire-mode...
  > Cloning hl-todo...
  - Checked out hl-todo: e52285965b5ee89c18080661d4f80270143ae8dc
  > Building hl-todo...
  > Cloning doom-modeline...
  - Checked out doom-modeline: ce9899f00af40edb78f58b9af5c3685d67c8eed2
  > Building doom-modeline...
  > Building doom-modeline > Cloning shrink-path.el...
  > Building doom-modeline > Building shrink-path...
  > Building doom-modeline...
  > Cloning anzu...
  - Checked out anzu: 5abb37455ea44fa401d5f4c1bdc58adb2448db67
  > Building anzu...
  > Cloning evil-anzu...
  - Checked out evil-anzu: d3f6ed4773b48767bd5f4708c7f083336a8a8a86
  > Building evil-anzu...
  > Building evil-anzu > Cloning evil...
  - Checked out evil: 157af04d2cf466e301e82b0e667c5e7203fd96a2
  > Building evil-anzu > Building evil...
  > Building evil-anzu > Building evil > Cloning goto-chg...
  > Building evil-anzu > Building evil > Building goto-chg...
  > Building evil-anzu > Building evil...
  > Building evil-anzu...
  > Cloning evil-goggles...
  - Checked out evil-goggles: 8f20a16e74016f37ad76dc4f2230d9b00c6df3c2
  > Building evil-goggles...
  > Cloning git-gutter-fringe...
  - Checked out git-gutter-fringe: 648cb5b57faec55711803cdc9434e55a733c3eba
  > Building git-gutter-fringe...
  > Building git-gutter-fringe > Cloning git-gutter...
  > Building git-gutter-fringe > Building git-gutter...
  > Building git-gutter-fringe > Cloning fringe-helper.el...
  > Building git-gutter-fringe > Building fringe-helper...
  > Building git-gutter-fringe...
  > Cloning vi-tilde-fringe...
  - Checked out vi-tilde-fringe: f1597a8d54535bb1d84b442577b2024e6f910308
  > Building vi-tilde-fringe...
  > Cloning persp-mode.el...
  > Building persp-mode...
  > Cloning evil-args...
  - Checked out evil-args: 2671071a4a57eaee7cc8c27b9e4b6fc60fd2ccd3
  > Building evil-args...
  > Cloning evil-easymotion...
  - Checked out evil-easymotion: f96c2ed38ddc07908db7c3c11bcd6285a3e8c2e9
  > Building evil-easymotion...
  > Building evil-easymotion > Cloning avy...
  - Checked out avy: ba5f035be33693d1a136a5cbeedb24327f551a92
  > Building evil-easymotion > Building avy...
  > Building evil-easymotion...
  > Cloning evil-embrace.el...
  > Building evil-embrace...
  > Building evil-embrace > Cloning embrace.el...
  > Building evil-embrace > Building embrace...
  > Building evil-embrace > Building embrace > Cloning expand-region.el...
  > Building evil-embrace > Building embrace > Building expand-region...
  > Building evil-embrace > Building embrace...
  > Building evil-embrace > Cloning evil-surround...
  - Checked out evil-surround: c9e1449bf3f740b5e9b99e7820df4eca7fc7cf02
  > Building evil-embrace > Building evil-surround...
  > Building evil-embrace...
  > Cloning evil-escape...
  - Checked out evil-escape: 819f1ee1cf3f69a1ae920e6004f2c0baeebbe077
  > Building evil-escape...
  > Cloning evil-exchange...
  - Checked out evil-exchange: 5f0a2d41434c17c6fb02e4f744043775de1c63a2
  > Building evil-exchange...
  > Cloning evil-indent-plus...
  - Checked out evil-indent-plus: b4dacbfdb57f474f798bfbf5026d434d549eb65c
  > Building evil-indent-plus...
  > Cloning evil-lion...
  - Checked out evil-lion: 4da660e124731ed65e7aaa6c067c30e876619429
  > Building evil-lion...
  > Cloning evil-nerd-commenter...
  - Checked out evil-nerd-commenter: 386cd758a477d1b1ba742ef698ecc19916b43fbe
  > Building evil-nerd-commenter...
  > Cloning evil-numbers...
  - Checked out evil-numbers: 08f0c1ee93b8a563770eaefaf21ab9087fca7bdb
  > Building evil-numbers...
  > Cloning evil-snipe...
  - Checked out evil-snipe: c07788c35cf8cd8e652a494322fdc0643e30a89f
  > Building evil-snipe...
  > Cloning evil-textobj-anyblock...
  - Checked out evil-textobj-anyblock: 29280cd71a05429364cdceef2ff595ae8afade4d
  > Building evil-textobj-anyblock...
  > Cloning evil-traces...
  - Checked out evil-traces: 290b5323542c46af364ec485c8ec9000040acf90
  > Building evil-traces...
  > Cloning evil-visualstar...
  - Checked out evil-visualstar: 06c053d8f7381f91c53311b1234872ca96ced752
  > Building evil-visualstar...
  > Cloning exato...
  - Checked out exato: aee7af7b7a0e7551478f453d1de7d5b9cb2e06c4
  > Building exato...
  > Cloning evil-quick-diff...
  - Checked out evil-quick-diff: 69c883720b30a892c63bc89f49d4f0e8b8028908
  > Building evil-quick-diff...
  > Cloning evil-collection...
  - Checked out evil-collection: 6cc02b238cde28d850ac68ce429d24dd1e354ad4
  > Building evil-collection...
  > Building evil-collection > Cloning annalist.el...
  > Building evil-collection > Building annalist...
  > Building evil-collection...
  > Cloning yasnippet...
  - Checked out yasnippet: 5cbdbf0d2015540c59ed8ee0fcf4788effdf75b6
  > Building yasnippet...
  > Cloning vimish-fold...
  - Checked out vimish-fold: a6501cbfe3db791f9ca17fd986c7202a87f3adb8
  > Building vimish-fold...
  > Cloning evil-vimish-fold...
  - Checked out evil-vimish-fold: b6e0e6b91b8cd047e80debef1a536d9d49eef31a
  > Building evil-vimish-fold...
  > Cloning auto-yasnippet...
  - Checked out auto-yasnippet: db9e0dd4335b2202cd5dac95bbbc87a1032d9bbe
  > Building auto-yasnippet...
  > Cloning snippets (for doom-snippets)...
  > Building doom-snippets...
  doom-snippets-lib:0: Warning: Not registering prefix "%".  Affects: ("%")
  > Cloning diredfl...
  - Checked out diredfl: f9140b2c42151dca669003d685c9f079b2e3dc37
  > Building diredfl...
  > Cloning dired-git-info...
  - Checked out dired-git-info: 9461476a28a5fec0784260f6e318237c662c3430
  > Building dired-git-info...
  > Cloning dired-rsync...
  - Checked out dired-rsync: 7940d9154d0a908693999b0e1ea351a6d365c93d
  > Building dired-rsync...
  > Cloning fd-dired...
  - Checked out fd-dired: 458464771bb220b6eb87ccfd4c985c436e57dc7e
  > Building fd-dired...
  > Cloning undo-fu...
  - Checked out undo-fu: ab8bc10e424bccc847800c31ab41888db789d55d
  > Building undo-fu...
  > Cloning undo-fu-session...
  - Checked out undo-fu-session: 3e810c7c9ab75d2b6f92c7c876290abbc164e750
  > Building undo-fu-session...
  > Cloning browse-at-remote...
  - Checked out browse-at-remote: cef26f2c063f2473af42d0e126c8613fe2f709e4
  > Building browse-at-remote...
  > Cloning magit (for git-commit)...
  > Building git-commit...
  > Building git-commit > Cloning transient...
  > Building git-commit > Building transient...
  > Building git-commit > Cloning with-editor...
  > Building git-commit > Building with-editor...
  > Building git-commit...
  > Cloning git-timemachine...
  - Checked out git-timemachine: ca09684e94767cc0b2339b77b778b4de4f9d104f
  > Building git-timemachine...
  > Cloning git-modes...
  - Checked out git-modes: eca3bb42ea8abed9ef8549b2ac91bbea445c5bb5
  > Building git-modes...
  > Cloning flycheck-popup-tip...
  - Checked out flycheck-popup-tip: ef86aad907f27ca076859d8d9416f4f7727619c6
  > Building flycheck-popup-tip...
  > Building flycheck-popup-tip > Cloning popup-el (for popup)...
  > Building flycheck-popup-tip > Building popup...
  > Building flycheck-popup-tip...
  > Cloning quickrun...
  - Checked out quickrun: 314beae43cac2e4943e9ed4850e8e147bc3d2fac
  > Building quickrun...
  > Cloning eros...
  - Checked out eros: dd8910279226259e100dab798b073a52f9b4233a
  > Building eros...
  > Cloning dumb-jump...
  - Checked out dumb-jump: 1dd583011f4025b1b8c75fd785691851b6c5dfa3
  > Building dumb-jump...
  > Cloning emacs-request...
  > Building request...
  - Checked out magit: c1fb53d3de6390961ccd8dfb1cc135383508d0fc
  > Building magit...
  > Building magit > Building magit-section...
  > Building magit...
  > Cloning magit-gitflow...
  - Checked out magit-gitflow: cc41b561ec6eea947fe9a176349fb4f771ed865b
  > Building magit-gitflow...
  > Building magit-gitflow > Cloning magit-popup...
  > Building magit-gitflow > Building magit-popup...
  > Building magit-gitflow...
  > Cloning magit-todos...
  - Checked out magit-todos: 67fd80c2f10aec4d5b2a24b5d3d53c08cc1f05dc
  > Building magit-todos...
  > Building magit-todos > Cloning emacs-async...
  > Building magit-todos > Building async...
  > Building magit-todos...
  > Cloning code-review...
  - Checked out code-review: d38fbe59304ed31c759ce733cda16f69a8ef2d8c
  > Building code-review...
  > Building code-review > Cloning closql...
  > Building code-review > Building closql...
  > Building code-review > Cloning a.el...
  > Building code-review > Building a...
  > Building code-review > Cloning ghub...
  > Building code-review > Building ghub...
  > Building code-review > Building ghub > Cloning treepy.el...
  > Building code-review > Building ghub > Building treepy...
  > Building code-review > Building ghub...
  > Building code-review > Cloning uuidgen-el (for uuidgen)...
  > Building code-review > Building uuidgen...
  > Building code-review > Cloning emacs-deferred...
  > Building code-review > Building deferred...
  > Building code-review > Cloning markdown-mode...
  - Checked out markdown-mode: 1f709778ac7990f4a07fdf11fe37bc6541810b29
  > Building code-review > Building markdown-mode...
  > Building code-review > Cloning forge...
  > Building code-review > Building forge...
  > Building code-review > Building forge > Cloning emacsql (for emacsql-sqlite)...
  > Building code-review > Building forge > Building emacsql-sqlite...
  > Building code-review > Building forge > Building emacsql-sqlite > Building emacsql...
  > Building code-review > Building forge > Building emacsql-sqlite...
  > Building code-review > Building forge > Cloning yaml.el...
  > Building code-review > Building forge > Building yaml...
  > Building code-review > Building forge...
  > Building code-review > Cloning emacs-emojify...
  > Building code-review > Building emojify...
  > Building code-review > Building emojify > Cloning ht.el...
  > Building code-review > Building emojify > Building ht...
  ht:0: Warning: Not registering prefix "ht".  Affects: ("ht" "ht<-alist" "ht<-plist" "ht?" "ht-get" "ht-get*" "ht-update" "ht-update!" "ht-merge" "ht-map" "ht-keys" "ht-values" "ht-items" "ht-amap" "ht-aeach" "ht->plist" "ht->alist" "ht-to-plist" "ht-to-alist" "ht-p" "ht-create" "ht-clear" "ht-clear!" "ht-copy" "ht-contains?" "ht-contains-p" "ht-size" "ht-set" "ht-set!" "ht-select" "ht-select-keys" "ht-remove" "ht-remove!" "ht-reject" "ht-reject!" "ht-delete-if" "ht-from-alist" "ht-from-plist" "ht-find" "ht-each" "ht-empty?" "ht-empty-p" "ht-equal?" "ht-equal-p")
  > Building code-review > Building emojify...
  > Building code-review...
  > Cloning highlight-quoted...
  - Checked out highlight-quoted: 24103478158cd19fbcfb4339a3f1fa1f054f1469
  > Building highlight-quoted...
  > Cloning macrostep...
  - Checked out macrostep: 424e3734a1ee526a1bd7b5c3cd1d3ef19d184267
  > Building macrostep...
  > Cloning overseer.el...
  > Building overseer...
  > Cloning elisp-def...
  - Checked out elisp-def: dfca043ec0cbead67bd9c526cb009daf771d0fa2
  > Building elisp-def...
  > Cloning elisp-demos...
  - Checked out elisp-demos: 01c301b516e9949d0239d20f6834afbc9acf0abb
  > Building elisp-demos...
  > Cloning flycheck-package...
  - Checked out flycheck-package: 615c1ed8c6fb7c73abec6aaa73d3fef498d231bc
  > Building flycheck-package...
  > Building flycheck-package > Cloning package-lint...
  > Building flycheck-package > Building package-lint...
  > Building flycheck-package...
  > Cloning flycheck-cask...
  - Checked out flycheck-cask: 4b2ede6362ded4a45678dfbef1876faa42edbd58
  > Building flycheck-cask...
  > Cloning emacs-buttercup...
  > Building buttercup...
  buttercup:0: Warning: Not registering prefix "it".  Affects: ("it")
  > Cloning markdown-toc...
  - Checked out markdown-toc: 3d724e518a897343b5ede0b976d6fb46c46bcc01
  > Building markdown-toc...
  > Cloning edit-indirect...
  - Checked out edit-indirect: f80f63822ffae78de38dbe72cacaeb1aaa96c732
  > Building edit-indirect...
  > Cloning evil-markdown...
  - Checked out evil-markdown: 8e6cc68af83914b2fa9fd3a3b8472573dbcef477
  > Building evil-markdown...
  > Cloning org...
  - Checked out org: 00adad9357b9123a7b11ecf12c148a5196debcb7
  > Building org...
  > Cloning org-contrib...
  - Checked out org-contrib: 39e2abc5629c1be6186bb6489ec4f76524edf82a
  > Building org-contrib...
  > Cloning emacs-htmlize...
  > Building htmlize...
  > Cloning org-yt...
  - Checked out org-yt: 40cc1ac76d741055cbefa13860d9f070a7ade001
  > Building org-yt...
  > Cloning ox-clip...
  - Checked out ox-clip: ff117cf3c619eef12eccc0ccbfa3f11adb73ea68
  > Building ox-clip...
  > Cloning toc-org...
  - Checked out toc-org: bf2e4b358efbd860ecafe6e74776de0885d9d100
  > Building toc-org...
  > Cloning org-cliplink...
  - Checked out org-cliplink: 13e0940b65d22bec34e2de4bc8cba1412a7abfbc
  > Building org-cliplink...
  > Cloning evil-org-mode (for evil-org)...
  > Building evil-org...
  > Cloning orgit...
  - Checked out orgit: b33b916915db5f91d2c9da4cb1a2457ccbb09332
  > Building orgit...
  > Cloning ob-async...
  - Checked out ob-async: 9aac486073f5c356ada20e716571be33a350a982
  > Building ob-async...
  > Cloning company-shell...
  - Checked out company-shell: a77f4de75912aa87314cde92c603b831d5050246
  > Building company-shell...
  > Cloning drag-stuff.el...
  > Building drag-stuff...
  > Cloning link-hint.el...
  > Building link-hint...
  ✓ Installed 146 packages
Regenerating autoloads files
> (Re)generating autoloads file...
  > Generating autoloads file...
    * [794.919855] Scanning c:/Users/threddast/.emacs.d/lisp/lib/buffers.el
    * [794.947555] Scanning c:/Users/threddast/.emacs.d/lisp/lib/config.el
    * [794.966852] Scanning c:/Users/threddast/.emacs.d/lisp/lib/debug.el
    * [794.974776] Scanning c:/Users/threddast/.emacs.d/lisp/lib/docs.el
    * [795.016071] Scanning c:/Users/threddast/.emacs.d/lisp/lib/files.el
    * [795.023652] Scanning c:/Users/threddast/.emacs.d/lisp/lib/fonts.el
    * [795.044322] Scanning c:/Users/threddast/.emacs.d/lisp/lib/git.el
    * [795.048946] Scanning c:/Users/threddast/.emacs.d/lisp/lib/help.el
    * [795.080601] Scanning c:/Users/threddast/.emacs.d/lisp/lib/packages.el
    * [795.102836] Scanning c:/Users/threddast/.emacs.d/lisp/lib/plist.el
    * [795.108029] Scanning c:/Users/threddast/.emacs.d/lisp/lib/print.el
    * [795.115839] Scanning c:/Users/threddast/.emacs.d/lisp/lib/process.el
    * [795.120796] Scanning c:/Users/threddast/.emacs.d/lisp/lib/projects.el
    * [795.140776] Scanning c:/Users/threddast/.emacs.d/lisp/lib/sandbox.el
    * [795.160588] Scanning c:/Users/threddast/.emacs.d/lisp/lib/scratch.el
    * [795.176026] Scanning c:/Users/threddast/.emacs.d/lisp/lib/sessions.el
    * [795.190652] Scanning c:/Users/threddast/.emacs.d/lisp/lib/store.el
    * [795.207348] Scanning c:/Users/threddast/.emacs.d/lisp/lib/system.el
    * [795.212974] Scanning c:/Users/threddast/.emacs.d/lisp/lib/text.el
    * [795.234400] Scanning c:/Users/threddast/.emacs.d/lisp/lib/themes.el
    * [795.252525] Scanning c:/Users/threddast/.emacs.d/lisp/lib/ui.el
    * [795.272510] Scanning c:/Users/threddast/.emacs.d/modules/app/calendar/autoload.el
    * [795.295552] Scanning c:/Users/threddast/.emacs.d/modules/app/emms/autoload.el
    * [795.309432] Scanning c:/Users/threddast/.emacs.d/modules/app/irc/autoload/irc.el
    * [795.322364] Scanning c:/Users/threddast/.emacs.d/modules/app/irc/autoload/ivy.el
    * [795.334755] Scanning c:/Users/threddast/.emacs.d/modules/app/irc/autoload/settings.el
    * [795.346880] Scanning c:/Users/threddast/.emacs.d/modules/app/irc/autoload/vertico.el
    * [795.358497] Scanning c:/Users/threddast/.emacs.d/modules/app/rss/autoload.el
    * [795.373603] Scanning c:/Users/threddast/.emacs.d/modules/app/twitter/autoload.el
    * [795.386294] Scanning c:/Users/threddast/.emacs.d/modules/checkers/spell/autoload/+flyspell.el
    * [795.402585] Scanning c:/Users/threddast/.emacs.d/modules/checkers/spell/autoload/+spell-fu.el
    * [795.420518] Scanning c:/Users/threddast/.emacs.d/modules/checkers/syntax/autoload.el
    * [795.434113] Scanning c:/Users/threddast/.emacs.d/modules/completion/company/autoload.el
    * [795.453852] Scanning c:/Users/threddast/.emacs.d/modules/completion/helm/autoload/evil.el
    * [795.469154] Scanning c:/Users/threddast/.emacs.d/modules/completion/helm/autoload/helm.el
    * [795.482182] Scanning c:/Users/threddast/.emacs.d/modules/completion/helm/autoload/posframe.el
    * [795.495137] Scanning c:/Users/threddast/.emacs.d/modules/completion/ivy/autoload/evil.el
    * [795.506767] Scanning c:/Users/threddast/.emacs.d/modules/completion/ivy/autoload/hydras.el
    * [795.518909] Scanning c:/Users/threddast/.emacs.d/modules/completion/ivy/autoload/ivy.el
    * [795.541112] Scanning c:/Users/threddast/.emacs.d/modules/completion/ivy/autoload/posframe.el
    * [795.552684] Scanning c:/Users/threddast/.emacs.d/modules/completion/vertico/autoload/evil.el
    * [795.567768] Scanning c:/Users/threddast/.emacs.d/modules/completion/vertico/autoload/magit.el
    * [795.581318] Scanning c:/Users/threddast/.emacs.d/modules/completion/vertico/autoload/vertico.el
    * [795.603568] Scanning c:/Users/threddast/.emacs.d/modules/completion/vertico/autoload/workspaces.el
    * [795.623131] Scanning c:/Users/threddast/.emacs.d/modules/config/default/autoload/default.el
    * [795.638500] Scanning c:/Users/threddast/.emacs.d/modules/config/default/autoload/deferred.el
    * [795.652426] Scanning c:/Users/threddast/.emacs.d/modules/config/default/autoload/files.el
    * [795.667464] Scanning c:/Users/threddast/.emacs.d/modules/config/default/autoload/search.el
    * [795.683634] Scanning c:/Users/threddast/.emacs.d/modules/config/default/autoload/text.el
    * [795.702913] Scanning c:/Users/threddast/.emacs.d/modules/config/literate/autoload.el
    * [795.718237] Scanning c:/Users/threddast/.emacs.d/modules/editor/evil/autoload/advice.el
    * [795.741776] Scanning c:/Users/threddast/.emacs.d/modules/editor/evil/autoload/embrace.el
    * [795.757398] Scanning c:/Users/threddast/.emacs.d/modules/editor/evil/autoload/evil.el
    * [795.775617] Scanning c:/Users/threddast/.emacs.d/modules/editor/evil/autoload/ex.el
    * [795.798089] Scanning c:/Users/threddast/.emacs.d/modules/editor/evil/autoload/files.el
    * [795.813825] Scanning c:/Users/threddast/.emacs.d/modules/editor/evil/autoload/textobjects.el
    * [795.833211] Scanning c:/Users/threddast/.emacs.d/modules/editor/evil/autoload/unimpaired.el
    * [795.852426] Scanning c:/Users/threddast/.emacs.d/modules/editor/file-templates/autoload.el
    * [795.869389] Scanning c:/Users/threddast/.emacs.d/modules/editor/fold/autoload/fold.el
    * [795.888320] Scanning c:/Users/threddast/.emacs.d/modules/editor/fold/autoload/hideshow.el
    * [795.919243] Scanning c:/Users/threddast/.emacs.d/modules/editor/format/autoload/evil.el
    * [795.930949] Scanning c:/Users/threddast/.emacs.d/modules/editor/format/autoload/format.el
    * [795.945322] Scanning c:/Users/threddast/.emacs.d/modules/editor/format/autoload/settings.el
    * [795.966453] Scanning c:/Users/threddast/.emacs.d/modules/editor/god/autoload.el
    * [795.977769] Scanning c:/Users/threddast/.emacs.d/modules/editor/multiple-cursors/autoload/evil-mc.el
    * [795.991058] Scanning c:/Users/threddast/.emacs.d/modules/editor/rotate-text/autoload.el
    * [796.005197] Scanning c:/Users/threddast/.emacs.d/modules/editor/snippets/autoload/settings.el
    * [796.019033] Scanning c:/Users/threddast/.emacs.d/modules/editor/snippets/autoload/snippets.el
    * [796.043383] Scanning c:/Users/threddast/.emacs.d/modules/editor/word-wrap/autoload.el
    * [796.055426] Scanning c:/Users/threddast/.emacs.d/modules/emacs/dired/autoload.el
    * [796.068654] Scanning c:/Users/threddast/.emacs.d/modules/emacs/electric/autoload.el
    * [796.082329] Scanning c:/Users/threddast/.emacs.d/modules/emacs/ibuffer/autoload/workspaces.el
    * [796.094456] Scanning c:/Users/threddast/.emacs.d/modules/emacs/vc/autoload/bug-reference-backport.el
    * [796.109443] Scanning c:/Users/threddast/.emacs.d/modules/emacs/vc/autoload/hydra.el
    * [796.124543] Scanning c:/Users/threddast/.emacs.d/modules/emacs/vc/autoload/vc.el
    * [796.140972] Scanning c:/Users/threddast/.emacs.d/modules/email/mu4e/autoload/advice.el
    * [796.159421] Scanning c:/Users/threddast/.emacs.d/modules/email/mu4e/autoload/email.el
    * [796.180341] Scanning c:/Users/threddast/.emacs.d/modules/email/mu4e/autoload/evil.el
    * [796.192233] Scanning c:/Users/threddast/.emacs.d/modules/email/mu4e/autoload/mu-lock.el
    * [796.209351] Scanning c:/Users/threddast/.emacs.d/modules/email/notmuch/autoload.el
    * [796.226814] Scanning c:/Users/threddast/.emacs.d/modules/email/wanderlust/autoload.el
    * [796.237577] Scanning c:/Users/threddast/.emacs.d/modules/input/layout/autoload/bepo.el
    * [796.255078] Scanning c:/Users/threddast/.emacs.d/modules/lang/beancount/autoload.el
    * [796.271278] Scanning c:/Users/threddast/.emacs.d/modules/lang/cc/autoload.el
    * [796.292239] Scanning c:/Users/threddast/.emacs.d/modules/lang/clojure/autoload.el
    * [796.304071] Scanning c:/Users/threddast/.emacs.d/modules/lang/common-lisp/autoload/common-lisp.el
    * [796.318017] Scanning c:/Users/threddast/.emacs.d/modules/lang/csharp/autoload.el
    * [796.331865] Scanning c:/Users/threddast/.emacs.d/modules/lang/emacs-lisp/autoload.el
    * [796.362548] Scanning c:/Users/threddast/.emacs.d/modules/lang/ess/autoload.el
    * [796.376497] Scanning c:/Users/threddast/.emacs.d/modules/lang/faust/autoload.el
    * [796.390176] Scanning c:/Users/threddast/.emacs.d/modules/lang/fortran/autoload.el
    * [796.405152] Scanning c:/Users/threddast/.emacs.d/modules/lang/go/autoload.el
    * [796.423768] Scanning c:/Users/threddast/.emacs.d/modules/lang/graphql/autoload.el
    * [796.438667] Scanning c:/Users/threddast/.emacs.d/modules/lang/haskell/autoload.el
    * [796.450143] Scanning c:/Users/threddast/.emacs.d/modules/lang/java/autoload/java.el
    * [796.463173] Scanning c:/Users/threddast/.emacs.d/modules/lang/java/autoload/lsp.el
    * [796.468449] Scanning c:/Users/threddast/.emacs.d/modules/lang/javascript/autoload.el
    * [796.482484] Scanning c:/Users/threddast/.emacs.d/modules/lang/julia/autoload.el
    * [796.493597] Scanning c:/Users/threddast/.emacs.d/modules/lang/kotlin/autoload.el
    * [796.504850] Scanning c:/Users/threddast/.emacs.d/modules/lang/latex/autoload.el
    * [796.516892] Scanning c:/Users/threddast/.emacs.d/modules/lang/lua/autoload/lua.el
    * [796.531588] Scanning c:/Users/threddast/.emacs.d/modules/lang/lua/autoload/moonscript.el
    * [796.543649] Scanning c:/Users/threddast/.emacs.d/modules/lang/markdown/autoload.el
    * [796.559416] Scanning c:/Users/threddast/.emacs.d/modules/lang/nix/autoload.el
    * [796.574999] Scanning c:/Users/threddast/.emacs.d/modules/lang/ocaml/autoload.el
    * [796.585825] Scanning c:/Users/threddast/.emacs.d/modules/lang/org/autoload/contrib-ipython.el
    * [796.606647] Scanning c:/Users/threddast/.emacs.d/modules/lang/org/autoload/contrib-present.el
    * [796.623358] Scanning c:/Users/threddast/.emacs.d/modules/lang/org/autoload/contrib-roam2.el
    * [796.639979] Scanning c:/Users/threddast/.emacs.d/modules/lang/org/autoload/org-attach.el
    * [796.655708] Scanning c:/Users/threddast/.emacs.d/modules/lang/org/autoload/org-avy.el
    * [796.669820] Scanning c:/Users/threddast/.emacs.d/modules/lang/org/autoload/org-babel.el
    * [796.688686] Scanning c:/Users/threddast/.emacs.d/modules/lang/org/autoload/org-capture.el
    * [796.707888] Scanning c:/Users/threddast/.emacs.d/modules/lang/org/autoload/org-export.el
    * [796.725401] Scanning c:/Users/threddast/.emacs.d/modules/lang/org/autoload/org-link.el
    * [796.747085] Scanning c:/Users/threddast/.emacs.d/modules/lang/org/autoload/org-refile.el
    * [796.762969] Scanning c:/Users/threddast/.emacs.d/modules/lang/org/autoload/org-tables.el
    * [796.777973] Scanning c:/Users/threddast/.emacs.d/modules/lang/org/autoload/org.el
    * [796.809646] Scanning c:/Users/threddast/.emacs.d/modules/lang/php/autoload.el
    * [796.821217] Scanning c:/Users/threddast/.emacs.d/modules/lang/plantuml/autoload.el
    * [796.837100] Scanning c:/Users/threddast/.emacs.d/modules/lang/python/autoload/conda.el
    * [796.849037] Scanning c:/Users/threddast/.emacs.d/modules/lang/python/autoload/pyenv.el
    * [796.861214] Scanning c:/Users/threddast/.emacs.d/modules/lang/python/autoload/python.el
    * [796.874004] Scanning c:/Users/threddast/.emacs.d/modules/lang/qt/autoload.el
    * [796.884503] Scanning c:/Users/threddast/.emacs.d/modules/lang/racket/autoload.el
    * [796.895643] Scanning c:/Users/threddast/.emacs.d/modules/lang/rest/autoload.el
    * [796.906917] Scanning c:/Users/threddast/.emacs.d/modules/lang/ruby/autoload.el
    * [796.918149] Scanning c:/Users/threddast/.emacs.d/modules/lang/rust/autoload.el
    * [796.929282] Scanning c:/Users/threddast/.emacs.d/modules/lang/scala/autoload.el
    * [796.941619] Scanning c:/Users/threddast/.emacs.d/modules/lang/scheme/autoload.el
    * [796.956467] Scanning c:/Users/threddast/.emacs.d/modules/lang/sh/autoload.el
    * [796.970782] Scanning c:/Users/threddast/.emacs.d/modules/lang/terra/autoload.el
    * [796.983798] Scanning c:/Users/threddast/.emacs.d/modules/lang/web/autoload/css.el
    * [796.999225] Scanning c:/Users/threddast/.emacs.d/modules/lang/web/autoload/evil.el
    * [797.013287] Scanning c:/Users/threddast/.emacs.d/modules/lang/web/autoload/html.el
    * [797.027685] Scanning c:/Users/threddast/.emacs.d/modules/os/macos/autoload.el
    * [797.041648] Scanning c:/Users/threddast/.emacs.d/modules/term/eshell/autoload/backport.el
    * [797.060006] Scanning c:/Users/threddast/.emacs.d/modules/term/eshell/autoload/commands.el
    * [797.072437] Scanning c:/Users/threddast/.emacs.d/modules/term/eshell/autoload/company.el
    * [797.085965] Scanning c:/Users/threddast/.emacs.d/modules/term/eshell/autoload/eshell.el
    * [797.105079] Scanning c:/Users/threddast/.emacs.d/modules/term/eshell/autoload/evil.el
    * [797.117400] Scanning c:/Users/threddast/.emacs.d/modules/term/eshell/autoload/prompts.el
    * [797.132627] Scanning c:/Users/threddast/.emacs.d/modules/term/eshell/autoload/settings.el
    * [797.144957] Scanning c:/Users/threddast/.emacs.d/modules/term/shell/autoload.el
    * [797.157199] Scanning c:/Users/threddast/.emacs.d/modules/term/term/autoload.el
    * [797.168753] Scanning c:/Users/threddast/.emacs.d/modules/term/vterm/autoload.el
    * [797.180395] Scanning c:/Users/threddast/.emacs.d/modules/tools/debugger/autoload/debugger.el
    * [797.196286] Scanning c:/Users/threddast/.emacs.d/modules/tools/debugger/autoload/evil.el
    * [797.208494] Scanning c:/Users/threddast/.emacs.d/modules/tools/editorconfig/autoload.el
    * [797.219546] Scanning c:/Users/threddast/.emacs.d/modules/tools/eval/autoload/eval.el
    * [797.236162] Scanning c:/Users/threddast/.emacs.d/modules/tools/eval/autoload/evil.el
    * [797.251666] Scanning c:/Users/threddast/.emacs.d/modules/tools/eval/autoload/repl.el
    * [797.271191] Scanning c:/Users/threddast/.emacs.d/modules/tools/eval/autoload/settings.el
    * [797.287487] Scanning c:/Users/threddast/.emacs.d/modules/tools/gist/autoload/evil.el
    * [797.299094] Scanning c:/Users/threddast/.emacs.d/modules/tools/lookup/autoload/docsets.el
    * [797.317517] Scanning c:/Users/threddast/.emacs.d/modules/tools/lookup/autoload/evil.el
    * [797.333169] Scanning c:/Users/threddast/.emacs.d/modules/tools/lookup/autoload/lookup.el
    * [797.361326] Scanning c:/Users/threddast/.emacs.d/modules/tools/lookup/autoload/online.el
    * [797.386310] Scanning c:/Users/threddast/.emacs.d/modules/tools/lookup/autoload/xwidget.el
    * [797.400247] Scanning c:/Users/threddast/.emacs.d/modules/tools/lsp/autoload/common.el
    * [797.412012] Scanning c:/Users/threddast/.emacs.d/modules/tools/lsp/autoload/eglot.el
    * [797.428030] Scanning c:/Users/threddast/.emacs.d/modules/tools/lsp/autoload/flycheck-eglot.el
    * [797.443410] Scanning c:/Users/threddast/.emacs.d/modules/tools/lsp/autoload/lsp-mode.el
    * [797.459598] Scanning c:/Users/threddast/.emacs.d/modules/tools/magit/autoload.el
    * [797.479872] Scanning c:/Users/threddast/.emacs.d/modules/tools/make/autoload.el
    * [797.492549] Scanning c:/Users/threddast/.emacs.d/modules/tools/pass/autoload/consult.el
    * [797.504603] Scanning c:/Users/threddast/.emacs.d/modules/tools/pass/autoload/ivy.el
    * [797.518839] Scanning c:/Users/threddast/.emacs.d/modules/tools/pass/autoload/pass.el
    * [797.534110] Scanning c:/Users/threddast/.emacs.d/modules/tools/prodigy/autoload.el
    * [797.547914] Scanning c:/Users/threddast/.emacs.d/modules/tools/rgb/autoload.el
    * [797.557470] Scanning c:/Users/threddast/.emacs.d/modules/tools/taskrunner/autoload.el
    * [797.565992] Scanning c:/Users/threddast/.emacs.d/modules/tools/tmux/autoload/evil.el
    * [797.577443] Scanning c:/Users/threddast/.emacs.d/modules/tools/tmux/autoload/tmux.el
    * [797.591252] Scanning c:/Users/threddast/.emacs.d/modules/tools/tree-sitter/autoload.el
    * [797.602979] Scanning c:/Users/threddast/.emacs.d/modules/ui/doom-dashboard/autoload.el
    * [797.616458] Scanning c:/Users/threddast/.emacs.d/modules/ui/hydra/autoload/windows.el
    * [797.631076] Scanning c:/Users/threddast/.emacs.d/modules/ui/ligatures/autoload/install.el
    * [797.644358] Scanning c:/Users/threddast/.emacs.d/modules/ui/ligatures/autoload/ligatures.el
    * [797.657678] Scanning c:/Users/threddast/.emacs.d/modules/ui/modeline/autoload.el
    * [797.671483] Scanning c:/Users/threddast/.emacs.d/modules/ui/nav-flash/autoload.el
    * [797.682862] Scanning c:/Users/threddast/.emacs.d/modules/ui/neotree/autoload.el
    * [797.694656] Scanning c:/Users/threddast/.emacs.d/modules/ui/popup/autoload/popup.el
    * [797.730960] Scanning c:/Users/threddast/.emacs.d/modules/ui/popup/autoload/settings.el
    * [797.768847] Scanning c:/Users/threddast/.emacs.d/modules/ui/tabs/autoload.el
    * [797.779811] Scanning c:/Users/threddast/.emacs.d/modules/ui/treemacs/autoload.el
    * [797.791172] Scanning c:/Users/threddast/.emacs.d/modules/ui/unicode/autoload.el
    * [797.804266] Scanning c:/Users/threddast/.emacs.d/modules/ui/vc-gutter/autoload/diff-hl.el
    * [797.819613] Scanning c:/Users/threddast/.emacs.d/modules/ui/vc-gutter/autoload/git-gutter.el
    * [797.836468] Scanning c:/Users/threddast/.emacs.d/modules/ui/vi-tilde-fringe/autoload.el
    * [797.852004] Scanning c:/Users/threddast/.emacs.d/modules/ui/workspaces/autoload/evil.el
    * [797.874683] Scanning c:/Users/threddast/.emacs.d/modules/ui/workspaces/autoload/workspaces.el
    * [797.910802] Scanning c:/Users/threddast/.emacs.d/modules/ui/zen/autoload.el
    * [797.936085] Scanning c:/Users/threddast/.emacs.d/.local/straight/build-28.1/straight/straight-autoloads.el
    * [797.941207] Scanning c:/Users/threddast/.emacs.d/.local/straight/build-28.1/use-package/use-package-autoloads.el
    * [797.946386] Scanning c:/Users/threddast/.emacs.d/.local/straight/build-28.1/bind-key/bind-key-autoloads.el
    * [797.950759] Scanning c:/Users/threddast/.emacs.d/.local/straight/build-28.1/auto-minor-mode/auto-minor-mode-autoloads.el
    * [797.955337] Scanning c:/Users/threddast/.emacs.d/.local/straight/build-28.1/gcmh/gcmh-autoloads.el
    * [797.959759] Scanning c:/Users/threddast/.emacs.d/.local/straight/build-28.1/explain-pause-mode/explain-pause-mode-autoloads.el
    * [797.964141] Scanning c:/Users/threddast/.emacs.d/.local/straight/build-28.1/all-the-icons/all-the-icons-autoloads.el
    * [797.968667] Scanning c:/Users/threddast/.emacs.d/.local/straight/build-28.1/hide-mode-line/hide-mode-line-autoloads.el
    * [797.973233] Scanning c:/Users/threddast/.emacs.d/.local/straight/build-28.1/highlight-numbers/highlight-numbers-autoloads.el
    * [797.977699] Scanning c:/Users/threddast/.emacs.d/.local/straight/build-28.1/parent-mode/parent-mode-autoloads.el
    * [797.981888] Scanning c:/Users/threddast/.emacs.d/.local/straight/build-28.1/rainbow-delimiters/rainbow-delimiters-autoloads.el
    * [797.986237] Scanning c:/Users/threddast/.emacs.d/.local/straight/build-28.1/restart-emacs/restart-emacs-autoloads.el
    * [797.990667] Scanning c:/Users/threddast/.emacs.d/.local/straight/build-28.1/better-jumper/better-jumper-autoloads.el
    * [797.995161] Scanning c:/Users/threddast/.emacs.d/.local/straight/build-28.1/dtrt-indent/dtrt-indent-autoloads.el
    * [797.999763] Scanning c:/Users/threddast/.emacs.d/.local/straight/build-28.1/helpful/helpful-autoloads.el
    * [798.004154] Scanning c:/Users/threddast/.emacs.d/.local/straight/build-28.1/dash/dash-autoloads.el
    * [798.009018] Scanning c:/Users/threddast/.emacs.d/.local/straight/build-28.1/s/s-autoloads.el
    * [798.013225] Scanning c:/Users/threddast/.emacs.d/.local/straight/build-28.1/f/f-autoloads.el
    * [798.017377] Scanning c:/Users/threddast/.emacs.d/.local/straight/build-28.1/elisp-refs/elisp-refs-autoloads.el
    * [798.021772] Scanning c:/Users/threddast/.emacs.d/.local/straight/build-28.1/pcre2el/pcre2el-autoloads.el
    * [798.026457] Scanning c:/Users/threddast/.emacs.d/.local/straight/build-28.1/smartparens/smartparens-autoloads.el
    * [798.031624] Scanning c:/Users/threddast/.emacs.d/.local/straight/build-28.1/ws-butler/ws-butler-autoloads.el
    * [798.036283] Scanning c:/Users/threddast/.emacs.d/.local/straight/build-28.1/projectile/projectile-autoloads.el
    * [798.041753] Scanning c:/Users/threddast/.emacs.d/.local/straight/build-28.1/project/project-autoloads.el
    * [798.046521] Scanning c:/Users/threddast/.emacs.d/.local/straight/build-28.1/xref/xref-autoloads.el
    * [798.050959] Scanning c:/Users/threddast/.emacs.d/.local/straight/build-28.1/general/general-autoloads.el
    * [798.056233] Scanning c:/Users/threddast/.emacs.d/.local/straight/build-28.1/which-key/which-key-autoloads.el
    * [798.060839] Scanning c:/Users/threddast/.emacs.d/.local/straight/build-28.1/company/company-autoloads.el
    * [798.065983] Scanning c:/Users/threddast/.emacs.d/.local/straight/build-28.1/company-dict/company-dict-autoloads.el
    * [798.070267] Scanning c:/Users/threddast/.emacs.d/.local/straight/build-28.1/vertico/vertico-autoloads.el
    * [798.075553] Scanning c:/Users/threddast/.emacs.d/.local/straight/build-28.1/orderless/orderless-autoloads.el
    * [798.080026] Scanning c:/Users/threddast/.emacs.d/.local/straight/build-28.1/consult/consult-autoloads.el
    * [798.085589] Scanning c:/Users/threddast/.emacs.d/.local/straight/build-28.1/compat/compat-autoloads.el
    * [798.090202] Scanning c:/Users/threddast/.emacs.d/.local/straight/build-28.1/consult-dir/consult-dir-autoloads.el
    * [798.094496] Scanning c:/Users/threddast/.emacs.d/.local/straight/build-28.1/consult-flycheck/consult-flycheck-autoloads.el
    * [798.098768] Scanning c:/Users/threddast/.emacs.d/.local/straight/build-28.1/flycheck/flycheck-autoloads.el
    * [798.103782] Scanning c:/Users/threddast/.emacs.d/.local/straight/build-28.1/pkg-info/pkg-info-autoloads.el
    * [798.108162] Scanning c:/Users/threddast/.emacs.d/.local/straight/build-28.1/epl/epl-autoloads.el
    * [798.112358] Scanning c:/Users/threddast/.emacs.d/.local/straight/build-28.1/embark/embark-autoloads.el
    * [798.116866] Scanning c:/Users/threddast/.emacs.d/.local/straight/build-28.1/embark-consult/embark-consult-autoloads.el
    * [798.121224] Scanning c:/Users/threddast/.emacs.d/.local/straight/build-28.1/marginalia/marginalia-autoloads.el
    * [798.125632] Scanning c:/Users/threddast/.emacs.d/.local/straight/build-28.1/wgrep/wgrep-autoloads.el
    * [798.129833] Scanning c:/Users/threddast/.emacs.d/.local/straight/build-28.1/doom-themes/doom-themes-autoloads.el
    * [798.136092] Scanning c:/Users/threddast/.emacs.d/.local/straight/build-28.1/solaire-mode/solaire-mode-autoloads.el
    * [798.140546] Scanning c:/Users/threddast/.emacs.d/.local/straight/build-28.1/hl-todo/hl-todo-autoloads.el
    * [798.145285] Scanning c:/Users/threddast/.emacs.d/.local/straight/build-28.1/doom-modeline/doom-modeline-autoloads.el
    * [798.149999] Scanning c:/Users/threddast/.emacs.d/.local/straight/build-28.1/shrink-path/shrink-path-autoloads.el
    * [798.154181] Scanning c:/Users/threddast/.emacs.d/.local/straight/build-28.1/anzu/anzu-autoloads.el
    * [798.158787] Scanning c:/Users/threddast/.emacs.d/.local/straight/build-28.1/evil-anzu/evil-anzu-autoloads.el
    * [798.162992] Scanning c:/Users/threddast/.emacs.d/.local/straight/build-28.1/evil/evil-autoloads.el
    * [798.167803] Scanning c:/Users/threddast/.emacs.d/.local/straight/build-28.1/goto-chg/goto-chg-autoloads.el
    * [798.172238] Scanning c:/Users/threddast/.emacs.d/.local/straight/build-28.1/evil-goggles/evil-goggles-autoloads.el
    * [798.176628] Scanning c:/Users/threddast/.emacs.d/.local/straight/build-28.1/git-gutter-fringe/git-gutter-fringe-autoloads.el
    * [798.180946] Scanning c:/Users/threddast/.emacs.d/.local/straight/build-28.1/git-gutter/git-gutter-autoloads.el
    * [798.185479] Scanning c:/Users/threddast/.emacs.d/.local/straight/build-28.1/fringe-helper/fringe-helper-autoloads.el
    * [798.189682] Scanning c:/Users/threddast/.emacs.d/.local/straight/build-28.1/vi-tilde-fringe/vi-tilde-fringe-autoloads.el
    * [798.194168] Scanning c:/Users/threddast/.emacs.d/.local/straight/build-28.1/persp-mode/persp-mode-autoloads.el
    * [798.198867] Scanning c:/Users/threddast/.emacs.d/.local/straight/build-28.1/evil-args/evil-args-autoloads.el
    * [798.203172] Scanning c:/Users/threddast/.emacs.d/.local/straight/build-28.1/evil-easymotion/evil-easymotion-autoloads.el
    * [798.207860] Scanning c:/Users/threddast/.emacs.d/.local/straight/build-28.1/avy/avy-autoloads.el
    * [798.212859] Scanning c:/Users/threddast/.emacs.d/.local/straight/build-28.1/evil-embrace/evil-embrace-autoloads.el
    * [798.217144] Scanning c:/Users/threddast/.emacs.d/.local/straight/build-28.1/embrace/embrace-autoloads.el
    * [798.221470] Scanning c:/Users/threddast/.emacs.d/.local/straight/build-28.1/expand-region/expand-region-autoloads.el
    * [798.226483] Scanning c:/Users/threddast/.emacs.d/.local/straight/build-28.1/evil-surround/evil-surround-autoloads.el
    * [798.231335] Scanning c:/Users/threddast/.emacs.d/.local/straight/build-28.1/evil-escape/evil-escape-autoloads.el
    * [798.235905] Scanning c:/Users/threddast/.emacs.d/.local/straight/build-28.1/evil-exchange/evil-exchange-autoloads.el
    * [798.240263] Scanning c:/Users/threddast/.emacs.d/.local/straight/build-28.1/evil-indent-plus/evil-indent-plus-autoloads.el
    * [798.244724] Scanning c:/Users/threddast/.emacs.d/.local/straight/build-28.1/evil-lion/evil-lion-autoloads.el
    * [798.249170] Scanning c:/Users/threddast/.emacs.d/.local/straight/build-28.1/evil-nerd-commenter/evil-nerd-commenter-autoloads.el
    * [798.253728] Scanning c:/Users/threddast/.emacs.d/.local/straight/build-28.1/evil-numbers/evil-numbers-autoloads.el
    * [798.258186] Scanning c:/Users/threddast/.emacs.d/.local/straight/build-28.1/evil-snipe/evil-snipe-autoloads.el
    * [798.262807] Scanning c:/Users/threddast/.emacs.d/.local/straight/build-28.1/evil-textobj-anyblock/evil-textobj-anyblock-autoloads.el
    * [798.267353] Scanning c:/Users/threddast/.emacs.d/.local/straight/build-28.1/evil-traces/evil-traces-autoloads.el
    * [798.271781] Scanning c:/Users/threddast/.emacs.d/.local/straight/build-28.1/evil-visualstar/evil-visualstar-autoloads.el
    * [798.276462] Scanning c:/Users/threddast/.emacs.d/.local/straight/build-28.1/exato/exato-autoloads.el
    * [798.280692] Scanning c:/Users/threddast/.emacs.d/.local/straight/build-28.1/evil-quick-diff/evil-quick-diff-autoloads.el
    * [798.284951] Scanning c:/Users/threddast/.emacs.d/.local/straight/build-28.1/evil-collection/evil-collection-autoloads.el
    * [798.289370] Scanning c:/Users/threddast/.emacs.d/.local/straight/build-28.1/annalist/annalist-autoloads.el
    * [798.293935] Scanning c:/Users/threddast/.emacs.d/.local/straight/build-28.1/yasnippet/yasnippet-autoloads.el
    * [798.298484] Scanning c:/Users/threddast/.emacs.d/.local/straight/build-28.1/vimish-fold/vimish-fold-autoloads.el
    * [798.302873] Scanning c:/Users/threddast/.emacs.d/.local/straight/build-28.1/evil-vimish-fold/evil-vimish-fold-autoloads.el
    * [798.307522] Scanning c:/Users/threddast/.emacs.d/.local/straight/build-28.1/auto-yasnippet/auto-yasnippet-autoloads.el
    * [798.311942] Scanning c:/Users/threddast/.emacs.d/.local/straight/build-28.1/doom-snippets/doom-snippets-autoloads.el
    * [798.316281] Scanning c:/Users/threddast/.emacs.d/.local/straight/build-28.1/diredfl/diredfl-autoloads.el
    * [798.320751] Scanning c:/Users/threddast/.emacs.d/.local/straight/build-28.1/dired-git-info/dired-git-info-autoloads.el
    * [798.325245] Scanning c:/Users/threddast/.emacs.d/.local/straight/build-28.1/dired-rsync/dired-rsync-autoloads.el
    * [798.329553] Scanning c:/Users/threddast/.emacs.d/.local/straight/build-28.1/fd-dired/fd-dired-autoloads.el
    * [798.333889] Scanning c:/Users/threddast/.emacs.d/.local/straight/build-28.1/undo-fu/undo-fu-autoloads.el
    * [798.338315] Scanning c:/Users/threddast/.emacs.d/.local/straight/build-28.1/undo-fu-session/undo-fu-session-autoloads.el
    * [798.342845] Scanning c:/Users/threddast/.emacs.d/.local/straight/build-28.1/browse-at-remote/browse-at-remote-autoloads.el
    * [798.347182] Scanning c:/Users/threddast/.emacs.d/.local/straight/build-28.1/git-commit/git-commit-autoloads.el
    * [798.351491] Scanning c:/Users/threddast/.emacs.d/.local/straight/build-28.1/transient/transient-autoloads.el
    * [798.356334] Scanning c:/Users/threddast/.emacs.d/.local/straight/build-28.1/with-editor/with-editor-autoloads.el
    * [798.360702] Scanning c:/Users/threddast/.emacs.d/.local/straight/build-28.1/git-timemachine/git-timemachine-autoloads.el
    * [798.365082] Scanning c:/Users/threddast/.emacs.d/.local/straight/build-28.1/git-modes/git-modes-autoloads.el
    * [798.369627] Scanning c:/Users/threddast/.emacs.d/.local/straight/build-28.1/flycheck-popup-tip/flycheck-popup-tip-autoloads.el
    * [798.373923] Scanning c:/Users/threddast/.emacs.d/.local/straight/build-28.1/popup/popup-autoloads.el
    * [798.378112] Scanning c:/Users/threddast/.emacs.d/.local/straight/build-28.1/quickrun/quickrun-autoloads.el
    * [798.382689] Scanning c:/Users/threddast/.emacs.d/.local/straight/build-28.1/eros/eros-autoloads.el
    * [798.387245] Scanning c:/Users/threddast/.emacs.d/.local/straight/build-28.1/dumb-jump/dumb-jump-autoloads.el
    * [798.391948] Scanning c:/Users/threddast/.emacs.d/.local/straight/build-28.1/request/request-autoloads.el
    * [798.396139] Scanning c:/Users/threddast/.emacs.d/.local/straight/build-28.1/magit/magit-autoloads.el
    * [798.405245] Scanning c:/Users/threddast/.emacs.d/.local/straight/build-28.1/magit-section/magit-section-autoloads.el
    * [798.409519] Scanning c:/Users/threddast/.emacs.d/.local/straight/build-28.1/magit-gitflow/magit-gitflow-autoloads.el
    * [798.413753] Scanning c:/Users/threddast/.emacs.d/.local/straight/build-28.1/magit-popup/magit-popup-autoloads.el
    * [798.418305] Scanning c:/Users/threddast/.emacs.d/.local/straight/build-28.1/magit-todos/magit-todos-autoloads.el
    * [798.422761] Scanning c:/Users/threddast/.emacs.d/.local/straight/build-28.1/async/async-autoloads.el
    * [798.427607] Scanning c:/Users/threddast/.emacs.d/.local/straight/build-28.1/code-review/code-review-autoloads.el
    * [798.432664] Scanning c:/Users/threddast/.emacs.d/.local/straight/build-28.1/closql/closql-autoloads.el
    * [798.436974] Scanning c:/Users/threddast/.emacs.d/.local/straight/build-28.1/a/a-autoloads.el
    * [798.441136] Scanning c:/Users/threddast/.emacs.d/.local/straight/build-28.1/ghub/ghub-autoloads.el
    * [798.445576] Scanning c:/Users/threddast/.emacs.d/.local/straight/build-28.1/treepy/treepy-autoloads.el
    * [798.449908] Scanning c:/Users/threddast/.emacs.d/.local/straight/build-28.1/uuidgen/uuidgen-autoloads.el
    * [798.454182] Scanning c:/Users/threddast/.emacs.d/.local/straight/build-28.1/deferred/deferred-autoloads.el
    * [798.458390] Scanning c:/Users/threddast/.emacs.d/.local/straight/build-28.1/markdown-mode/markdown-mode-autoloads.el
    * [798.462920] Scanning c:/Users/threddast/.emacs.d/.local/straight/build-28.1/forge/forge-autoloads.el
    * [798.467989] Scanning c:/Users/threddast/.emacs.d/.local/straight/build-28.1/emacsql-sqlite/emacsql-sqlite-autoloads.el
    * [798.472283] Scanning c:/Users/threddast/.emacs.d/.local/straight/build-28.1/emacsql/emacsql-autoloads.el
    * [798.476536] Scanning c:/Users/threddast/.emacs.d/.local/straight/build-28.1/yaml/yaml-autoloads.el
    * [798.480879] Scanning c:/Users/threddast/.emacs.d/.local/straight/build-28.1/emojify/emojify-autoloads.el
    * [798.485249] Scanning c:/Users/threddast/.emacs.d/.local/straight/build-28.1/ht/ht-autoloads.el
    * [798.489389] Scanning c:/Users/threddast/.emacs.d/.local/straight/build-28.1/highlight-quoted/highlight-quoted-autoloads.el
    * [798.493774] Scanning c:/Users/threddast/.emacs.d/.local/straight/build-28.1/macrostep/macrostep-autoloads.el
    * [798.498301] Scanning c:/Users/threddast/.emacs.d/.local/straight/build-28.1/overseer/overseer-autoloads.el
    * [798.502688] Scanning c:/Users/threddast/.emacs.d/.local/straight/build-28.1/elisp-def/elisp-def-autoloads.el
    * [798.507008] Scanning c:/Users/threddast/.emacs.d/.local/straight/build-28.1/elisp-demos/elisp-demos-autoloads.el
    * [798.511431] Scanning c:/Users/threddast/.emacs.d/.local/straight/build-28.1/flycheck-package/flycheck-package-autoloads.el
    * [798.515658] Scanning c:/Users/threddast/.emacs.d/.local/straight/build-28.1/package-lint/package-lint-autoloads.el
    * [798.520028] Scanning c:/Users/threddast/.emacs.d/.local/straight/build-28.1/flycheck-cask/flycheck-cask-autoloads.el
    * [798.524461] Scanning c:/Users/threddast/.emacs.d/.local/straight/build-28.1/buttercup/buttercup-autoloads.el
    * [798.529190] Scanning c:/Users/threddast/.emacs.d/.local/straight/build-28.1/markdown-toc/markdown-toc-autoloads.el
    * [798.533759] Scanning c:/Users/threddast/.emacs.d/.local/straight/build-28.1/edit-indirect/edit-indirect-autoloads.el
    * [798.538147] Scanning c:/Users/threddast/.emacs.d/.local/straight/build-28.1/evil-markdown/evil-markdown-autoloads.el
    * [798.542550] Scanning c:/Users/threddast/.emacs.d/.local/straight/build-28.1/org/org-autoloads.el
    * [798.548656] Scanning c:/Users/threddast/.emacs.d/.local/straight/build-28.1/org-contrib/org-contrib-autoloads.el
    * [798.553664] Scanning c:/Users/threddast/.emacs.d/.local/straight/build-28.1/htmlize/htmlize-autoloads.el
    * [798.558447] Scanning c:/Users/threddast/.emacs.d/.local/straight/build-28.1/org-yt/org-yt-autoloads.el
    * [798.562674] Scanning c:/Users/threddast/.emacs.d/.local/straight/build-28.1/ox-clip/ox-clip-autoloads.el
    * [798.566930] Scanning c:/Users/threddast/.emacs.d/.local/straight/build-28.1/toc-org/toc-org-autoloads.el
    * [798.571274] Scanning c:/Users/threddast/.emacs.d/.local/straight/build-28.1/org-cliplink/org-cliplink-autoloads.el
    * [798.575852] Scanning c:/Users/threddast/.emacs.d/.local/straight/build-28.1/evil-org/evil-org-autoloads.el
    * [798.580303] Scanning c:/Users/threddast/.emacs.d/.local/straight/build-28.1/orgit/orgit-autoloads.el
    * [798.585016] Scanning c:/Users/threddast/.emacs.d/.local/straight/build-28.1/ob-async/ob-async-autoloads.el
    * [798.589528] Scanning c:/Users/threddast/.emacs.d/.local/straight/build-28.1/company-shell/company-shell-autoloads.el
    * [798.593844] Scanning c:/Users/threddast/.emacs.d/.local/straight/build-28.1/drag-stuff/drag-stuff-autoloads.el
    * [798.598462] Scanning c:/Users/threddast/.emacs.d/.local/straight/build-28.1/link-hint/link-hint-autoloads.el
  > Byte-compiling autoloads file...
  ✓ Generated .local/autoloads.28.1.elc
Deploying commit-msg and pre-push git hooks
    * [800.313448] doom-cli-call: (doom env) -> (doom ci deploy-hooks)
    * [800.313676] doom-cli-context-execute: found (doom)
    * [800.338334] Autoloading c:/Users/threddast/.emacs.d/lisp/cli/ci.el
    * [800.350832] doom-cli-context-execute: found (doom ci)
    * [800.351401] doom-cli-context-execute: found (doom ci deploy-hooks)
    * [800.351944] doom-cli-context-execute: doom ci deploy-hooks
    * [800.352573] doom-cli-execute: (:before) ((input) (context . #s(doom-cli-context (25359 41697 49338 0) 2788 -1 nil nil nil doom nil nil (doom ci deploy-hooks) nil (install) ((--deny) (-d) (--allow) (-a) (-o) (--deny-all) (--allow-all) (--hooks) (--fonts) (--install) (--env) (--config) (--eval) (-E) (--strict-load) (--load) (-L) (--color) (--profile) (--pager) (--emacsdir) (--doomdir) (--debug) (-D) (--force) (-!)) ((t) ((doom ci deploy-hooks)) ((doom ci) deploy-hooks) ((doom) ci deploy-hooks))  *doom-cli stdin*  *doom-cli stdout*  *doom-cli stderr* nil)) (_) (evals) (loads) (color?) (profile) (pager) (emacsdir) (doomdir) (debug?) (force?))
    * [800.352735] doom-cli-execute: (doom ci deploy-hooks) ((force))
    ✓ Created ~/.emacs.d/.git/hooks/commit-msg
    ✓ Created ~/.emacs.d/.git/hooks/pre-push
! Doom cannot install all-the-icons' fonts on Windows!

  You'll have to do so manually:
  
    1. Launch Doom Emacs
    2. Execute 'M-x all-the-icons-install-fonts' to download the fonts
    3. Open the download location in windows explorer
    4. Open each font file to install them
✓  Finished! Doom is ready to go!

But before you doom yourself, here are some things you should know:

1. Don't forget to run 'doom sync', then restart Emacs, after modifying
   ~/.doom.d/init.el or ~/.doom.d/packages.el.

   This command ensures needed packages are installed, orphaned packages are
   removed, and your autoloads/cache files are up to date. When in doubt, run
   'doom sync'!

2. If something goes wrong, run `doom doctor`. It diagnoses common issues with
   your environment and setup, and may offer clues about what is wrong.

3. Use 'doom upgrade' to update Doom. Doing it any other way will require
   additional steps. Run 'doom help upgrade' to understand those extra steps.

4. Access Doom's documentation from within Emacs via 'SPC h d h' or 'C-h d h'
   (or 'M-x doom/help')

Have fun!

* [801.062035] Finished (GCs: 3, elapsed: 0.995683s)
✓ Finished in 13m 21s
