* [0.335123] Starting!
* [0.335180] doom-cli-run: (C:\Users\threddast\Programs\emacs-28.1\bin\emacs.exe -scriptload .\doom -- purge)
* [0.335303] doom-cli-context-execute: found (doom)
* [0.335839] Autoloading c:/Users/threddast/.emacs.d/lisp/cli/packages.el
* [0.407379] doom-cli-context-execute: found (doom purge)
* [0.407710] doom-cli-context-execute: doom purge
* [0.408080] doom-cli-execute: (:before) ((input) (context . #s(doom-cli-context (25359 46077 145893 0) 6112 -1 nil nil nil doom nil nil (doom purge) nil (purge) ((--no-regraft) (-g) (--no-eln) (-e) (--no-repos) (-r) (--no-elpa) (-p) (--no-builds) (-b) (--eval) (-E) (--strict-load) (--load) (-L) (--color) (--profile) (--pager) (--emacsdir) (--doomdir) (--debug) (-D) (--force) (-!)) ((t) ((doom purge)) ((doom) purge))  *doom-cli stdin*  *doom-cli stdout*  *doom-cli stderr* nil)) (_) (evals) (loads) (color?) (profile) (pager) (emacsdir) (doomdir) (debug?) (force?))
* [0.408157] doom-cli-execute: (:before doom build) nil
* [0.408191] Initializing straight
* [0.537354] Initializing recipes
* [0.542379] Installing core packages
* [0.543016] doom-cli-execute: (doom purge) ((noregraft-p) (noeln-p) (norepos-p) (noelpa-p) (nobuilds-p))
* [0.549195] Initializing package.el
* [0.681487] Initializing straight.el
> Purging orphaned packages (for the emperor)...
  - No builds to purge
  - No ELPA packages to purge
  > Purging straight repositories...
    ✓ Purged repos/company-shell
    ✓ Purged repos/persp-mode.el
  > Regrafting 266 repos...
    ✓ Regrafted repos/Emacs-langtool (from 160.7KB to 155.6KB)
    ✓ Regrafted repos/Emacs-wgrep (from 166.2KB to 160.5KB)
    ✓ Regrafted repos/a.el (from 110.9KB to 110.6KB)
    ✓ Regrafted repos/ace-window (from 82.8KB to 82.5KB)
    ✓ Regrafted repos/adaptive-wrap (from 35.9KB to 36.9KB)
    ✓ Regrafted repos/alert (from 93.2KB to 92.9KB)
    ✓ Regrafted repos/all-the-icons.el (from 2280.2KB to 2234.5KB)
    ✓ Regrafted repos/anaconda-mode (from 294.8KB to 293.4KB)
    ✓ Regrafted repos/annalist.el (from 248.5KB to 248.2KB)
    ✓ Regrafted repos/ansible-doc (from 275.9KB to 274.3KB)
    ✓ Regrafted repos/anzu (from 2645.8KB to 2635.1KB)
    ✓ Regrafted repos/auctex (from 7292.9KB to 7292.9KB)
    ✓ Regrafted repos/auto-minor-mode (from 94.1KB to 92.6KB)
    ✓ Regrafted repos/auto-yasnippet (from 55.2KB to 55.7KB)
    ✓ Regrafted repos/avy (from 169.9KB to 165.8KB)
    ✓ Regrafted repos/beancount-mode (from 151.5KB to 148.2KB)
    ✓ Regrafted repos/better-jumper (from 112.3KB to 110.2KB)
    ✓ Regrafted repos/biblio.el (from 661.6KB to 661.2KB)
    ✓ Regrafted repos/browse-at-remote (from 72.8KB to 72.9KB)
    ✓ Regrafted repos/cdlatex (from 146.0KB to 139.0KB)
    ✓ Regrafted repos/centered-window-mode (from 3169.8KB to 3169.5KB)
    ✓ Regrafted repos/cfrs (from 107.0KB to 106.7KB)
    ✓ Regrafted repos/cider (from 14968.5KB to 14968.6KB)
    ✓ Regrafted repos/citeproc-el (from 614.6KB to 614.3KB)
    ✓ Regrafted repos/clj-refactor.el (from 9257.0KB to 9257.0KB)
    ✓ Regrafted repos/clojure-mode (from 48045.0KB to 47923.8KB)
    ✓ Regrafted repos/closql (from 114.6KB to 114.2KB)
    ✓ Regrafted repos/code-review (from 3038.7KB to 3024.3KB)
    ✓ Regrafted repos/company-anaconda (from 55.6KB to 56.7KB)
    ✓ Regrafted repos/company-ansible (from 626.9KB to 609.9KB)
    ✓ Regrafted repos/company-auctex (from 43.5KB to 44.2KB)
    ✓ Regrafted repos/company-box (from 888.7KB to 888.8KB)
    ✓ Regrafted repos/company-math (from 54.2KB to 55.1KB)
    ✓ Regrafted repos/company-mode (from 4822.7KB to 4822.8KB)
    ✓ Regrafted repos/company-reftex (from 445.4KB to 444.2KB)
    ✓ Regrafted repos/compat (from 409.4KB to 398.2KB)
    ✓ Regrafted repos/consult (from 496.2KB to 478.0KB)
    ✓ Regrafted repos/consult-dir (from 364.7KB to 362.3KB)
    ✓ Regrafted repos/consult-flycheck (from 33.1KB to 34.2KB)
    ✓ Regrafted repos/consult-lsp (from 61.7KB to 61.4KB)
    ✓ Regrafted repos/dash.el (from 811.4KB to 811.1KB)
    ✓ Regrafted repos/dired-git-info (from 165.6KB to 166.4KB)
    ✓ Regrafted repos/dired-rsync (from 107.7KB to 106.1KB)
    ✓ Regrafted repos/diredfl (from 1057.4KB to 1058.0KB)
    ✓ Regrafted repos/doom-modeline (from 377.2KB to 366.1KB)
    ✓ Regrafted repos/drag-stuff.el (from 204.6KB to 198.8KB)
    ✓ Regrafted repos/dtrt-indent (from 101.9KB to 100.4KB)
    ✓ Regrafted repos/dumb-jump (from 558.6KB to 549.5KB)
    ✓ Regrafted repos/edit-indirect (from 47.6KB to 48.0KB)
    ✓ Regrafted repos/el-get (from 1963.0KB to 1962.7KB)
    ✓ Regrafted repos/elisp-def (from 227.6KB to 226.4KB)
    ✓ Regrafted repos/elisp-demos (from 559.8KB to 547.6KB)
    ✓ Regrafted repos/elisp-refs (from 423.2KB to 422.8KB)
    ✓ Regrafted repos/emacs-ansible (from 211.7KB to 211.8KB)
    ✓ Regrafted repos/emacs-async (from 155.6KB to 155.3KB)
    ✓ Regrafted repos/emacs-buttercup (from 393.5KB to 383.0KB)
    ✓ Regrafted repos/emacs-company-dict (from 39.4KB to 40.5KB)
    ✓ Regrafted repos/emacs-deferred (from 323.4KB to 323.1KB)
    ✓ Regrafted repos/emacs-emojify (from 3257.2KB to 3256.9KB)
    ✓ Regrafted repos/emacs-format-all-the-code (from 76.5KB to 76.1KB)
    ✓ Regrafted repos/emacs-gif-screencast (from 101.7KB to 101.3KB)
    ✓ Regrafted repos/emacs-hide-mode-line (from 31.7KB to 32.9KB)
    ✓ Regrafted repos/emacs-htmlize (from 317.5KB to 298.3KB)
    ✓ Regrafted repos/emacs-jupyter (from 1298.7KB to 1250.0KB)
    ✓ Regrafted repos/emacs-libvterm (from 313.5KB to 303.4KB)
    ✓ Regrafted repos/emacs-load-env-vars (from 83.8KB to 83.5KB)
    ✓ Regrafted repos/emacs-lorem-ipsum (from 39.0KB to 38.7KB)
    ✓ Regrafted repos/emacs-promise (from 138.9KB to 138.6KB)
    ✓ Regrafted repos/emacs-python-pytest (from 77.7KB to 77.4KB)
    ✓ Regrafted repos/emacs-request (from 376.8KB to 368.8KB)
    ✓ Regrafted repos/emacs-solaire-mode (from 72.2KB to 72.1KB)
    ✓ Regrafted repos/emacs-web-server (from 81.4KB to 81.1KB)
    ✓ Regrafted repos/emacs-websocket (from 161.0KB to 160.7KB)
    ✓ Regrafted repos/emacs-which-key (from 1102.1KB to 1092.0KB)
    ✓ Regrafted repos/emacs-xkcd (from 543.1KB to 542.8KB)
    ✓ Regrafted repos/emacs-zmq (from 270.4KB to 270.0KB)
    ✓ Regrafted repos/emacsmirror-mirror (from 154.1KB to 153.7KB)
    ✓ Regrafted repos/emacsql (from 9780.4KB to 9780.1KB)
    ✓ Regrafted repos/embark (from 499.1KB to 469.1KB)
    ✓ Regrafted repos/embrace.el (from 348.7KB to 348.4KB)
    ✓ Regrafted repos/epl (from 142.7KB to 142.4KB)
    ✓ Regrafted repos/eros (from 48.7KB to 49.7KB)
    ✓ Regrafted repos/evil (from 2394.7KB to 2310.6KB)
    ✓ Regrafted repos/evil-anzu (from 216.4KB to 217.3KB)
    ✓ Regrafted repos/evil-args (from 41.1KB to 42.0KB)
    ✓ Regrafted repos/evil-collection (from 1053.3KB to 1053.4KB)
    ✓ Regrafted repos/evil-easymotion (from 724.3KB to 724.6KB)
    ✓ Regrafted repos/evil-embrace.el (from 164.2KB to 164.7KB)
    ✓ Regrafted repos/evil-escape (from 95.4KB to 94.1KB)
    ✓ Regrafted repos/evil-exchange (from 42.7KB to 43.7KB)
    ✓ Regrafted repos/evil-goggles (from 76.0KB to 76.1KB)
    ✓ Regrafted repos/evil-indent-plus (from 38.6KB to 39.6KB)
    ✓ Regrafted repos/evil-ledger (from 37.1KB to 38.1KB)
    ✓ Regrafted repos/evil-lion (from 50.9KB to 51.9KB)
    ✓ Regrafted repos/evil-markdown (from 86.5KB to 85.5KB)
    ✓ Regrafted repos/evil-nerd-commenter (from 1105.4KB to 1088.3KB)
    ✓ Regrafted repos/evil-numbers (from 128.4KB to 126.3KB)
    ✓ Regrafted repos/evil-org-mode (from 122.8KB to 121.2KB)
    ✓ Regrafted repos/evil-quick-diff (from 37.0KB to 38.2KB)
    ✓ Regrafted repos/evil-snipe (from 94.8KB to 94.6KB)
    ✓ Regrafted repos/evil-surround (from 130.3KB to 128.1KB)
    ✓ Regrafted repos/evil-tex (from 171.5KB to 167.6KB)
    ✓ Regrafted repos/evil-textobj-anyblock (from 99.5KB to 98.4KB)
    ✓ Regrafted repos/evil-traces (from 4673.6KB to 4668.6KB)
    ✓ Regrafted repos/evil-vimish-fold (from 36.8KB to 37.9KB)
    ✓ Regrafted repos/evil-visualstar (from 31.7KB to 32.8KB)
    ✓ Regrafted repos/exato (from 92.8KB to 92.0KB)
    ✓ Regrafted repos/expand-region.el (from 302.6KB to 302.3KB)
    ✓ Regrafted repos/explain-pause-mode (from 3490.9KB to 3466.6KB)
    ✓ Regrafted repos/f.el (from 221.4KB to 221.1KB)
    ✓ Regrafted repos/fd-dired (from 39.9KB to 40.7KB)
    ✓ Regrafted repos/flycheck (from 3140.5KB to 3140.6KB)
    ✓ Regrafted repos/flycheck-cask (from 81.5KB to 80.7KB)
    ✓ Regrafted repos/flycheck-clj-kondo (from 45.1KB to 46.4KB)
    ✓ Regrafted repos/flycheck-ledger (from 84.3KB to 83.4KB)
    ✓ Regrafted repos/flycheck-package (from 35.7KB to 36.9KB)
    ✓ Regrafted repos/flycheck-popup-tip (from 213.3KB to 212.0KB)
    ✓ Regrafted repos/flycheck-posframe (from 90.7KB to 91.6KB)
    ✓ Regrafted repos/flyspell-correct (from 4514.6KB to 3883.3KB)
    ✓ Regrafted repos/flyspell-lazy (from 93.5KB to 92.6KB)
    ✓ Regrafted repos/forge (from 549.1KB to 548.8KB)
    ✓ Regrafted repos/frame-local (from 33.3KB to 33.0KB)
    ✓ Regrafted repos/fringe-helper.el (from 50.0KB to 49.6KB)
    ✓ Regrafted repos/gcmh (from 32.2KB to 33.3KB)
    ✓ Regrafted repos/general.el (from 1222.2KB to 1205.0KB)
    ✓ Regrafted repos/ghub (from 317.8KB to 317.5KB)
    ✓ Regrafted repos/git-auto-commit-mode (from 105.9KB to 105.6KB)
    ✓ Regrafted repos/git-gutter (from 450.9KB to 450.5KB)
    ✓ Regrafted repos/git-gutter-fringe (from 329.4KB to 332.2KB)
    ✓ Regrafted repos/git-modes (from 103.4KB to 101.6KB)
    ✓ Regrafted repos/git-timemachine (from 912.6KB to 910.3KB)
    ✓ Regrafted repos/gntp.el (from 40.6KB to 40.3KB)
    ✓ Regrafted repos/gnu-elpa-mirror (from 55.2KB to 54.8KB)
    ✓ Regrafted repos/goto-chg (from 94.9KB to 94.6KB)
    ✓ Regrafted repos/helm-bibtex (from 345.2KB to 344.9KB)
    ✓ Regrafted repos/helpful (from 808.8KB to 803.0KB)
    ✓ Regrafted repos/highlight-numbers (from 40.4KB to 41.3KB)
    ✓ Regrafted repos/highlight-quoted (from 30.7KB to 31.9KB)
    ✓ Regrafted repos/hl-todo (from 48.5KB to 49.2KB)
    ✓ Regrafted repos/ht.el (from 67.2KB to 66.8KB)
    ✓ Regrafted repos/hydra (from 299.2KB to 298.9KB)
    ✓ Regrafted repos/iedit (from 338.0KB to 337.6KB)
    ✓ Regrafted repos/jinja2-mode (from 40.7KB to 41.2KB)
    ✓ Regrafted repos/json-mode (from 39.8KB to 40.7KB)
    ✓ Regrafted repos/json-snatcher (from 408.3KB to 408.7KB)
    ✓ Regrafted repos/jump.el (from 60.4KB to 60.0KB)
    ✓ Regrafted repos/kurecolor (from 4565.1KB to 4550.7KB)
    ✓ Regrafted repos/latex-preview-pane (from 437.8KB to 435.2KB)
    ✓ Regrafted repos/ledger-mode (from 663.5KB to 643.2KB)
    ✓ Regrafted repos/link-hint.el (from 158.8KB to 154.8KB)
    ✓ Regrafted repos/lispy (from 1141.1KB to 1108.0KB)
    ✓ Regrafted repos/lispyville (from 1069.0KB to 1060.2KB)
    ✓ Regrafted repos/log4e (from 369.8KB to 369.5KB)
    ✓ Regrafted repos/lsp-mode (from 35463.3KB to 35463.4KB)
    ✓ Regrafted repos/lsp-treemacs (from 2942.5KB to 2942.6KB)
    ✓ Regrafted repos/lsp-ui (from 11397.2KB to 11383.4KB)
    ✓ Regrafted repos/macrostep (from 282.4KB to 273.3KB)
    ✓ Regrafted repos/magit (from 3158.8KB to 3158.9KB)
    ✓ Regrafted repos/magit-gitflow (from 51.1KB to 51.6KB)
    ✓ Regrafted repos/magit-popup (from 222.3KB to 221.4KB)
    ✓ Regrafted repos/magit-todos (from 1161.1KB to 1153.1KB)
    ✓ Regrafted repos/map (from 52.3KB to 52.0KB)
    ✓ Regrafted repos/marginalia (from 155.4KB to 151.5KB)
    ✓ Regrafted repos/markdown-mode (from 1244.8KB to 1199.4KB)
    ✓ Regrafted repos/markdown-toc (from 152.2KB to 150.0KB)
    ✓ Regrafted repos/math-at-point (from 94.4KB to 94.0KB)
    ✓ Regrafted repos/math-symbol-lists (from 247.7KB to 247.3KB)
    ✓ Regrafted repos/melpa (from 1820.2KB to 1819.9KB)
    ✓ Regrafted repos/multiple-cursors.el (from 220.7KB to 220.3KB)
    ✓ Regrafted repos/nix-emacs (from 1283.0KB to 1281.8KB)
    ✓ Regrafted repos/nix-mode (from 298.8KB to 293.4KB)
    ✓ Regrafted repos/nix-update-el (from 36.1KB to 37.2KB)
    ✓ Regrafted repos/nose (from 37.0KB to 37.9KB)
    ✓ Regrafted repos/ob-async (from 174.2KB to 174.3KB)
    ✓ Regrafted repos/orderless (from 409.5KB to 403.1KB)
    ✓ Regrafted repos/org (from 11142.1KB to 11142.2KB)
    ✓ Regrafted repos/org-anki (from 539.5KB to 539.1KB)
    ✓ Regrafted repos/org-auto-tangle (from 44.7KB to 44.4KB)
    ✓ Regrafted repos/org-chef (from 224.6KB to 224.3KB)
    ✓ Regrafted repos/org-cliplink (from 132.6KB to 131.5KB)
    ✓ Regrafted repos/org-contrib (from 903.9KB to 878.4KB)
    ✓ Regrafted repos/org-download (from 66.4KB to 66.0KB)
    ✓ Regrafted repos/org-journal (from 262.4KB to 255.3KB)
    ✓ Regrafted repos/org-modern (from 121.8KB to 121.5KB)
    ✓ Regrafted repos/org-noter (from 408.4KB to 408.1KB)
    ✓ Regrafted repos/org-pdftools (from 145.4KB to 142.3KB)
    ✓ Regrafted repos/org-pomodoro (from 319.7KB to 317.4KB)
    ✓ Regrafted repos/org-present (from 44.9KB to 44.6KB)
    ✓ Regrafted repos/org-ql (from 8749.8KB to 8749.5KB)
    ✓ Regrafted repos/org-ref (from 3041.5KB to 3041.2KB)
    ✓ Regrafted repos/org-roam (from 75358.6KB to 75182.4KB)
    ✓ Regrafted repos/org-sidebar (from 3732.5KB to 3732.1KB)
    ✓ Regrafted repos/org-super-agenda (from 2140.7KB to 2140.4KB)
    ✓ Regrafted repos/org-timeline (from 60.2KB to 59.9KB)
    ✓ Regrafted repos/org-tree-slide (from 146.8KB to 146.4KB)
    ✓ Regrafted repos/org-yt (from 37.2KB to 38.2KB)
    ✓ Regrafted repos/orgit (from 104.1KB to 102.6KB)
    ✓ Regrafted repos/ov (from 99.8KB to 99.4KB)
    ✓ Regrafted repos/overseer.el (from 97.9KB to 96.8KB)
    ✓ Regrafted repos/ox-clip (from 50.2KB to 50.8KB)
    ✓ Regrafted repos/ox-hugo (from 8422.0KB to 8422.0KB)
    ✓ Regrafted repos/ox-pandoc (from 161.7KB to 159.2KB)
    ✓ Regrafted repos/package-lint (from 1401.9KB to 1401.5KB)
    ✓ Regrafted repos/paredit (from 337.8KB to 325.6KB)
    ✓ Regrafted repos/parent-mode (from 36.0KB to 35.7KB)
    ✓ Regrafted repos/parsebib (from 160.8KB to 160.4KB)
    ✓ Regrafted repos/parseclj (from 248.2KB to 242.4KB)
    ✓ Regrafted repos/parseedn (from 88.1KB to 88.2KB)
    ✓ Regrafted repos/pcre2el (from 618.7KB to 604.5KB)
    ✓ Regrafted repos/pdf-tools (from 1887.2KB to 1833.7KB)
    ✓ Regrafted repos/peg (from 126.5KB to 126.2KB)
    ✓ Regrafted repos/pfuture (from 49.3KB to 48.9KB)
    ✓ Regrafted repos/pip-requirements.el (from 133.8KB to 135.4KB)
    ✓ Regrafted repos/pipenv.el (from 61.8KB to 62.3KB)
    ✓ Regrafted repos/pkg-info (from 112.7KB to 112.3KB)
    ✓ Regrafted repos/popup-el (from 200.7KB to 200.4KB)
    ✓ Regrafted repos/posframe (from 237.5KB to 237.2KB)
    ✓ Regrafted repos/project (from 111.5KB to 108.8KB)
    ✓ Regrafted repos/projectile (from 4202.6KB to 4179.7KB)
    ✓ Regrafted repos/py-isort.el (from 90.6KB to 90.0KB)
    ✓ Regrafted repos/pyimport (from 227.2KB to 227.5KB)
    ✓ Regrafted repos/pythonic (from 46.4KB to 46.0KB)
    ✓ Regrafted repos/pyvenv (from 78.7KB to 78.7KB)
    ✓ Regrafted repos/queue (from 33.2KB to 32.8KB)
    ✓ Regrafted repos/quickrun (from 167.1KB to 165.8KB)
    ✓ Regrafted repos/rainbow-delimiters (from 111.6KB to 110.1KB)
    ✓ Regrafted repos/rainbow-identifiers (from 159.0KB to 158.6KB)
    ✓ Regrafted repos/rainbow-mode (from 75.2KB to 74.7KB)
    ✓ Regrafted repos/restart-emacs (from 118.7KB to 117.0KB)
    ✓ Regrafted repos/s.el (from 311.6KB to 311.3KB)
    ✓ Regrafted repos/saveplace-pdf-view (from 82.5KB to 81.6KB)
    ✓ Regrafted repos/selectric-mode (from 460.1KB to 459.8KB)
    ✓ Regrafted repos/sesman (from 125.2KB to 124.9KB)
    ✓ Regrafted repos/shrink-path.el (from 104.2KB to 103.8KB)
    ✓ Regrafted repos/shut-up (from 45.3KB to 44.9KB)
    ✓ Regrafted repos/smartparens (from 1210.2KB to 1210.3KB)
    ✓ Regrafted repos/snippets (from 1112.7KB to 1112.8KB)
    ✓ Regrafted repos/spinner (from 3700.4KB to 3700.0KB)
    ✓ Regrafted repos/straight.el (from 764.0KB to 734.1KB)
    ✓ Regrafted repos/string-inflection (from 63.9KB to 63.5KB)
    ✓ Regrafted repos/swiper (from 1298.0KB to 1297.7KB)
    ✓ Regrafted repos/tablist (from 182.4KB to 182.1KB)
    ✓ Regrafted repos/telega.el (from 7027.2KB to 7026.9KB)
    ✓ Regrafted repos/themes (from 1036.0KB to 985.9KB)
    ✓ Regrafted repos/toc-org (from 153.9KB to 151.2KB)
    ✓ Regrafted repos/tomelr (from 208.6KB to 208.2KB)
    ✓ Regrafted repos/transient (from 588.7KB to 588.4KB)
    ✓ Regrafted repos/treemacs (from 9017.4KB to 9017.5KB)
    ✓ Regrafted repos/treepy.el (from 334.7KB to 334.3KB)
    ✓ Regrafted repos/ts.el (from 269.6KB to 269.3KB)
    ✓ Regrafted repos/undo-fu (from 100.4KB to 98.9KB)
    ✓ Regrafted repos/undo-fu-session (from 113.2KB to 111.3KB)
    ✓ Regrafted repos/use-package (from 659.5KB to 659.2KB)
    ✓ Regrafted repos/uuidgen-el (from 92.3KB to 92.0KB)
    ✓ Regrafted repos/vertico (from 246.7KB to 239.8KB)
    ✓ Regrafted repos/vi-tilde-fringe (from 231.1KB to 230.1KB)
    ✓ Regrafted repos/vimish-fold (from 70.8KB to 71.0KB)
    ✓ Regrafted repos/visual-fill-column (from 1040.2KB to 1039.8KB)
    ✓ Regrafted repos/with-editor (from 177.1KB to 176.8KB)
    ✓ Regrafted repos/writegood-mode (from 44.0KB to 44.8KB)
    ✓ Regrafted repos/ws-butler (from 49.9KB to 50.7KB)
    ✓ Regrafted repos/xref (from 126.1KB to 125.8KB)
    ✓ Regrafted repos/yaml-mode (from 113.3KB to 111.6KB)
    ✓ Regrafted repos/yaml.el (from 297.3KB to 297.0KB)
    ✓ Regrafted repos/yasnippet (from 1466.8KB to 1456.2KB)
    ✓ Regrafted repos/zoutline (from 35.3KB to 34.9KB)
    ✓ Finished regrafting. Size before: 390691.9KB and after: 388818.0KB (-1873.9KB)
> (Re)generating autoloads file...
  > Generating autoloads file...
    * [240.815704] Scanning c:/Users/threddast/.emacs.d/lisp/lib/buffers.el
    * [240.820285] Scanning c:/Users/threddast/.emacs.d/lisp/lib/config.el
    * [240.823251] Scanning c:/Users/threddast/.emacs.d/lisp/lib/debug.el
    * [240.827310] Scanning c:/Users/threddast/.emacs.d/lisp/lib/docs.el
    * [240.832068] Scanning c:/Users/threddast/.emacs.d/lisp/lib/files.el
    * [240.836006] Scanning c:/Users/threddast/.emacs.d/lisp/lib/fonts.el
    * [240.839760] Scanning c:/Users/threddast/.emacs.d/lisp/lib/git.el
    * [240.842223] Scanning c:/Users/threddast/.emacs.d/lisp/lib/help.el
    * [240.847015] Scanning c:/Users/threddast/.emacs.d/lisp/lib/packages.el
    * [240.850490] Scanning c:/Users/threddast/.emacs.d/lisp/lib/plist.el
    * [240.853222] Scanning c:/Users/threddast/.emacs.d/lisp/lib/print.el
    * [240.857678] Scanning c:/Users/threddast/.emacs.d/lisp/lib/process.el
    * [240.860668] Scanning c:/Users/threddast/.emacs.d/lisp/lib/projects.el
    * [240.864095] Scanning c:/Users/threddast/.emacs.d/lisp/lib/sandbox.el
    * [240.866955] Scanning c:/Users/threddast/.emacs.d/lisp/lib/scratch.el
    * [240.870248] Scanning c:/Users/threddast/.emacs.d/lisp/lib/sessions.el
    * [240.873396] Scanning c:/Users/threddast/.emacs.d/lisp/lib/store.el
    * [240.876605] Scanning c:/Users/threddast/.emacs.d/lisp/lib/system.el
    * [240.879383] Scanning c:/Users/threddast/.emacs.d/lisp/lib/text.el
    * [240.883470] Scanning c:/Users/threddast/.emacs.d/lisp/lib/themes.el
    * [240.886401] Scanning c:/Users/threddast/.emacs.d/lisp/lib/ui.el
    * [240.890098] Scanning c:/Users/threddast/.emacs.d/modules/app/calendar/autoload.el
    * [240.892136] Scanning c:/Users/threddast/.emacs.d/modules/app/emms/autoload.el
    * [240.894146] Scanning c:/Users/threddast/.emacs.d/modules/app/irc/autoload/irc.el
    * [240.896530] Scanning c:/Users/threddast/.emacs.d/modules/app/irc/autoload/ivy.el
    * [240.898872] Scanning c:/Users/threddast/.emacs.d/modules/app/irc/autoload/settings.el
    * [240.901302] Scanning c:/Users/threddast/.emacs.d/modules/app/irc/autoload/vertico.el
    * [240.903636] Scanning c:/Users/threddast/.emacs.d/modules/app/rss/autoload.el
    * [240.905670] Scanning c:/Users/threddast/.emacs.d/modules/app/twitter/autoload.el
    * [240.907682] Scanning c:/Users/threddast/.emacs.d/modules/checkers/spell/autoload/+flyspell.el
    * [240.961394] Scanning c:/Users/threddast/.emacs.d/modules/checkers/spell/autoload/+spell-fu.el
    * [240.964994] Scanning c:/Users/threddast/.emacs.d/modules/checkers/syntax/autoload.el
    * [240.968218] Scanning c:/Users/threddast/.emacs.d/modules/completion/company/autoload.el
    * [240.971905] Scanning c:/Users/threddast/.emacs.d/modules/completion/helm/autoload/evil.el
    * [240.974402] Scanning c:/Users/threddast/.emacs.d/modules/completion/helm/autoload/helm.el
    * [240.976865] Scanning c:/Users/threddast/.emacs.d/modules/completion/helm/autoload/posframe.el
    * [240.979279] Scanning c:/Users/threddast/.emacs.d/modules/completion/ivy/autoload/evil.el
    * [240.981709] Scanning c:/Users/threddast/.emacs.d/modules/completion/ivy/autoload/hydras.el
    * [240.984237] Scanning c:/Users/threddast/.emacs.d/modules/completion/ivy/autoload/ivy.el
    * [240.986844] Scanning c:/Users/threddast/.emacs.d/modules/completion/ivy/autoload/posframe.el
    * [240.989332] Scanning c:/Users/threddast/.emacs.d/modules/completion/vertico/autoload/evil.el
    * [240.993492] Scanning c:/Users/threddast/.emacs.d/modules/completion/vertico/autoload/magit.el
    * [240.997008] Scanning c:/Users/threddast/.emacs.d/modules/completion/vertico/autoload/vertico.el
    * [241.001583] Scanning c:/Users/threddast/.emacs.d/modules/completion/vertico/autoload/workspaces.el
    * [241.004447] Scanning c:/Users/threddast/.emacs.d/modules/config/default/autoload/default.el
    * [241.008201] Scanning c:/Users/threddast/.emacs.d/modules/config/default/autoload/deferred.el
    * [241.011527] Scanning c:/Users/threddast/.emacs.d/modules/config/default/autoload/files.el
    * [241.015249] Scanning c:/Users/threddast/.emacs.d/modules/config/default/autoload/search.el
    * [241.019224] Scanning c:/Users/threddast/.emacs.d/modules/config/default/autoload/text.el
    * [241.023277] Scanning c:/Users/threddast/.emacs.d/modules/config/literate/autoload.el
    * [241.025413] Scanning c:/Users/threddast/.emacs.d/modules/editor/evil/autoload/advice.el
    * [241.030398] Scanning c:/Users/threddast/.emacs.d/modules/editor/evil/autoload/embrace.el
    * [241.033897] Scanning c:/Users/threddast/.emacs.d/modules/editor/evil/autoload/evil.el
    * [241.038730] Scanning c:/Users/threddast/.emacs.d/modules/editor/evil/autoload/ex.el
    * [241.043295] Scanning c:/Users/threddast/.emacs.d/modules/editor/evil/autoload/files.el
    * [241.047546] Scanning c:/Users/threddast/.emacs.d/modules/editor/evil/autoload/textobjects.el
    * [241.051753] Scanning c:/Users/threddast/.emacs.d/modules/editor/evil/autoload/unimpaired.el
    * [241.056847] Scanning c:/Users/threddast/.emacs.d/modules/editor/file-templates/autoload.el
    * [241.060596] Scanning c:/Users/threddast/.emacs.d/modules/editor/fold/autoload/fold.el
    * [241.064617] Scanning c:/Users/threddast/.emacs.d/modules/editor/fold/autoload/hideshow.el
    * [241.068336] Scanning c:/Users/threddast/.emacs.d/modules/editor/format/autoload/evil.el
    * [241.072281] Scanning c:/Users/threddast/.emacs.d/modules/editor/format/autoload/format.el
    * [241.124834] Scanning c:/Users/threddast/.emacs.d/modules/editor/format/autoload/settings.el
    * [241.128985] Scanning c:/Users/threddast/.emacs.d/modules/editor/god/autoload.el
    * [241.131081] Scanning c:/Users/threddast/.emacs.d/modules/editor/multiple-cursors/autoload/evil-mc.el
    * [241.133583] Scanning c:/Users/threddast/.emacs.d/modules/editor/rotate-text/autoload.el
    * [241.135730] Scanning c:/Users/threddast/.emacs.d/modules/editor/snippets/autoload/settings.el
    * [241.139178] Scanning c:/Users/threddast/.emacs.d/modules/editor/snippets/autoload/snippets.el
    * [241.143366] Scanning c:/Users/threddast/.emacs.d/modules/editor/word-wrap/autoload.el
    * [241.145138] Scanning c:/Users/threddast/.emacs.d/modules/emacs/dired/autoload.el
    * [241.147644] Scanning c:/Users/threddast/.emacs.d/modules/emacs/electric/autoload.el
    * [241.150245] Scanning c:/Users/threddast/.emacs.d/modules/emacs/ibuffer/autoload/workspaces.el
    * [241.152399] Scanning c:/Users/threddast/.emacs.d/modules/emacs/vc/autoload/bug-reference-backport.el
    * [241.154868] Scanning c:/Users/threddast/.emacs.d/modules/emacs/vc/autoload/hydra.el
    * [241.157759] Scanning c:/Users/threddast/.emacs.d/modules/emacs/vc/autoload/vc.el
    * [241.161162] Scanning c:/Users/threddast/.emacs.d/modules/email/mu4e/autoload/advice.el
    * [241.163825] Scanning c:/Users/threddast/.emacs.d/modules/email/mu4e/autoload/email.el
    * [241.166418] Scanning c:/Users/threddast/.emacs.d/modules/email/mu4e/autoload/evil.el
    * [241.169057] Scanning c:/Users/threddast/.emacs.d/modules/email/mu4e/autoload/mu-lock.el
    * [241.171629] Scanning c:/Users/threddast/.emacs.d/modules/email/notmuch/autoload.el
    * [241.173727] Scanning c:/Users/threddast/.emacs.d/modules/email/wanderlust/autoload.el
    * [241.175701] Scanning c:/Users/threddast/.emacs.d/modules/input/layout/autoload/bepo.el
    * [241.178118] Scanning c:/Users/threddast/.emacs.d/modules/lang/beancount/autoload.el
    * [241.181464] Scanning c:/Users/threddast/.emacs.d/modules/lang/cc/autoload.el
    * [241.183701] Scanning c:/Users/threddast/.emacs.d/modules/lang/clojure/autoload.el
    * [241.186726] Scanning c:/Users/threddast/.emacs.d/modules/lang/common-lisp/autoload/common-lisp.el
    * [241.189156] Scanning c:/Users/threddast/.emacs.d/modules/lang/csharp/autoload.el
    * [241.191463] Scanning c:/Users/threddast/.emacs.d/modules/lang/emacs-lisp/autoload.el
    * [241.195572] Scanning c:/Users/threddast/.emacs.d/modules/lang/ess/autoload.el
    * [241.197626] Scanning c:/Users/threddast/.emacs.d/modules/lang/faust/autoload.el
    * [241.199655] Scanning c:/Users/threddast/.emacs.d/modules/lang/fortran/autoload.el
    * [241.201644] Scanning c:/Users/threddast/.emacs.d/modules/lang/go/autoload.el
    * [241.203706] Scanning c:/Users/threddast/.emacs.d/modules/lang/graphql/autoload.el
    * [241.205698] Scanning c:/Users/threddast/.emacs.d/modules/lang/haskell/autoload.el
    * [241.207751] Scanning c:/Users/threddast/.emacs.d/modules/lang/java/autoload/java.el
    * [241.210256] Scanning c:/Users/threddast/.emacs.d/modules/lang/java/autoload/lsp.el
    * [241.212714] Scanning c:/Users/threddast/.emacs.d/modules/lang/javascript/autoload.el
    * [241.214829] Scanning c:/Users/threddast/.emacs.d/modules/lang/julia/autoload.el
    * [241.217129] Scanning c:/Users/threddast/.emacs.d/modules/lang/kotlin/autoload.el
    * [241.219500] Scanning c:/Users/threddast/.emacs.d/modules/lang/latex/autoload.el
    * [241.223180] Scanning c:/Users/threddast/.emacs.d/modules/lang/lua/autoload/lua.el
    * [241.225934] Scanning c:/Users/threddast/.emacs.d/modules/lang/lua/autoload/moonscript.el
    * [241.228367] Scanning c:/Users/threddast/.emacs.d/modules/lang/markdown/autoload.el
    * [241.232046] Scanning c:/Users/threddast/.emacs.d/modules/lang/nix/autoload.el
    * [241.236264] Scanning c:/Users/threddast/.emacs.d/modules/lang/ocaml/autoload.el
    * [241.239679] Scanning c:/Users/threddast/.emacs.d/modules/lang/org/autoload/contrib-ipython.el
    * [241.243496] Scanning c:/Users/threddast/.emacs.d/modules/lang/org/autoload/contrib-present.el
    * [241.246641] Scanning c:/Users/threddast/.emacs.d/modules/lang/org/autoload/contrib-roam2.el
    * [241.252012] Scanning c:/Users/threddast/.emacs.d/modules/lang/org/autoload/org-attach.el
    * [241.255820] Scanning c:/Users/threddast/.emacs.d/modules/lang/org/autoload/org-avy.el
    * [241.259205] Scanning c:/Users/threddast/.emacs.d/modules/lang/org/autoload/org-babel.el
    * [241.263334] Scanning c:/Users/threddast/.emacs.d/modules/lang/org/autoload/org-capture.el
    * [241.269130] Scanning c:/Users/threddast/.emacs.d/modules/lang/org/autoload/org-export.el
    * [241.273261] Scanning c:/Users/threddast/.emacs.d/modules/lang/org/autoload/org-link.el
    * [241.277275] Scanning c:/Users/threddast/.emacs.d/modules/lang/org/autoload/org-refile.el
    * [241.281098] Scanning c:/Users/threddast/.emacs.d/modules/lang/org/autoload/org-tables.el
    * [241.284990] Scanning c:/Users/threddast/.emacs.d/modules/lang/org/autoload/org.el
    * [241.290624] Scanning c:/Users/threddast/.emacs.d/modules/lang/php/autoload.el
    * [241.292700] Scanning c:/Users/threddast/.emacs.d/modules/lang/plantuml/autoload.el
    * [241.295085] Scanning c:/Users/threddast/.emacs.d/modules/lang/python/autoload/conda.el
    * [241.297937] Scanning c:/Users/threddast/.emacs.d/modules/lang/python/autoload/pyenv.el
    * [241.301073] Scanning c:/Users/threddast/.emacs.d/modules/lang/python/autoload/python.el
    * [241.304769] Scanning c:/Users/threddast/.emacs.d/modules/lang/qt/autoload.el
    * [241.307067] Scanning c:/Users/threddast/.emacs.d/modules/lang/racket/autoload.el
    * [241.309189] Scanning c:/Users/threddast/.emacs.d/modules/lang/rest/autoload.el
    * [241.311268] Scanning c:/Users/threddast/.emacs.d/modules/lang/ruby/autoload.el
    * [241.313413] Scanning c:/Users/threddast/.emacs.d/modules/lang/rust/autoload.el
    * [241.315519] Scanning c:/Users/threddast/.emacs.d/modules/lang/scala/autoload.el
    * [241.317630] Scanning c:/Users/threddast/.emacs.d/modules/lang/scheme/autoload.el
    * [241.319737] Scanning c:/Users/threddast/.emacs.d/modules/lang/sh/autoload.el
    * [241.321824] Scanning c:/Users/threddast/.emacs.d/modules/lang/terra/autoload.el
    * [241.323842] Scanning c:/Users/threddast/.emacs.d/modules/lang/web/autoload/css.el
    * [241.326349] Scanning c:/Users/threddast/.emacs.d/modules/lang/web/autoload/evil.el
    * [241.328934] Scanning c:/Users/threddast/.emacs.d/modules/lang/web/autoload/html.el
    * [241.331436] Scanning c:/Users/threddast/.emacs.d/modules/os/macos/autoload.el
    * [241.333433] Scanning c:/Users/threddast/.emacs.d/modules/term/eshell/autoload/backport.el
    * [241.335855] Scanning c:/Users/threddast/.emacs.d/modules/term/eshell/autoload/commands.el
    * [241.338252] Scanning c:/Users/threddast/.emacs.d/modules/term/eshell/autoload/company.el
    * [241.340669] Scanning c:/Users/threddast/.emacs.d/modules/term/eshell/autoload/eshell.el
    * [241.343170] Scanning c:/Users/threddast/.emacs.d/modules/term/eshell/autoload/evil.el
    * [241.345563] Scanning c:/Users/threddast/.emacs.d/modules/term/eshell/autoload/prompts.el
    * [241.347961] Scanning c:/Users/threddast/.emacs.d/modules/term/eshell/autoload/settings.el
    * [241.350529] Scanning c:/Users/threddast/.emacs.d/modules/term/shell/autoload.el
    * [241.352604] Scanning c:/Users/threddast/.emacs.d/modules/term/term/autoload.el
    * [241.354656] Scanning c:/Users/threddast/.emacs.d/modules/term/vterm/autoload.el
    * [241.357998] Scanning c:/Users/threddast/.emacs.d/modules/tools/debugger/autoload/debugger.el
    * [241.360527] Scanning c:/Users/threddast/.emacs.d/modules/tools/debugger/autoload/evil.el
    * [241.362971] Scanning c:/Users/threddast/.emacs.d/modules/tools/editorconfig/autoload.el
    * [241.365191] Scanning c:/Users/threddast/.emacs.d/modules/tools/eval/autoload/eval.el
    * [241.369342] Scanning c:/Users/threddast/.emacs.d/modules/tools/eval/autoload/evil.el
    * [241.373822] Scanning c:/Users/threddast/.emacs.d/modules/tools/eval/autoload/repl.el
    * [241.377742] Scanning c:/Users/threddast/.emacs.d/modules/tools/eval/autoload/settings.el
    * [241.381549] Scanning c:/Users/threddast/.emacs.d/modules/tools/gist/autoload/evil.el
    * [241.384092] Scanning c:/Users/threddast/.emacs.d/modules/tools/lookup/autoload/docsets.el
    * [241.387207] Scanning c:/Users/threddast/.emacs.d/modules/tools/lookup/autoload/evil.el
    * [241.391424] Scanning c:/Users/threddast/.emacs.d/modules/tools/lookup/autoload/lookup.el
    * [241.396285] Scanning c:/Users/threddast/.emacs.d/modules/tools/lookup/autoload/online.el
    * [241.400226] Scanning c:/Users/threddast/.emacs.d/modules/tools/lookup/autoload/xwidget.el
    * [241.403616] Scanning c:/Users/threddast/.emacs.d/modules/tools/lsp/autoload/common.el
    * [241.406987] Scanning c:/Users/threddast/.emacs.d/modules/tools/lsp/autoload/eglot.el
    * [241.410015] Scanning c:/Users/threddast/.emacs.d/modules/tools/lsp/autoload/flycheck-eglot.el
    * [241.413530] Scanning c:/Users/threddast/.emacs.d/modules/tools/lsp/autoload/lsp-mode.el
    * [241.417451] Scanning c:/Users/threddast/.emacs.d/modules/tools/magit/autoload.el
    * [241.420768] Scanning c:/Users/threddast/.emacs.d/modules/tools/make/autoload.el
    * [241.422598] Scanning c:/Users/threddast/.emacs.d/modules/tools/pass/autoload/consult.el
    * [241.424703] Scanning c:/Users/threddast/.emacs.d/modules/tools/pass/autoload/ivy.el
    * [241.426808] Scanning c:/Users/threddast/.emacs.d/modules/tools/pass/autoload/pass.el
    * [241.428935] Scanning c:/Users/threddast/.emacs.d/modules/tools/prodigy/autoload.el
    * [241.430773] Scanning c:/Users/threddast/.emacs.d/modules/tools/rgb/autoload.el
    * [241.432916] Scanning c:/Users/threddast/.emacs.d/modules/tools/taskrunner/autoload.el
    * [241.434878] Scanning c:/Users/threddast/.emacs.d/modules/tools/tmux/autoload/evil.el
    * [241.437051] Scanning c:/Users/threddast/.emacs.d/modules/tools/tmux/autoload/tmux.el
    * [241.439417] Scanning c:/Users/threddast/.emacs.d/modules/tools/tree-sitter/autoload.el
    * [241.441430] Scanning c:/Users/threddast/.emacs.d/modules/ui/doom-dashboard/autoload.el
    * [241.444341] Scanning c:/Users/threddast/.emacs.d/modules/ui/hydra/autoload/windows.el
    * [241.446707] Scanning c:/Users/threddast/.emacs.d/modules/ui/ligatures/autoload/install.el
    * [241.449376] Scanning c:/Users/threddast/.emacs.d/modules/ui/ligatures/autoload/ligatures.el
    * [241.452724] Scanning c:/Users/threddast/.emacs.d/modules/ui/modeline/autoload.el
    * [241.455714] Scanning c:/Users/threddast/.emacs.d/modules/ui/nav-flash/autoload.el
    * [241.457709] Scanning c:/Users/threddast/.emacs.d/modules/ui/neotree/autoload.el
    * [241.459742] Scanning c:/Users/threddast/.emacs.d/modules/ui/popup/autoload/popup.el
    * [241.465438] Scanning c:/Users/threddast/.emacs.d/modules/ui/popup/autoload/settings.el
    * [241.469894] Scanning c:/Users/threddast/.emacs.d/modules/ui/tabs/autoload.el
    * [241.471944] Scanning c:/Users/threddast/.emacs.d/modules/ui/treemacs/autoload.el
    * [241.474852] Scanning c:/Users/threddast/.emacs.d/modules/ui/unicode/autoload.el
    * [241.477100] Scanning c:/Users/threddast/.emacs.d/modules/ui/vc-gutter/autoload/diff-hl.el
    * [241.479918] Scanning c:/Users/threddast/.emacs.d/modules/ui/vc-gutter/autoload/git-gutter.el
    * [241.483260] Scanning c:/Users/threddast/.emacs.d/modules/ui/vi-tilde-fringe/autoload.el
    * [241.486188] Scanning c:/Users/threddast/.emacs.d/modules/ui/workspaces/autoload/evil.el
    * [241.488622] Scanning c:/Users/threddast/.emacs.d/modules/ui/workspaces/autoload/workspaces.el
    * [241.491300] Scanning c:/Users/threddast/.emacs.d/modules/ui/zen/autoload.el
    * [241.508178] Scanning c:/Users/threddast/.emacs.d/.local/straight/build-28.1/straight/straight-autoloads.el
    * [241.511534] Scanning c:/Users/threddast/.emacs.d/.local/straight/build-28.1/use-package/use-package-autoloads.el
    * [241.514464] Scanning c:/Users/threddast/.emacs.d/.local/straight/build-28.1/bind-key/bind-key-autoloads.el
    * [241.516963] Scanning c:/Users/threddast/.emacs.d/.local/straight/build-28.1/auto-minor-mode/auto-minor-mode-autoloads.el
    * [241.519714] Scanning c:/Users/threddast/.emacs.d/.local/straight/build-28.1/gcmh/gcmh-autoloads.el
    * [241.522140] Scanning c:/Users/threddast/.emacs.d/.local/straight/build-28.1/explain-pause-mode/explain-pause-mode-autoloads.el
    * [241.524621] Scanning c:/Users/threddast/.emacs.d/.local/straight/build-28.1/all-the-icons/all-the-icons-autoloads.el
    * [241.527219] Scanning c:/Users/threddast/.emacs.d/.local/straight/build-28.1/hide-mode-line/hide-mode-line-autoloads.el
    * [241.529831] Scanning c:/Users/threddast/.emacs.d/.local/straight/build-28.1/highlight-numbers/highlight-numbers-autoloads.el
    * [241.532530] Scanning c:/Users/threddast/.emacs.d/.local/straight/build-28.1/parent-mode/parent-mode-autoloads.el
    * [241.534921] Scanning c:/Users/threddast/.emacs.d/.local/straight/build-28.1/rainbow-delimiters/rainbow-delimiters-autoloads.el
    * [241.537406] Scanning c:/Users/threddast/.emacs.d/.local/straight/build-28.1/restart-emacs/restart-emacs-autoloads.el
    * [241.539904] Scanning c:/Users/threddast/.emacs.d/.local/straight/build-28.1/better-jumper/better-jumper-autoloads.el
    * [241.542658] Scanning c:/Users/threddast/.emacs.d/.local/straight/build-28.1/dtrt-indent/dtrt-indent-autoloads.el
    * [241.545357] Scanning c:/Users/threddast/.emacs.d/.local/straight/build-28.1/helpful/helpful-autoloads.el
    * [241.548103] Scanning c:/Users/threddast/.emacs.d/.local/straight/build-28.1/dash/dash-autoloads.el
    * [241.550933] Scanning c:/Users/threddast/.emacs.d/.local/straight/build-28.1/s/s-autoloads.el
    * [241.553426] Scanning c:/Users/threddast/.emacs.d/.local/straight/build-28.1/f/f-autoloads.el
    * [241.556068] Scanning c:/Users/threddast/.emacs.d/.local/straight/build-28.1/elisp-refs/elisp-refs-autoloads.el
    * [241.558628] Scanning c:/Users/threddast/.emacs.d/.local/straight/build-28.1/pcre2el/pcre2el-autoloads.el
    * [241.561178] Scanning c:/Users/threddast/.emacs.d/.local/straight/build-28.1/smartparens/smartparens-autoloads.el
    * [241.563847] Scanning c:/Users/threddast/.emacs.d/.local/straight/build-28.1/ws-butler/ws-butler-autoloads.el
    * [241.566250] Scanning c:/Users/threddast/.emacs.d/.local/straight/build-28.1/projectile/projectile-autoloads.el
    * [241.569139] Scanning c:/Users/threddast/.emacs.d/.local/straight/build-28.1/project/project-autoloads.el
    * [241.571647] Scanning c:/Users/threddast/.emacs.d/.local/straight/build-28.1/xref/xref-autoloads.el
    * [241.574056] Scanning c:/Users/threddast/.emacs.d/.local/straight/build-28.1/general/general-autoloads.el
    * [241.576990] Scanning c:/Users/threddast/.emacs.d/.local/straight/build-28.1/which-key/which-key-autoloads.el
    * [241.579576] Scanning c:/Users/threddast/.emacs.d/.local/straight/build-28.1/company/company-autoloads.el
    * [241.582283] Scanning c:/Users/threddast/.emacs.d/.local/straight/build-28.1/company-dict/company-dict-autoloads.el
    * [241.584594] Scanning c:/Users/threddast/.emacs.d/.local/straight/build-28.1/vertico/vertico-autoloads.el
    * [241.587590] Scanning c:/Users/threddast/.emacs.d/.local/straight/build-28.1/orderless/orderless-autoloads.el
    * [241.590017] Scanning c:/Users/threddast/.emacs.d/.local/straight/build-28.1/consult/consult-autoloads.el
    * [241.592940] Scanning c:/Users/threddast/.emacs.d/.local/straight/build-28.1/compat/compat-autoloads.el
    * [241.595677] Scanning c:/Users/threddast/.emacs.d/.local/straight/build-28.1/consult-dir/consult-dir-autoloads.el
    * [241.598140] Scanning c:/Users/threddast/.emacs.d/.local/straight/build-28.1/consult-flycheck/consult-flycheck-autoloads.el
    * [241.600755] Scanning c:/Users/threddast/.emacs.d/.local/straight/build-28.1/flycheck/flycheck-autoloads.el
    * [241.603599] Scanning c:/Users/threddast/.emacs.d/.local/straight/build-28.1/pkg-info/pkg-info-autoloads.el
    * [241.606021] Scanning c:/Users/threddast/.emacs.d/.local/straight/build-28.1/epl/epl-autoloads.el
    * [241.608293] Scanning c:/Users/threddast/.emacs.d/.local/straight/build-28.1/embark/embark-autoloads.el
    * [241.610838] Scanning c:/Users/threddast/.emacs.d/.local/straight/build-28.1/embark-consult/embark-consult-autoloads.el
    * [241.613125] Scanning c:/Users/threddast/.emacs.d/.local/straight/build-28.1/marginalia/marginalia-autoloads.el
    * [241.615716] Scanning c:/Users/threddast/.emacs.d/.local/straight/build-28.1/wgrep/wgrep-autoloads.el
    * [241.618194] Scanning c:/Users/threddast/.emacs.d/.local/straight/build-28.1/doom-themes/doom-themes-autoloads.el
    * [241.621678] Scanning c:/Users/threddast/.emacs.d/.local/straight/build-28.1/solaire-mode/solaire-mode-autoloads.el
    * [241.624199] Scanning c:/Users/threddast/.emacs.d/.local/straight/build-28.1/hl-todo/hl-todo-autoloads.el
    * [241.627089] Scanning c:/Users/threddast/.emacs.d/.local/straight/build-28.1/doom-modeline/doom-modeline-autoloads.el
    * [241.629707] Scanning c:/Users/threddast/.emacs.d/.local/straight/build-28.1/shrink-path/shrink-path-autoloads.el
    * [241.632062] Scanning c:/Users/threddast/.emacs.d/.local/straight/build-28.1/anzu/anzu-autoloads.el
    * [241.634548] Scanning c:/Users/threddast/.emacs.d/.local/straight/build-28.1/evil-anzu/evil-anzu-autoloads.el
    * [241.636843] Scanning c:/Users/threddast/.emacs.d/.local/straight/build-28.1/evil/evil-autoloads.el
    * [241.639279] Scanning c:/Users/threddast/.emacs.d/.local/straight/build-28.1/goto-chg/goto-chg-autoloads.el
    * [241.641662] Scanning c:/Users/threddast/.emacs.d/.local/straight/build-28.1/evil-goggles/evil-goggles-autoloads.el
    * [241.644070] Scanning c:/Users/threddast/.emacs.d/.local/straight/build-28.1/git-gutter-fringe/git-gutter-fringe-autoloads.el
    * [241.646369] Scanning c:/Users/threddast/.emacs.d/.local/straight/build-28.1/git-gutter/git-gutter-autoloads.el
    * [241.648894] Scanning c:/Users/threddast/.emacs.d/.local/straight/build-28.1/fringe-helper/fringe-helper-autoloads.el
    * [241.651249] Scanning c:/Users/threddast/.emacs.d/.local/straight/build-28.1/vi-tilde-fringe/vi-tilde-fringe-autoloads.el
    * [241.653823] Scanning c:/Users/threddast/.emacs.d/.local/straight/build-28.1/evil-args/evil-args-autoloads.el
    * [241.656312] Scanning c:/Users/threddast/.emacs.d/.local/straight/build-28.1/evil-easymotion/evil-easymotion-autoloads.el
    * [241.659987] Scanning c:/Users/threddast/.emacs.d/.local/straight/build-28.1/avy/avy-autoloads.el
    * [241.662944] Scanning c:/Users/threddast/.emacs.d/.local/straight/build-28.1/evil-embrace/evil-embrace-autoloads.el
    * [241.665228] Scanning c:/Users/threddast/.emacs.d/.local/straight/build-28.1/embrace/embrace-autoloads.el
    * [241.667388] Scanning c:/Users/threddast/.emacs.d/.local/straight/build-28.1/expand-region/expand-region-autoloads.el
    * [241.669891] Scanning c:/Users/threddast/.emacs.d/.local/straight/build-28.1/evil-surround/evil-surround-autoloads.el
    * [241.672264] Scanning c:/Users/threddast/.emacs.d/.local/straight/build-28.1/evil-escape/evil-escape-autoloads.el
    * [241.674542] Scanning c:/Users/threddast/.emacs.d/.local/straight/build-28.1/evil-exchange/evil-exchange-autoloads.el
    * [241.676804] Scanning c:/Users/threddast/.emacs.d/.local/straight/build-28.1/evil-indent-plus/evil-indent-plus-autoloads.el
    * [241.679084] Scanning c:/Users/threddast/.emacs.d/.local/straight/build-28.1/evil-lion/evil-lion-autoloads.el
    * [241.681543] Scanning c:/Users/threddast/.emacs.d/.local/straight/build-28.1/evil-nerd-commenter/evil-nerd-commenter-autoloads.el
    * [241.683974] Scanning c:/Users/threddast/.emacs.d/.local/straight/build-28.1/evil-numbers/evil-numbers-autoloads.el
    * [241.686265] Scanning c:/Users/threddast/.emacs.d/.local/straight/build-28.1/evil-snipe/evil-snipe-autoloads.el
    * [241.688741] Scanning c:/Users/threddast/.emacs.d/.local/straight/build-28.1/evil-textobj-anyblock/evil-textobj-anyblock-autoloads.el
    * [241.691262] Scanning c:/Users/threddast/.emacs.d/.local/straight/build-28.1/evil-traces/evil-traces-autoloads.el
    * [241.693683] Scanning c:/Users/threddast/.emacs.d/.local/straight/build-28.1/evil-visualstar/evil-visualstar-autoloads.el
    * [241.696187] Scanning c:/Users/threddast/.emacs.d/.local/straight/build-28.1/exato/exato-autoloads.el
    * [241.698720] Scanning c:/Users/threddast/.emacs.d/.local/straight/build-28.1/evil-quick-diff/evil-quick-diff-autoloads.el
    * [241.701148] Scanning c:/Users/threddast/.emacs.d/.local/straight/build-28.1/evil-collection/evil-collection-autoloads.el
    * [241.703433] Scanning c:/Users/threddast/.emacs.d/.local/straight/build-28.1/annalist/annalist-autoloads.el
    * [241.705720] Scanning c:/Users/threddast/.emacs.d/.local/straight/build-28.1/yasnippet/yasnippet-autoloads.el
    * [241.708228] Scanning c:/Users/threddast/.emacs.d/.local/straight/build-28.1/vimish-fold/vimish-fold-autoloads.el
    * [241.710373] Scanning c:/Users/threddast/.emacs.d/.local/straight/build-28.1/evil-vimish-fold/evil-vimish-fold-autoloads.el
    * [241.712785] Scanning c:/Users/threddast/.emacs.d/.local/straight/build-28.1/auto-yasnippet/auto-yasnippet-autoloads.el
    * [241.714965] Scanning c:/Users/threddast/.emacs.d/.local/straight/build-28.1/doom-snippets/doom-snippets-autoloads.el
    * [241.717221] Scanning c:/Users/threddast/.emacs.d/.local/straight/build-28.1/diredfl/diredfl-autoloads.el
    * [241.719536] Scanning c:/Users/threddast/.emacs.d/.local/straight/build-28.1/dired-git-info/dired-git-info-autoloads.el
    * [241.721838] Scanning c:/Users/threddast/.emacs.d/.local/straight/build-28.1/dired-rsync/dired-rsync-autoloads.el
    * [241.724560] Scanning c:/Users/threddast/.emacs.d/.local/straight/build-28.1/fd-dired/fd-dired-autoloads.el
    * [241.726986] Scanning c:/Users/threddast/.emacs.d/.local/straight/build-28.1/undo-fu/undo-fu-autoloads.el
    * [241.729369] Scanning c:/Users/threddast/.emacs.d/.local/straight/build-28.1/undo-fu-session/undo-fu-session-autoloads.el
    * [241.731622] Scanning c:/Users/threddast/.emacs.d/.local/straight/build-28.1/browse-at-remote/browse-at-remote-autoloads.el
    * [241.733849] Scanning c:/Users/threddast/.emacs.d/.local/straight/build-28.1/git-commit/git-commit-autoloads.el
    * [241.735985] Scanning c:/Users/threddast/.emacs.d/.local/straight/build-28.1/transient/transient-autoloads.el
    * [241.738552] Scanning c:/Users/threddast/.emacs.d/.local/straight/build-28.1/with-editor/with-editor-autoloads.el
    * [241.740793] Scanning c:/Users/threddast/.emacs.d/.local/straight/build-28.1/git-timemachine/git-timemachine-autoloads.el
    * [241.743162] Scanning c:/Users/threddast/.emacs.d/.local/straight/build-28.1/git-modes/git-modes-autoloads.el
    * [241.745674] Scanning c:/Users/threddast/.emacs.d/.local/straight/build-28.1/flycheck-popup-tip/flycheck-popup-tip-autoloads.el
    * [241.748068] Scanning c:/Users/threddast/.emacs.d/.local/straight/build-28.1/popup/popup-autoloads.el
    * [241.750486] Scanning c:/Users/threddast/.emacs.d/.local/straight/build-28.1/quickrun/quickrun-autoloads.el
    * [241.753241] Scanning c:/Users/threddast/.emacs.d/.local/straight/build-28.1/eros/eros-autoloads.el
    * [241.755565] Scanning c:/Users/threddast/.emacs.d/.local/straight/build-28.1/dumb-jump/dumb-jump-autoloads.el
    * [241.758095] Scanning c:/Users/threddast/.emacs.d/.local/straight/build-28.1/request/request-autoloads.el
    * [241.760529] Scanning c:/Users/threddast/.emacs.d/.local/straight/build-28.1/magit/magit-autoloads.el
    * [241.765340] Scanning c:/Users/threddast/.emacs.d/.local/straight/build-28.1/magit-section/magit-section-autoloads.el
    * [241.767769] Scanning c:/Users/threddast/.emacs.d/.local/straight/build-28.1/magit-gitflow/magit-gitflow-autoloads.el
    * [241.770557] Scanning c:/Users/threddast/.emacs.d/.local/straight/build-28.1/magit-popup/magit-popup-autoloads.el
    * [241.772962] Scanning c:/Users/threddast/.emacs.d/.local/straight/build-28.1/magit-todos/magit-todos-autoloads.el
    * [241.775779] Scanning c:/Users/threddast/.emacs.d/.local/straight/build-28.1/async/async-autoloads.el
    * [241.778450] Scanning c:/Users/threddast/.emacs.d/.local/straight/build-28.1/code-review/code-review-autoloads.el
    * [241.781401] Scanning c:/Users/threddast/.emacs.d/.local/straight/build-28.1/closql/closql-autoloads.el
    * [241.783942] Scanning c:/Users/threddast/.emacs.d/.local/straight/build-28.1/a/a-autoloads.el
    * [241.786291] Scanning c:/Users/threddast/.emacs.d/.local/straight/build-28.1/ghub/ghub-autoloads.el
    * [241.788787] Scanning c:/Users/threddast/.emacs.d/.local/straight/build-28.1/treepy/treepy-autoloads.el
    * [241.791126] Scanning c:/Users/threddast/.emacs.d/.local/straight/build-28.1/uuidgen/uuidgen-autoloads.el
    * [241.793552] Scanning c:/Users/threddast/.emacs.d/.local/straight/build-28.1/deferred/deferred-autoloads.el
    * [241.795948] Scanning c:/Users/threddast/.emacs.d/.local/straight/build-28.1/markdown-mode/markdown-mode-autoloads.el
    * [241.798393] Scanning c:/Users/threddast/.emacs.d/.local/straight/build-28.1/forge/forge-autoloads.el
    * [241.801355] Scanning c:/Users/threddast/.emacs.d/.local/straight/build-28.1/emacsql-sqlite/emacsql-sqlite-autoloads.el
    * [241.803792] Scanning c:/Users/threddast/.emacs.d/.local/straight/build-28.1/emacsql/emacsql-autoloads.el
    * [241.806249] Scanning c:/Users/threddast/.emacs.d/.local/straight/build-28.1/yaml/yaml-autoloads.el
    * [241.808652] Scanning c:/Users/threddast/.emacs.d/.local/straight/build-28.1/emojify/emojify-autoloads.el
    * [241.811161] Scanning c:/Users/threddast/.emacs.d/.local/straight/build-28.1/ht/ht-autoloads.el
    * [241.813568] Scanning c:/Users/threddast/.emacs.d/.local/straight/build-28.1/highlight-quoted/highlight-quoted-autoloads.el
    * [241.816047] Scanning c:/Users/threddast/.emacs.d/.local/straight/build-28.1/macrostep/macrostep-autoloads.el
    * [241.818632] Scanning c:/Users/threddast/.emacs.d/.local/straight/build-28.1/overseer/overseer-autoloads.el
    * [241.821149] Scanning c:/Users/threddast/.emacs.d/.local/straight/build-28.1/elisp-def/elisp-def-autoloads.el
    * [241.823591] Scanning c:/Users/threddast/.emacs.d/.local/straight/build-28.1/elisp-demos/elisp-demos-autoloads.el
    * [241.826233] Scanning c:/Users/threddast/.emacs.d/.local/straight/build-28.1/flycheck-package/flycheck-package-autoloads.el
    * [241.828715] Scanning c:/Users/threddast/.emacs.d/.local/straight/build-28.1/package-lint/package-lint-autoloads.el
    * [241.831430] Scanning c:/Users/threddast/.emacs.d/.local/straight/build-28.1/flycheck-cask/flycheck-cask-autoloads.el
    * [241.833896] Scanning c:/Users/threddast/.emacs.d/.local/straight/build-28.1/buttercup/buttercup-autoloads.el
    * [241.836476] Scanning c:/Users/threddast/.emacs.d/.local/straight/build-28.1/markdown-toc/markdown-toc-autoloads.el
    * [241.839138] Scanning c:/Users/threddast/.emacs.d/.local/straight/build-28.1/edit-indirect/edit-indirect-autoloads.el
    * [241.841656] Scanning c:/Users/threddast/.emacs.d/.local/straight/build-28.1/evil-markdown/evil-markdown-autoloads.el
    * [241.844331] Scanning c:/Users/threddast/.emacs.d/.local/straight/build-28.1/org/org-autoloads.el
    * [241.847826] Scanning c:/Users/threddast/.emacs.d/.local/straight/build-28.1/org-contrib/org-contrib-autoloads.el
    * [241.850813] Scanning c:/Users/threddast/.emacs.d/.local/straight/build-28.1/htmlize/htmlize-autoloads.el
    * [241.853609] Scanning c:/Users/threddast/.emacs.d/.local/straight/build-28.1/org-yt/org-yt-autoloads.el
    * [241.856166] Scanning c:/Users/threddast/.emacs.d/.local/straight/build-28.1/ox-clip/ox-clip-autoloads.el
    * [241.858833] Scanning c:/Users/threddast/.emacs.d/.local/straight/build-28.1/toc-org/toc-org-autoloads.el
    * [241.861376] Scanning c:/Users/threddast/.emacs.d/.local/straight/build-28.1/org-cliplink/org-cliplink-autoloads.el
    * [241.863956] Scanning c:/Users/threddast/.emacs.d/.local/straight/build-28.1/evil-org/evil-org-autoloads.el
    * [241.866900] Scanning c:/Users/threddast/.emacs.d/.local/straight/build-28.1/orgit/orgit-autoloads.el
    * [241.869455] Scanning c:/Users/threddast/.emacs.d/.local/straight/build-28.1/ob-async/ob-async-autoloads.el
    * [241.871818] Scanning c:/Users/threddast/.emacs.d/.local/straight/build-28.1/drag-stuff/drag-stuff-autoloads.el
    * [241.874453] Scanning c:/Users/threddast/.emacs.d/.local/straight/build-28.1/link-hint/link-hint-autoloads.el
    * [241.876976] Scanning c:/Users/threddast/.emacs.d/.local/straight/build-28.1/company-box/company-box-autoloads.el
    * [241.879456] Scanning c:/Users/threddast/.emacs.d/.local/straight/build-28.1/frame-local/frame-local-autoloads.el
    * [241.882013] Scanning c:/Users/threddast/.emacs.d/.local/straight/build-28.1/treemacs/treemacs-autoloads.el
    * [241.885392] Scanning c:/Users/threddast/.emacs.d/.local/straight/build-28.1/ace-window/ace-window-autoloads.el
    * [241.888005] Scanning c:/Users/threddast/.emacs.d/.local/straight/build-28.1/pfuture/pfuture-autoloads.el
    * [241.890524] Scanning c:/Users/threddast/.emacs.d/.local/straight/build-28.1/hydra/hydra-autoloads.el
    * [241.893133] Scanning c:/Users/threddast/.emacs.d/.local/straight/build-28.1/lv/lv-autoloads.el
    * [241.895866] Scanning c:/Users/threddast/.emacs.d/.local/straight/build-28.1/cfrs/cfrs-autoloads.el
    * [241.898378] Scanning c:/Users/threddast/.emacs.d/.local/straight/build-28.1/posframe/posframe-autoloads.el
    * [241.900957] Scanning c:/Users/threddast/.emacs.d/.local/straight/build-28.1/treemacs-evil/treemacs-evil-autoloads.el
    * [241.903505] Scanning c:/Users/threddast/.emacs.d/.local/straight/build-28.1/treemacs-projectile/treemacs-projectile-autoloads.el
    * [241.905792] Scanning c:/Users/threddast/.emacs.d/.local/straight/build-28.1/treemacs-magit/treemacs-magit-autoloads.el
    * [241.908096] Scanning c:/Users/threddast/.emacs.d/.local/straight/build-28.1/lsp-treemacs/lsp-treemacs-autoloads.el
    * [241.910735] Scanning c:/Users/threddast/.emacs.d/.local/straight/build-28.1/lsp-mode/lsp-mode-autoloads.el
    * [241.914060] Scanning c:/Users/threddast/.emacs.d/.local/straight/build-28.1/spinner/spinner-autoloads.el
    * [241.916690] Scanning c:/Users/threddast/.emacs.d/.local/straight/build-28.1/format-all/format-all-autoloads.el
    * [241.919127] Scanning c:/Users/threddast/.emacs.d/.local/straight/build-28.1/lispy/lispy-autoloads.el
    * [241.921786] Scanning c:/Users/threddast/.emacs.d/.local/straight/build-28.1/iedit/iedit-autoloads.el
    * [241.924344] Scanning c:/Users/threddast/.emacs.d/.local/straight/build-28.1/swiper/swiper-autoloads.el
    * [241.926889] Scanning c:/Users/threddast/.emacs.d/.local/straight/build-28.1/ivy/ivy-autoloads.el
    * [241.929787] Scanning c:/Users/threddast/.emacs.d/.local/straight/build-28.1/zoutline/zoutline-autoloads.el
    * [241.932340] Scanning c:/Users/threddast/.emacs.d/.local/straight/build-28.1/lispyville/lispyville-autoloads.el
    * [241.934642] Scanning c:/Users/threddast/.emacs.d/.local/straight/build-28.1/vterm/vterm-autoloads.el
    * [241.937041] Scanning c:/Users/threddast/.emacs.d/.local/straight/build-28.1/flycheck-posframe/flycheck-posframe-autoloads.el
    * [241.939271] Scanning c:/Users/threddast/.emacs.d/.local/straight/build-28.1/flyspell-correct/flyspell-correct-autoloads.el
    * [241.941725] Scanning c:/Users/threddast/.emacs.d/.local/straight/build-28.1/flyspell-lazy/flyspell-lazy-autoloads.el
    * [241.944123] Scanning c:/Users/threddast/.emacs.d/.local/straight/build-28.1/langtool/langtool-autoloads.el
    * [241.946666] Scanning c:/Users/threddast/.emacs.d/.local/straight/build-28.1/writegood-mode/writegood-mode-autoloads.el
    * [241.949304] Scanning c:/Users/threddast/.emacs.d/.local/straight/build-28.1/ansible/ansible-autoloads.el
    * [241.951669] Scanning c:/Users/threddast/.emacs.d/.local/straight/build-28.1/ansible-doc/ansible-doc-autoloads.el
    * [241.954297] Scanning c:/Users/threddast/.emacs.d/.local/straight/build-28.1/jinja2-mode/jinja2-mode-autoloads.el
    * [241.956939] Scanning c:/Users/threddast/.emacs.d/.local/straight/build-28.1/yaml-mode/yaml-mode-autoloads.el
    * [241.959447] Scanning c:/Users/threddast/.emacs.d/.local/straight/build-28.1/company-ansible/company-ansible-autoloads.el
    * [241.961981] Scanning c:/Users/threddast/.emacs.d/.local/straight/build-28.1/lsp-ui/lsp-ui-autoloads.el
    * [241.964446] Scanning c:/Users/threddast/.emacs.d/.local/straight/build-28.1/consult-lsp/consult-lsp-autoloads.el
    * [241.967116] Scanning c:/Users/threddast/.emacs.d/.local/straight/build-28.1/pdf-tools/pdf-tools-autoloads.el
    * [241.970429] Scanning c:/Users/threddast/.emacs.d/.local/straight/build-28.1/tablist/tablist-autoloads.el
    * [241.972804] Scanning c:/Users/threddast/.emacs.d/.local/straight/build-28.1/saveplace-pdf-view/saveplace-pdf-view-autoloads.el
    * [241.975172] Scanning c:/Users/threddast/.emacs.d/.local/straight/build-28.1/rainbow-mode/rainbow-mode-autoloads.el
    * [241.977652] Scanning c:/Users/threddast/.emacs.d/.local/straight/build-28.1/kurecolor/kurecolor-autoloads.el
    * [241.980268] Scanning c:/Users/threddast/.emacs.d/.local/straight/build-28.1/beancount/beancount-autoloads.el
    * [241.982660] Scanning c:/Users/threddast/.emacs.d/.local/straight/build-28.1/paredit/paredit-autoloads.el
    * [241.985366] Scanning c:/Users/threddast/.emacs.d/.local/straight/build-28.1/parseclj/parseclj-autoloads.el
    * [241.987820] Scanning c:/Users/threddast/.emacs.d/.local/straight/build-28.1/parseedn/parseedn-autoloads.el
    * [241.990243] Scanning c:/Users/threddast/.emacs.d/.local/straight/build-28.1/map/map-autoloads.el
    * [241.993008] Scanning c:/Users/threddast/.emacs.d/.local/straight/build-28.1/clojure-mode/clojure-mode-autoloads.el
    * [241.995756] Scanning c:/Users/threddast/.emacs.d/.local/straight/build-28.1/clj-refactor/clj-refactor-autoloads.el
    * [241.998588] Scanning c:/Users/threddast/.emacs.d/.local/straight/build-28.1/multiple-cursors/multiple-cursors-autoloads.el
    * [242.001463] Scanning c:/Users/threddast/.emacs.d/.local/straight/build-28.1/cider/cider-autoloads.el
    * [242.004760] Scanning c:/Users/threddast/.emacs.d/.local/straight/build-28.1/queue/queue-autoloads.el
    * [242.007139] Scanning c:/Users/threddast/.emacs.d/.local/straight/build-28.1/sesman/sesman-autoloads.el
    * [242.009813] Scanning c:/Users/threddast/.emacs.d/.local/straight/build-28.1/inflections/inflections-autoloads.el
    * [242.012283] Scanning c:/Users/threddast/.emacs.d/.local/straight/build-28.1/flycheck-clj-kondo/flycheck-clj-kondo-autoloads.el
    * [242.014655] Scanning c:/Users/threddast/.emacs.d/.local/straight/build-28.1/json-mode/json-mode-autoloads.el
    * [242.017259] Scanning c:/Users/threddast/.emacs.d/.local/straight/build-28.1/json-snatcher/json-snatcher-autoloads.el
    * [242.019857] Scanning c:/Users/threddast/.emacs.d/.local/straight/build-28.1/auctex/auctex-autoloads.el
    * [242.022822] Scanning c:/Users/threddast/.emacs.d/.local/straight/build-28.1/adaptive-wrap/adaptive-wrap-autoloads.el
    * [242.025506] Scanning c:/Users/threddast/.emacs.d/.local/straight/build-28.1/latex-preview-pane/latex-preview-pane-autoloads.el
    * [242.028275] Scanning c:/Users/threddast/.emacs.d/.local/straight/build-28.1/evil-tex/evil-tex-autoloads.el
    * [242.030729] Scanning c:/Users/threddast/.emacs.d/.local/straight/build-28.1/cdlatex/cdlatex-autoloads.el
    * [242.033478] Scanning c:/Users/threddast/.emacs.d/.local/straight/build-28.1/company-auctex/company-auctex-autoloads.el
    * [242.036374] Scanning c:/Users/threddast/.emacs.d/.local/straight/build-28.1/company-reftex/company-reftex-autoloads.el
    * [242.038993] Scanning c:/Users/threddast/.emacs.d/.local/straight/build-28.1/company-math/company-math-autoloads.el
    * [242.041678] Scanning c:/Users/threddast/.emacs.d/.local/straight/build-28.1/math-symbol-lists/math-symbol-lists-autoloads.el
    * [242.044100] Scanning c:/Users/threddast/.emacs.d/.local/straight/build-28.1/ledger-mode/ledger-mode-autoloads.el
    * [242.046769] Scanning c:/Users/threddast/.emacs.d/.local/straight/build-28.1/evil-ledger/evil-ledger-autoloads.el
    * [242.049198] Scanning c:/Users/threddast/.emacs.d/.local/straight/build-28.1/flycheck-ledger/flycheck-ledger-autoloads.el
    * [242.051595] Scanning c:/Users/threddast/.emacs.d/.local/straight/build-28.1/nix-mode/nix-mode-autoloads.el
    * [242.054568] Scanning c:/Users/threddast/.emacs.d/.local/straight/build-28.1/nix-update/nix-update-autoloads.el
    * [242.057098] Scanning c:/Users/threddast/.emacs.d/.local/straight/build-28.1/company-nixos-options/company-nixos-options-autoloads.el
    * [242.059711] Scanning c:/Users/threddast/.emacs.d/.local/straight/build-28.1/nixos-options/nixos-options-autoloads.el
    * [242.062312] Scanning c:/Users/threddast/.emacs.d/.local/straight/build-28.1/org-pdftools/org-pdftools-autoloads.el
    * [242.064699] Scanning c:/Users/threddast/.emacs.d/.local/straight/build-28.1/org-noter/org-noter-autoloads.el
    * [242.067120] Scanning c:/Users/threddast/.emacs.d/.local/straight/build-28.1/org-download/org-download-autoloads.el
    * [242.069354] Scanning c:/Users/threddast/.emacs.d/.local/straight/build-28.1/jupyter/jupyter-autoloads.el
    * [242.072424] Scanning c:/Users/threddast/.emacs.d/.local/straight/build-28.1/zmq/zmq-autoloads.el
    * [242.074838] Scanning c:/Users/threddast/.emacs.d/.local/straight/build-28.1/simple-httpd/simple-httpd-autoloads.el
    * [242.077344] Scanning c:/Users/threddast/.emacs.d/.local/straight/build-28.1/websocket/websocket-autoloads.el
    * [242.079710] Scanning c:/Users/threddast/.emacs.d/.local/straight/build-28.1/org-journal/org-journal-autoloads.el
    * [242.082240] Scanning c:/Users/threddast/.emacs.d/.local/straight/build-28.1/org-pomodoro/org-pomodoro-autoloads.el
    * [242.084634] Scanning c:/Users/threddast/.emacs.d/.local/straight/build-28.1/alert/alert-autoloads.el
    * [242.087090] Scanning c:/Users/threddast/.emacs.d/.local/straight/build-28.1/gntp/gntp-autoloads.el
    * [242.089566] Scanning c:/Users/threddast/.emacs.d/.local/straight/build-28.1/log4e/log4e-autoloads.el
    * [242.092146] Scanning c:/Users/threddast/.emacs.d/.local/straight/build-28.1/org-roam/org-roam-autoloads.el
    * [242.094964] Scanning c:/Users/threddast/.emacs.d/.local/straight/build-28.1/ox-pandoc/ox-pandoc-autoloads.el
    * [242.098157] Scanning c:/Users/threddast/.emacs.d/.local/straight/build-28.1/ox-hugo/ox-hugo-autoloads.el
    * [242.100866] Scanning c:/Users/threddast/.emacs.d/.local/straight/build-28.1/tomelr/tomelr-autoloads.el
    * [242.103479] Scanning c:/Users/threddast/.emacs.d/.local/straight/build-28.1/pip-requirements/pip-requirements-autoloads.el
    * [242.106121] Scanning c:/Users/threddast/.emacs.d/.local/straight/build-28.1/anaconda-mode/anaconda-mode-autoloads.el
    * [242.108834] Scanning c:/Users/threddast/.emacs.d/.local/straight/build-28.1/pythonic/pythonic-autoloads.el
    * [242.111318] Scanning c:/Users/threddast/.emacs.d/.local/straight/build-28.1/company-anaconda/company-anaconda-autoloads.el
    * [242.113840] Scanning c:/Users/threddast/.emacs.d/.local/straight/build-28.1/pipenv/pipenv-autoloads.el
    * [242.116322] Scanning c:/Users/threddast/.emacs.d/.local/straight/build-28.1/pyvenv/pyvenv-autoloads.el
    * [242.118805] Scanning c:/Users/threddast/.emacs.d/.local/straight/build-28.1/load-env-vars/load-env-vars-autoloads.el
    * [242.121322] Scanning c:/Users/threddast/.emacs.d/.local/straight/build-28.1/nose/nose-autoloads.el
    * [242.123775] Scanning c:/Users/threddast/.emacs.d/.local/straight/build-28.1/python-pytest/python-pytest-autoloads.el
    * [242.126720] Scanning c:/Users/threddast/.emacs.d/.local/straight/build-28.1/pyimport/pyimport-autoloads.el
    * [242.129287] Scanning c:/Users/threddast/.emacs.d/.local/straight/build-28.1/shut-up/shut-up-autoloads.el
    * [242.131741] Scanning c:/Users/threddast/.emacs.d/.local/straight/build-28.1/py-isort/py-isort-autoloads.el
    * [242.134321] Scanning c:/Users/threddast/.emacs.d/.local/straight/build-28.1/org-noter-pdftools/org-noter-pdftools-autoloads.el
    * [242.136649] Scanning c:/Users/threddast/.emacs.d/.local/straight/build-28.1/org-timeline/org-timeline-autoloads.el
    * [242.139094] Scanning c:/Users/threddast/.emacs.d/.local/straight/build-28.1/org-modern/org-modern-autoloads.el
    * [242.141453] Scanning c:/Users/threddast/.emacs.d/.local/straight/build-28.1/org-ref/org-ref-autoloads.el
    * [242.144789] Scanning c:/Users/threddast/.emacs.d/.local/straight/build-28.1/parsebib/parsebib-autoloads.el
    * [242.147238] Scanning c:/Users/threddast/.emacs.d/.local/straight/build-28.1/bibtex-completion/bibtex-completion-autoloads.el
    * [242.149735] Scanning c:/Users/threddast/.emacs.d/.local/straight/build-28.1/biblio/biblio-autoloads.el
    * [242.152562] Scanning c:/Users/threddast/.emacs.d/.local/straight/build-28.1/biblio-core/biblio-core-autoloads.el
    * [242.155151] Scanning c:/Users/threddast/.emacs.d/.local/straight/build-28.1/citeproc/citeproc-autoloads.el
    * [242.157960] Scanning c:/Users/threddast/.emacs.d/.local/straight/build-28.1/string-inflection/string-inflection-autoloads.el
    * [242.160565] Scanning c:/Users/threddast/.emacs.d/.local/straight/build-28.1/org-anki/org-anki-autoloads.el
    * [242.163332] Scanning c:/Users/threddast/.emacs.d/.local/straight/build-28.1/promise/promise-autoloads.el
    * [242.166145] Scanning c:/Users/threddast/.emacs.d/.local/straight/build-28.1/org-auto-tangle/org-auto-tangle-autoloads.el
    * [242.168374] Scanning c:/Users/threddast/.emacs.d/.local/straight/build-28.1/git-auto-commit-mode/git-auto-commit-mode-autoloads.el
    * [242.170532] Scanning c:/Users/threddast/.emacs.d/.local/straight/build-28.1/org-chef/org-chef-autoloads.el
    * [242.172986] Scanning c:/Users/threddast/.emacs.d/.local/straight/build-28.1/telega/telega-autoloads.el
    * [242.175891] Scanning c:/Users/threddast/.emacs.d/.local/straight/build-28.1/visual-fill-column/visual-fill-column-autoloads.el
    * [242.178579] Scanning c:/Users/threddast/.emacs.d/.local/straight/build-28.1/rainbow-identifiers/rainbow-identifiers-autoloads.el
    * [242.180725] Scanning c:/Users/threddast/.emacs.d/.local/straight/build-28.1/gif-screencast/gif-screencast-autoloads.el
    * [242.182917] Scanning c:/Users/threddast/.emacs.d/.local/straight/build-28.1/lorem-ipsum/lorem-ipsum-autoloads.el
    * [242.185154] Scanning c:/Users/threddast/.emacs.d/.local/straight/build-28.1/org-present/org-present-autoloads.el
    * [242.187499] Scanning c:/Users/threddast/.emacs.d/.local/straight/build-28.1/org-tree-slide/org-tree-slide-autoloads.el
    * [242.189967] Scanning c:/Users/threddast/.emacs.d/.local/straight/build-28.1/centered-window/centered-window-autoloads.el
    * [242.192354] Scanning c:/Users/threddast/.emacs.d/.local/straight/build-28.1/math-at-point/math-at-point-autoloads.el
    * [242.194647] Scanning c:/Users/threddast/.emacs.d/.local/straight/build-28.1/selectric-mode/selectric-mode-autoloads.el
    * [242.196957] Scanning c:/Users/threddast/.emacs.d/.local/straight/build-28.1/xkcd/xkcd-autoloads.el
    * [242.199261] Scanning c:/Users/threddast/.emacs.d/.local/straight/build-28.1/org-ql/org-ql-autoloads.el
    * [242.201998] Scanning c:/Users/threddast/.emacs.d/.local/straight/build-28.1/org-super-agenda/org-super-agenda-autoloads.el
    * [242.204346] Scanning c:/Users/threddast/.emacs.d/.local/straight/build-28.1/ts/ts-autoloads.el
    * [242.206628] Scanning c:/Users/threddast/.emacs.d/.local/straight/build-28.1/ov/ov-autoloads.el
    * [242.209162] Scanning c:/Users/threddast/.emacs.d/.local/straight/build-28.1/peg/peg-autoloads.el
    * [242.211454] Scanning c:/Users/threddast/.emacs.d/.local/straight/build-28.1/org-sidebar/org-sidebar-autoloads.el
  > Byte-compiling autoloads file...
  ✓ Generated .local/autoloads.28.1.elc
* [244.120820] Finished (GCs: 4, elapsed: 0.724424s)
✓ Finished in 4m 4s
