* [0.367195] Starting!
* [0.367262] doom-cli-run: (C:\Users\threddast\Programs\emacs-28.1\bin\emacs.exe -scriptload .\doom -- sync -e)
* [0.367419] doom-cli-context-execute: found (doom)
* [0.377025] Autoloading c:/Users/threddast/.emacs.d/lisp/cli/sync.el
* [0.470449] doom-cli-context-execute: found (doom sync)
* [0.470700] Found switch: -e
* [0.470916] doom-cli-context-execute: doom sync
* [0.471203] doom-cli-execute: (:before) ((input) (context . #s(doom-cli-context (25359 45956 155381 0) 11400 -1 nil nil nil doom nil nil (doom sync) nil (sync -e) ((--jobs) (-j) (-p) (-u) (-c) (-e . -e) (--eval) (-E) (--strict-load) (--load) (-L) (--color) (--profile) (--pager) (--emacsdir) (--doomdir) (--debug) (-D) (--force) (-!)) ((t) ((doom sync) -e) ((doom) sync -e))  *doom-cli stdin*  *doom-cli stdout*  *doom-cli stderr* nil)) (_) (evals) (loads) (color?) (profile) (pager) (emacsdir) (doomdir) (debug?) (force?))
* [0.471261] doom-cli-execute: (:before doom build) nil
* [0.471288] Initializing straight
* [0.839491] Initializing recipes
* [0.858068] Installing core packages
* [0.859261] doom-cli-execute: (doom sync) ((jobs) (purge?) (update?) (noelc?) (noenvvar? . -e))
> Synchronizing "default" profile...
    * [0.860063] Initializing package.el
    * [0.967637] Initializing straight.el
  > Installing packages...
    - Checked out project: 2e8da1b811d5213bd143d9d036bf7ea14741a1ae
    > Building project...
    > Building project > Building xref...
    File mode specification error: (file-missing Cannot open load file No such file or directory pkg-info)
    > Building project...
    File mode specification error: (file-missing Cannot open load file No such file or directory pkg-info)
    - Checked out compat: cc1924fd8b3f9b75b26bf93f084ea938c06f9615
    > Building compat...
    File mode specification error: (file-missing Cannot open load file No such file or directory pkg-info)
    - Checked out dired-git-info: 9461476a28a5fec0784260f6e318237c662c3430
    > Building dired-git-info...
    - Checked out rainbow-mode: 55a8c15782197cd9db8950d2f5ed1b9caca08dae
    > Building rainbow-mode...
    - Checked out adaptive-wrap: 0d5b4a07de76d87dd64333a566a8a0a845f2b9f0
    > Building adaptive-wrap...
    ✓ Installed 6 packages
  > (Re)building packages...
    - No packages need rebuilding
  > Purging orphaned packages (for the emperor)...
    - No builds to purge
    - Skipping elpa packages
    - Skipping repos
    - Skipping regrafting
  > (Re)generating autoloads file...
    > Generating autoloads file...
        * [29.980142] Scanning c:/Users/threddast/.emacs.d/lisp/lib/buffers.el
        * [29.984551] Scanning c:/Users/threddast/.emacs.d/lisp/lib/config.el
        * [29.986927] Scanning c:/Users/threddast/.emacs.d/lisp/lib/debug.el
        * [29.992580] Scanning c:/Users/threddast/.emacs.d/lisp/lib/docs.el
        * [29.998880] Scanning c:/Users/threddast/.emacs.d/lisp/lib/files.el
        * [30.004935] Scanning c:/Users/threddast/.emacs.d/lisp/lib/fonts.el
        * [30.008978] Scanning c:/Users/threddast/.emacs.d/lisp/lib/git.el
        * [30.011083] Scanning c:/Users/threddast/.emacs.d/lisp/lib/help.el
        * [30.015284] Scanning c:/Users/threddast/.emacs.d/lisp/lib/packages.el
        * [30.018811] Scanning c:/Users/threddast/.emacs.d/lisp/lib/plist.el
        * [30.022241] Scanning c:/Users/threddast/.emacs.d/lisp/lib/print.el
        * [30.027037] Scanning c:/Users/threddast/.emacs.d/lisp/lib/process.el
        * [30.029684] Scanning c:/Users/threddast/.emacs.d/lisp/lib/projects.el
        * [30.033308] Scanning c:/Users/threddast/.emacs.d/lisp/lib/sandbox.el
        * [30.036941] Scanning c:/Users/threddast/.emacs.d/lisp/lib/scratch.el
        * [30.041766] Scanning c:/Users/threddast/.emacs.d/lisp/lib/sessions.el
        * [30.046327] Scanning c:/Users/threddast/.emacs.d/lisp/lib/store.el
        * [30.051804] Scanning c:/Users/threddast/.emacs.d/lisp/lib/system.el
        * [30.055189] Scanning c:/Users/threddast/.emacs.d/lisp/lib/text.el
        * [30.060228] Scanning c:/Users/threddast/.emacs.d/lisp/lib/themes.el
        * [30.064819] Scanning c:/Users/threddast/.emacs.d/lisp/lib/ui.el
        * [30.068587] Scanning c:/Users/threddast/.emacs.d/modules/app/calendar/autoload.el
        * [30.070403] Scanning c:/Users/threddast/.emacs.d/modules/app/emms/autoload.el
        * [30.072154] Scanning c:/Users/threddast/.emacs.d/modules/app/irc/autoload/irc.el
        * [30.074248] Scanning c:/Users/threddast/.emacs.d/modules/app/irc/autoload/ivy.el
        * [30.076189] Scanning c:/Users/threddast/.emacs.d/modules/app/irc/autoload/settings.el
        * [30.078146] Scanning c:/Users/threddast/.emacs.d/modules/app/irc/autoload/vertico.el
        * [30.080155] Scanning c:/Users/threddast/.emacs.d/modules/app/rss/autoload.el
        * [30.081920] Scanning c:/Users/threddast/.emacs.d/modules/app/twitter/autoload.el
        * [30.083950] Scanning c:/Users/threddast/.emacs.d/modules/checkers/spell/autoload/+flyspell.el
        * [30.136122] Scanning c:/Users/threddast/.emacs.d/modules/checkers/spell/autoload/+spell-fu.el
        * [30.138841] Scanning c:/Users/threddast/.emacs.d/modules/checkers/syntax/autoload.el
        * [30.142286] Scanning c:/Users/threddast/.emacs.d/modules/completion/company/autoload.el
        * [30.147197] Scanning c:/Users/threddast/.emacs.d/modules/completion/helm/autoload/evil.el
        * [30.149730] Scanning c:/Users/threddast/.emacs.d/modules/completion/helm/autoload/helm.el
        * [30.152279] Scanning c:/Users/threddast/.emacs.d/modules/completion/helm/autoload/posframe.el
        * [30.155124] Scanning c:/Users/threddast/.emacs.d/modules/completion/ivy/autoload/evil.el
        * [30.158071] Scanning c:/Users/threddast/.emacs.d/modules/completion/ivy/autoload/hydras.el
        * [30.161065] Scanning c:/Users/threddast/.emacs.d/modules/completion/ivy/autoload/ivy.el
        * [30.163873] Scanning c:/Users/threddast/.emacs.d/modules/completion/ivy/autoload/posframe.el
        * [30.166433] Scanning c:/Users/threddast/.emacs.d/modules/completion/vertico/autoload/evil.el
        * [30.171606] Scanning c:/Users/threddast/.emacs.d/modules/completion/vertico/autoload/magit.el
        * [30.175916] Scanning c:/Users/threddast/.emacs.d/modules/completion/vertico/autoload/vertico.el
        * [30.180826] Scanning c:/Users/threddast/.emacs.d/modules/completion/vertico/autoload/workspaces.el
        * [30.183507] Scanning c:/Users/threddast/.emacs.d/modules/config/default/autoload/default.el
        * [30.186957] Scanning c:/Users/threddast/.emacs.d/modules/config/default/autoload/deferred.el
        * [30.190592] Scanning c:/Users/threddast/.emacs.d/modules/config/default/autoload/files.el
        * [30.195391] Scanning c:/Users/threddast/.emacs.d/modules/config/default/autoload/search.el
        * [30.199561] Scanning c:/Users/threddast/.emacs.d/modules/config/default/autoload/text.el
        * [30.203166] Scanning c:/Users/threddast/.emacs.d/modules/config/literate/autoload.el
        * [30.204815] Scanning c:/Users/threddast/.emacs.d/modules/editor/evil/autoload/advice.el
        * [30.209417] Scanning c:/Users/threddast/.emacs.d/modules/editor/evil/autoload/embrace.el
        * [30.212643] Scanning c:/Users/threddast/.emacs.d/modules/editor/evil/autoload/evil.el
        * [30.216869] Scanning c:/Users/threddast/.emacs.d/modules/editor/evil/autoload/ex.el
        * [30.220789] Scanning c:/Users/threddast/.emacs.d/modules/editor/evil/autoload/files.el
        * [30.225233] Scanning c:/Users/threddast/.emacs.d/modules/editor/evil/autoload/textobjects.el
        * [30.229228] Scanning c:/Users/threddast/.emacs.d/modules/editor/evil/autoload/unimpaired.el
        * [30.234282] Scanning c:/Users/threddast/.emacs.d/modules/editor/file-templates/autoload.el
        * [30.237471] Scanning c:/Users/threddast/.emacs.d/modules/editor/fold/autoload/fold.el
        * [30.241119] Scanning c:/Users/threddast/.emacs.d/modules/editor/fold/autoload/hideshow.el
        * [30.244224] Scanning c:/Users/threddast/.emacs.d/modules/editor/format/autoload/evil.el
        * [30.247591] Scanning c:/Users/threddast/.emacs.d/modules/editor/format/autoload/format.el
        * [30.294862] Scanning c:/Users/threddast/.emacs.d/modules/editor/format/autoload/settings.el
        * [30.298722] Scanning c:/Users/threddast/.emacs.d/modules/editor/god/autoload.el
        * [30.300457] Scanning c:/Users/threddast/.emacs.d/modules/editor/multiple-cursors/autoload/evil-mc.el
        * [30.302423] Scanning c:/Users/threddast/.emacs.d/modules/editor/rotate-text/autoload.el
        * [30.304340] Scanning c:/Users/threddast/.emacs.d/modules/editor/snippets/autoload/settings.el
        * [30.307270] Scanning c:/Users/threddast/.emacs.d/modules/editor/snippets/autoload/snippets.el
        * [30.311137] Scanning c:/Users/threddast/.emacs.d/modules/editor/word-wrap/autoload.el
        * [30.312706] Scanning c:/Users/threddast/.emacs.d/modules/emacs/dired/autoload.el
        * [30.314915] Scanning c:/Users/threddast/.emacs.d/modules/emacs/electric/autoload.el
        * [30.317196] Scanning c:/Users/threddast/.emacs.d/modules/emacs/ibuffer/autoload/workspaces.el
        * [30.319660] Scanning c:/Users/threddast/.emacs.d/modules/emacs/vc/autoload/bug-reference-backport.el
        * [30.322384] Scanning c:/Users/threddast/.emacs.d/modules/emacs/vc/autoload/hydra.el
        * [30.325146] Scanning c:/Users/threddast/.emacs.d/modules/emacs/vc/autoload/vc.el
        * [30.328477] Scanning c:/Users/threddast/.emacs.d/modules/email/mu4e/autoload/advice.el
        * [30.331804] Scanning c:/Users/threddast/.emacs.d/modules/email/mu4e/autoload/email.el
        * [30.334725] Scanning c:/Users/threddast/.emacs.d/modules/email/mu4e/autoload/evil.el
        * [30.337169] Scanning c:/Users/threddast/.emacs.d/modules/email/mu4e/autoload/mu-lock.el
        * [30.339948] Scanning c:/Users/threddast/.emacs.d/modules/email/notmuch/autoload.el
        * [30.342493] Scanning c:/Users/threddast/.emacs.d/modules/email/wanderlust/autoload.el
        * [30.344377] Scanning c:/Users/threddast/.emacs.d/modules/input/layout/autoload/bepo.el
        * [30.346518] Scanning c:/Users/threddast/.emacs.d/modules/lang/beancount/autoload.el
        * [30.349591] Scanning c:/Users/threddast/.emacs.d/modules/lang/cc/autoload.el
        * [30.351637] Scanning c:/Users/threddast/.emacs.d/modules/lang/clojure/autoload.el
        * [30.354428] Scanning c:/Users/threddast/.emacs.d/modules/lang/common-lisp/autoload/common-lisp.el
        * [30.356490] Scanning c:/Users/threddast/.emacs.d/modules/lang/csharp/autoload.el
        * [30.358513] Scanning c:/Users/threddast/.emacs.d/modules/lang/emacs-lisp/autoload.el
        * [30.362545] Scanning c:/Users/threddast/.emacs.d/modules/lang/ess/autoload.el
        * [30.364420] Scanning c:/Users/threddast/.emacs.d/modules/lang/faust/autoload.el
        * [30.366736] Scanning c:/Users/threddast/.emacs.d/modules/lang/fortran/autoload.el
        * [30.369092] Scanning c:/Users/threddast/.emacs.d/modules/lang/go/autoload.el
        * [30.372130] Scanning c:/Users/threddast/.emacs.d/modules/lang/graphql/autoload.el
        * [30.374822] Scanning c:/Users/threddast/.emacs.d/modules/lang/haskell/autoload.el
        * [30.377213] Scanning c:/Users/threddast/.emacs.d/modules/lang/java/autoload/java.el
        * [30.379644] Scanning c:/Users/threddast/.emacs.d/modules/lang/java/autoload/lsp.el
        * [30.381578] Scanning c:/Users/threddast/.emacs.d/modules/lang/javascript/autoload.el
        * [30.384151] Scanning c:/Users/threddast/.emacs.d/modules/lang/julia/autoload.el
        * [30.387491] Scanning c:/Users/threddast/.emacs.d/modules/lang/kotlin/autoload.el
        * [30.391789] Scanning c:/Users/threddast/.emacs.d/modules/lang/latex/autoload.el
        * [30.397087] Scanning c:/Users/threddast/.emacs.d/modules/lang/lua/autoload/lua.el
        * [30.400724] Scanning c:/Users/threddast/.emacs.d/modules/lang/lua/autoload/moonscript.el
        * [30.404054] Scanning c:/Users/threddast/.emacs.d/modules/lang/markdown/autoload.el
        * [30.408842] Scanning c:/Users/threddast/.emacs.d/modules/lang/nix/autoload.el
        * [30.413018] Scanning c:/Users/threddast/.emacs.d/modules/lang/ocaml/autoload.el
        * [30.415766] Scanning c:/Users/threddast/.emacs.d/modules/lang/org/autoload/contrib-ipython.el
        * [30.418954] Scanning c:/Users/threddast/.emacs.d/modules/lang/org/autoload/contrib-present.el
        * [30.421735] Scanning c:/Users/threddast/.emacs.d/modules/lang/org/autoload/contrib-roam2.el
        * [30.426283] Scanning c:/Users/threddast/.emacs.d/modules/lang/org/autoload/org-attach.el
        * [30.431654] Scanning c:/Users/threddast/.emacs.d/modules/lang/org/autoload/org-avy.el
        * [30.435717] Scanning c:/Users/threddast/.emacs.d/modules/lang/org/autoload/org-babel.el
        * [30.439021] Scanning c:/Users/threddast/.emacs.d/modules/lang/org/autoload/org-capture.el
        * [30.442336] Scanning c:/Users/threddast/.emacs.d/modules/lang/org/autoload/org-export.el
        * [30.445064] Scanning c:/Users/threddast/.emacs.d/modules/lang/org/autoload/org-link.el
        * [30.448130] Scanning c:/Users/threddast/.emacs.d/modules/lang/org/autoload/org-refile.el
        * [30.453006] Scanning c:/Users/threddast/.emacs.d/modules/lang/org/autoload/org-tables.el
        * [30.456581] Scanning c:/Users/threddast/.emacs.d/modules/lang/org/autoload/org.el
        * [30.462444] Scanning c:/Users/threddast/.emacs.d/modules/lang/php/autoload.el
        * [30.464475] Scanning c:/Users/threddast/.emacs.d/modules/lang/plantuml/autoload.el
        * [30.466862] Scanning c:/Users/threddast/.emacs.d/modules/lang/python/autoload/conda.el
        * [30.469456] Scanning c:/Users/threddast/.emacs.d/modules/lang/python/autoload/pyenv.el
        * [30.472145] Scanning c:/Users/threddast/.emacs.d/modules/lang/python/autoload/python.el
        * [30.475824] Scanning c:/Users/threddast/.emacs.d/modules/lang/qt/autoload.el
        * [30.478037] Scanning c:/Users/threddast/.emacs.d/modules/lang/racket/autoload.el
        * [30.480120] Scanning c:/Users/threddast/.emacs.d/modules/lang/rest/autoload.el
        * [30.482263] Scanning c:/Users/threddast/.emacs.d/modules/lang/ruby/autoload.el
        * [30.484328] Scanning c:/Users/threddast/.emacs.d/modules/lang/rust/autoload.el
        * [30.486298] Scanning c:/Users/threddast/.emacs.d/modules/lang/scala/autoload.el
        * [30.488564] Scanning c:/Users/threddast/.emacs.d/modules/lang/scheme/autoload.el
        * [30.490687] Scanning c:/Users/threddast/.emacs.d/modules/lang/sh/autoload.el
        * [30.492926] Scanning c:/Users/threddast/.emacs.d/modules/lang/terra/autoload.el
        * [30.495495] Scanning c:/Users/threddast/.emacs.d/modules/lang/web/autoload/css.el
        * [30.498348] Scanning c:/Users/threddast/.emacs.d/modules/lang/web/autoload/evil.el
        * [30.500842] Scanning c:/Users/threddast/.emacs.d/modules/lang/web/autoload/html.el
        * [30.503651] Scanning c:/Users/threddast/.emacs.d/modules/os/macos/autoload.el
        * [30.505546] Scanning c:/Users/threddast/.emacs.d/modules/term/eshell/autoload/backport.el
        * [30.507636] Scanning c:/Users/threddast/.emacs.d/modules/term/eshell/autoload/commands.el
        * [30.509644] Scanning c:/Users/threddast/.emacs.d/modules/term/eshell/autoload/company.el
        * [30.511663] Scanning c:/Users/threddast/.emacs.d/modules/term/eshell/autoload/eshell.el
        * [30.513945] Scanning c:/Users/threddast/.emacs.d/modules/term/eshell/autoload/evil.el
        * [30.516800] Scanning c:/Users/threddast/.emacs.d/modules/term/eshell/autoload/prompts.el
        * [30.519171] Scanning c:/Users/threddast/.emacs.d/modules/term/eshell/autoload/settings.el
        * [30.521302] Scanning c:/Users/threddast/.emacs.d/modules/term/shell/autoload.el
        * [30.523041] Scanning c:/Users/threddast/.emacs.d/modules/term/term/autoload.el
        * [30.524746] Scanning c:/Users/threddast/.emacs.d/modules/term/vterm/autoload.el
        * [30.527535] Scanning c:/Users/threddast/.emacs.d/modules/tools/debugger/autoload/debugger.el
        * [30.530055] Scanning c:/Users/threddast/.emacs.d/modules/tools/debugger/autoload/evil.el
        * [30.532448] Scanning c:/Users/threddast/.emacs.d/modules/tools/editorconfig/autoload.el
        * [30.534423] Scanning c:/Users/threddast/.emacs.d/modules/tools/eval/autoload/eval.el
        * [30.538017] Scanning c:/Users/threddast/.emacs.d/modules/tools/eval/autoload/evil.el
        * [30.543219] Scanning c:/Users/threddast/.emacs.d/modules/tools/eval/autoload/repl.el
        * [30.548085] Scanning c:/Users/threddast/.emacs.d/modules/tools/eval/autoload/settings.el
        * [30.551048] Scanning c:/Users/threddast/.emacs.d/modules/tools/gist/autoload/evil.el
        * [30.553961] Scanning c:/Users/threddast/.emacs.d/modules/tools/lookup/autoload/docsets.el
        * [30.556732] Scanning c:/Users/threddast/.emacs.d/modules/tools/lookup/autoload/evil.el
        * [30.560263] Scanning c:/Users/threddast/.emacs.d/modules/tools/lookup/autoload/lookup.el
        * [30.564107] Scanning c:/Users/threddast/.emacs.d/modules/tools/lookup/autoload/online.el
        * [30.567235] Scanning c:/Users/threddast/.emacs.d/modules/tools/lookup/autoload/xwidget.el
        * [30.570881] Scanning c:/Users/threddast/.emacs.d/modules/tools/lsp/autoload/common.el
        * [30.574672] Scanning c:/Users/threddast/.emacs.d/modules/tools/lsp/autoload/eglot.el
        * [30.578528] Scanning c:/Users/threddast/.emacs.d/modules/tools/lsp/autoload/flycheck-eglot.el
        * [30.582486] Scanning c:/Users/threddast/.emacs.d/modules/tools/lsp/autoload/lsp-mode.el
        * [30.586455] Scanning c:/Users/threddast/.emacs.d/modules/tools/magit/autoload.el
        * [30.589358] Scanning c:/Users/threddast/.emacs.d/modules/tools/make/autoload.el
        * [30.591007] Scanning c:/Users/threddast/.emacs.d/modules/tools/pass/autoload/consult.el
        * [30.593630] Scanning c:/Users/threddast/.emacs.d/modules/tools/pass/autoload/ivy.el
        * [30.595459] Scanning c:/Users/threddast/.emacs.d/modules/tools/pass/autoload/pass.el
        * [30.597362] Scanning c:/Users/threddast/.emacs.d/modules/tools/prodigy/autoload.el
        * [30.599110] Scanning c:/Users/threddast/.emacs.d/modules/tools/rgb/autoload.el
        * [30.601715] Scanning c:/Users/threddast/.emacs.d/modules/tools/taskrunner/autoload.el
        * [30.604046] Scanning c:/Users/threddast/.emacs.d/modules/tools/tmux/autoload/evil.el
        * [30.606270] Scanning c:/Users/threddast/.emacs.d/modules/tools/tmux/autoload/tmux.el
        * [30.608543] Scanning c:/Users/threddast/.emacs.d/modules/tools/tree-sitter/autoload.el
        * [30.610282] Scanning c:/Users/threddast/.emacs.d/modules/ui/doom-dashboard/autoload.el
        * [30.614483] Scanning c:/Users/threddast/.emacs.d/modules/ui/hydra/autoload/windows.el
        * [30.617484] Scanning c:/Users/threddast/.emacs.d/modules/ui/ligatures/autoload/install.el
        * [30.620650] Scanning c:/Users/threddast/.emacs.d/modules/ui/ligatures/autoload/ligatures.el
        * [30.623700] Scanning c:/Users/threddast/.emacs.d/modules/ui/modeline/autoload.el
        * [30.626139] Scanning c:/Users/threddast/.emacs.d/modules/ui/nav-flash/autoload.el
        * [30.628345] Scanning c:/Users/threddast/.emacs.d/modules/ui/neotree/autoload.el
        * [30.630113] Scanning c:/Users/threddast/.emacs.d/modules/ui/popup/autoload/popup.el
        * [30.634772] Scanning c:/Users/threddast/.emacs.d/modules/ui/popup/autoload/settings.el
        * [30.637998] Scanning c:/Users/threddast/.emacs.d/modules/ui/tabs/autoload.el
        * [30.639504] Scanning c:/Users/threddast/.emacs.d/modules/ui/treemacs/autoload.el
        * [30.642685] Scanning c:/Users/threddast/.emacs.d/modules/ui/unicode/autoload.el
        * [30.644715] Scanning c:/Users/threddast/.emacs.d/modules/ui/vc-gutter/autoload/diff-hl.el
        * [30.647820] Scanning c:/Users/threddast/.emacs.d/modules/ui/vc-gutter/autoload/git-gutter.el
        * [30.651768] Scanning c:/Users/threddast/.emacs.d/modules/ui/vi-tilde-fringe/autoload.el
        * [30.655348] Scanning c:/Users/threddast/.emacs.d/modules/ui/workspaces/autoload/evil.el
        * [30.657989] Scanning c:/Users/threddast/.emacs.d/modules/ui/workspaces/autoload/workspaces.el
        * [30.660843] Scanning c:/Users/threddast/.emacs.d/modules/ui/zen/autoload.el
        * [30.672080] Scanning c:/Users/threddast/.emacs.d/.local/straight/build-28.1/straight/straight-autoloads.el
        * [30.675045] Scanning c:/Users/threddast/.emacs.d/.local/straight/build-28.1/use-package/use-package-autoloads.el
        * [30.677683] Scanning c:/Users/threddast/.emacs.d/.local/straight/build-28.1/bind-key/bind-key-autoloads.el
        * [30.680226] Scanning c:/Users/threddast/.emacs.d/.local/straight/build-28.1/auto-minor-mode/auto-minor-mode-autoloads.el
        * [30.682734] Scanning c:/Users/threddast/.emacs.d/.local/straight/build-28.1/gcmh/gcmh-autoloads.el
        * [30.687375] Scanning c:/Users/threddast/.emacs.d/.local/straight/build-28.1/explain-pause-mode/explain-pause-mode-autoloads.el
        * [30.690811] Scanning c:/Users/threddast/.emacs.d/.local/straight/build-28.1/all-the-icons/all-the-icons-autoloads.el
        * [30.694350] Scanning c:/Users/threddast/.emacs.d/.local/straight/build-28.1/hide-mode-line/hide-mode-line-autoloads.el
        * [30.697914] Scanning c:/Users/threddast/.emacs.d/.local/straight/build-28.1/highlight-numbers/highlight-numbers-autoloads.el
        * [30.701239] Scanning c:/Users/threddast/.emacs.d/.local/straight/build-28.1/parent-mode/parent-mode-autoloads.el
        * [30.704473] Scanning c:/Users/threddast/.emacs.d/.local/straight/build-28.1/rainbow-delimiters/rainbow-delimiters-autoloads.el
        * [30.708521] Scanning c:/Users/threddast/.emacs.d/.local/straight/build-28.1/restart-emacs/restart-emacs-autoloads.el
        * [30.714112] Scanning c:/Users/threddast/.emacs.d/.local/straight/build-28.1/better-jumper/better-jumper-autoloads.el
        * [30.717475] Scanning c:/Users/threddast/.emacs.d/.local/straight/build-28.1/dtrt-indent/dtrt-indent-autoloads.el
        * [30.721007] Scanning c:/Users/threddast/.emacs.d/.local/straight/build-28.1/helpful/helpful-autoloads.el
        * [30.724373] Scanning c:/Users/threddast/.emacs.d/.local/straight/build-28.1/dash/dash-autoloads.el
        * [30.727840] Scanning c:/Users/threddast/.emacs.d/.local/straight/build-28.1/s/s-autoloads.el
        * [30.730574] Scanning c:/Users/threddast/.emacs.d/.local/straight/build-28.1/f/f-autoloads.el
        * [30.733173] Scanning c:/Users/threddast/.emacs.d/.local/straight/build-28.1/elisp-refs/elisp-refs-autoloads.el
        * [30.735571] Scanning c:/Users/threddast/.emacs.d/.local/straight/build-28.1/pcre2el/pcre2el-autoloads.el
        * [30.738036] Scanning c:/Users/threddast/.emacs.d/.local/straight/build-28.1/smartparens/smartparens-autoloads.el
        * [30.740512] Scanning c:/Users/threddast/.emacs.d/.local/straight/build-28.1/ws-butler/ws-butler-autoloads.el
        * [30.742682] Scanning c:/Users/threddast/.emacs.d/.local/straight/build-28.1/projectile/projectile-autoloads.el
        * [30.746057] Scanning c:/Users/threddast/.emacs.d/.local/straight/build-28.1/project/project-autoloads.el
        * [30.749064] Scanning c:/Users/threddast/.emacs.d/.local/straight/build-28.1/xref/xref-autoloads.el
        * [30.751832] Scanning c:/Users/threddast/.emacs.d/.local/straight/build-28.1/general/general-autoloads.el
        * [30.755655] Scanning c:/Users/threddast/.emacs.d/.local/straight/build-28.1/which-key/which-key-autoloads.el
        * [30.759332] Scanning c:/Users/threddast/.emacs.d/.local/straight/build-28.1/company/company-autoloads.el
        * [30.762352] Scanning c:/Users/threddast/.emacs.d/.local/straight/build-28.1/company-dict/company-dict-autoloads.el
        * [30.765091] Scanning c:/Users/threddast/.emacs.d/.local/straight/build-28.1/vertico/vertico-autoloads.el
        * [30.768146] Scanning c:/Users/threddast/.emacs.d/.local/straight/build-28.1/orderless/orderless-autoloads.el
        * [30.770788] Scanning c:/Users/threddast/.emacs.d/.local/straight/build-28.1/consult/consult-autoloads.el
        * [30.774329] Scanning c:/Users/threddast/.emacs.d/.local/straight/build-28.1/compat/compat-autoloads.el
        * [30.776968] Scanning c:/Users/threddast/.emacs.d/.local/straight/build-28.1/consult-dir/consult-dir-autoloads.el
        * [30.779517] Scanning c:/Users/threddast/.emacs.d/.local/straight/build-28.1/consult-flycheck/consult-flycheck-autoloads.el
        * [30.782042] Scanning c:/Users/threddast/.emacs.d/.local/straight/build-28.1/flycheck/flycheck-autoloads.el
        * [30.784941] Scanning c:/Users/threddast/.emacs.d/.local/straight/build-28.1/pkg-info/pkg-info-autoloads.el
        * [30.787500] Scanning c:/Users/threddast/.emacs.d/.local/straight/build-28.1/epl/epl-autoloads.el
        * [30.789969] Scanning c:/Users/threddast/.emacs.d/.local/straight/build-28.1/embark/embark-autoloads.el
        * [30.792746] Scanning c:/Users/threddast/.emacs.d/.local/straight/build-28.1/embark-consult/embark-consult-autoloads.el
        * [30.794967] Scanning c:/Users/threddast/.emacs.d/.local/straight/build-28.1/marginalia/marginalia-autoloads.el
        * [30.797217] Scanning c:/Users/threddast/.emacs.d/.local/straight/build-28.1/wgrep/wgrep-autoloads.el
        * [30.799627] Scanning c:/Users/threddast/.emacs.d/.local/straight/build-28.1/doom-themes/doom-themes-autoloads.el
        * [30.802741] Scanning c:/Users/threddast/.emacs.d/.local/straight/build-28.1/solaire-mode/solaire-mode-autoloads.el
        * [30.805335] Scanning c:/Users/threddast/.emacs.d/.local/straight/build-28.1/hl-todo/hl-todo-autoloads.el
        * [30.808243] Scanning c:/Users/threddast/.emacs.d/.local/straight/build-28.1/doom-modeline/doom-modeline-autoloads.el
        * [30.810971] Scanning c:/Users/threddast/.emacs.d/.local/straight/build-28.1/shrink-path/shrink-path-autoloads.el
        * [30.813393] Scanning c:/Users/threddast/.emacs.d/.local/straight/build-28.1/anzu/anzu-autoloads.el
        * [30.816370] Scanning c:/Users/threddast/.emacs.d/.local/straight/build-28.1/evil-anzu/evil-anzu-autoloads.el
        * [30.818296] Scanning c:/Users/threddast/.emacs.d/.local/straight/build-28.1/evil/evil-autoloads.el
        * [30.820414] Scanning c:/Users/threddast/.emacs.d/.local/straight/build-28.1/goto-chg/goto-chg-autoloads.el
        * [30.822319] Scanning c:/Users/threddast/.emacs.d/.local/straight/build-28.1/evil-goggles/evil-goggles-autoloads.el
        * [30.824187] Scanning c:/Users/threddast/.emacs.d/.local/straight/build-28.1/git-gutter-fringe/git-gutter-fringe-autoloads.el
        * [30.825999] Scanning c:/Users/threddast/.emacs.d/.local/straight/build-28.1/git-gutter/git-gutter-autoloads.el
        * [30.828871] Scanning c:/Users/threddast/.emacs.d/.local/straight/build-28.1/fringe-helper/fringe-helper-autoloads.el
        * [30.830738] Scanning c:/Users/threddast/.emacs.d/.local/straight/build-28.1/vi-tilde-fringe/vi-tilde-fringe-autoloads.el
        * [30.832677] Scanning c:/Users/threddast/.emacs.d/.local/straight/build-28.1/evil-args/evil-args-autoloads.el
        * [30.834573] Scanning c:/Users/threddast/.emacs.d/.local/straight/build-28.1/evil-easymotion/evil-easymotion-autoloads.el
        * [30.836662] Scanning c:/Users/threddast/.emacs.d/.local/straight/build-28.1/avy/avy-autoloads.el
        * [30.838756] Scanning c:/Users/threddast/.emacs.d/.local/straight/build-28.1/evil-embrace/evil-embrace-autoloads.el
        * [30.840704] Scanning c:/Users/threddast/.emacs.d/.local/straight/build-28.1/embrace/embrace-autoloads.el
        * [30.842587] Scanning c:/Users/threddast/.emacs.d/.local/straight/build-28.1/expand-region/expand-region-autoloads.el
        * [30.844704] Scanning c:/Users/threddast/.emacs.d/.local/straight/build-28.1/evil-surround/evil-surround-autoloads.el
        * [30.846651] Scanning c:/Users/threddast/.emacs.d/.local/straight/build-28.1/evil-escape/evil-escape-autoloads.el
        * [30.848484] Scanning c:/Users/threddast/.emacs.d/.local/straight/build-28.1/evil-exchange/evil-exchange-autoloads.el
        * [30.850312] Scanning c:/Users/threddast/.emacs.d/.local/straight/build-28.1/evil-indent-plus/evil-indent-plus-autoloads.el
        * [30.852215] Scanning c:/Users/threddast/.emacs.d/.local/straight/build-28.1/evil-lion/evil-lion-autoloads.el
        * [30.854066] Scanning c:/Users/threddast/.emacs.d/.local/straight/build-28.1/evil-nerd-commenter/evil-nerd-commenter-autoloads.el
        * [30.855957] Scanning c:/Users/threddast/.emacs.d/.local/straight/build-28.1/evil-numbers/evil-numbers-autoloads.el
        * [30.857916] Scanning c:/Users/threddast/.emacs.d/.local/straight/build-28.1/evil-snipe/evil-snipe-autoloads.el
        * [30.860226] Scanning c:/Users/threddast/.emacs.d/.local/straight/build-28.1/evil-textobj-anyblock/evil-textobj-anyblock-autoloads.el
        * [30.862505] Scanning c:/Users/threddast/.emacs.d/.local/straight/build-28.1/evil-traces/evil-traces-autoloads.el
        * [30.864515] Scanning c:/Users/threddast/.emacs.d/.local/straight/build-28.1/evil-visualstar/evil-visualstar-autoloads.el
        * [30.866571] Scanning c:/Users/threddast/.emacs.d/.local/straight/build-28.1/exato/exato-autoloads.el
        * [30.868684] Scanning c:/Users/threddast/.emacs.d/.local/straight/build-28.1/evil-quick-diff/evil-quick-diff-autoloads.el
        * [30.870470] Scanning c:/Users/threddast/.emacs.d/.local/straight/build-28.1/evil-collection/evil-collection-autoloads.el
        * [30.872316] Scanning c:/Users/threddast/.emacs.d/.local/straight/build-28.1/annalist/annalist-autoloads.el
        * [30.874130] Scanning c:/Users/threddast/.emacs.d/.local/straight/build-28.1/yasnippet/yasnippet-autoloads.el
        * [30.876006] Scanning c:/Users/threddast/.emacs.d/.local/straight/build-28.1/vimish-fold/vimish-fold-autoloads.el
        * [30.877836] Scanning c:/Users/threddast/.emacs.d/.local/straight/build-28.1/evil-vimish-fold/evil-vimish-fold-autoloads.el
        * [30.879682] Scanning c:/Users/threddast/.emacs.d/.local/straight/build-28.1/auto-yasnippet/auto-yasnippet-autoloads.el
        * [30.881464] Scanning c:/Users/threddast/.emacs.d/.local/straight/build-28.1/doom-snippets/doom-snippets-autoloads.el
        * [30.883376] Scanning c:/Users/threddast/.emacs.d/.local/straight/build-28.1/diredfl/diredfl-autoloads.el
        * [30.885292] Scanning c:/Users/threddast/.emacs.d/.local/straight/build-28.1/dired-git-info/dired-git-info-autoloads.el
        * [30.887050] Scanning c:/Users/threddast/.emacs.d/.local/straight/build-28.1/dired-rsync/dired-rsync-autoloads.el
        * [30.888838] Scanning c:/Users/threddast/.emacs.d/.local/straight/build-28.1/fd-dired/fd-dired-autoloads.el
        * [30.890603] Scanning c:/Users/threddast/.emacs.d/.local/straight/build-28.1/undo-fu/undo-fu-autoloads.el
        * [30.892438] Scanning c:/Users/threddast/.emacs.d/.local/straight/build-28.1/undo-fu-session/undo-fu-session-autoloads.el
        * [30.894277] Scanning c:/Users/threddast/.emacs.d/.local/straight/build-28.1/browse-at-remote/browse-at-remote-autoloads.el
        * [30.896023] Scanning c:/Users/threddast/.emacs.d/.local/straight/build-28.1/git-commit/git-commit-autoloads.el
        * [30.897758] Scanning c:/Users/threddast/.emacs.d/.local/straight/build-28.1/transient/transient-autoloads.el
        * [30.899695] Scanning c:/Users/threddast/.emacs.d/.local/straight/build-28.1/with-editor/with-editor-autoloads.el
        * [30.901465] Scanning c:/Users/threddast/.emacs.d/.local/straight/build-28.1/git-timemachine/git-timemachine-autoloads.el
        * [30.903328] Scanning c:/Users/threddast/.emacs.d/.local/straight/build-28.1/git-modes/git-modes-autoloads.el
        * [30.905141] Scanning c:/Users/threddast/.emacs.d/.local/straight/build-28.1/flycheck-popup-tip/flycheck-popup-tip-autoloads.el
        * [30.906896] Scanning c:/Users/threddast/.emacs.d/.local/straight/build-28.1/popup/popup-autoloads.el
        * [30.908599] Scanning c:/Users/threddast/.emacs.d/.local/straight/build-28.1/quickrun/quickrun-autoloads.el
        * [30.910447] Scanning c:/Users/threddast/.emacs.d/.local/straight/build-28.1/eros/eros-autoloads.el
        * [30.912209] Scanning c:/Users/threddast/.emacs.d/.local/straight/build-28.1/dumb-jump/dumb-jump-autoloads.el
        * [30.914208] Scanning c:/Users/threddast/.emacs.d/.local/straight/build-28.1/request/request-autoloads.el
        * [30.915894] Scanning c:/Users/threddast/.emacs.d/.local/straight/build-28.1/magit/magit-autoloads.el
        * [30.919665] Scanning c:/Users/threddast/.emacs.d/.local/straight/build-28.1/magit-section/magit-section-autoloads.el
        * [30.922181] Scanning c:/Users/threddast/.emacs.d/.local/straight/build-28.1/magit-gitflow/magit-gitflow-autoloads.el
        * [30.924886] Scanning c:/Users/threddast/.emacs.d/.local/straight/build-28.1/magit-popup/magit-popup-autoloads.el
        * [30.927469] Scanning c:/Users/threddast/.emacs.d/.local/straight/build-28.1/magit-todos/magit-todos-autoloads.el
        * [30.930386] Scanning c:/Users/threddast/.emacs.d/.local/straight/build-28.1/async/async-autoloads.el
        * [30.933259] Scanning c:/Users/threddast/.emacs.d/.local/straight/build-28.1/code-review/code-review-autoloads.el
        * [30.936042] Scanning c:/Users/threddast/.emacs.d/.local/straight/build-28.1/closql/closql-autoloads.el
        * [30.939092] Scanning c:/Users/threddast/.emacs.d/.local/straight/build-28.1/a/a-autoloads.el
        * [30.942124] Scanning c:/Users/threddast/.emacs.d/.local/straight/build-28.1/ghub/ghub-autoloads.el
        * [30.945055] Scanning c:/Users/threddast/.emacs.d/.local/straight/build-28.1/treepy/treepy-autoloads.el
        * [30.947569] Scanning c:/Users/threddast/.emacs.d/.local/straight/build-28.1/uuidgen/uuidgen-autoloads.el
        * [30.950119] Scanning c:/Users/threddast/.emacs.d/.local/straight/build-28.1/deferred/deferred-autoloads.el
        * [30.952594] Scanning c:/Users/threddast/.emacs.d/.local/straight/build-28.1/markdown-mode/markdown-mode-autoloads.el
        * [30.955233] Scanning c:/Users/threddast/.emacs.d/.local/straight/build-28.1/forge/forge-autoloads.el
        * [30.958273] Scanning c:/Users/threddast/.emacs.d/.local/straight/build-28.1/emacsql-sqlite/emacsql-sqlite-autoloads.el
        * [30.960946] Scanning c:/Users/threddast/.emacs.d/.local/straight/build-28.1/emacsql/emacsql-autoloads.el
        * [30.963393] Scanning c:/Users/threddast/.emacs.d/.local/straight/build-28.1/yaml/yaml-autoloads.el
        * [30.965561] Scanning c:/Users/threddast/.emacs.d/.local/straight/build-28.1/emojify/emojify-autoloads.el
        * [30.967804] Scanning c:/Users/threddast/.emacs.d/.local/straight/build-28.1/ht/ht-autoloads.el
        * [30.969705] Scanning c:/Users/threddast/.emacs.d/.local/straight/build-28.1/highlight-quoted/highlight-quoted-autoloads.el
        * [30.971730] Scanning c:/Users/threddast/.emacs.d/.local/straight/build-28.1/macrostep/macrostep-autoloads.el
        * [30.973838] Scanning c:/Users/threddast/.emacs.d/.local/straight/build-28.1/overseer/overseer-autoloads.el
        * [30.975773] Scanning c:/Users/threddast/.emacs.d/.local/straight/build-28.1/elisp-def/elisp-def-autoloads.el
        * [30.977571] Scanning c:/Users/threddast/.emacs.d/.local/straight/build-28.1/elisp-demos/elisp-demos-autoloads.el
        * [30.979355] Scanning c:/Users/threddast/.emacs.d/.local/straight/build-28.1/flycheck-package/flycheck-package-autoloads.el
        * [30.981145] Scanning c:/Users/threddast/.emacs.d/.local/straight/build-28.1/package-lint/package-lint-autoloads.el
        * [30.982966] Scanning c:/Users/threddast/.emacs.d/.local/straight/build-28.1/flycheck-cask/flycheck-cask-autoloads.el
        * [30.984958] Scanning c:/Users/threddast/.emacs.d/.local/straight/build-28.1/buttercup/buttercup-autoloads.el
        * [30.987855] Scanning c:/Users/threddast/.emacs.d/.local/straight/build-28.1/markdown-toc/markdown-toc-autoloads.el
        * [30.990631] Scanning c:/Users/threddast/.emacs.d/.local/straight/build-28.1/edit-indirect/edit-indirect-autoloads.el
        * [30.993283] Scanning c:/Users/threddast/.emacs.d/.local/straight/build-28.1/evil-markdown/evil-markdown-autoloads.el
        * [30.995769] Scanning c:/Users/threddast/.emacs.d/.local/straight/build-28.1/org/org-autoloads.el
        * [30.999798] Scanning c:/Users/threddast/.emacs.d/.local/straight/build-28.1/org-contrib/org-contrib-autoloads.el
        * [31.003150] Scanning c:/Users/threddast/.emacs.d/.local/straight/build-28.1/htmlize/htmlize-autoloads.el
        * [31.006116] Scanning c:/Users/threddast/.emacs.d/.local/straight/build-28.1/org-yt/org-yt-autoloads.el
        * [31.008443] Scanning c:/Users/threddast/.emacs.d/.local/straight/build-28.1/ox-clip/ox-clip-autoloads.el
        * [31.010923] Scanning c:/Users/threddast/.emacs.d/.local/straight/build-28.1/toc-org/toc-org-autoloads.el
        * [31.013250] Scanning c:/Users/threddast/.emacs.d/.local/straight/build-28.1/org-cliplink/org-cliplink-autoloads.el
        * [31.015604] Scanning c:/Users/threddast/.emacs.d/.local/straight/build-28.1/evil-org/evil-org-autoloads.el
        * [31.018245] Scanning c:/Users/threddast/.emacs.d/.local/straight/build-28.1/orgit/orgit-autoloads.el
        * [31.021757] Scanning c:/Users/threddast/.emacs.d/.local/straight/build-28.1/ob-async/ob-async-autoloads.el
        * [31.024988] Scanning c:/Users/threddast/.emacs.d/.local/straight/build-28.1/drag-stuff/drag-stuff-autoloads.el
        * [31.027690] Scanning c:/Users/threddast/.emacs.d/.local/straight/build-28.1/link-hint/link-hint-autoloads.el
        * [31.029883] Scanning c:/Users/threddast/.emacs.d/.local/straight/build-28.1/company-box/company-box-autoloads.el
        * [31.032348] Scanning c:/Users/threddast/.emacs.d/.local/straight/build-28.1/frame-local/frame-local-autoloads.el
        * [31.034918] Scanning c:/Users/threddast/.emacs.d/.local/straight/build-28.1/treemacs/treemacs-autoloads.el
        * [31.038202] Scanning c:/Users/threddast/.emacs.d/.local/straight/build-28.1/ace-window/ace-window-autoloads.el
        * [31.041567] Scanning c:/Users/threddast/.emacs.d/.local/straight/build-28.1/pfuture/pfuture-autoloads.el
        * [31.044847] Scanning c:/Users/threddast/.emacs.d/.local/straight/build-28.1/hydra/hydra-autoloads.el
        * [31.047640] Scanning c:/Users/threddast/.emacs.d/.local/straight/build-28.1/lv/lv-autoloads.el
        * [31.049672] Scanning c:/Users/threddast/.emacs.d/.local/straight/build-28.1/cfrs/cfrs-autoloads.el
        * [31.051620] Scanning c:/Users/threddast/.emacs.d/.local/straight/build-28.1/posframe/posframe-autoloads.el
        * [31.053766] Scanning c:/Users/threddast/.emacs.d/.local/straight/build-28.1/treemacs-evil/treemacs-evil-autoloads.el
        * [31.055572] Scanning c:/Users/threddast/.emacs.d/.local/straight/build-28.1/treemacs-projectile/treemacs-projectile-autoloads.el
        * [31.057422] Scanning c:/Users/threddast/.emacs.d/.local/straight/build-28.1/treemacs-magit/treemacs-magit-autoloads.el
        * [31.059242] Scanning c:/Users/threddast/.emacs.d/.local/straight/build-28.1/lsp-treemacs/lsp-treemacs-autoloads.el
        * [31.061923] Scanning c:/Users/threddast/.emacs.d/.local/straight/build-28.1/lsp-mode/lsp-mode-autoloads.el
        * [31.064779] Scanning c:/Users/threddast/.emacs.d/.local/straight/build-28.1/spinner/spinner-autoloads.el
        * [31.066813] Scanning c:/Users/threddast/.emacs.d/.local/straight/build-28.1/format-all/format-all-autoloads.el
        * [31.068709] Scanning c:/Users/threddast/.emacs.d/.local/straight/build-28.1/lispy/lispy-autoloads.el
        * [31.070727] Scanning c:/Users/threddast/.emacs.d/.local/straight/build-28.1/iedit/iedit-autoloads.el
        * [31.072646] Scanning c:/Users/threddast/.emacs.d/.local/straight/build-28.1/swiper/swiper-autoloads.el
        * [31.074527] Scanning c:/Users/threddast/.emacs.d/.local/straight/build-28.1/ivy/ivy-autoloads.el
        * [31.076443] Scanning c:/Users/threddast/.emacs.d/.local/straight/build-28.1/zoutline/zoutline-autoloads.el
        * [31.078256] Scanning c:/Users/threddast/.emacs.d/.local/straight/build-28.1/lispyville/lispyville-autoloads.el
        * [31.080088] Scanning c:/Users/threddast/.emacs.d/.local/straight/build-28.1/vterm/vterm-autoloads.el
        * [31.082124] Scanning c:/Users/threddast/.emacs.d/.local/straight/build-28.1/flycheck-posframe/flycheck-posframe-autoloads.el
        * [31.083945] Scanning c:/Users/threddast/.emacs.d/.local/straight/build-28.1/flyspell-correct/flyspell-correct-autoloads.el
        * [31.085903] Scanning c:/Users/threddast/.emacs.d/.local/straight/build-28.1/flyspell-lazy/flyspell-lazy-autoloads.el
        * [31.087914] Scanning c:/Users/threddast/.emacs.d/.local/straight/build-28.1/langtool/langtool-autoloads.el
        * [31.089821] Scanning c:/Users/threddast/.emacs.d/.local/straight/build-28.1/writegood-mode/writegood-mode-autoloads.el
        * [31.091808] Scanning c:/Users/threddast/.emacs.d/.local/straight/build-28.1/ansible/ansible-autoloads.el
        * [31.093733] Scanning c:/Users/threddast/.emacs.d/.local/straight/build-28.1/ansible-doc/ansible-doc-autoloads.el
        * [31.095661] Scanning c:/Users/threddast/.emacs.d/.local/straight/build-28.1/jinja2-mode/jinja2-mode-autoloads.el
        * [31.097546] Scanning c:/Users/threddast/.emacs.d/.local/straight/build-28.1/yaml-mode/yaml-mode-autoloads.el
        * [31.099454] Scanning c:/Users/threddast/.emacs.d/.local/straight/build-28.1/company-ansible/company-ansible-autoloads.el
        * [31.101347] Scanning c:/Users/threddast/.emacs.d/.local/straight/build-28.1/lsp-ui/lsp-ui-autoloads.el
        * [31.103443] Scanning c:/Users/threddast/.emacs.d/.local/straight/build-28.1/consult-lsp/consult-lsp-autoloads.el
        * [31.105423] Scanning c:/Users/threddast/.emacs.d/.local/straight/build-28.1/pdf-tools/pdf-tools-autoloads.el
        * [31.107861] Scanning c:/Users/threddast/.emacs.d/.local/straight/build-28.1/tablist/tablist-autoloads.el
        * [31.109893] Scanning c:/Users/threddast/.emacs.d/.local/straight/build-28.1/saveplace-pdf-view/saveplace-pdf-view-autoloads.el
        * [31.111823] Scanning c:/Users/threddast/.emacs.d/.local/straight/build-28.1/rainbow-mode/rainbow-mode-autoloads.el
        * [31.113717] Scanning c:/Users/threddast/.emacs.d/.local/straight/build-28.1/kurecolor/kurecolor-autoloads.el
        * [31.115838] Scanning c:/Users/threddast/.emacs.d/.local/straight/build-28.1/beancount/beancount-autoloads.el
        * [31.117882] Scanning c:/Users/threddast/.emacs.d/.local/straight/build-28.1/paredit/paredit-autoloads.el
        * [31.119864] Scanning c:/Users/threddast/.emacs.d/.local/straight/build-28.1/parseclj/parseclj-autoloads.el
        * [31.121833] Scanning c:/Users/threddast/.emacs.d/.local/straight/build-28.1/parseedn/parseedn-autoloads.el
        * [31.123751] Scanning c:/Users/threddast/.emacs.d/.local/straight/build-28.1/map/map-autoloads.el
        * [31.125640] Scanning c:/Users/threddast/.emacs.d/.local/straight/build-28.1/clojure-mode/clojure-mode-autoloads.el
        * [31.127622] Scanning c:/Users/threddast/.emacs.d/.local/straight/build-28.1/clj-refactor/clj-refactor-autoloads.el
        * [31.129728] Scanning c:/Users/threddast/.emacs.d/.local/straight/build-28.1/multiple-cursors/multiple-cursors-autoloads.el
        * [31.132052] Scanning c:/Users/threddast/.emacs.d/.local/straight/build-28.1/cider/cider-autoloads.el
        * [31.134809] Scanning c:/Users/threddast/.emacs.d/.local/straight/build-28.1/queue/queue-autoloads.el
        * [31.136845] Scanning c:/Users/threddast/.emacs.d/.local/straight/build-28.1/sesman/sesman-autoloads.el
        * [31.138838] Scanning c:/Users/threddast/.emacs.d/.local/straight/build-28.1/inflections/inflections-autoloads.el
        * [31.140798] Scanning c:/Users/threddast/.emacs.d/.local/straight/build-28.1/flycheck-clj-kondo/flycheck-clj-kondo-autoloads.el
        * [31.142836] Scanning c:/Users/threddast/.emacs.d/.local/straight/build-28.1/json-mode/json-mode-autoloads.el
        * [31.144854] Scanning c:/Users/threddast/.emacs.d/.local/straight/build-28.1/json-snatcher/json-snatcher-autoloads.el
        * [31.146728] Scanning c:/Users/threddast/.emacs.d/.local/straight/build-28.1/auctex/auctex-autoloads.el
        * [31.149006] Scanning c:/Users/threddast/.emacs.d/.local/straight/build-28.1/adaptive-wrap/adaptive-wrap-autoloads.el
        * [31.151351] Scanning c:/Users/threddast/.emacs.d/.local/straight/build-28.1/latex-preview-pane/latex-preview-pane-autoloads.el
        * [31.154016] Scanning c:/Users/threddast/.emacs.d/.local/straight/build-28.1/evil-tex/evil-tex-autoloads.el
        * [31.156897] Scanning c:/Users/threddast/.emacs.d/.local/straight/build-28.1/cdlatex/cdlatex-autoloads.el
        * [31.160631] Scanning c:/Users/threddast/.emacs.d/.local/straight/build-28.1/company-auctex/company-auctex-autoloads.el
        * [31.163398] Scanning c:/Users/threddast/.emacs.d/.local/straight/build-28.1/company-reftex/company-reftex-autoloads.el
        * [31.166298] Scanning c:/Users/threddast/.emacs.d/.local/straight/build-28.1/company-math/company-math-autoloads.el
        * [31.169212] Scanning c:/Users/threddast/.emacs.d/.local/straight/build-28.1/math-symbol-lists/math-symbol-lists-autoloads.el
        * [31.172093] Scanning c:/Users/threddast/.emacs.d/.local/straight/build-28.1/ledger-mode/ledger-mode-autoloads.el
        * [31.175680] Scanning c:/Users/threddast/.emacs.d/.local/straight/build-28.1/evil-ledger/evil-ledger-autoloads.el
        * [31.179789] Scanning c:/Users/threddast/.emacs.d/.local/straight/build-28.1/flycheck-ledger/flycheck-ledger-autoloads.el
        * [31.182739] Scanning c:/Users/threddast/.emacs.d/.local/straight/build-28.1/nix-mode/nix-mode-autoloads.el
        * [31.186314] Scanning c:/Users/threddast/.emacs.d/.local/straight/build-28.1/nix-update/nix-update-autoloads.el
        * [31.189339] Scanning c:/Users/threddast/.emacs.d/.local/straight/build-28.1/company-nixos-options/company-nixos-options-autoloads.el
        * [31.191922] Scanning c:/Users/threddast/.emacs.d/.local/straight/build-28.1/nixos-options/nixos-options-autoloads.el
        * [31.194339] Scanning c:/Users/threddast/.emacs.d/.local/straight/build-28.1/org-pdftools/org-pdftools-autoloads.el
        * [31.196587] Scanning c:/Users/threddast/.emacs.d/.local/straight/build-28.1/org-noter/org-noter-autoloads.el
        * [31.198848] Scanning c:/Users/threddast/.emacs.d/.local/straight/build-28.1/org-download/org-download-autoloads.el
        * [31.201876] Scanning c:/Users/threddast/.emacs.d/.local/straight/build-28.1/jupyter/jupyter-autoloads.el
        * [31.205202] Scanning c:/Users/threddast/.emacs.d/.local/straight/build-28.1/zmq/zmq-autoloads.el
        * [31.207579] Scanning c:/Users/threddast/.emacs.d/.local/straight/build-28.1/simple-httpd/simple-httpd-autoloads.el
        * [31.209711] Scanning c:/Users/threddast/.emacs.d/.local/straight/build-28.1/websocket/websocket-autoloads.el
        * [31.211579] Scanning c:/Users/threddast/.emacs.d/.local/straight/build-28.1/org-journal/org-journal-autoloads.el
        * [31.214289] Scanning c:/Users/threddast/.emacs.d/.local/straight/build-28.1/org-pomodoro/org-pomodoro-autoloads.el
        * [31.216371] Scanning c:/Users/threddast/.emacs.d/.local/straight/build-28.1/alert/alert-autoloads.el
        * [31.218245] Scanning c:/Users/threddast/.emacs.d/.local/straight/build-28.1/gntp/gntp-autoloads.el
        * [31.220178] Scanning c:/Users/threddast/.emacs.d/.local/straight/build-28.1/log4e/log4e-autoloads.el
        * [31.222078] Scanning c:/Users/threddast/.emacs.d/.local/straight/build-28.1/org-roam/org-roam-autoloads.el
        * [31.224180] Scanning c:/Users/threddast/.emacs.d/.local/straight/build-28.1/ox-pandoc/ox-pandoc-autoloads.el
        * [31.226605] Scanning c:/Users/threddast/.emacs.d/.local/straight/build-28.1/ox-hugo/ox-hugo-autoloads.el
        * [31.228647] Scanning c:/Users/threddast/.emacs.d/.local/straight/build-28.1/tomelr/tomelr-autoloads.el
        * [31.230469] Scanning c:/Users/threddast/.emacs.d/.local/straight/build-28.1/pip-requirements/pip-requirements-autoloads.el
        * [31.232277] Scanning c:/Users/threddast/.emacs.d/.local/straight/build-28.1/anaconda-mode/anaconda-mode-autoloads.el
        * [31.234120] Scanning c:/Users/threddast/.emacs.d/.local/straight/build-28.1/pythonic/pythonic-autoloads.el
        * [31.236663] Scanning c:/Users/threddast/.emacs.d/.local/straight/build-28.1/company-anaconda/company-anaconda-autoloads.el
        * [31.239024] Scanning c:/Users/threddast/.emacs.d/.local/straight/build-28.1/pipenv/pipenv-autoloads.el
        * [31.240913] Scanning c:/Users/threddast/.emacs.d/.local/straight/build-28.1/pyvenv/pyvenv-autoloads.el
        * [31.242736] Scanning c:/Users/threddast/.emacs.d/.local/straight/build-28.1/load-env-vars/load-env-vars-autoloads.el
        * [31.244560] Scanning c:/Users/threddast/.emacs.d/.local/straight/build-28.1/nose/nose-autoloads.el
        * [31.246307] Scanning c:/Users/threddast/.emacs.d/.local/straight/build-28.1/python-pytest/python-pytest-autoloads.el
        * [31.249102] Scanning c:/Users/threddast/.emacs.d/.local/straight/build-28.1/pyimport/pyimport-autoloads.el
        * [31.251330] Scanning c:/Users/threddast/.emacs.d/.local/straight/build-28.1/shut-up/shut-up-autoloads.el
        * [31.253258] Scanning c:/Users/threddast/.emacs.d/.local/straight/build-28.1/py-isort/py-isort-autoloads.el
        * [31.255082] Scanning c:/Users/threddast/.emacs.d/.local/straight/build-28.1/org-noter-pdftools/org-noter-pdftools-autoloads.el
        * [31.256856] Scanning c:/Users/threddast/.emacs.d/.local/straight/build-28.1/org-timeline/org-timeline-autoloads.el
        * [31.258650] Scanning c:/Users/threddast/.emacs.d/.local/straight/build-28.1/org-modern/org-modern-autoloads.el
        * [31.260786] Scanning c:/Users/threddast/.emacs.d/.local/straight/build-28.1/org-ref/org-ref-autoloads.el
        * [31.263526] Scanning c:/Users/threddast/.emacs.d/.local/straight/build-28.1/parsebib/parsebib-autoloads.el
        * [31.265448] Scanning c:/Users/threddast/.emacs.d/.local/straight/build-28.1/bibtex-completion/bibtex-completion-autoloads.el
        * [31.267352] Scanning c:/Users/threddast/.emacs.d/.local/straight/build-28.1/biblio/biblio-autoloads.el
        * [31.269524] Scanning c:/Users/threddast/.emacs.d/.local/straight/build-28.1/biblio-core/biblio-core-autoloads.el
        * [31.271483] Scanning c:/Users/threddast/.emacs.d/.local/straight/build-28.1/citeproc/citeproc-autoloads.el
        * [31.273589] Scanning c:/Users/threddast/.emacs.d/.local/straight/build-28.1/string-inflection/string-inflection-autoloads.el
        * [31.275590] Scanning c:/Users/threddast/.emacs.d/.local/straight/build-28.1/org-anki/org-anki-autoloads.el
        * [31.277527] Scanning c:/Users/threddast/.emacs.d/.local/straight/build-28.1/promise/promise-autoloads.el
        * [31.279851] Scanning c:/Users/threddast/.emacs.d/.local/straight/build-28.1/org-auto-tangle/org-auto-tangle-autoloads.el
        * [31.281805] Scanning c:/Users/threddast/.emacs.d/.local/straight/build-28.1/git-auto-commit-mode/git-auto-commit-mode-autoloads.el
        * [31.283772] Scanning c:/Users/threddast/.emacs.d/.local/straight/build-28.1/org-chef/org-chef-autoloads.el
        * [31.286015] Scanning c:/Users/threddast/.emacs.d/.local/straight/build-28.1/telega/telega-autoloads.el
        * [31.288425] Scanning c:/Users/threddast/.emacs.d/.local/straight/build-28.1/visual-fill-column/visual-fill-column-autoloads.el
        * [31.290602] Scanning c:/Users/threddast/.emacs.d/.local/straight/build-28.1/rainbow-identifiers/rainbow-identifiers-autoloads.el
        * [31.292587] Scanning c:/Users/threddast/.emacs.d/.local/straight/build-28.1/gif-screencast/gif-screencast-autoloads.el
        * [31.294568] Scanning c:/Users/threddast/.emacs.d/.local/straight/build-28.1/lorem-ipsum/lorem-ipsum-autoloads.el
        * [31.296542] Scanning c:/Users/threddast/.emacs.d/.local/straight/build-28.1/org-present/org-present-autoloads.el
        * [31.298452] Scanning c:/Users/threddast/.emacs.d/.local/straight/build-28.1/org-tree-slide/org-tree-slide-autoloads.el
        * [31.300453] Scanning c:/Users/threddast/.emacs.d/.local/straight/build-28.1/centered-window/centered-window-autoloads.el
        * [31.302457] Scanning c:/Users/threddast/.emacs.d/.local/straight/build-28.1/math-at-point/math-at-point-autoloads.el
        * [31.304400] Scanning c:/Users/threddast/.emacs.d/.local/straight/build-28.1/selectric-mode/selectric-mode-autoloads.el
        * [31.306352] Scanning c:/Users/threddast/.emacs.d/.local/straight/build-28.1/xkcd/xkcd-autoloads.el
        * [31.308367] Scanning c:/Users/threddast/.emacs.d/.local/straight/build-28.1/org-ql/org-ql-autoloads.el
        * [31.310526] Scanning c:/Users/threddast/.emacs.d/.local/straight/build-28.1/org-super-agenda/org-super-agenda-autoloads.el
        * [31.312472] Scanning c:/Users/threddast/.emacs.d/.local/straight/build-28.1/ts/ts-autoloads.el
        * [31.314422] Scanning c:/Users/threddast/.emacs.d/.local/straight/build-28.1/ov/ov-autoloads.el
        * [31.316311] Scanning c:/Users/threddast/.emacs.d/.local/straight/build-28.1/peg/peg-autoloads.el
        * [31.318186] Scanning c:/Users/threddast/.emacs.d/.local/straight/build-28.1/org-sidebar/org-sidebar-autoloads.el
    > Byte-compiling autoloads file...
    ✓ Generated .local/autoloads.28.1.elc
  - Restart Emacs or use 'M-x doom/reload' for changes to take effect
* [33.078115] Finished (GCs: 2, elapsed: 0.243943s)
✓ Finished in 33.07822s
