* [0.198897] Starting!
* [0.198940] doom-cli-run: (C:\Users\threddast\Programs\emacs-28.1\bin\emacs.exe -scriptload .\doom -- doctor)
* [0.199030] doom-cli-context-execute: found (doom)
* [0.205640] Autoloading c:/Users/threddast/.emacs.d/lisp/cli/doctor.el
* [0.208214] doom-cli-context-execute: found (doom doctor)
* [0.208428] doom-cli-context-execute: doom doctor
* [0.208672] doom-cli-execute: (:before) ((input) (context . #s(doom-cli-context (25359 42750 192253 0) 13992 -1 nil nil nil doom nil nil (doom doctor) nil (doctor) ((--eval) (-E) (--strict-load) (--load) (-L) (--color) (--profile) (--pager) (--emacsdir) (--doomdir) (--debug) (-D) (--force) (-!)) ((t) ((doom doctor)) ((doom) doctor))  *doom-cli stdin*  *doom-cli stdout*  *doom-cli stderr* nil)) (_) (evals) (loads) (color?) (profile) (pager) (emacsdir) (doomdir) (debug?) (force?))
* [0.208728] doom-cli-execute: (doom doctor) nil
The doctor will see you now...

> Checking your Emacs version...
> Checking for Doom's prerequisites...
  x Couldn't find the `rg' binary; this a hard dependecy for Doom, file searches may not work at all
> Checking for Emacs config conflicts...
> Checking for great Emacs features...
! Emacs was not built with native compilation support
  Users will see a substantial performance gain by building Emacs with
  native compilation support, availible in emacs 28+.  You must install
  a prebuilt Emacs binary with this included, or compile  Emacs with the
  --with-native-compilation option.
> Checking for private config conflicts...
> Checking for stale elc files...
> Checking for problematic git global settings...
> Checking Doom Emacs...
    * [[:editor evil] ] Initialized evil-collection-indent (too early!)
  ✓ Initialized Doom Emacs 3.0.0-dev
  ✓ Detected 28 modules
  ✓ Detected 116 packages
  > Checking Doom core for irregularities...
    ! Couldn't find the `fd' binary; project file searches will be slightly slower
        * [[:editor evil] ] Initialized evil-collection-ibuffer (too early!)
        * [[:editor evil] ] Initialized evil-collection-compile (too early!)
        * [[:editor evil] ] Initialized evil-collection-grep (too early!)
    ! Warning: unable to detect fonts because fontconfig isn't installed
  > Checking for stale elc files in your DOOMDIR...
  > Checking your enabled modules...
  Cleaning up the recentf list...
  Cleaning up the recentf list...done (0 removed)
  No projects needed to be removed.
    * [6.674683] Finished (GCs: 1, elapsed: 0.010693s)
