* [0.313271] Starting!
* [0.313311] doom-cli-run: (C:\Users\threddast\Programs\emacs-28.1\bin\emacs.exe -scriptload .\doom -- sync)
* [0.313400] doom-cli-context-execute: found (doom)
* [0.317525] Autoloading c:/Users/threddast/.emacs.d/lisp/cli/sync.el
* [1.640909] doom-cli-context-execute: found (doom sync)
* [1.641161] doom-cli-context-execute: doom sync
* [1.641444] doom-cli-execute: (:before) ((input) (context . #s(doom-cli-context (25359 43993 214283 0) 8208 -1 nil nil nil doom nil nil (doom sync) nil (sync) ((--jobs) (-j) (-p) (-u) (-c) (-e) (--eval) (-E) (--strict-load) (--load) (-L) (--color) (--profile) (--pager) (--emacsdir) (--doomdir) (--debug) (-D) (--force) (-!)) ((t) ((doom sync)) ((doom) sync))  *doom-cli stdin*  *doom-cli stdout*  *doom-cli stderr* nil)) (_) (evals) (loads) (color?) (profile) (pager) (emacsdir) (doomdir) (debug?) (force?))
* [1.641506] doom-cli-execute: (:before doom build) nil
* [1.641538] Initializing straight
* [2.354784] Initializing recipes
* [2.387412] Installing core packages
* [2.388255] doom-cli-execute: (doom sync) ((jobs) (purge?) (update?) (noelc?) (noenvvar?))
> Synchronizing "default" profile...
    * [2.395086] doom-cli-call: (doom sync) -> (doom env)
    * [2.395182] doom-cli-context-execute: found (doom)
    * [2.401285] Autoloading c:/Users/threddast/.emacs.d/lisp/cli/env.el
    * [2.403983] doom-cli-context-execute: found (doom env)
    * [2.404235] doom-cli-context-execute: doom env
    * [2.404525] doom-cli-execute: (:before) ((input) (context . #s(doom-cli-context (25359 43993 214283 0) 8208 -1 nil nil nil doom nil nil (doom env) nil (sync) ((--deny) (-d) (--allow) (-a) (-o) (--deny-all) (--allow-all) (--jobs) (-j) (-p) (-u) (-c) (-e) (--eval) (-E) (--strict-load) (--load) (-L) (--color) (--profile) (--pager) (--emacsdir) (--doomdir) (--debug) (-D) (--force) (-!)) ((t) ((doom env)) ((doom) env))  *doom-cli stdin*  *doom-cli stdout*  *doom-cli stderr* nil)) (_) (evals) (loads) (color?) (profile) (pager) (emacsdir) (doomdir) (debug?) (force?))
    * [2.404579] doom-cli-execute: (doom env) ((rules) (output-file) (deny-only) (allow-only))
  > Regenerating envvars file
        * [2.411341] Ignored PROMPT
        * [2.411742] Ignored HOME
    ✓ Generated ~/.emacs.d/.local/env
    * [2.423826] Initializing package.el
    * [2.514223] Initializing straight.el
  > Installing packages...
    - Checked out project: 2e8da1b811d5213bd143d9d036bf7ea14741a1ae
    > Building project...
    File mode specification error: (file-missing Cannot open load file No such file or directory pkg-info)
    > Updating recipe repos...
      > Updating recipes for melpa...
      > Updating recipes for gnu-elpa-mirror...
      > Updating recipes for el-get...
      > Updating recipes for emacsmirror-mirror...
    > Cloning company-box...
    - Checked out company-box: f9cbbc7df8efbb56a8d31a5b422d158660d9109e
    > Building company-box...
    > Building company-box > Cloning frame-local...
    > Building company-box > Building frame-local...
    File mode specification error: (file-missing Cannot open load file No such file or directory pkg-info)
    > Building company-box...
    File mode specification error: (file-missing Cannot open load file No such file or directory pkg-info)
    - Checked out compat: cc1924fd8b3f9b75b26bf93f084ea938c06f9615
    > Building compat...
    File mode specification error: (file-missing Cannot open load file No such file or directory pkg-info)
    > Cloning treemacs...
    - Checked out treemacs: b18a05b1f62074a40e6011d83cd4c92cbee040dd
    > Building treemacs...
    > Building treemacs > Cloning ace-window...
    > Building treemacs > Building ace-window...
    > Building treemacs > Cloning pfuture...
    > Building treemacs > Building pfuture...
    > Building treemacs > Cloning hydra...
    > Building treemacs > Building hydra...
    > Building treemacs > Building hydra > Building lv...
    > Building treemacs > Building hydra...
    > Building treemacs > Cloning cfrs...
    > Building treemacs > Building cfrs...
    > Building treemacs > Building cfrs > Cloning posframe...
    > Building treemacs > Building cfrs > Building posframe...
    > Building treemacs > Building cfrs...
    > Building treemacs...
    > Building treemacs-evil...
    > Building treemacs-projectile...
    > Building treemacs-magit...
    > Cloning lsp-treemacs...
    - Checked out lsp-treemacs: 355e468b7fa9887c616a8bfe873d8e456303b67b
    > Building lsp-treemacs...
    > Building lsp-treemacs > Cloning lsp-mode...
    - Checked out lsp-mode: 3fa645c0397b8f438f2db2dd288b899ba330d410
    > Building lsp-treemacs > Building lsp-mode...
    > Building lsp-treemacs > Building lsp-mode > Cloning spinner...
    > Building lsp-treemacs > Building lsp-mode > Building spinner...
    > Building lsp-treemacs > Building lsp-mode...
    > Building lsp-treemacs...
    > Cloning emacs-format-all-the-code (for format-all)...
    > Building format-all...
    format-all:0: Warning: Not registering prefix "cl".  Affects: ("clang-format" "cljfmt")
    > Cloning lispy...
    - Checked out lispy: df1b7e614fb0f73646755343e8892ddda310f427
    > Building lispy...
    > Building lispy > Cloning iedit...
    > Building lispy > Building iedit...
    > Building lispy > Cloning swiper...
    > Building lispy > Building swiper...
    > Building lispy > Building swiper > Building ivy...
    > Building lispy > Building swiper...
    > Building lispy > Cloning zoutline...
    > Building lispy > Building zoutline...
    > Building lispy...
    > Cloning lispyville...
    - Checked out lispyville: 9c14bed0359f659e246d345c706f895737c3d172
    > Building lispyville...
    - Checked out dired-git-info: 9461476a28a5fec0784260f6e318237c662c3430
    > Building dired-git-info...
    > Cloning emacs-libvterm (for vterm)...
    > Building vterm...
    > Cloning flycheck-posframe...
    - Checked out flycheck-posframe: 8f60c9bf124ab9597d681504a73fdf116a0bde12
    > Building flycheck-posframe...
    > Cloning flyspell-correct...
    - Checked out flyspell-correct: e9fde6f93af991b0528d6ed47d44bed470dc70af
    > Building flyspell-correct...
    > Cloning flyspell-lazy...
    - Checked out flyspell-lazy: 0fc5996bcee20b46cbd227ae948d343c3bef7339
    > Building flyspell-lazy...
    > Cloning Emacs-langtool (for langtool)...
    > Building langtool...
    > Cloning writegood-mode...
    - Checked out writegood-mode: ed42d918d98826ad88928b7af9f2597502afc6b0
    > Building writegood-mode...
    > Cloning emacs-ansible...
    > Building ansible...
    > Cloning ansible-doc...
    - Checked out ansible-doc: 86083a7bb2ed0468ca64e52076b06441a2f8e9e0
    > Building ansible-doc...
    > Cloning jinja2-mode...
    - Checked out jinja2-mode: 03e5430a7efe1d163a16beaf3c82c5fd2c2caee1
    > Building jinja2-mode...
    > Cloning yaml-mode...
    - Checked out yaml-mode: 535273d5a1eb76999d20afbcf4d9f056d8ffd2da
    > Building yaml-mode...
    > Cloning company-ansible...
    - Checked out company-ansible: 79dd421b161efa49fbdffad57fa40edb41f484a3
    > Building company-ansible...
    > Cloning lsp-ui...
    - Checked out lsp-ui: 0a6368d38dc32e52abcbd52b63d1e557e42c66e6
    > Building lsp-ui...
    > Cloning consult-lsp...
    - Checked out consult-lsp: 19606a03cf854e1b0930c4526ed92c4560dccdc2
    > Building consult-lsp...
    > Cloning pdf-tools...
    - Checked out pdf-tools: bb0b71f5bafd81d0b5647c4ec48fafa0bb6f6c21
    > Building pdf-tools...
    > Building pdf-tools > Cloning tablist...
    > Building pdf-tools > Building tablist...
    > Building pdf-tools...
    > Cloning saveplace-pdf-view...
    - Checked out saveplace-pdf-view: 54ed966b842501c3c092dbf57b372e37b033c578
    > Building saveplace-pdf-view...
    > Cloning rainbow-mode...
    - Checked out rainbow-mode: 55a8c15782197cd9db8950d2f5ed1b9caca08dae
    > Building rainbow-mode...
    > Cloning kurecolor...
    - Checked out kurecolor: d17a77d9210b3e7b8141d03c04d1898bcab2b876
    > Building kurecolor...
    > Cloning beancount-mode (for beancount)...
    > Building beancount...
    > Cloning paredit...
    - Checked out paredit: 8330a41e8188fe18d3fa805bb9aa529f015318e8
    > Building paredit...
    > Cloning parseclj...
    - Checked out parseclj: 4d0e780e00f1828b00c43099e6eebc6582998f72
    > Building parseclj...
    > Cloning parseedn...
    - Checked out parseedn: a09686fbb9113b8b1b4f20c9e1dc0d6fea01a64f
    > Building parseedn...
    > Building parseedn > Cloning map...
    > Building parseedn > Building map...
    > Building parseedn...
    > Cloning clojure-mode...
    - Checked out clojure-mode: b6f41d74904daa9312648f3a7bea7a72fd8e140b
    > Building clojure-mode...
    > Cloning clj-refactor.el...
    > Building clj-refactor...
    > Building clj-refactor > Cloning multiple-cursors.el...
    > Building clj-refactor > Building multiple-cursors...
    multiple-cursors-core:0: Warning: Not registering prefix "mc".  Affects: ("mc--executing-command-for-fake-cursor" "mc--reset-read-variables" "mc--reset-read-prompts" "mc--compare-by-overlay-start" "mc--current-cursor-id" "mc--cache-input-function" "mc--stored-state-for-undo" "mc--this-command" "mc--all-equal" "mc--kill-ring-entries" "mc--max-cursors-original" "mc--maybe-set-killed-rectangle" "mc--list-file-loaded" "mc--default-cmds-to-run-once" "mc--default-cmds-to-run-for-all" "mc/for-each-fake-cursor" "mc/for-each-cursor-ordered" "mc/fake-cursor-p" "mc/add-fake-cursor-to-undo-list" "mc/all-fake-cursors" "mc/always-run-for-all" "mc/always-repeat-command" "mc/pop-state-from-overlay" "mc/prompt-for-inclusion-in-whitelist" "mc/num-cursors" "mc/restore-state-from-overlay" "mc/remove-fake-cursor" "mc/remove-fake-cursors" "mc/repeat-command" "mc/keyboard-quit" "mc/keymap" "mc/unsupported-minor-modes" "mc/temporarily-disabled-minor-modes" "mc/temporarily-disable-minor-mode" "mc/temporarily-disable-unsupported-minor-modes" "mc/execute-command" "mc/execute-command-for-fake-cursor" "mc/execute-command-for-all-fake-cursors" "mc/execute-command-for-all-cursors" "mc/execute-this-command-for-all-cursors" "mc/execute-this-command-for-all-cursors-1" "mc/enable-minor-mode" "mc/enable-temporarily-disabled-minor-modes" "mc/mode-line" "mc/match-cursor-style" "mc/max-cursors" "mc/make-cursor-overlay-inline" "mc/make-cursor-overlay-at-eol" "mc/make-cursor-overlay-at-point" "mc/make-region-overlay-between-point-and-mark" "mc/make-a-note-of-the-command-being-run" "mc/maybe-multiple-cursors-mode" "mc/line-number-at-pos" "mc/list-file" "mc/load-lists" "mc/delete-region-overlay" "mc/disable-multiple-cursors-mode" "mc/dump-list" "mc/store-current-state-in-overlay" "mc/save-excursion" "mc/save-window-scroll" "mc/save-lists" "mc/create-cursor-id" "mc/create-fake-cursor-at-point" "mc/cursor-is-bar" "mc/cursor-specific-vars" "mc/cursor-with-id" "mc/cmds-to-run-once" "mc/cmds-to-run-for-all")
    > Building clj-refactor > Cloning cider...
    - Checked out cider: b9e1cc26e2afda003a4b6c1f2a26e04f1c45f3d0
    > Building clj-refactor > Building cider...
    > Building clj-refactor > Building cider > Cloning queue...
    > Building clj-refactor > Building cider > Building queue...
    > Building clj-refactor > Building cider > Cloning sesman...
    > Building clj-refactor > Building cider > Building sesman...
    > Building clj-refactor > Building cider...
    > Building clj-refactor > Cloning jump.el (for inflections)...
    > Building clj-refactor > Building inflections...
    > Building clj-refactor...
    > Cloning flycheck-clj-kondo...
    - Checked out flycheck-clj-kondo: ff7bed2315755cfe02ef471edf522e27b78cd5ca
    > Building flycheck-clj-kondo...
    > Cloning json-mode...
    - Checked out json-mode: eedb4560034f795a7950fa07016bd4347c368873
    > Building json-mode...
    > Building json-mode > Cloning json-snatcher...
    - Checked out json-snatcher: b28d1c0670636da6db508d03872d96ffddbc10f2
    > Building json-mode > Building json-snatcher...
    > Building json-mode...
    > Cloning auctex...
    - Checked out auctex: 830e40a0639aedc6c362a3a01e160aaa8246bb99
    > Building auctex...
    > Cloning adaptive-wrap...
    - Checked out adaptive-wrap: 0d5b4a07de76d87dd64333a566a8a0a845f2b9f0
    > Building adaptive-wrap...
    > Cloning latex-preview-pane...
    - Checked out latex-preview-pane: 5297668a89996b50b2b62f99cba01cc544dbed2e
    > Building latex-preview-pane...
    > Cloning evil-tex...
    - Checked out evil-tex: 0fa85c3fc88d96621002b5a1b79efcc06776642f
    > Building evil-tex...
    > Cloning cdlatex...
    - Checked out cdlatex: 8e963c68531f75e459e8ebe7a34fd3ba9d3729a0
    > Building cdlatex...
    > Cloning company-auctex...
    - Checked out company-auctex: 9400a2ec7459dde8cbf1a5d50dfee4e300ed7e18
    > Building company-auctex...
    > Cloning company-reftex...
    - Checked out company-reftex: 42eb98c6504e65989635d95ab81b65b9d5798e76
    > Building company-reftex...
    > Cloning company-math...
    - Checked out company-math: 45778f5731c97a21a83e3b965cbde42018709afd
    > Building company-math...
    > Building company-math > Cloning math-symbol-lists...
    > Building company-math > Building math-symbol-lists...
    > Building company-math...
    > Cloning ledger-mode...
    - Checked out ledger-mode: b55384d9cd14aa0ba3eb100660f929cfa6674558
    > Building ledger-mode...
    > Cloning evil-ledger...
    - Checked out evil-ledger: 7a9f9f5d39c42fffdba8004f8982642351f2b233
    > Building evil-ledger...
    > Cloning flycheck-ledger...
    - Checked out flycheck-ledger: 628e25ba66604946085571652a94a54f4d1ad96f
    > Building flycheck-ledger...
    > Cloning nix-mode...
    - Checked out nix-mode: 20ee8d88900b169831d6b0783bd82d2625e940c7
    > Building nix-mode...
    > Cloning nix-update-el (for nix-update)...
    > Building nix-update...
    > Cloning nix-emacs (for company-nixos-options)...
    > Building company-nixos-options...
    > Building company-nixos-options > Building nixos-options...
    > Building company-nixos-options...
    > Cloning org-pdftools...
    - Checked out org-pdftools: 967f48fb5038bba32915ee9da8dc4e8b10ba3376
    > Building org-pdftools...
    > Building org-pdftools > Cloning org-noter...
    > Building org-pdftools > Building org-noter...
    > Building org-pdftools...
    > Cloning org-download...
    - Checked out org-download: 947ca223643d28e189480e607df68449c15786cb
    > Building org-download...
    > Cloning emacs-jupyter...
    > Building jupyter...
    > Building jupyter > Cloning emacs-zmq...
    > Building jupyter > Building zmq...
    > Building jupyter > Cloning emacs-web-server (for simple-httpd)...
    > Building jupyter > Building simple-httpd...
    > Building jupyter > Cloning emacs-websocket...
    > Building jupyter > Building websocket...
    > Building jupyter...
    jupyter-client:0: Warning: Not registering prefix "in".  Affects: ("input-request" "inspect-request")
    > Cloning org-journal...
    - Checked out org-journal: 839a2e19865a03bec30ef32431f981f33880a754
    > Building org-journal...
    > Cloning org-pomodoro...
    - Checked out org-pomodoro: 3f5bcfb80d61556d35fc29e5ddb09750df962cc6
    > Building org-pomodoro...
    > Building org-pomodoro > Cloning alert...
    > Building org-pomodoro > Building alert...
    > Building org-pomodoro > Building alert > Cloning gntp.el...
    > Building org-pomodoro > Building alert > Building gntp...
    > Building org-pomodoro > Building alert > Cloning log4e...
    > Building org-pomodoro > Building alert > Building log4e...
    > Building org-pomodoro > Building alert...
    > Building org-pomodoro...
    > Cloning org-roam...
    - Checked out org-roam: 7f453f3fffb924ca4ae3f8d34cabc03fbcae0127
    > Building org-roam...
    > Cloning ox-pandoc...
    - Checked out ox-pandoc: f8eac5e5692fc44a4724ada43191e7c28a1ccf30
    > Building ox-pandoc...
    > Cloning ox-hugo...
    - Checked out ox-hugo: 97ff24fe0b8d29c503b88eea69235b02ae71beb0
    > Building ox-hugo...
    > Building ox-hugo > Cloning tomelr...
    > Building ox-hugo > Building tomelr...
    > Building ox-hugo...
    > Cloning pip-requirements.el...
    > Building pip-requirements...
    > Cloning anaconda-mode...
    - Checked out anaconda-mode: 160e4e7185881233d96da6722332bd6d038187a9
    > Building anaconda-mode...
    > Building anaconda-mode > Cloning pythonic...
    > Building anaconda-mode > Building pythonic...
    > Building anaconda-mode...
    > Cloning company-anaconda...
    - Checked out company-anaconda: da1566db41a68809ef7f91ebf2de28118067c89b
    > Building company-anaconda...
    > Cloning pipenv.el...
    > Building pipenv...
    > Building pipenv > Cloning pyvenv...
    - Checked out pyvenv: 31ea715f2164dd611e7fc77b26390ef3ca93509b
    > Building pipenv > Building pyvenv...
    > Building pipenv > Cloning emacs-load-env-vars...
    > Building pipenv > Building load-env-vars...
    > Building pipenv...
    > Cloning nose...
    - Checked out nose: f8528297519eba911696c4e68fa88892de9a7b72
    > Building nose...
    > Cloning emacs-python-pytest...
    > Building python-pytest...
    > Cloning pyimport...
    - Checked out pyimport: a6f63cf7ed93f0c0f7c207e6595813966f8852b9
    > Building pyimport...
    > Building pyimport > Cloning shut-up...
    > Building pyimport > Building shut-up...
    > Building pyimport...
    > Cloning py-isort.el...
    > Building py-isort...
    > Building org-noter-pdftools...
    > Cloning org-timeline...
    > Building org-timeline...
    > Cloning org-modern...
    > Building org-modern...
    > Cloning org-ref...
    > Building org-ref...
    > Building org-ref > Cloning parsebib...
    > Building org-ref > Building parsebib...
    > Building org-ref > Cloning helm-bibtex (for bibtex-completion)...
    > Building org-ref > Building bibtex-completion...
    > Building org-ref > Building bibtex-completion > Cloning biblio.el...
    > Building org-ref > Building bibtex-completion > Building biblio...
    > Building org-ref > Building bibtex-completion > Building biblio > Building biblio-core...
    > Building org-ref > Building bibtex-completion > Building biblio...
    > Building org-ref > Building bibtex-completion...
    > Building org-ref > Cloning citeproc-el (for citeproc)...
    > Building org-ref > Building citeproc...
    > Building org-ref > Building citeproc > Cloning string-inflection...
    > Building org-ref > Building citeproc > Building string-inflection...
    > Building org-ref > Building citeproc...
    > Building org-ref...
    doi-utils:0: Warning: Not registering prefix "pl".  Affects: ("plos-pdf-url" "plist-get-keys")
    doi-utils:0: Warning: Not registering prefix "ac".  Affects: ("acs-pdf-url-1" "acs-pdf-url-2" "acs-pdf-url-3" "acm-pdf-url")
    > Cloning org-anki...
    > Building org-anki...
    > Building org-anki > Cloning emacs-promise...
    > Building org-anki > Building promise...
    > Building org-anki...
    > Cloning org-auto-tangle...
    > Building org-auto-tangle...
    > Cloning git-auto-commit-mode...
    > Building git-auto-commit-mode...
    > Cloning org-chef...
    > Building org-chef...
    > Cloning telega.el...
    > Building telega...
    > Building telega > Cloning visual-fill-column...
    > Building telega > Building visual-fill-column...
    > Building telega > Cloning rainbow-identifiers...
    > Building telega > Building rainbow-identifiers...
    > Building telega...
    telega-match:0: Warning: Not registering prefix "or".  Affects: ("or")
    > Cloning emacs-gif-screencast...
    > Building gif-screencast...
    > Cloning emacs-lorem-ipsum...
    > Building lorem-ipsum...
    > Cloning org-present...
    > Building org-present...
    > Cloning org-tree-slide...
    > Building org-tree-slide...
    > Cloning centered-window-mode (for centered-window)...
    > Building centered-window...
    > Cloning math-at-point...
    > Building math-at-point...
    > Cloning selectric-mode...
    > Building selectric-mode...
    > Cloning emacs-xkcd...
    > Building xkcd...
    > Cloning org-ql...
    > Building org-ql...
    > Building org-ql > Cloning org-super-agenda...
    > Building org-ql > Building org-super-agenda...
    > Building org-ql > Building org-super-agenda > Cloning ts.el...
    > Building org-ql > Building org-super-agenda > Building ts...
    > Building org-ql > Building org-super-agenda...
    > Building org-ql > Cloning ov...
    > Building org-ql > Building ov...
    ov:0: Warning: Not registering prefix "ov".  Affects: ("ov" "ov?" "ov-create" "ov-insert" "ov-val" "ov-end" "ov-line" "ov-length" "ov-at" "ov-all" "ov-beg" "ov-buf" "ov-backwards" "ov-forwards" "ov-make" "ov-match" "ov-move" "ov-timeout" "ov-keymap" "ov-regexp" "ov-region" "ov-reset" "ov-recenter" "ov-read-only" "ov-p" "ov-put" "ov-prop" "ov-prop-list" "ov-placeholder" "ov--placeholder" "ov--parse-hex-color" "ov--read-only" "ov--random-color" "ov-sticky-front" "ov-sticky-rear" "ov-set" "ov-spec" "ov-smear")
    > Building org-ql > Cloning peg...
    > Building org-ql > Building peg...
    > Building org-ql...
    > Cloning org-sidebar...
    > Building org-sidebar...
    ✓ Installed 134 packages
  > (Re)building packages...
    - No packages need rebuilding
  > Purging orphaned packages (for the emperor)...
    > Purging straight builds...
      ✓ Purged build/company-shell
      ✓ Purged build/persp-mode
    Pruned persp-mode from build cache
    Pruned company-shell from build cache
    - Skipping elpa packages
    - Skipping repos
    - Skipping regrafting
  > (Re)generating autoloads file...
    > Generating autoloads file...
        * [648.662586] Scanning c:/Users/threddast/.emacs.d/lisp/lib/buffers.el
        * [648.686657] Scanning c:/Users/threddast/.emacs.d/lisp/lib/config.el
        * [648.707123] Scanning c:/Users/threddast/.emacs.d/lisp/lib/debug.el
        * [648.732427] Scanning c:/Users/threddast/.emacs.d/lisp/lib/docs.el
        * [648.773175] Scanning c:/Users/threddast/.emacs.d/lisp/lib/files.el
        * [648.793137] Scanning c:/Users/threddast/.emacs.d/lisp/lib/fonts.el
        * [648.816127] Scanning c:/Users/threddast/.emacs.d/lisp/lib/git.el
        * [648.828457] Scanning c:/Users/threddast/.emacs.d/lisp/lib/help.el
        * [648.861204] Scanning c:/Users/threddast/.emacs.d/lisp/lib/packages.el
        * [648.882429] Scanning c:/Users/threddast/.emacs.d/lisp/lib/plist.el
        * [648.895860] Scanning c:/Users/threddast/.emacs.d/lisp/lib/print.el
        * [648.920917] Scanning c:/Users/threddast/.emacs.d/lisp/lib/process.el
        * [648.934841] Scanning c:/Users/threddast/.emacs.d/lisp/lib/projects.el
        * [648.954992] Scanning c:/Users/threddast/.emacs.d/lisp/lib/sandbox.el
        * [648.975238] Scanning c:/Users/threddast/.emacs.d/lisp/lib/scratch.el
        * [648.990441] Scanning c:/Users/threddast/.emacs.d/lisp/lib/sessions.el
        * [649.006209] Scanning c:/Users/threddast/.emacs.d/lisp/lib/store.el
        * [649.023456] Scanning c:/Users/threddast/.emacs.d/lisp/lib/system.el
        * [649.040929] Scanning c:/Users/threddast/.emacs.d/lisp/lib/text.el
        * [649.062140] Scanning c:/Users/threddast/.emacs.d/lisp/lib/themes.el
        * [649.080212] Scanning c:/Users/threddast/.emacs.d/lisp/lib/ui.el
        * [649.100719] Scanning c:/Users/threddast/.emacs.d/modules/app/calendar/autoload.el
        * [649.115950] Scanning c:/Users/threddast/.emacs.d/modules/app/emms/autoload.el
        * [649.129781] Scanning c:/Users/threddast/.emacs.d/modules/app/irc/autoload/irc.el
        * [649.143204] Scanning c:/Users/threddast/.emacs.d/modules/app/irc/autoload/ivy.el
        * [649.155758] Scanning c:/Users/threddast/.emacs.d/modules/app/irc/autoload/settings.el
        * [649.167891] Scanning c:/Users/threddast/.emacs.d/modules/app/irc/autoload/vertico.el
        * [649.180021] Scanning c:/Users/threddast/.emacs.d/modules/app/rss/autoload.el
        * [649.195515] Scanning c:/Users/threddast/.emacs.d/modules/app/twitter/autoload.el
        * [649.208561] Scanning c:/Users/threddast/.emacs.d/modules/checkers/spell/autoload/+flyspell.el
        * [649.284169] Scanning c:/Users/threddast/.emacs.d/modules/checkers/spell/autoload/+spell-fu.el
        * [649.299015] Scanning c:/Users/threddast/.emacs.d/modules/checkers/syntax/autoload.el
        * [649.312090] Scanning c:/Users/threddast/.emacs.d/modules/completion/company/autoload.el
        * [649.331573] Scanning c:/Users/threddast/.emacs.d/modules/completion/helm/autoload/evil.el
        * [649.347478] Scanning c:/Users/threddast/.emacs.d/modules/completion/helm/autoload/helm.el
        * [649.360900] Scanning c:/Users/threddast/.emacs.d/modules/completion/helm/autoload/posframe.el
        * [649.374357] Scanning c:/Users/threddast/.emacs.d/modules/completion/ivy/autoload/evil.el
        * [649.392104] Scanning c:/Users/threddast/.emacs.d/modules/completion/ivy/autoload/hydras.el
        * [649.405591] Scanning c:/Users/threddast/.emacs.d/modules/completion/ivy/autoload/ivy.el
        * [649.428836] Scanning c:/Users/threddast/.emacs.d/modules/completion/ivy/autoload/posframe.el
        * [649.439337] Scanning c:/Users/threddast/.emacs.d/modules/completion/vertico/autoload/evil.el
        * [649.449638] Scanning c:/Users/threddast/.emacs.d/modules/completion/vertico/autoload/magit.el
        * [649.458029] Scanning c:/Users/threddast/.emacs.d/modules/completion/vertico/autoload/vertico.el
        * [649.470835] Scanning c:/Users/threddast/.emacs.d/modules/completion/vertico/autoload/workspaces.el
        * [649.484227] Scanning c:/Users/threddast/.emacs.d/modules/config/default/autoload/default.el
        * [649.500075] Scanning c:/Users/threddast/.emacs.d/modules/config/default/autoload/deferred.el
        * [649.514620] Scanning c:/Users/threddast/.emacs.d/modules/config/default/autoload/files.el
        * [649.530686] Scanning c:/Users/threddast/.emacs.d/modules/config/default/autoload/search.el
        * [649.547540] Scanning c:/Users/threddast/.emacs.d/modules/config/default/autoload/text.el
        * [649.567365] Scanning c:/Users/threddast/.emacs.d/modules/config/literate/autoload.el
        * [649.582849] Scanning c:/Users/threddast/.emacs.d/modules/editor/evil/autoload/advice.el
        * [649.605780] Scanning c:/Users/threddast/.emacs.d/modules/editor/evil/autoload/embrace.el
        * [649.621287] Scanning c:/Users/threddast/.emacs.d/modules/editor/evil/autoload/evil.el
        * [649.639546] Scanning c:/Users/threddast/.emacs.d/modules/editor/evil/autoload/ex.el
        * [649.662616] Scanning c:/Users/threddast/.emacs.d/modules/editor/evil/autoload/files.el
        * [649.678865] Scanning c:/Users/threddast/.emacs.d/modules/editor/evil/autoload/textobjects.el
        * [649.698599] Scanning c:/Users/threddast/.emacs.d/modules/editor/evil/autoload/unimpaired.el
        * [649.717950] Scanning c:/Users/threddast/.emacs.d/modules/editor/file-templates/autoload.el
        * [649.735026] Scanning c:/Users/threddast/.emacs.d/modules/editor/fold/autoload/fold.el
        * [649.754751] Scanning c:/Users/threddast/.emacs.d/modules/editor/fold/autoload/hideshow.el
        * [649.785569] Scanning c:/Users/threddast/.emacs.d/modules/editor/format/autoload/evil.el
        * [649.800582] Scanning c:/Users/threddast/.emacs.d/modules/editor/format/autoload/format.el
        * [649.893991] Scanning c:/Users/threddast/.emacs.d/modules/editor/format/autoload/settings.el
        * [649.917942] Scanning c:/Users/threddast/.emacs.d/modules/editor/god/autoload.el
        * [649.929964] Scanning c:/Users/threddast/.emacs.d/modules/editor/multiple-cursors/autoload/evil-mc.el
        * [649.944070] Scanning c:/Users/threddast/.emacs.d/modules/editor/rotate-text/autoload.el
        * [649.958529] Scanning c:/Users/threddast/.emacs.d/modules/editor/snippets/autoload/settings.el
        * [649.972484] Scanning c:/Users/threddast/.emacs.d/modules/editor/snippets/autoload/snippets.el
        * [649.998147] Scanning c:/Users/threddast/.emacs.d/modules/editor/word-wrap/autoload.el
        * [650.010740] Scanning c:/Users/threddast/.emacs.d/modules/emacs/dired/autoload.el
        * [650.023933] Scanning c:/Users/threddast/.emacs.d/modules/emacs/electric/autoload.el
        * [650.037570] Scanning c:/Users/threddast/.emacs.d/modules/emacs/ibuffer/autoload/workspaces.el
        * [650.049869] Scanning c:/Users/threddast/.emacs.d/modules/emacs/vc/autoload/bug-reference-backport.el
        * [650.065075] Scanning c:/Users/threddast/.emacs.d/modules/emacs/vc/autoload/hydra.el
        * [650.080415] Scanning c:/Users/threddast/.emacs.d/modules/emacs/vc/autoload/vc.el
        * [650.097593] Scanning c:/Users/threddast/.emacs.d/modules/email/mu4e/autoload/advice.el
        * [650.116797] Scanning c:/Users/threddast/.emacs.d/modules/email/mu4e/autoload/email.el
        * [650.138363] Scanning c:/Users/threddast/.emacs.d/modules/email/mu4e/autoload/evil.el
        * [650.150783] Scanning c:/Users/threddast/.emacs.d/modules/email/mu4e/autoload/mu-lock.el
        * [650.167514] Scanning c:/Users/threddast/.emacs.d/modules/email/notmuch/autoload.el
        * [650.181987] Scanning c:/Users/threddast/.emacs.d/modules/email/wanderlust/autoload.el
        * [650.188789] Scanning c:/Users/threddast/.emacs.d/modules/input/layout/autoload/bepo.el
        * [650.198627] Scanning c:/Users/threddast/.emacs.d/modules/lang/beancount/autoload.el
        * [650.208874] Scanning c:/Users/threddast/.emacs.d/modules/lang/cc/autoload.el
        * [650.218901] Scanning c:/Users/threddast/.emacs.d/modules/lang/clojure/autoload.el
        * [650.226065] Scanning c:/Users/threddast/.emacs.d/modules/lang/common-lisp/autoload/common-lisp.el
        * [650.234093] Scanning c:/Users/threddast/.emacs.d/modules/lang/csharp/autoload.el
        * [650.245234] Scanning c:/Users/threddast/.emacs.d/modules/lang/emacs-lisp/autoload.el
        * [650.270366] Scanning c:/Users/threddast/.emacs.d/modules/lang/ess/autoload.el
        * [650.281759] Scanning c:/Users/threddast/.emacs.d/modules/lang/faust/autoload.el
        * [650.292950] Scanning c:/Users/threddast/.emacs.d/modules/lang/fortran/autoload.el
        * [650.305207] Scanning c:/Users/threddast/.emacs.d/modules/lang/go/autoload.el
        * [650.317276] Scanning c:/Users/threddast/.emacs.d/modules/lang/graphql/autoload.el
        * [650.328734] Scanning c:/Users/threddast/.emacs.d/modules/lang/haskell/autoload.el
        * [650.340221] Scanning c:/Users/threddast/.emacs.d/modules/lang/java/autoload/java.el
        * [650.353916] Scanning c:/Users/threddast/.emacs.d/modules/lang/java/autoload/lsp.el
        * [650.366123] Scanning c:/Users/threddast/.emacs.d/modules/lang/javascript/autoload.el
        * [650.382006] Scanning c:/Users/threddast/.emacs.d/modules/lang/julia/autoload.el
        * [650.391657] Scanning c:/Users/threddast/.emacs.d/modules/lang/kotlin/autoload.el
        * [650.397955] Scanning c:/Users/threddast/.emacs.d/modules/lang/latex/autoload.el
        * [650.405798] Scanning c:/Users/threddast/.emacs.d/modules/lang/lua/autoload/lua.el
        * [650.414155] Scanning c:/Users/threddast/.emacs.d/modules/lang/lua/autoload/moonscript.el
        * [650.420309] Scanning c:/Users/threddast/.emacs.d/modules/lang/markdown/autoload.el
        * [650.432839] Scanning c:/Users/threddast/.emacs.d/modules/lang/nix/autoload.el
        * [650.451190] Scanning c:/Users/threddast/.emacs.d/modules/lang/ocaml/autoload.el
        * [650.462393] Scanning c:/Users/threddast/.emacs.d/modules/lang/org/autoload/contrib-ipython.el
        * [650.483883] Scanning c:/Users/threddast/.emacs.d/modules/lang/org/autoload/contrib-present.el
        * [650.500894] Scanning c:/Users/threddast/.emacs.d/modules/lang/org/autoload/contrib-roam2.el
        * [650.521528] Scanning c:/Users/threddast/.emacs.d/modules/lang/org/autoload/org-attach.el
        * [650.538298] Scanning c:/Users/threddast/.emacs.d/modules/lang/org/autoload/org-avy.el
        * [650.553421] Scanning c:/Users/threddast/.emacs.d/modules/lang/org/autoload/org-babel.el
        * [650.572493] Scanning c:/Users/threddast/.emacs.d/modules/lang/org/autoload/org-capture.el
        * [650.591714] Scanning c:/Users/threddast/.emacs.d/modules/lang/org/autoload/org-export.el
        * [650.609455] Scanning c:/Users/threddast/.emacs.d/modules/lang/org/autoload/org-link.el
        * [650.630873] Scanning c:/Users/threddast/.emacs.d/modules/lang/org/autoload/org-refile.el
        * [650.647022] Scanning c:/Users/threddast/.emacs.d/modules/lang/org/autoload/org-tables.el
        * [650.662445] Scanning c:/Users/threddast/.emacs.d/modules/lang/org/autoload/org.el
        * [650.694347] Scanning c:/Users/threddast/.emacs.d/modules/lang/php/autoload.el
        * [650.705362] Scanning c:/Users/threddast/.emacs.d/modules/lang/plantuml/autoload.el
        * [650.721096] Scanning c:/Users/threddast/.emacs.d/modules/lang/python/autoload/conda.el
        * [650.733849] Scanning c:/Users/threddast/.emacs.d/modules/lang/python/autoload/pyenv.el
        * [650.746920] Scanning c:/Users/threddast/.emacs.d/modules/lang/python/autoload/python.el
        * [650.762159] Scanning c:/Users/threddast/.emacs.d/modules/lang/qt/autoload.el
        * [650.773301] Scanning c:/Users/threddast/.emacs.d/modules/lang/racket/autoload.el
        * [650.784987] Scanning c:/Users/threddast/.emacs.d/modules/lang/rest/autoload.el
        * [650.797248] Scanning c:/Users/threddast/.emacs.d/modules/lang/ruby/autoload.el
        * [650.808906] Scanning c:/Users/threddast/.emacs.d/modules/lang/rust/autoload.el
        * [650.820600] Scanning c:/Users/threddast/.emacs.d/modules/lang/scala/autoload.el
        * [650.832814] Scanning c:/Users/threddast/.emacs.d/modules/lang/scheme/autoload.el
        * [650.847179] Scanning c:/Users/threddast/.emacs.d/modules/lang/sh/autoload.el
        * [650.858940] Scanning c:/Users/threddast/.emacs.d/modules/lang/terra/autoload.el
        * [650.870390] Scanning c:/Users/threddast/.emacs.d/modules/lang/web/autoload/css.el
        * [650.883532] Scanning c:/Users/threddast/.emacs.d/modules/lang/web/autoload/evil.el
        * [650.896720] Scanning c:/Users/threddast/.emacs.d/modules/lang/web/autoload/html.el
        * [650.912946] Scanning c:/Users/threddast/.emacs.d/modules/os/macos/autoload.el
        * [650.928701] Scanning c:/Users/threddast/.emacs.d/modules/term/eshell/autoload/backport.el
        * [650.947480] Scanning c:/Users/threddast/.emacs.d/modules/term/eshell/autoload/commands.el
        * [650.959821] Scanning c:/Users/threddast/.emacs.d/modules/term/eshell/autoload/company.el
        * [650.972841] Scanning c:/Users/threddast/.emacs.d/modules/term/eshell/autoload/eshell.el
        * [650.992327] Scanning c:/Users/threddast/.emacs.d/modules/term/eshell/autoload/evil.el
        * [651.003894] Scanning c:/Users/threddast/.emacs.d/modules/term/eshell/autoload/prompts.el
        * [651.019324] Scanning c:/Users/threddast/.emacs.d/modules/term/eshell/autoload/settings.el
        * [651.031445] Scanning c:/Users/threddast/.emacs.d/modules/term/shell/autoload.el
        * [651.044208] Scanning c:/Users/threddast/.emacs.d/modules/term/term/autoload.el
        * [651.056419] Scanning c:/Users/threddast/.emacs.d/modules/term/vterm/autoload.el
        * [651.072050] Scanning c:/Users/threddast/.emacs.d/modules/tools/debugger/autoload/debugger.el
        * [651.088948] Scanning c:/Users/threddast/.emacs.d/modules/tools/debugger/autoload/evil.el
        * [651.101774] Scanning c:/Users/threddast/.emacs.d/modules/tools/editorconfig/autoload.el
        * [651.113167] Scanning c:/Users/threddast/.emacs.d/modules/tools/eval/autoload/eval.el
        * [651.130030] Scanning c:/Users/threddast/.emacs.d/modules/tools/eval/autoload/evil.el
        * [651.145730] Scanning c:/Users/threddast/.emacs.d/modules/tools/eval/autoload/repl.el
        * [651.165530] Scanning c:/Users/threddast/.emacs.d/modules/tools/eval/autoload/settings.el
        * [651.182052] Scanning c:/Users/threddast/.emacs.d/modules/tools/gist/autoload/evil.el
        * [651.193859] Scanning c:/Users/threddast/.emacs.d/modules/tools/lookup/autoload/docsets.el
        * [651.213004] Scanning c:/Users/threddast/.emacs.d/modules/tools/lookup/autoload/evil.el
        * [651.228964] Scanning c:/Users/threddast/.emacs.d/modules/tools/lookup/autoload/lookup.el
        * [651.256875] Scanning c:/Users/threddast/.emacs.d/modules/tools/lookup/autoload/online.el
        * [651.281334] Scanning c:/Users/threddast/.emacs.d/modules/tools/lookup/autoload/xwidget.el
        * [651.295636] Scanning c:/Users/threddast/.emacs.d/modules/tools/lsp/autoload/common.el
        * [651.309332] Scanning c:/Users/threddast/.emacs.d/modules/tools/lsp/autoload/eglot.el
        * [651.326102] Scanning c:/Users/threddast/.emacs.d/modules/tools/lsp/autoload/flycheck-eglot.el
        * [651.343899] Scanning c:/Users/threddast/.emacs.d/modules/tools/lsp/autoload/lsp-mode.el
        * [651.362795] Scanning c:/Users/threddast/.emacs.d/modules/tools/magit/autoload.el
        * [651.384691] Scanning c:/Users/threddast/.emacs.d/modules/tools/make/autoload.el
        * [651.401571] Scanning c:/Users/threddast/.emacs.d/modules/tools/pass/autoload/consult.el
        * [651.413791] Scanning c:/Users/threddast/.emacs.d/modules/tools/pass/autoload/ivy.el
        * [651.427122] Scanning c:/Users/threddast/.emacs.d/modules/tools/pass/autoload/pass.el
        * [651.442149] Scanning c:/Users/threddast/.emacs.d/modules/tools/prodigy/autoload.el
        * [651.454233] Scanning c:/Users/threddast/.emacs.d/modules/tools/rgb/autoload.el
        * [651.465102] Scanning c:/Users/threddast/.emacs.d/modules/tools/taskrunner/autoload.el
        * [651.476617] Scanning c:/Users/threddast/.emacs.d/modules/tools/tmux/autoload/evil.el
        * [651.488364] Scanning c:/Users/threddast/.emacs.d/modules/tools/tmux/autoload/tmux.el
        * [651.502957] Scanning c:/Users/threddast/.emacs.d/modules/tools/tree-sitter/autoload.el
        * [651.515149] Scanning c:/Users/threddast/.emacs.d/modules/ui/doom-dashboard/autoload.el
        * [651.528963] Scanning c:/Users/threddast/.emacs.d/modules/ui/hydra/autoload/windows.el
        * [651.543967] Scanning c:/Users/threddast/.emacs.d/modules/ui/ligatures/autoload/install.el
        * [651.558448] Scanning c:/Users/threddast/.emacs.d/modules/ui/ligatures/autoload/ligatures.el
        * [651.573775] Scanning c:/Users/threddast/.emacs.d/modules/ui/modeline/autoload.el
        * [651.587735] Scanning c:/Users/threddast/.emacs.d/modules/ui/nav-flash/autoload.el
        * [651.599942] Scanning c:/Users/threddast/.emacs.d/modules/ui/neotree/autoload.el
        * [651.611903] Scanning c:/Users/threddast/.emacs.d/modules/ui/popup/autoload/popup.el
        * [651.648408] Scanning c:/Users/threddast/.emacs.d/modules/ui/popup/autoload/settings.el
        * [651.685918] Scanning c:/Users/threddast/.emacs.d/modules/ui/tabs/autoload.el
        * [651.697070] Scanning c:/Users/threddast/.emacs.d/modules/ui/treemacs/autoload.el
        * [651.711093] Scanning c:/Users/threddast/.emacs.d/modules/ui/unicode/autoload.el
        * [651.724963] Scanning c:/Users/threddast/.emacs.d/modules/ui/vc-gutter/autoload/diff-hl.el
        * [651.737519] Scanning c:/Users/threddast/.emacs.d/modules/ui/vc-gutter/autoload/git-gutter.el
        * [651.751087] Scanning c:/Users/threddast/.emacs.d/modules/ui/vi-tilde-fringe/autoload.el
        * [651.763601] Scanning c:/Users/threddast/.emacs.d/modules/ui/workspaces/autoload/evil.el
        * [651.778548] Scanning c:/Users/threddast/.emacs.d/modules/ui/workspaces/autoload/workspaces.el
        * [651.802449] Scanning c:/Users/threddast/.emacs.d/modules/ui/zen/autoload.el
        * [651.841261] Scanning c:/Users/threddast/.emacs.d/.local/straight/build-28.1/straight/straight-autoloads.el
        * [651.855438] Scanning c:/Users/threddast/.emacs.d/.local/straight/build-28.1/use-package/use-package-autoloads.el
        * [651.872857] Scanning c:/Users/threddast/.emacs.d/.local/straight/build-28.1/bind-key/bind-key-autoloads.el
        * [651.886526] Scanning c:/Users/threddast/.emacs.d/.local/straight/build-28.1/auto-minor-mode/auto-minor-mode-autoloads.el
        * [651.899619] Scanning c:/Users/threddast/.emacs.d/.local/straight/build-28.1/gcmh/gcmh-autoloads.el
        * [651.912751] Scanning c:/Users/threddast/.emacs.d/.local/straight/build-28.1/explain-pause-mode/explain-pause-mode-autoloads.el
        * [651.926658] Scanning c:/Users/threddast/.emacs.d/.local/straight/build-28.1/all-the-icons/all-the-icons-autoloads.el
        * [651.940754] Scanning c:/Users/threddast/.emacs.d/.local/straight/build-28.1/hide-mode-line/hide-mode-line-autoloads.el
        * [651.956968] Scanning c:/Users/threddast/.emacs.d/.local/straight/build-28.1/highlight-numbers/highlight-numbers-autoloads.el
        * [651.972546] Scanning c:/Users/threddast/.emacs.d/.local/straight/build-28.1/parent-mode/parent-mode-autoloads.el
        * [651.987704] Scanning c:/Users/threddast/.emacs.d/.local/straight/build-28.1/rainbow-delimiters/rainbow-delimiters-autoloads.el
        * [652.003645] Scanning c:/Users/threddast/.emacs.d/.local/straight/build-28.1/restart-emacs/restart-emacs-autoloads.el
        * [652.020208] Scanning c:/Users/threddast/.emacs.d/.local/straight/build-28.1/better-jumper/better-jumper-autoloads.el
        * [652.036380] Scanning c:/Users/threddast/.emacs.d/.local/straight/build-28.1/dtrt-indent/dtrt-indent-autoloads.el
        * [652.053028] Scanning c:/Users/threddast/.emacs.d/.local/straight/build-28.1/helpful/helpful-autoloads.el
        * [652.069537] Scanning c:/Users/threddast/.emacs.d/.local/straight/build-28.1/dash/dash-autoloads.el
        * [652.085726] Scanning c:/Users/threddast/.emacs.d/.local/straight/build-28.1/s/s-autoloads.el
        * [652.100224] Scanning c:/Users/threddast/.emacs.d/.local/straight/build-28.1/f/f-autoloads.el
        * [652.115097] Scanning c:/Users/threddast/.emacs.d/.local/straight/build-28.1/elisp-refs/elisp-refs-autoloads.el
        * [652.131517] Scanning c:/Users/threddast/.emacs.d/.local/straight/build-28.1/pcre2el/pcre2el-autoloads.el
        * [652.148918] Scanning c:/Users/threddast/.emacs.d/.local/straight/build-28.1/smartparens/smartparens-autoloads.el
        * [652.166796] Scanning c:/Users/threddast/.emacs.d/.local/straight/build-28.1/ws-butler/ws-butler-autoloads.el
        * [652.182793] Scanning c:/Users/threddast/.emacs.d/.local/straight/build-28.1/projectile/projectile-autoloads.el
        * [652.219735] Scanning c:/Users/threddast/.emacs.d/.local/straight/build-28.1/project/project-autoloads.el
        * [652.235822] Scanning c:/Users/threddast/.emacs.d/.local/straight/build-28.1/xref/xref-autoloads.el
        * [652.249611] Scanning c:/Users/threddast/.emacs.d/.local/straight/build-28.1/general/general-autoloads.el
        * [652.266163] Scanning c:/Users/threddast/.emacs.d/.local/straight/build-28.1/which-key/which-key-autoloads.el
        * [652.285504] Scanning c:/Users/threddast/.emacs.d/.local/straight/build-28.1/company/company-autoloads.el
        * [652.300492] Scanning c:/Users/threddast/.emacs.d/.local/straight/build-28.1/company-dict/company-dict-autoloads.el
        * [652.312638] Scanning c:/Users/threddast/.emacs.d/.local/straight/build-28.1/vertico/vertico-autoloads.el
        * [652.326983] Scanning c:/Users/threddast/.emacs.d/.local/straight/build-28.1/orderless/orderless-autoloads.el
        * [652.340436] Scanning c:/Users/threddast/.emacs.d/.local/straight/build-28.1/consult/consult-autoloads.el
        * [652.355843] Scanning c:/Users/threddast/.emacs.d/.local/straight/build-28.1/compat/compat-autoloads.el
        * [652.367901] Scanning c:/Users/threddast/.emacs.d/.local/straight/build-28.1/consult-dir/consult-dir-autoloads.el
        * [652.380136] Scanning c:/Users/threddast/.emacs.d/.local/straight/build-28.1/consult-flycheck/consult-flycheck-autoloads.el
        * [652.397181] Scanning c:/Users/threddast/.emacs.d/.local/straight/build-28.1/flycheck/flycheck-autoloads.el
        * [652.410990] Scanning c:/Users/threddast/.emacs.d/.local/straight/build-28.1/pkg-info/pkg-info-autoloads.el
        * [652.422585] Scanning c:/Users/threddast/.emacs.d/.local/straight/build-28.1/epl/epl-autoloads.el
        * [652.434676] Scanning c:/Users/threddast/.emacs.d/.local/straight/build-28.1/embark/embark-autoloads.el
        * [652.448808] Scanning c:/Users/threddast/.emacs.d/.local/straight/build-28.1/embark-consult/embark-consult-autoloads.el
        * [652.460862] Scanning c:/Users/threddast/.emacs.d/.local/straight/build-28.1/marginalia/marginalia-autoloads.el
        * [652.473718] Scanning c:/Users/threddast/.emacs.d/.local/straight/build-28.1/wgrep/wgrep-autoloads.el
        * [652.485703] Scanning c:/Users/threddast/.emacs.d/.local/straight/build-28.1/doom-themes/doom-themes-autoloads.el
        * [652.501784] Scanning c:/Users/threddast/.emacs.d/.local/straight/build-28.1/solaire-mode/solaire-mode-autoloads.el
        * [652.515106] Scanning c:/Users/threddast/.emacs.d/.local/straight/build-28.1/hl-todo/hl-todo-autoloads.el
        * [652.528423] Scanning c:/Users/threddast/.emacs.d/.local/straight/build-28.1/doom-modeline/doom-modeline-autoloads.el
        * [652.541613] Scanning c:/Users/threddast/.emacs.d/.local/straight/build-28.1/shrink-path/shrink-path-autoloads.el
        * [652.553601] Scanning c:/Users/threddast/.emacs.d/.local/straight/build-28.1/anzu/anzu-autoloads.el
        * [652.566426] Scanning c:/Users/threddast/.emacs.d/.local/straight/build-28.1/evil-anzu/evil-anzu-autoloads.el
        * [652.579040] Scanning c:/Users/threddast/.emacs.d/.local/straight/build-28.1/evil/evil-autoloads.el
        * [652.592297] Scanning c:/Users/threddast/.emacs.d/.local/straight/build-28.1/goto-chg/goto-chg-autoloads.el
        * [652.605463] Scanning c:/Users/threddast/.emacs.d/.local/straight/build-28.1/evil-goggles/evil-goggles-autoloads.el
        * [652.619036] Scanning c:/Users/threddast/.emacs.d/.local/straight/build-28.1/git-gutter-fringe/git-gutter-fringe-autoloads.el
        * [652.631383] Scanning c:/Users/threddast/.emacs.d/.local/straight/build-28.1/git-gutter/git-gutter-autoloads.el
        * [652.644393] Scanning c:/Users/threddast/.emacs.d/.local/straight/build-28.1/fringe-helper/fringe-helper-autoloads.el
        * [652.656183] Scanning c:/Users/threddast/.emacs.d/.local/straight/build-28.1/vi-tilde-fringe/vi-tilde-fringe-autoloads.el
        * [652.669230] Scanning c:/Users/threddast/.emacs.d/.local/straight/build-28.1/evil-args/evil-args-autoloads.el
        * [652.681271] Scanning c:/Users/threddast/.emacs.d/.local/straight/build-28.1/evil-easymotion/evil-easymotion-autoloads.el
        * [652.694582] Scanning c:/Users/threddast/.emacs.d/.local/straight/build-28.1/avy/avy-autoloads.el
        * [652.723362] Scanning c:/Users/threddast/.emacs.d/.local/straight/build-28.1/evil-embrace/evil-embrace-autoloads.el
        * [652.732729] Scanning c:/Users/threddast/.emacs.d/.local/straight/build-28.1/embrace/embrace-autoloads.el
        * [652.744854] Scanning c:/Users/threddast/.emacs.d/.local/straight/build-28.1/expand-region/expand-region-autoloads.el
        * [652.759042] Scanning c:/Users/threddast/.emacs.d/.local/straight/build-28.1/evil-surround/evil-surround-autoloads.el
        * [652.772607] Scanning c:/Users/threddast/.emacs.d/.local/straight/build-28.1/evil-escape/evil-escape-autoloads.el
        * [652.785481] Scanning c:/Users/threddast/.emacs.d/.local/straight/build-28.1/evil-exchange/evil-exchange-autoloads.el
        * [652.797703] Scanning c:/Users/threddast/.emacs.d/.local/straight/build-28.1/evil-indent-plus/evil-indent-plus-autoloads.el
        * [652.810396] Scanning c:/Users/threddast/.emacs.d/.local/straight/build-28.1/evil-lion/evil-lion-autoloads.el
        * [652.823459] Scanning c:/Users/threddast/.emacs.d/.local/straight/build-28.1/evil-nerd-commenter/evil-nerd-commenter-autoloads.el
        * [652.837311] Scanning c:/Users/threddast/.emacs.d/.local/straight/build-28.1/evil-numbers/evil-numbers-autoloads.el
        * [652.849277] Scanning c:/Users/threddast/.emacs.d/.local/straight/build-28.1/evil-snipe/evil-snipe-autoloads.el
        * [652.862434] Scanning c:/Users/threddast/.emacs.d/.local/straight/build-28.1/evil-textobj-anyblock/evil-textobj-anyblock-autoloads.el
        * [652.874942] Scanning c:/Users/threddast/.emacs.d/.local/straight/build-28.1/evil-traces/evil-traces-autoloads.el
        * [652.887453] Scanning c:/Users/threddast/.emacs.d/.local/straight/build-28.1/evil-visualstar/evil-visualstar-autoloads.el
        * [652.900549] Scanning c:/Users/threddast/.emacs.d/.local/straight/build-28.1/exato/exato-autoloads.el
        * [652.912649] Scanning c:/Users/threddast/.emacs.d/.local/straight/build-28.1/evil-quick-diff/evil-quick-diff-autoloads.el
        * [652.925154] Scanning c:/Users/threddast/.emacs.d/.local/straight/build-28.1/evil-collection/evil-collection-autoloads.el
        * [652.939397] Scanning c:/Users/threddast/.emacs.d/.local/straight/build-28.1/annalist/annalist-autoloads.el
        * [652.954902] Scanning c:/Users/threddast/.emacs.d/.local/straight/build-28.1/yasnippet/yasnippet-autoloads.el
        * [652.967891] Scanning c:/Users/threddast/.emacs.d/.local/straight/build-28.1/vimish-fold/vimish-fold-autoloads.el
        * [652.980981] Scanning c:/Users/threddast/.emacs.d/.local/straight/build-28.1/evil-vimish-fold/evil-vimish-fold-autoloads.el
        * [652.994041] Scanning c:/Users/threddast/.emacs.d/.local/straight/build-28.1/auto-yasnippet/auto-yasnippet-autoloads.el
        * [653.006958] Scanning c:/Users/threddast/.emacs.d/.local/straight/build-28.1/doom-snippets/doom-snippets-autoloads.el
        * [653.019340] Scanning c:/Users/threddast/.emacs.d/.local/straight/build-28.1/diredfl/diredfl-autoloads.el
        * [653.032075] Scanning c:/Users/threddast/.emacs.d/.local/straight/build-28.1/dired-git-info/dired-git-info-autoloads.el
        * [653.044513] Scanning c:/Users/threddast/.emacs.d/.local/straight/build-28.1/dired-rsync/dired-rsync-autoloads.el
        * [653.057148] Scanning c:/Users/threddast/.emacs.d/.local/straight/build-28.1/fd-dired/fd-dired-autoloads.el
        * [653.069680] Scanning c:/Users/threddast/.emacs.d/.local/straight/build-28.1/undo-fu/undo-fu-autoloads.el
        * [653.082244] Scanning c:/Users/threddast/.emacs.d/.local/straight/build-28.1/undo-fu-session/undo-fu-session-autoloads.el
        * [653.095333] Scanning c:/Users/threddast/.emacs.d/.local/straight/build-28.1/browse-at-remote/browse-at-remote-autoloads.el
        * [653.107582] Scanning c:/Users/threddast/.emacs.d/.local/straight/build-28.1/git-commit/git-commit-autoloads.el
        * [653.119827] Scanning c:/Users/threddast/.emacs.d/.local/straight/build-28.1/transient/transient-autoloads.el
        * [653.133734] Scanning c:/Users/threddast/.emacs.d/.local/straight/build-28.1/with-editor/with-editor-autoloads.el
        * [653.147753] Scanning c:/Users/threddast/.emacs.d/.local/straight/build-28.1/git-timemachine/git-timemachine-autoloads.el
        * [653.160367] Scanning c:/Users/threddast/.emacs.d/.local/straight/build-28.1/git-modes/git-modes-autoloads.el
        * [653.173163] Scanning c:/Users/threddast/.emacs.d/.local/straight/build-28.1/flycheck-popup-tip/flycheck-popup-tip-autoloads.el
        * [653.185843] Scanning c:/Users/threddast/.emacs.d/.local/straight/build-28.1/popup/popup-autoloads.el
        * [653.197470] Scanning c:/Users/threddast/.emacs.d/.local/straight/build-28.1/quickrun/quickrun-autoloads.el
        * [653.210360] Scanning c:/Users/threddast/.emacs.d/.local/straight/build-28.1/eros/eros-autoloads.el
        * [653.222852] Scanning c:/Users/threddast/.emacs.d/.local/straight/build-28.1/dumb-jump/dumb-jump-autoloads.el
        * [653.236505] Scanning c:/Users/threddast/.emacs.d/.local/straight/build-28.1/request/request-autoloads.el
        * [653.248309] Scanning c:/Users/threddast/.emacs.d/.local/straight/build-28.1/magit/magit-autoloads.el
        * [653.277978] Scanning c:/Users/threddast/.emacs.d/.local/straight/build-28.1/magit-section/magit-section-autoloads.el
        * [653.289859] Scanning c:/Users/threddast/.emacs.d/.local/straight/build-28.1/magit-gitflow/magit-gitflow-autoloads.el
        * [653.302557] Scanning c:/Users/threddast/.emacs.d/.local/straight/build-28.1/magit-popup/magit-popup-autoloads.el
        * [653.314408] Scanning c:/Users/threddast/.emacs.d/.local/straight/build-28.1/magit-todos/magit-todos-autoloads.el
        * [653.328395] Scanning c:/Users/threddast/.emacs.d/.local/straight/build-28.1/async/async-autoloads.el
        * [653.352281] Scanning c:/Users/threddast/.emacs.d/.local/straight/build-28.1/code-review/code-review-autoloads.el
        * [653.366297] Scanning c:/Users/threddast/.emacs.d/.local/straight/build-28.1/closql/closql-autoloads.el
        * [653.378027] Scanning c:/Users/threddast/.emacs.d/.local/straight/build-28.1/a/a-autoloads.el
        * [653.389826] Scanning c:/Users/threddast/.emacs.d/.local/straight/build-28.1/ghub/ghub-autoloads.el
        * [653.402346] Scanning c:/Users/threddast/.emacs.d/.local/straight/build-28.1/treepy/treepy-autoloads.el
        * [653.419400] Scanning c:/Users/threddast/.emacs.d/.local/straight/build-28.1/uuidgen/uuidgen-autoloads.el
        * [653.432231] Scanning c:/Users/threddast/.emacs.d/.local/straight/build-28.1/deferred/deferred-autoloads.el
        * [653.442879] Scanning c:/Users/threddast/.emacs.d/.local/straight/build-28.1/markdown-mode/markdown-mode-autoloads.el
        * [653.453359] Scanning c:/Users/threddast/.emacs.d/.local/straight/build-28.1/forge/forge-autoloads.el
        * [653.466883] Scanning c:/Users/threddast/.emacs.d/.local/straight/build-28.1/emacsql-sqlite/emacsql-sqlite-autoloads.el
        * [653.478900] Scanning c:/Users/threddast/.emacs.d/.local/straight/build-28.1/emacsql/emacsql-autoloads.el
        * [653.491259] Scanning c:/Users/threddast/.emacs.d/.local/straight/build-28.1/yaml/yaml-autoloads.el
        * [653.503038] Scanning c:/Users/threddast/.emacs.d/.local/straight/build-28.1/emojify/emojify-autoloads.el
        * [653.516012] Scanning c:/Users/threddast/.emacs.d/.local/straight/build-28.1/ht/ht-autoloads.el
        * [653.527671] Scanning c:/Users/threddast/.emacs.d/.local/straight/build-28.1/highlight-quoted/highlight-quoted-autoloads.el
        * [653.540340] Scanning c:/Users/threddast/.emacs.d/.local/straight/build-28.1/macrostep/macrostep-autoloads.el
        * [653.553083] Scanning c:/Users/threddast/.emacs.d/.local/straight/build-28.1/overseer/overseer-autoloads.el
        * [653.565710] Scanning c:/Users/threddast/.emacs.d/.local/straight/build-28.1/elisp-def/elisp-def-autoloads.el
        * [653.578330] Scanning c:/Users/threddast/.emacs.d/.local/straight/build-28.1/elisp-demos/elisp-demos-autoloads.el
        * [653.591654] Scanning c:/Users/threddast/.emacs.d/.local/straight/build-28.1/flycheck-package/flycheck-package-autoloads.el
        * [653.605747] Scanning c:/Users/threddast/.emacs.d/.local/straight/build-28.1/package-lint/package-lint-autoloads.el
        * [653.619266] Scanning c:/Users/threddast/.emacs.d/.local/straight/build-28.1/flycheck-cask/flycheck-cask-autoloads.el
        * [653.631898] Scanning c:/Users/threddast/.emacs.d/.local/straight/build-28.1/buttercup/buttercup-autoloads.el
        * [653.644861] Scanning c:/Users/threddast/.emacs.d/.local/straight/build-28.1/markdown-toc/markdown-toc-autoloads.el
        * [653.649985] Scanning c:/Users/threddast/.emacs.d/.local/straight/build-28.1/edit-indirect/edit-indirect-autoloads.el
        * [653.655008] Scanning c:/Users/threddast/.emacs.d/.local/straight/build-28.1/evil-markdown/evil-markdown-autoloads.el
        * [653.659787] Scanning c:/Users/threddast/.emacs.d/.local/straight/build-28.1/org/org-autoloads.el
        * [653.665590] Scanning c:/Users/threddast/.emacs.d/.local/straight/build-28.1/org-contrib/org-contrib-autoloads.el
        * [653.669517] Scanning c:/Users/threddast/.emacs.d/.local/straight/build-28.1/htmlize/htmlize-autoloads.el
        * [653.672757] Scanning c:/Users/threddast/.emacs.d/.local/straight/build-28.1/org-yt/org-yt-autoloads.el
        * [653.675524] Scanning c:/Users/threddast/.emacs.d/.local/straight/build-28.1/ox-clip/ox-clip-autoloads.el
        * [653.678330] Scanning c:/Users/threddast/.emacs.d/.local/straight/build-28.1/toc-org/toc-org-autoloads.el
        * [653.681518] Scanning c:/Users/threddast/.emacs.d/.local/straight/build-28.1/org-cliplink/org-cliplink-autoloads.el
        * [653.684158] Scanning c:/Users/threddast/.emacs.d/.local/straight/build-28.1/evil-org/evil-org-autoloads.el
        * [653.686732] Scanning c:/Users/threddast/.emacs.d/.local/straight/build-28.1/orgit/orgit-autoloads.el
        * [653.689447] Scanning c:/Users/threddast/.emacs.d/.local/straight/build-28.1/ob-async/ob-async-autoloads.el
        * [653.691958] Scanning c:/Users/threddast/.emacs.d/.local/straight/build-28.1/drag-stuff/drag-stuff-autoloads.el
        * [653.694617] Scanning c:/Users/threddast/.emacs.d/.local/straight/build-28.1/link-hint/link-hint-autoloads.el
        * [653.697184] Scanning c:/Users/threddast/.emacs.d/.local/straight/build-28.1/company-box/company-box-autoloads.el
        * [653.704996] Scanning c:/Users/threddast/.emacs.d/.local/straight/build-28.1/frame-local/frame-local-autoloads.el
        * [653.712295] Scanning c:/Users/threddast/.emacs.d/.local/straight/build-28.1/treemacs/treemacs-autoloads.el
        * [653.726490] Scanning c:/Users/threddast/.emacs.d/.local/straight/build-28.1/ace-window/ace-window-autoloads.el
        * [653.740384] Scanning c:/Users/threddast/.emacs.d/.local/straight/build-28.1/pfuture/pfuture-autoloads.el
        * [653.755104] Scanning c:/Users/threddast/.emacs.d/.local/straight/build-28.1/hydra/hydra-autoloads.el
        * [653.769673] Scanning c:/Users/threddast/.emacs.d/.local/straight/build-28.1/lv/lv-autoloads.el
        * [653.781354] Scanning c:/Users/threddast/.emacs.d/.local/straight/build-28.1/cfrs/cfrs-autoloads.el
        * [653.793832] Scanning c:/Users/threddast/.emacs.d/.local/straight/build-28.1/posframe/posframe-autoloads.el
        * [653.811315] Scanning c:/Users/threddast/.emacs.d/.local/straight/build-28.1/treemacs-evil/treemacs-evil-autoloads.el
        * [653.823729] Scanning c:/Users/threddast/.emacs.d/.local/straight/build-28.1/treemacs-projectile/treemacs-projectile-autoloads.el
        * [653.836242] Scanning c:/Users/threddast/.emacs.d/.local/straight/build-28.1/treemacs-magit/treemacs-magit-autoloads.el
        * [653.848386] Scanning c:/Users/threddast/.emacs.d/.local/straight/build-28.1/lsp-treemacs/lsp-treemacs-autoloads.el
        * [653.861692] Scanning c:/Users/threddast/.emacs.d/.local/straight/build-28.1/lsp-mode/lsp-mode-autoloads.el
        * [653.877611] Scanning c:/Users/threddast/.emacs.d/.local/straight/build-28.1/spinner/spinner-autoloads.el
        * [653.895103] Scanning c:/Users/threddast/.emacs.d/.local/straight/build-28.1/format-all/format-all-autoloads.el
        * [653.910905] Scanning c:/Users/threddast/.emacs.d/.local/straight/build-28.1/lispy/lispy-autoloads.el
        * [653.924504] Scanning c:/Users/threddast/.emacs.d/.local/straight/build-28.1/iedit/iedit-autoloads.el
        * [653.939465] Scanning c:/Users/threddast/.emacs.d/.local/straight/build-28.1/swiper/swiper-autoloads.el
        * [653.952313] Scanning c:/Users/threddast/.emacs.d/.local/straight/build-28.1/ivy/ivy-autoloads.el
        * [653.966989] Scanning c:/Users/threddast/.emacs.d/.local/straight/build-28.1/zoutline/zoutline-autoloads.el
        * [653.979058] Scanning c:/Users/threddast/.emacs.d/.local/straight/build-28.1/lispyville/lispyville-autoloads.el
        * [653.991783] Scanning c:/Users/threddast/.emacs.d/.local/straight/build-28.1/vterm/vterm-autoloads.el
        * [654.005113] Scanning c:/Users/threddast/.emacs.d/.local/straight/build-28.1/flycheck-posframe/flycheck-posframe-autoloads.el
        * [654.017779] Scanning c:/Users/threddast/.emacs.d/.local/straight/build-28.1/flyspell-correct/flyspell-correct-autoloads.el
        * [654.032069] Scanning c:/Users/threddast/.emacs.d/.local/straight/build-28.1/flyspell-lazy/flyspell-lazy-autoloads.el
        * [654.045015] Scanning c:/Users/threddast/.emacs.d/.local/straight/build-28.1/langtool/langtool-autoloads.el
        * [654.057254] Scanning c:/Users/threddast/.emacs.d/.local/straight/build-28.1/writegood-mode/writegood-mode-autoloads.el
        * [654.069787] Scanning c:/Users/threddast/.emacs.d/.local/straight/build-28.1/ansible/ansible-autoloads.el
        * [654.081995] Scanning c:/Users/threddast/.emacs.d/.local/straight/build-28.1/ansible-doc/ansible-doc-autoloads.el
        * [654.094344] Scanning c:/Users/threddast/.emacs.d/.local/straight/build-28.1/jinja2-mode/jinja2-mode-autoloads.el
        * [654.106756] Scanning c:/Users/threddast/.emacs.d/.local/straight/build-28.1/yaml-mode/yaml-mode-autoloads.el
        * [654.118622] Scanning c:/Users/threddast/.emacs.d/.local/straight/build-28.1/company-ansible/company-ansible-autoloads.el
        * [654.130942] Scanning c:/Users/threddast/.emacs.d/.local/straight/build-28.1/lsp-ui/lsp-ui-autoloads.el
        * [654.144739] Scanning c:/Users/threddast/.emacs.d/.local/straight/build-28.1/consult-lsp/consult-lsp-autoloads.el
        * [654.157001] Scanning c:/Users/threddast/.emacs.d/.local/straight/build-28.1/pdf-tools/pdf-tools-autoloads.el
        * [654.171862] Scanning c:/Users/threddast/.emacs.d/.local/straight/build-28.1/tablist/tablist-autoloads.el
        * [654.183988] Scanning c:/Users/threddast/.emacs.d/.local/straight/build-28.1/saveplace-pdf-view/saveplace-pdf-view-autoloads.el
        * [654.196065] Scanning c:/Users/threddast/.emacs.d/.local/straight/build-28.1/rainbow-mode/rainbow-mode-autoloads.el
        * [654.208360] Scanning c:/Users/threddast/.emacs.d/.local/straight/build-28.1/kurecolor/kurecolor-autoloads.el
        * [654.221180] Scanning c:/Users/threddast/.emacs.d/.local/straight/build-28.1/beancount/beancount-autoloads.el
        * [654.232829] Scanning c:/Users/threddast/.emacs.d/.local/straight/build-28.1/paredit/paredit-autoloads.el
        * [654.245125] Scanning c:/Users/threddast/.emacs.d/.local/straight/build-28.1/parseclj/parseclj-autoloads.el
        * [654.257367] Scanning c:/Users/threddast/.emacs.d/.local/straight/build-28.1/parseedn/parseedn-autoloads.el
        * [654.269006] Scanning c:/Users/threddast/.emacs.d/.local/straight/build-28.1/map/map-autoloads.el
        * [654.280637] Scanning c:/Users/threddast/.emacs.d/.local/straight/build-28.1/clojure-mode/clojure-mode-autoloads.el
        * [654.294265] Scanning c:/Users/threddast/.emacs.d/.local/straight/build-28.1/clj-refactor/clj-refactor-autoloads.el
        * [654.311291] Scanning c:/Users/threddast/.emacs.d/.local/straight/build-28.1/multiple-cursors/multiple-cursors-autoloads.el
        * [654.325365] Scanning c:/Users/threddast/.emacs.d/.local/straight/build-28.1/cider/cider-autoloads.el
        * [654.340784] Scanning c:/Users/threddast/.emacs.d/.local/straight/build-28.1/queue/queue-autoloads.el
        * [654.352502] Scanning c:/Users/threddast/.emacs.d/.local/straight/build-28.1/sesman/sesman-autoloads.el
        * [654.368684] Scanning c:/Users/threddast/.emacs.d/.local/straight/build-28.1/inflections/inflections-autoloads.el
        * [654.381284] Scanning c:/Users/threddast/.emacs.d/.local/straight/build-28.1/flycheck-clj-kondo/flycheck-clj-kondo-autoloads.el
        * [654.393465] Scanning c:/Users/threddast/.emacs.d/.local/straight/build-28.1/json-mode/json-mode-autoloads.el
        * [654.406713] Scanning c:/Users/threddast/.emacs.d/.local/straight/build-28.1/json-snatcher/json-snatcher-autoloads.el
        * [654.421729] Scanning c:/Users/threddast/.emacs.d/.local/straight/build-28.1/auctex/auctex-autoloads.el
        * [654.428190] Scanning c:/Users/threddast/.emacs.d/.local/straight/build-28.1/adaptive-wrap/adaptive-wrap-autoloads.el
        * [654.441539] Scanning c:/Users/threddast/.emacs.d/.local/straight/build-28.1/latex-preview-pane/latex-preview-pane-autoloads.el
        * [654.445048] Scanning c:/Users/threddast/.emacs.d/.local/straight/build-28.1/evil-tex/evil-tex-autoloads.el
        * [654.448097] Scanning c:/Users/threddast/.emacs.d/.local/straight/build-28.1/cdlatex/cdlatex-autoloads.el
        * [654.450881] Scanning c:/Users/threddast/.emacs.d/.local/straight/build-28.1/company-auctex/company-auctex-autoloads.el
        * [654.453447] Scanning c:/Users/threddast/.emacs.d/.local/straight/build-28.1/company-reftex/company-reftex-autoloads.el
        * [654.455663] Scanning c:/Users/threddast/.emacs.d/.local/straight/build-28.1/company-math/company-math-autoloads.el
        * [654.457914] Scanning c:/Users/threddast/.emacs.d/.local/straight/build-28.1/math-symbol-lists/math-symbol-lists-autoloads.el
        * [654.459868] Scanning c:/Users/threddast/.emacs.d/.local/straight/build-28.1/ledger-mode/ledger-mode-autoloads.el
        * [654.462034] Scanning c:/Users/threddast/.emacs.d/.local/straight/build-28.1/evil-ledger/evil-ledger-autoloads.el
        * [654.463992] Scanning c:/Users/threddast/.emacs.d/.local/straight/build-28.1/flycheck-ledger/flycheck-ledger-autoloads.el
        * [654.465811] Scanning c:/Users/threddast/.emacs.d/.local/straight/build-28.1/nix-mode/nix-mode-autoloads.el
        * [654.468765] Scanning c:/Users/threddast/.emacs.d/.local/straight/build-28.1/nix-update/nix-update-autoloads.el
        * [654.471203] Scanning c:/Users/threddast/.emacs.d/.local/straight/build-28.1/company-nixos-options/company-nixos-options-autoloads.el
        * [654.473584] Scanning c:/Users/threddast/.emacs.d/.local/straight/build-28.1/nixos-options/nixos-options-autoloads.el
        * [654.475917] Scanning c:/Users/threddast/.emacs.d/.local/straight/build-28.1/org-pdftools/org-pdftools-autoloads.el
        * [654.478307] Scanning c:/Users/threddast/.emacs.d/.local/straight/build-28.1/org-noter/org-noter-autoloads.el
        * [654.480776] Scanning c:/Users/threddast/.emacs.d/.local/straight/build-28.1/org-download/org-download-autoloads.el
        * [654.483126] Scanning c:/Users/threddast/.emacs.d/.local/straight/build-28.1/jupyter/jupyter-autoloads.el
        * [654.486273] Scanning c:/Users/threddast/.emacs.d/.local/straight/build-28.1/zmq/zmq-autoloads.el
        * [654.489002] Scanning c:/Users/threddast/.emacs.d/.local/straight/build-28.1/simple-httpd/simple-httpd-autoloads.el
        * [654.492057] Scanning c:/Users/threddast/.emacs.d/.local/straight/build-28.1/websocket/websocket-autoloads.el
        * [654.495039] Scanning c:/Users/threddast/.emacs.d/.local/straight/build-28.1/org-journal/org-journal-autoloads.el
        * [654.498295] Scanning c:/Users/threddast/.emacs.d/.local/straight/build-28.1/org-pomodoro/org-pomodoro-autoloads.el
        * [654.501376] Scanning c:/Users/threddast/.emacs.d/.local/straight/build-28.1/alert/alert-autoloads.el
        * [654.504662] Scanning c:/Users/threddast/.emacs.d/.local/straight/build-28.1/gntp/gntp-autoloads.el
        * [654.507674] Scanning c:/Users/threddast/.emacs.d/.local/straight/build-28.1/log4e/log4e-autoloads.el
        * [654.510677] Scanning c:/Users/threddast/.emacs.d/.local/straight/build-28.1/org-roam/org-roam-autoloads.el
        * [654.513959] Scanning c:/Users/threddast/.emacs.d/.local/straight/build-28.1/ox-pandoc/ox-pandoc-autoloads.el
        * [654.517125] Scanning c:/Users/threddast/.emacs.d/.local/straight/build-28.1/ox-hugo/ox-hugo-autoloads.el
        * [654.519739] Scanning c:/Users/threddast/.emacs.d/.local/straight/build-28.1/tomelr/tomelr-autoloads.el
        * [654.521990] Scanning c:/Users/threddast/.emacs.d/.local/straight/build-28.1/pip-requirements/pip-requirements-autoloads.el
        * [654.524123] Scanning c:/Users/threddast/.emacs.d/.local/straight/build-28.1/anaconda-mode/anaconda-mode-autoloads.el
        * [654.526163] Scanning c:/Users/threddast/.emacs.d/.local/straight/build-28.1/pythonic/pythonic-autoloads.el
        * [654.528121] Scanning c:/Users/threddast/.emacs.d/.local/straight/build-28.1/company-anaconda/company-anaconda-autoloads.el
        * [654.529891] Scanning c:/Users/threddast/.emacs.d/.local/straight/build-28.1/pipenv/pipenv-autoloads.el
        * [654.531676] Scanning c:/Users/threddast/.emacs.d/.local/straight/build-28.1/pyvenv/pyvenv-autoloads.el
        * [654.533475] Scanning c:/Users/threddast/.emacs.d/.local/straight/build-28.1/load-env-vars/load-env-vars-autoloads.el
        * [654.535264] Scanning c:/Users/threddast/.emacs.d/.local/straight/build-28.1/nose/nose-autoloads.el
        * [654.537159] Scanning c:/Users/threddast/.emacs.d/.local/straight/build-28.1/python-pytest/python-pytest-autoloads.el
        * [654.539023] Scanning c:/Users/threddast/.emacs.d/.local/straight/build-28.1/pyimport/pyimport-autoloads.el
        * [654.540758] Scanning c:/Users/threddast/.emacs.d/.local/straight/build-28.1/shut-up/shut-up-autoloads.el
        * [654.542504] Scanning c:/Users/threddast/.emacs.d/.local/straight/build-28.1/py-isort/py-isort-autoloads.el
        * [654.544221] Scanning c:/Users/threddast/.emacs.d/.local/straight/build-28.1/org-noter-pdftools/org-noter-pdftools-autoloads.el
        * [654.545930] Scanning c:/Users/threddast/.emacs.d/.local/straight/build-28.1/org-timeline/org-timeline-autoloads.el
        * [654.547715] Scanning c:/Users/threddast/.emacs.d/.local/straight/build-28.1/org-modern/org-modern-autoloads.el
        * [654.549523] Scanning c:/Users/threddast/.emacs.d/.local/straight/build-28.1/org-ref/org-ref-autoloads.el
        * [654.552062] Scanning c:/Users/threddast/.emacs.d/.local/straight/build-28.1/parsebib/parsebib-autoloads.el
        * [654.553911] Scanning c:/Users/threddast/.emacs.d/.local/straight/build-28.1/bibtex-completion/bibtex-completion-autoloads.el
        * [654.555699] Scanning c:/Users/threddast/.emacs.d/.local/straight/build-28.1/biblio/biblio-autoloads.el
        * [654.557649] Scanning c:/Users/threddast/.emacs.d/.local/straight/build-28.1/biblio-core/biblio-core-autoloads.el
        * [654.559366] Scanning c:/Users/threddast/.emacs.d/.local/straight/build-28.1/citeproc/citeproc-autoloads.el
        * [654.561264] Scanning c:/Users/threddast/.emacs.d/.local/straight/build-28.1/string-inflection/string-inflection-autoloads.el
        * [654.563060] Scanning c:/Users/threddast/.emacs.d/.local/straight/build-28.1/org-anki/org-anki-autoloads.el
        * [654.564868] Scanning c:/Users/threddast/.emacs.d/.local/straight/build-28.1/promise/promise-autoloads.el
        * [654.566840] Scanning c:/Users/threddast/.emacs.d/.local/straight/build-28.1/org-auto-tangle/org-auto-tangle-autoloads.el
        * [654.568831] Scanning c:/Users/threddast/.emacs.d/.local/straight/build-28.1/git-auto-commit-mode/git-auto-commit-mode-autoloads.el
        * [654.570635] Scanning c:/Users/threddast/.emacs.d/.local/straight/build-28.1/org-chef/org-chef-autoloads.el
        * [654.572597] Scanning c:/Users/threddast/.emacs.d/.local/straight/build-28.1/telega/telega-autoloads.el
        * [654.574719] Scanning c:/Users/threddast/.emacs.d/.local/straight/build-28.1/visual-fill-column/visual-fill-column-autoloads.el
        * [654.576588] Scanning c:/Users/threddast/.emacs.d/.local/straight/build-28.1/rainbow-identifiers/rainbow-identifiers-autoloads.el
        * [654.578319] Scanning c:/Users/threddast/.emacs.d/.local/straight/build-28.1/gif-screencast/gif-screencast-autoloads.el
        * [654.580075] Scanning c:/Users/threddast/.emacs.d/.local/straight/build-28.1/lorem-ipsum/lorem-ipsum-autoloads.el
        * [654.581830] Scanning c:/Users/threddast/.emacs.d/.local/straight/build-28.1/org-present/org-present-autoloads.el
        * [654.583535] Scanning c:/Users/threddast/.emacs.d/.local/straight/build-28.1/org-tree-slide/org-tree-slide-autoloads.el
        * [654.585715] Scanning c:/Users/threddast/.emacs.d/.local/straight/build-28.1/centered-window/centered-window-autoloads.el
        * [654.587551] Scanning c:/Users/threddast/.emacs.d/.local/straight/build-28.1/math-at-point/math-at-point-autoloads.el
        * [654.589311] Scanning c:/Users/threddast/.emacs.d/.local/straight/build-28.1/selectric-mode/selectric-mode-autoloads.el
        * [654.591103] Scanning c:/Users/threddast/.emacs.d/.local/straight/build-28.1/xkcd/xkcd-autoloads.el
        * [654.592835] Scanning c:/Users/threddast/.emacs.d/.local/straight/build-28.1/org-ql/org-ql-autoloads.el
        * [654.594738] Scanning c:/Users/threddast/.emacs.d/.local/straight/build-28.1/org-super-agenda/org-super-agenda-autoloads.el
        * [654.596573] Scanning c:/Users/threddast/.emacs.d/.local/straight/build-28.1/ts/ts-autoloads.el
        * [654.598285] Scanning c:/Users/threddast/.emacs.d/.local/straight/build-28.1/ov/ov-autoloads.el
        * [654.600054] Scanning c:/Users/threddast/.emacs.d/.local/straight/build-28.1/peg/peg-autoloads.el
        * [654.602146] Scanning c:/Users/threddast/.emacs.d/.local/straight/build-28.1/org-sidebar/org-sidebar-autoloads.el
    > Byte-compiling autoloads file...
    ✓ Generated .local/autoloads.28.1.elc
  - Restart Emacs or use 'M-x doom/reload' for changes to take effect
* [657.239773] Finished (GCs: 3, elapsed: 0.683398s)
✓ Finished in 10m 57s
